Using pre-set license
Built from '2021.3/staging' branch; Version is '2021.3.18f1 (3129e69bc0c7) revision 3221990'; Using compiler version '192829333'; Build Type 'Release'
OS: 'Windows 11  (10.0.22621) 64bit Core' Language: 'en' Physical Memory: 14188 MB
BatchMode: 1, IsHumanControllingUs: 0, StartBugReporterOnCrash: 0, Is64bit: 1, IsPro: 1

COMMAND LINE ARGUMENTS:
C:\Program Files\Unity\Hub\Editor\2021.3.18f1\Editor\Unity.exe
-adb2
-batchMode
-noUpm
-name
AssetImportWorker4
-projectPath
C:/Users/daang/Documents/CMGT/Year 2/Block 1/VR-Project/Hunting Whales VR V1
-logFile
Logs/AssetImportWorker4.log
-srvPort
55168
Successfully changed project path to: C:/Users/daang/Documents/CMGT/Year 2/Block 1/VR-Project/Hunting Whales VR V1
C:/Users/daang/Documents/CMGT/Year 2/Block 1/VR-Project/Hunting Whales VR V1
[UnityMemory] Configuration Parameters - Can be set up in boot.config
    "memorysetup-bucket-allocator-granularity=16"
    "memorysetup-bucket-allocator-bucket-count=8"
    "memorysetup-bucket-allocator-block-size=33554432"
    "memorysetup-bucket-allocator-block-count=8"
    "memorysetup-main-allocator-block-size=16777216"
    "memorysetup-thread-allocator-block-size=16777216"
    "memorysetup-gfx-main-allocator-block-size=16777216"
    "memorysetup-gfx-thread-allocator-block-size=16777216"
    "memorysetup-cache-allocator-block-size=4194304"
    "memorysetup-typetree-allocator-block-size=2097152"
    "memorysetup-profiler-bucket-allocator-granularity=16"
    "memorysetup-profiler-bucket-allocator-bucket-count=8"
    "memorysetup-profiler-bucket-allocator-block-size=33554432"
    "memorysetup-profiler-bucket-allocator-block-count=8"
    "memorysetup-profiler-allocator-block-size=16777216"
    "memorysetup-profiler-editor-allocator-block-size=1048576"
    "memorysetup-temp-allocator-size-main=16777216"
    "memorysetup-job-temp-allocator-block-size=2097152"
    "memorysetup-job-temp-allocator-block-size-background=1048576"
    "memorysetup-job-temp-allocator-reduction-small-platforms=262144"
    "memorysetup-temp-allocator-size-background-worker=32768"
    "memorysetup-temp-allocator-size-job-worker=262144"
    "memorysetup-temp-allocator-size-preload-manager=33554432"
    "memorysetup-temp-allocator-size-nav-mesh-worker=65536"
    "memorysetup-temp-allocator-size-audio-worker=65536"
    "memorysetup-temp-allocator-size-cloud-worker=32768"
    "memorysetup-temp-allocator-size-gi-baking-worker=262144"
    "memorysetup-temp-allocator-size-gfx=262144"
Player connection [21784] Host "[IP] 192.168.50.252 [Port] 0 [Flags] 2 [Guid] 3827790947 [EditorId] 3827790947 [Version] 1048832 [Id] WindowsEditor(7,Legion-D) [Debug] 1 [PackageName] WindowsEditor [ProjectName] Editor" joined multi-casting on [225.0.0.222:54997]...

Player connection [21784] Host "[IP] 192.168.50.252 [Port] 0 [Flags] 2 [Guid] 3827790947 [EditorId] 3827790947 [Version] 1048832 [Id] WindowsEditor(7,Legion-D) [Debug] 1 [PackageName] WindowsEditor [ProjectName] Editor" joined alternative multi-casting on [225.0.0.222:34997]...

Refreshing native plugins compatible for Editor in 106.71 ms, found 12 plugins.
Preloading 1 native plugins for Editor in 0.53 ms.
Initialize engine version: 2021.3.18f1 (3129e69bc0c7)
[Subsystems] Discovering subsystems at path C:/Program Files/Unity/Hub/Editor/2021.3.18f1/Editor/Data/Resources/UnitySubsystems
[Subsystems] Discovering subsystems at path C:/Users/daang/Documents/CMGT/Year 2/Block 1/VR-Project/Hunting Whales VR V1/Assets
GfxDevice: creating device client; threaded=0; jobified=0
Direct3D:
    Version:  Direct3D 11.0 [level 11.1]
    Renderer: NVIDIA GeForce RTX 3070 Laptop GPU (ID=0x24dd)
    Vendor:   NVIDIA
    VRAM:     8033 MB
    Driver:   31.0.15.3598
Initialize mono
Mono path[0] = 'C:/Program Files/Unity/Hub/Editor/2021.3.18f1/Editor/Data/Managed'
Mono path[1] = 'C:/Program Files/Unity/Hub/Editor/2021.3.18f1/Editor/Data/MonoBleedingEdge/lib/mono/unityjit-win32'
Mono config path = 'C:/Program Files/Unity/Hub/Editor/2021.3.18f1/Editor/Data/MonoBleedingEdge/etc'
Using monoOptions --debugger-agent=transport=dt_socket,embedding=1,server=y,suspend=n,address=127.0.0.1:56216
Begin MonoManager ReloadAssembly
Registering precompiled unity dll's ...
Register platform support module: C:/Program Files/Unity/Hub/Editor/2021.3.18f1/Editor/Data/PlaybackEngines/WebGLSupport/UnityEditor.WebGL.Extensions.dll
Register platform support module: C:/Program Files/Unity/Hub/Editor/2021.3.18f1/Editor/Data/PlaybackEngines/WindowsStandaloneSupport/UnityEditor.WindowsStandalone.Extensions.dll
Registered in 0.005850 seconds.
Native extension for WindowsStandalone target not found
Native extension for WebGL target not found
Refreshing native plugins compatible for Editor in 99.65 ms, found 12 plugins.
Preloading 1 native plugins for Editor in 0.10 ms.
Mono: successfully reloaded assembly
- Completed reload, in  0.588 seconds
Domain Reload Profiling:
	ReloadAssembly (589ms)
		BeginReloadAssembly (59ms)
			ExecutionOrderSort (0ms)
			DisableScriptedObjects (0ms)
			BackupInstance (0ms)
			ReleaseScriptingObjects (0ms)
			CreateAndSetChildDomain (1ms)
		EndReloadAssembly (440ms)
			LoadAssemblies (57ms)
			RebuildTransferFunctionScriptingTraits (0ms)
			SetupTypeCache (99ms)
			ReleaseScriptCaches (0ms)
			RebuildScriptCaches (22ms)
			SetupLoadedEditorAssemblies (269ms)
				LogAssemblyErrors (0ms)
				InitializePlatformSupportModulesInManaged (8ms)
				SetLoadedEditorAssemblies (0ms)
				RefreshPlugins (100ms)
				BeforeProcessingInitializeOnLoad (1ms)
				ProcessInitializeOnLoadAttributes (121ms)
				ProcessInitializeOnLoadMethodAttributes (38ms)
				AfterProcessingInitializeOnLoad (0ms)
				EditorAssembliesLoaded (0ms)
			ExecutionOrderSort2 (0ms)
			AwakeInstancesAfterBackupRestoration (0ms)
Platform modules already initialized, skipping
Registering precompiled user dll's ...
Registered in 0.008955 seconds.
Begin MonoManager ReloadAssembly
Symbol file LoadedFromMemory doesn't match image C:\Users\daang\Documents\CMGT\Year 2\Block 1\VR-Project\Hunting Whales VR V1\Library\PackageCache\com.unity.visualscripting@1.8.0\Editor\VisualScripting.Core\Dependencies\DotNetZip\Unity.VisualScripting.IonicZip.dll
Symbol file LoadedFromMemory doesn't match image C:\Users\daang\Documents\CMGT\Year 2\Block 1\VR-Project\Hunting Whales VR V1\Library\PackageCache\com.unity.visualscripting@1.8.0\Editor\VisualScripting.Core\Dependencies\YamlDotNet\Unity.VisualScripting.YamlDotNet.dll
Native extension for WindowsStandalone target not found
Native extension for WebGL target not found
Refreshing native plugins compatible for Editor in 100.93 ms, found 12 plugins.
Preloading 1 native plugins for Editor in 0.08 ms.
Package Manager log level set to [2]
System.Reflection.TargetInvocationException: Exception has been thrown by the target of an invocation. ---> System.NullReferenceException: Object reference not set to an instance of an object
  at Unity.XR.Oculus.OculusLoader.AssetPathToAbsolutePath (System.String assetPath) [0x0003d] in C:\Users\daang\Documents\CMGT\Year 2\Block 1\VR-Project\Hunting Whales VR V1\Library\PackageCache\com.unity.xr.oculus@3.2.3\Runtime\OculusLoader.cs:296 
  at Unity.XR.Oculus.OculusLoader.EditorLoadOVRPlugin () [0x0007b] in C:\Users\daang\Documents\CMGT\Year 2\Block 1\VR-Project\Hunting Whales VR V1\Library\PackageCache\com.unity.xr.oculus@3.2.3\Runtime\OculusLoader.cs:281 
  at (wrapper managed-to-native) System.Reflection.RuntimeMethodInfo.InternalInvoke(System.Reflection.RuntimeMethodInfo,object,object[],System.Exception&)
  at System.Reflection.RuntimeMethodInfo.Invoke (System.Object obj, System.Reflection.BindingFlags invokeAttr, System.Reflection.Binder binder, System.Object[] parameters, System.Globalization.CultureInfo culture) [0x0006a] in <1f66344f2f89470293d8b67d71308c07>:0 
   --- End of inner exception stack trace ---
  at System.Reflection.RuntimeMethodInfo.Invoke (System.Object obj, System.Reflection.BindingFlags invokeAttr, System.Reflection.Binder binder, System.Object[] parameters, System.Globalization.CultureInfo culture) [0x00083] in <1f66344f2f89470293d8b67d71308c07>:0 
  at System.Reflection.MethodBase.Invoke (System.Object obj, System.Object[] parameters) [0x00000] in <1f66344f2f89470293d8b67d71308c07>:0 
  at UnityEditor.EditorAssemblies.ProcessInitializeOnLoadMethodAttributes () [0x000a5] in <42a64fd733d9417da1ea3a757ad9a96d>:0 
UnityEngine.StackTraceUtility:ExtractStackTrace ()
UnityEngine.DebugLogHandler:LogFormat (UnityEngine.LogType,UnityEngine.Object,string,object[])
UnityEngine.Logger:Log (UnityEngine.LogType,object)
UnityEngine.Debug:LogError (object)
UnityEditor.EditorAssemblies:ProcessInitializeOnLoadMethodAttributes ()

Mono: successfully reloaded assembly
- Completed reload, in  1.058 seconds
Domain Reload Profiling:
	ReloadAssembly (1058ms)
		BeginReloadAssembly (89ms)
			ExecutionOrderSort (0ms)
			DisableScriptedObjects (5ms)
			BackupInstance (0ms)
			ReleaseScriptingObjects (0ms)
			CreateAndSetChildDomain (17ms)
		EndReloadAssembly (877ms)
			LoadAssemblies (73ms)
			RebuildTransferFunctionScriptingTraits (0ms)
			SetupTypeCache (208ms)
			ReleaseScriptCaches (1ms)
			RebuildScriptCaches (51ms)
			SetupLoadedEditorAssemblies (502ms)
				LogAssemblyErrors (0ms)
				InitializePlatformSupportModulesInManaged (5ms)
				SetLoadedEditorAssemblies (0ms)
				RefreshPlugins (101ms)
				BeforeProcessingInitializeOnLoad (93ms)
				ProcessInitializeOnLoadAttributes (256ms)
				ProcessInitializeOnLoadMethodAttributes (39ms)
				AfterProcessingInitializeOnLoad (8ms)
				EditorAssembliesLoaded (0ms)
			ExecutionOrderSort2 (0ms)
			AwakeInstancesAfterBackupRestoration (4ms)
Platform modules already initialized, skipping
========================================================================
Worker process is ready to serve import requests
Launched and connected shader compiler UnityShaderCompiler.exe after 0.04 seconds
Refreshing native plugins compatible for Editor in 1.28 ms, found 12 plugins.
Preloading 1 native plugins for Editor in 0.09 ms.
Unloading 4424 Unused Serialized files (Serialized files now loaded: 0)
Unloading 50 unused Assets / (59.0 KB). Loaded Objects now: 4895.
Memory consumption went from 166.0 MB to 165.9 MB.
Total: 3.162500 ms (FindLiveObjects: 0.288700 ms CreateObjectMapping: 0.124500 ms MarkObjects: 2.663100 ms  DeleteObjects: 0.085100 ms)

AssetImportParameters requested are different than current active one (requested -> active):
  custom:video-decoder-ogg-theora: a1e56fd34408186e4bbccfd4996cb3dc -> 
  custom:container-muxer-webm: aa71ff27fc2769a1b78a27578f13a17b -> 
  custom:container-demuxer-webm: 4f35f7cbe854078d1ac9338744f61a02 -> 
  custom:video-encoder-webm-vp8: eb34c28f22e8b96e1ab97ce403110664 -> 
  custom:video-codec-MediaFoundation-h265: 746d11721c4dcdbdad8f713fa42b33f4 -> 
  custom:audio-encoder-webm-vorbis: bf7c407c2cedff20999df2af8eb42d56 -> 
  custom:framework-win-MediaFoundation: 216162199b28c13a410421893ffa2e32 -> 
  custom:container-demuxer-ogg: 62fdf1f143b41e24485cea50d1cbac27 -> 
  custom:video-decoder-webm-vp8: 9c59270c3fd7afecdb556c50c9e8de78 -> 
  custom:audio-decoder-ogg-vorbis: bf7c407c2cedff20999df2af8eb42d56 -> 
========================================================================
Received Import Request.
  Time since last request: 187368.672206 seconds.
  path: Assets/SpawnRoom/Future/ButtonConsole/New Material.mat
  artifactKey: Guid(1566d6f2d8a9dbb4c9d395b4f57d4e72) Importer(815301076,1909f56bfc062723c751e8b465ee728b)
Start importing Assets/SpawnRoom/Future/ButtonConsole/New Material.mat using Guid(1566d6f2d8a9dbb4c9d395b4f57d4e72) Importer(815301076,1909f56bfc062723c751e8b465ee728b)  -> (artifact id: '9b729e3f1423159fb71f4a202f1cad26') in 0.103993 seconds 
========================================================================
Received Import Request.
  Time since last request: 13.536581 seconds.
  path: Assets/SpawnRoom/Future/ButtonConsole/ButtonConsole.mat
  artifactKey: Guid(1566d6f2d8a9dbb4c9d395b4f57d4e72) Importer(815301076,1909f56bfc062723c751e8b465ee728b)
Start importing Assets/SpawnRoom/Future/ButtonConsole/ButtonConsole.mat using Guid(1566d6f2d8a9dbb4c9d395b4f57d4e72) Importer(815301076,1909f56bfc062723c751e8b465ee728b)  -> (artifact id: '3fa13c5b4fdab5cabd9fbbae323fa98b') in 0.013634 seconds 
========================================================================
Received Import Request.
  Time since last request: 14.105260 seconds.
  path: Assets/SpawnRoom/Future/ButtonConsole/SpawnConsole.mat
  artifactKey: Guid(1566d6f2d8a9dbb4c9d395b4f57d4e72) Importer(815301076,1909f56bfc062723c751e8b465ee728b)
Start importing Assets/SpawnRoom/Future/ButtonConsole/SpawnConsole.mat using Guid(1566d6f2d8a9dbb4c9d395b4f57d4e72) Importer(815301076,1909f56bfc062723c751e8b465ee728b)  -> (artifact id: 'f3c978e177d6f4711b8ec893a8b51b4f') in 0.013513 seconds 
========================================================================
Received Import Request.
  Time since last request: 12.962264 seconds.
  path: Assets/SpawnRoom/Future/ButtonConsole/ButtonConsole_DefaultMaterial_Normal.png
  artifactKey: Guid(ef989a64f9ede1442b8447ca35e2bc73) Importer(815301076,1909f56bfc062723c751e8b465ee728b)
Start importing Assets/SpawnRoom/Future/ButtonConsole/ButtonConsole_DefaultMaterial_Normal.png using Guid(ef989a64f9ede1442b8447ca35e2bc73) Importer(815301076,1909f56bfc062723c751e8b465ee728b)  -> (artifact id: 'a4861f4f2b2f87a7f5a4c4eae31d4c1d') in 0.019991 seconds 
========================================================================
Received Import Request.
  Time since last request: 11.740053 seconds.
  path: Assets/SpawnRoom/Future/ButtonConsole/SpawnConsole.prefab
  artifactKey: Guid(81f1a5a7228bdec4a86522ce0ea2d70c) Importer(815301076,1909f56bfc062723c751e8b465ee728b)
Start importing Assets/SpawnRoom/Future/ButtonConsole/SpawnConsole.prefab using Guid(81f1a5a7228bdec4a86522ce0ea2d70c) Importer(815301076,1909f56bfc062723c751e8b465ee728b)  -> (artifact id: '7e622a77df5a62c95dfe33d544c6af07') in 0.008825 seconds 
========================================================================
Received Import Request.
  Time since last request: 2.751021 seconds.
  path: Assets/SpawnRoom/Future/ButtonConsole/SpawnConsole.prefab
  artifactKey: Guid(81f1a5a7228bdec4a86522ce0ea2d70c) Importer(815301076,1909f56bfc062723c751e8b465ee728b)
Start importing Assets/SpawnRoom/Future/ButtonConsole/SpawnConsole.prefab using Guid(81f1a5a7228bdec4a86522ce0ea2d70c) Importer(815301076,1909f56bfc062723c751e8b465ee728b)  -> (artifact id: 'b1e4739843b2c4a7cd895eb68c2e0b9e') in 0.021786 seconds 
========================================================================
Received Import Request.
  Time since last request: 1.611406 seconds.
  path: Assets/SpawnRoom/Future/ButtonConsole/SpawnConsole.prefab
  artifactKey: Guid(81f1a5a7228bdec4a86522ce0ea2d70c) Importer(815301076,1909f56bfc062723c751e8b465ee728b)
Start importing Assets/SpawnRoom/Future/ButtonConsole/SpawnConsole.prefab using Guid(81f1a5a7228bdec4a86522ce0ea2d70c) Importer(815301076,1909f56bfc062723c751e8b465ee728b)  -> (artifact id: 'c14b19ecca7005703675ef2b58520a29') in 0.009538 seconds 
========================================================================
Received Import Request.
  Time since last request: 278.933573 seconds.
  path: Assets/SpawnRoom/Future/ButtonConsole/Button.mat
  artifactKey: Guid(3ac1e229141964b4e8ccc396fcfd1869) Importer(815301076,1909f56bfc062723c751e8b465ee728b)
Start importing Assets/SpawnRoom/Future/ButtonConsole/Button.mat using Guid(3ac1e229141964b4e8ccc396fcfd1869) Importer(815301076,1909f56bfc062723c751e8b465ee728b)  -> (artifact id: 'ffc4d857a4b3d598447810905b9b87d3') in 0.013062 seconds 
========================================================================
Received Import Request.
  Time since last request: 103.271344 seconds.
  path: Assets/PolygonCity/Prefabs/Environments/SM_Env_Bridge_Edge_01.prefab
  artifactKey: Guid(b2e8639d9a0fc7b48b6d71f8950a7686) Importer(815301076,1909f56bfc062723c751e8b465ee728b)
Start importing Assets/PolygonCity/Prefabs/Environments/SM_Env_Bridge_Edge_01.prefab using Guid(b2e8639d9a0fc7b48b6d71f8950a7686) Importer(815301076,1909f56bfc062723c751e8b465ee728b)  -> (artifact id: 'b5865f876c3f40ff9b36d2ba721f7b50') in 0.049819 seconds 
========================================================================
Received Import Request.
  Time since last request: 0.000018 seconds.
  path: Assets/PolygonCity/Prefabs/Environments/SM_Env_Cloud_02.prefab
  artifactKey: Guid(f2cc24a0516604f44b427b0abefb1b97) Importer(815301076,1909f56bfc062723c751e8b465ee728b)
Start importing Assets/PolygonCity/Prefabs/Environments/SM_Env_Cloud_02.prefab using Guid(f2cc24a0516604f44b427b0abefb1b97) Importer(815301076,1909f56bfc062723c751e8b465ee728b)  -> (artifact id: '99200fcac16951064cb720db2e1033af') in 0.019799 seconds 
========================================================================
Received Import Request.
  Time since last request: 0.000021 seconds.
  path: Assets/PolygonCity/Prefabs/Environments/SM_Env_Grass_01.prefab
  artifactKey: Guid(7b30b5ba44201104fba4e71a527b6905) Importer(815301076,1909f56bfc062723c751e8b465ee728b)
Start importing Assets/PolygonCity/Prefabs/Environments/SM_Env_Grass_01.prefab using Guid(7b30b5ba44201104fba4e71a527b6905) Importer(815301076,1909f56bfc062723c751e8b465ee728b)  -> (artifact id: 'b51ad2fc7037585bf30a61e1f10ab6da') in 0.020609 seconds 
========================================================================
Received Import Request.
  Time since last request: 0.000024 seconds.
  path: Assets/PolygonCity/Prefabs/Environments/SM_Env_GrassPath_Straight_01.prefab
  artifactKey: Guid(0c0aeb13e5f9e324ebd2bef52c75b6a2) Importer(815301076,1909f56bfc062723c751e8b465ee728b)
Start importing Assets/PolygonCity/Prefabs/Environments/SM_Env_GrassPath_Straight_01.prefab using Guid(0c0aeb13e5f9e324ebd2bef52c75b6a2) Importer(815301076,1909f56bfc062723c751e8b465ee728b)  -> (artifact id: 'e961457f1402b54fe4310aeb79ad1638') in 0.026419 seconds 
========================================================================
Received Import Request.
  Time since last request: 0.000027 seconds.
  path: Assets/PolygonCity/Prefabs/Environments/SM_Env_Road_02.prefab
  artifactKey: Guid(1ac8b9099f0c47e41a84ef1f2e41988c) Importer(815301076,1909f56bfc062723c751e8b465ee728b)
Start importing Assets/PolygonCity/Prefabs/Environments/SM_Env_Road_02.prefab using Guid(1ac8b9099f0c47e41a84ef1f2e41988c) Importer(815301076,1909f56bfc062723c751e8b465ee728b)  -> (artifact id: '7be8fd82ff053a58471da7e2e379c746') in 0.031516 seconds 
========================================================================
Received Import Request.
  Time since last request: 0.000045 seconds.
  path: Assets/PolygonCity/Prefabs/Environments/SM_Env_Road_Crossing_01.prefab
  artifactKey: Guid(c838be5f7abd9c64db9643ebadf0c932) Importer(815301076,1909f56bfc062723c751e8b465ee728b)
Start importing Assets/PolygonCity/Prefabs/Environments/SM_Env_Road_Crossing_01.prefab using Guid(c838be5f7abd9c64db9643ebadf0c932) Importer(815301076,1909f56bfc062723c751e8b465ee728b)  -> (artifact id: '9a8f434ee345e7c5dc74bae2101086e7') in 0.024137 seconds 
========================================================================
Received Import Request.
  Time since last request: 0.000018 seconds.
  path: Assets/PolygonCity/Prefabs/Environments/SM_Env_Fence_End_01.prefab
  artifactKey: Guid(283736ea9955d7141bd3a4b0a155ddb7) Importer(815301076,1909f56bfc062723c751e8b465ee728b)
Start importing Assets/PolygonCity/Prefabs/Environments/SM_Env_Fence_End_01.prefab using Guid(283736ea9955d7141bd3a4b0a155ddb7) Importer(815301076,1909f56bfc062723c751e8b465ee728b)  -> (artifact id: '71f7c5fd4c443324422f916d9e9efb77') in 0.034614 seconds 
========================================================================
Received Import Request.
  Time since last request: 0.000038 seconds.
  path: Assets/PolygonCity/Prefabs/Environments/SM_Env_GrassPath_Junction_01.prefab
  artifactKey: Guid(b6b1bafe204782c43804e201982d350e) Importer(815301076,1909f56bfc062723c751e8b465ee728b)
Start importing Assets/PolygonCity/Prefabs/Environments/SM_Env_GrassPath_Junction_01.prefab using Guid(b6b1bafe204782c43804e201982d350e) Importer(815301076,1909f56bfc062723c751e8b465ee728b)  -> (artifact id: '0bb42f977de7549435d625f0a7fcd019') in 0.036638 seconds 
========================================================================
Received Import Request.
  Time since last request: 0.000026 seconds.
  path: Assets/PolygonCity/Prefabs/Environments/SM_Env_Path_Straight_01.prefab
  artifactKey: Guid(3c75fe85eb37f5843976b233e951a756) Importer(815301076,1909f56bfc062723c751e8b465ee728b)
Start importing Assets/PolygonCity/Prefabs/Environments/SM_Env_Path_Straight_01.prefab using Guid(3c75fe85eb37f5843976b233e951a756) Importer(815301076,1909f56bfc062723c751e8b465ee728b)  -> (artifact id: 'cac6660586033f5dff51bbaad6076996') in 0.036085 seconds 
========================================================================
Received Import Request.
  Time since last request: 0.000028 seconds.
  path: Assets/PolygonCity/Prefabs/Environments/SM_Env_Flower_01.prefab
  artifactKey: Guid(a0f542ba0461f8c4cbb89acbe6331cf5) Importer(815301076,1909f56bfc062723c751e8b465ee728b)
Start importing Assets/PolygonCity/Prefabs/Environments/SM_Env_Flower_01.prefab using Guid(a0f542ba0461f8c4cbb89acbe6331cf5) Importer(815301076,1909f56bfc062723c751e8b465ee728b)  -> (artifact id: '0153760e38572739e84fd1bd8ca1796c') in 0.039990 seconds 
========================================================================
Received Import Request.
  Time since last request: 0.000056 seconds.
  path: Assets/PolygonCity/Prefabs/Environments/SM_Env_GrassPath_T_01.prefab
  artifactKey: Guid(4cc8f1948a42ebe40ac5459f911aaf3b) Importer(815301076,1909f56bfc062723c751e8b465ee728b)
Start importing Assets/PolygonCity/Prefabs/Environments/SM_Env_GrassPath_T_01.prefab using Guid(4cc8f1948a42ebe40ac5459f911aaf3b) Importer(815301076,1909f56bfc062723c751e8b465ee728b)  -> (artifact id: '107fdb65914da1a6be80d20098a06451') in 0.033225 seconds 
========================================================================
Received Import Request.
  Time since last request: 0.000030 seconds.
  path: Assets/PolygonCity/Prefabs/Environments/SM_Env_Bridge_Support_01.prefab
  artifactKey: Guid(f2ca19289c480c447ba0542e93b13da1) Importer(815301076,1909f56bfc062723c751e8b465ee728b)
Start importing Assets/PolygonCity/Prefabs/Environments/SM_Env_Bridge_Support_01.prefab using Guid(f2ca19289c480c447ba0542e93b13da1) Importer(815301076,1909f56bfc062723c751e8b465ee728b)  -> (artifact id: '954d204a0ad8e0f79b8cd1727271b60c') in 0.034221 seconds 
========================================================================
Received Import Request.
  Time since last request: 0.000059 seconds.
  path: Assets/PolygonCity/Prefabs/Environments/SM_Env_Road_Arrow_01.prefab
  artifactKey: Guid(4c588df48d373f5448513a886280f4af) Importer(815301076,1909f56bfc062723c751e8b465ee728b)
Start importing Assets/PolygonCity/Prefabs/Environments/SM_Env_Road_Arrow_01.prefab using Guid(4c588df48d373f5448513a886280f4af) Importer(815301076,1909f56bfc062723c751e8b465ee728b)  -> (artifact id: '57decb81b21cbe03754a4373910d3a31') in 0.020954 seconds 
========================================================================
Received Import Request.
  Time since last request: 0.000028 seconds.
  path: Assets/PolygonCity/Prefabs/Environments/SM_Env_Road_Arrow_02.prefab
  artifactKey: Guid(7cbed2c339c8db94cb05278ed2f7e14b) Importer(815301076,1909f56bfc062723c751e8b465ee728b)
Start importing Assets/PolygonCity/Prefabs/Environments/SM_Env_Road_Arrow_02.prefab using Guid(7cbed2c339c8db94cb05278ed2f7e14b) Importer(815301076,1909f56bfc062723c751e8b465ee728b)  -> (artifact id: 'cc138146f7aec02b7051a8a93381fae9') in 0.021504 seconds 
========================================================================
Received Import Request.
  Time since last request: 0.000023 seconds.
  path: Assets/PolygonCity/Prefabs/Environments/SM_Env_Path_Junction_01.prefab
  artifactKey: Guid(3d64129ea690b5840a03b5f2f5c4b588) Importer(815301076,1909f56bfc062723c751e8b465ee728b)
Start importing Assets/PolygonCity/Prefabs/Environments/SM_Env_Path_Junction_01.prefab using Guid(3d64129ea690b5840a03b5f2f5c4b588) Importer(815301076,1909f56bfc062723c751e8b465ee728b)  -> (artifact id: '46b9dc8524288e1541000e6a338bbccd') in 0.025627 seconds 
========================================================================
Received Import Request.
  Time since last request: 0.000026 seconds.
  path: Assets/PolygonCity/Prefabs/Environments/SM_Env_Road_Lines_02.prefab
  artifactKey: Guid(d2b133bd1e0723046a270de71e937731) Importer(815301076,1909f56bfc062723c751e8b465ee728b)
Start importing Assets/PolygonCity/Prefabs/Environments/SM_Env_Road_Lines_02.prefab using Guid(d2b133bd1e0723046a270de71e937731) Importer(815301076,1909f56bfc062723c751e8b465ee728b)  -> (artifact id: '94651fb58a739a64a647199af3990a36') in 0.019018 seconds 
========================================================================
Received Import Request.
  Time since last request: 0.000026 seconds.
  path: Assets/PolygonCity/Prefabs/Environments/SM_Env_Path_Corner_01.prefab
  artifactKey: Guid(d72fe3432e380494fb2ba7535c0e3fac) Importer(815301076,1909f56bfc062723c751e8b465ee728b)
Start importing Assets/PolygonCity/Prefabs/Environments/SM_Env_Path_Corner_01.prefab using Guid(d72fe3432e380494fb2ba7535c0e3fac) Importer(815301076,1909f56bfc062723c751e8b465ee728b)  -> (artifact id: 'fb6955cf1ab1bfc14275690c939a9504') in 0.032969 seconds 
Editor requested this worker to shutdown with reason: Scaling down because of idle timeout
AssetImportWorker is now disconnected from the server
Process exiting
Exiting without the bug reporter. Application will terminate with return code 0