Using pre-set license
Built from '2021.3/staging' branch; Version is '2021.3.18f1 (3129e69bc0c7) revision 3221990'; Using compiler version '192829333'; Build Type 'Release'
OS: 'Windows 10  (10.0.19045) 64bit Professional' Language: 'en' Physical Memory: 32620 MB
BatchMode: 1, IsHumanControllingUs: 0, StartBugReporterOnCrash: 0, Is64bit: 1, IsPro: 1

COMMAND LINE ARGUMENTS:
E:\Unity Editor\2021.3.18f1\Editor\Unity.exe
-adb2
-batchMode
-noUpm
-name
AssetImportWorker20
-projectPath
C:/Users/samra/Documents/GitHub/VR-Project/Hunting Whales VR V1
-logFile
Logs/AssetImportWorker20.log
-srvPort
63106
Successfully changed project path to: C:/Users/samra/Documents/GitHub/VR-Project/Hunting Whales VR V1
C:/Users/samra/Documents/GitHub/VR-Project/Hunting Whales VR V1
[UnityMemory] Configuration Parameters - Can be set up in boot.config
    "memorysetup-bucket-allocator-granularity=16"
    "memorysetup-bucket-allocator-bucket-count=8"
    "memorysetup-bucket-allocator-block-size=33554432"
    "memorysetup-bucket-allocator-block-count=8"
    "memorysetup-main-allocator-block-size=16777216"
    "memorysetup-thread-allocator-block-size=16777216"
    "memorysetup-gfx-main-allocator-block-size=16777216"
    "memorysetup-gfx-thread-allocator-block-size=16777216"
    "memorysetup-cache-allocator-block-size=4194304"
    "memorysetup-typetree-allocator-block-size=2097152"
    "memorysetup-profiler-bucket-allocator-granularity=16"
    "memorysetup-profiler-bucket-allocator-bucket-count=8"
    "memorysetup-profiler-bucket-allocator-block-size=33554432"
    "memorysetup-profiler-bucket-allocator-block-count=8"
    "memorysetup-profiler-allocator-block-size=16777216"
    "memorysetup-profiler-editor-allocator-block-size=1048576"
    "memorysetup-temp-allocator-size-main=16777216"
    "memorysetup-job-temp-allocator-block-size=2097152"
    "memorysetup-job-temp-allocator-block-size-background=1048576"
    "memorysetup-job-temp-allocator-reduction-small-platforms=262144"
    "memorysetup-temp-allocator-size-background-worker=32768"
    "memorysetup-temp-allocator-size-job-worker=262144"
    "memorysetup-temp-allocator-size-preload-manager=33554432"
    "memorysetup-temp-allocator-size-nav-mesh-worker=65536"
    "memorysetup-temp-allocator-size-audio-worker=65536"
    "memorysetup-temp-allocator-size-cloud-worker=32768"
    "memorysetup-temp-allocator-size-gi-baking-worker=262144"
    "memorysetup-temp-allocator-size-gfx=262144"
Player connection [68260] Host "[IP] 25.16.200.250 [Port] 0 [Flags] 2 [Guid] 2342135163 [EditorId] 2342135163 [Version] 1048832 [Id] WindowsEditor(7,Rocketship-77) [Debug] 1 [PackageName] WindowsEditor [ProjectName] Editor" joined multi-casting on [225.0.0.222:54997]...

Player connection [68260] Host "[IP] 25.16.200.250 [Port] 0 [Flags] 2 [Guid] 2342135163 [EditorId] 2342135163 [Version] 1048832 [Id] WindowsEditor(7,Rocketship-77) [Debug] 1 [PackageName] WindowsEditor [ProjectName] Editor" joined alternative multi-casting on [225.0.0.222:34997]...

Refreshing native plugins compatible for Editor in 115.21 ms, found 12 plugins.
Preloading 1 native plugins for Editor in 0.65 ms.
Initialize engine version: 2021.3.18f1 (3129e69bc0c7)
[Subsystems] Discovering subsystems at path E:/Unity Editor/2021.3.18f1/Editor/Data/Resources/UnitySubsystems
[Subsystems] Discovering subsystems at path C:/Users/samra/Documents/GitHub/VR-Project/Hunting Whales VR V1/Assets
GfxDevice: creating device client; threaded=0; jobified=0
Direct3D:
    Version:  Direct3D 11.0 [level 11.1]
    Renderer: NVIDIA GeForce RTX 3080 Laptop GPU (ID=0x24dc)
    Vendor:   NVIDIA
    VRAM:     16191 MB
    Driver:   31.0.15.3179
Initialize mono
Mono path[0] = 'E:/Unity Editor/2021.3.18f1/Editor/Data/Managed'
Mono path[1] = 'E:/Unity Editor/2021.3.18f1/Editor/Data/MonoBleedingEdge/lib/mono/unityjit-win32'
Mono config path = 'E:/Unity Editor/2021.3.18f1/Editor/Data/MonoBleedingEdge/etc'
Using monoOptions --debugger-agent=transport=dt_socket,embedding=1,server=y,suspend=n,address=127.0.0.1:56016
Begin MonoManager ReloadAssembly
Registering precompiled unity dll's ...
Register platform support module: E:/Unity Editor/2021.3.18f1/Editor/Data/PlaybackEngines/AndroidPlayer/UnityEditor.Android.Extensions.dll
Register platform support module: E:/Unity Editor/2021.3.18f1/Editor/Data/PlaybackEngines/WindowsStandaloneSupport/UnityEditor.WindowsStandalone.Extensions.dll
Registered in 0.003344 seconds.
Native extension for WindowsStandalone target not found
Native extension for Android target not found
Android Extension - Scanning For ADB Devices 261 ms
Refreshing native plugins compatible for Editor in 95.03 ms, found 12 plugins.
Preloading 1 native plugins for Editor in 0.09 ms.
Mono: successfully reloaded assembly
- Completed reload, in  0.819 seconds
Domain Reload Profiling:
	ReloadAssembly (819ms)
		BeginReloadAssembly (59ms)
			ExecutionOrderSort (0ms)
			DisableScriptedObjects (0ms)
			BackupInstance (0ms)
			ReleaseScriptingObjects (0ms)
			CreateAndSetChildDomain (1ms)
		EndReloadAssembly (678ms)
			LoadAssemblies (59ms)
			RebuildTransferFunctionScriptingTraits (0ms)
			SetupTypeCache (83ms)
			ReleaseScriptCaches (0ms)
			RebuildScriptCaches (20ms)
			SetupLoadedEditorAssemblies (531ms)
				LogAssemblyErrors (0ms)
				InitializePlatformSupportModulesInManaged (326ms)
				SetLoadedEditorAssemblies (0ms)
				RefreshPlugins (95ms)
				BeforeProcessingInitializeOnLoad (1ms)
				ProcessInitializeOnLoadAttributes (72ms)
				ProcessInitializeOnLoadMethodAttributes (36ms)
				AfterProcessingInitializeOnLoad (0ms)
				EditorAssembliesLoaded (0ms)
			ExecutionOrderSort2 (0ms)
			AwakeInstancesAfterBackupRestoration (0ms)
Platform modules already initialized, skipping
Registering precompiled user dll's ...
Registered in 0.012131 seconds.
Begin MonoManager ReloadAssembly
Symbol file LoadedFromMemory doesn't match image C:\Users\samra\Documents\GitHub\VR-Project\Hunting Whales VR V1\Library\PackageCache\com.unity.visualscripting@1.8.0\Editor\VisualScripting.Core\Dependencies\DotNetZip\Unity.VisualScripting.IonicZip.dll
Symbol file LoadedFromMemory doesn't match image C:\Users\samra\Documents\GitHub\VR-Project\Hunting Whales VR V1\Library\PackageCache\com.unity.visualscripting@1.8.0\Editor\VisualScripting.Core\Dependencies\YamlDotNet\Unity.VisualScripting.YamlDotNet.dll
Native extension for WindowsStandalone target not found
Native extension for Android target not found
Refreshing native plugins compatible for Editor in 93.10 ms, found 12 plugins.
Preloading 1 native plugins for Editor in 0.09 ms.
Package Manager log level set to [2]
System.Reflection.TargetInvocationException: Exception has been thrown by the target of an invocation. ---> System.NullReferenceException: Object reference not set to an instance of an object
  at Unity.XR.Oculus.OculusLoader.AssetPathToAbsolutePath (System.String assetPath) [0x0003d] in C:\Users\samra\Documents\GitHub\VR-Project\Hunting Whales VR V1\Library\PackageCache\com.unity.xr.oculus@3.2.3\Runtime\OculusLoader.cs:296 
  at Unity.XR.Oculus.OculusLoader.EditorLoadOVRPlugin () [0x0007b] in C:\Users\samra\Documents\GitHub\VR-Project\Hunting Whales VR V1\Library\PackageCache\com.unity.xr.oculus@3.2.3\Runtime\OculusLoader.cs:281 
  at (wrapper managed-to-native) System.Reflection.RuntimeMethodInfo.InternalInvoke(System.Reflection.RuntimeMethodInfo,object,object[],System.Exception&)
  at System.Reflection.RuntimeMethodInfo.Invoke (System.Object obj, System.Reflection.BindingFlags invokeAttr, System.Reflection.Binder binder, System.Object[] parameters, System.Globalization.CultureInfo culture) [0x0006a] in <1f66344f2f89470293d8b67d71308c07>:0 
   --- End of inner exception stack trace ---
  at System.Reflection.RuntimeMethodInfo.Invoke (System.Object obj, System.Reflection.BindingFlags invokeAttr, System.Reflection.Binder binder, System.Object[] parameters, System.Globalization.CultureInfo culture) [0x00083] in <1f66344f2f89470293d8b67d71308c07>:0 
  at System.Reflection.MethodBase.Invoke (System.Object obj, System.Object[] parameters) [0x00000] in <1f66344f2f89470293d8b67d71308c07>:0 
  at UnityEditor.EditorAssemblies.ProcessInitializeOnLoadMethodAttributes () [0x000a5] in <42a64fd733d9417da1ea3a757ad9a96d>:0 
UnityEngine.StackTraceUtility:ExtractStackTrace ()
UnityEngine.DebugLogHandler:LogFormat (UnityEngine.LogType,UnityEngine.Object,string,object[])
UnityEngine.Logger:Log (UnityEngine.LogType,object)
UnityEngine.Debug:LogError (object)
UnityEditor.EditorAssemblies:ProcessInitializeOnLoadMethodAttributes ()

Mono: successfully reloaded assembly
- Completed reload, in  1.109 seconds
Domain Reload Profiling:
	ReloadAssembly (1110ms)
		BeginReloadAssembly (88ms)
			ExecutionOrderSort (0ms)
			DisableScriptedObjects (5ms)
			BackupInstance (0ms)
			ReleaseScriptingObjects (0ms)
			CreateAndSetChildDomain (19ms)
		EndReloadAssembly (931ms)
			LoadAssemblies (79ms)
			RebuildTransferFunctionScriptingTraits (0ms)
			SetupTypeCache (254ms)
			ReleaseScriptCaches (1ms)
			RebuildScriptCaches (52ms)
			SetupLoadedEditorAssemblies (483ms)
				LogAssemblyErrors (0ms)
				InitializePlatformSupportModulesInManaged (14ms)
				SetLoadedEditorAssemblies (0ms)
				RefreshPlugins (93ms)
				BeforeProcessingInitializeOnLoad (90ms)
				ProcessInitializeOnLoadAttributes (242ms)
				ProcessInitializeOnLoadMethodAttributes (41ms)
				AfterProcessingInitializeOnLoad (3ms)
				EditorAssembliesLoaded (0ms)
			ExecutionOrderSort2 (0ms)
			AwakeInstancesAfterBackupRestoration (5ms)
Platform modules already initialized, skipping
========================================================================
Worker process is ready to serve import requests
Launched and connected shader compiler UnityShaderCompiler.exe after 0.04 seconds
Refreshing native plugins compatible for Editor in 1.19 ms, found 12 plugins.
Preloading 1 native plugins for Editor in 0.10 ms.
Unloading 4424 Unused Serialized files (Serialized files now loaded: 0)
Unloading 50 unused Assets / (59.2 KB). Loaded Objects now: 4896.
Memory consumption went from 163.9 MB to 163.8 MB.
Total: 3.405900 ms (FindLiveObjects: 0.308600 ms CreateObjectMapping: 0.123800 ms MarkObjects: 2.854000 ms  DeleteObjects: 0.118600 ms)

AssetImportParameters requested are different than current active one (requested -> active):
  custom:video-decoder-ogg-theora: a1e56fd34408186e4bbccfd4996cb3dc -> 
  custom:container-muxer-webm: aa71ff27fc2769a1b78a27578f13a17b -> 
  custom:container-demuxer-webm: 4f35f7cbe854078d1ac9338744f61a02 -> 
  custom:video-encoder-webm-vp8: eb34c28f22e8b96e1ab97ce403110664 -> 
  custom:audio-encoder-webm-vorbis: bf7c407c2cedff20999df2af8eb42d56 -> 
  custom:framework-win-MediaFoundation: 216162199b28c13a410421893ffa2e32 -> 
  custom:container-demuxer-ogg: 62fdf1f143b41e24485cea50d1cbac27 -> 
  custom:video-decoder-webm-vp8: 9c59270c3fd7afecdb556c50c9e8de78 -> 
  custom:audio-decoder-ogg-vorbis: bf7c407c2cedff20999df2af8eb42d56 -> 
========================================================================
Received Import Request.
  Time since last request: 974086.876416 seconds.
  path: Assets/PolygonSciFiCity/Prefabs/Props/SM_Prop_Barrier_01.prefab
  artifactKey: Guid(c444ce6e54943f64a895431df8872a52) Importer(815301076,1909f56bfc062723c751e8b465ee728b)
Start importing Assets/PolygonSciFiCity/Prefabs/Props/SM_Prop_Barrier_01.prefab using Guid(c444ce6e54943f64a895431df8872a52) Importer(815301076,1909f56bfc062723c751e8b465ee728b)  -> (artifact id: 'bcd7b35e9dd19002ff1d2b2437db3acc') in 0.407008 seconds 
========================================================================
Received Import Request.
  Time since last request: 0.000026 seconds.
  path: Assets/PolygonSciFiCity/Models/SM_Prop_Barrier_02_Convex.asset
  artifactKey: Guid(ee6be8ef8ad73dc4085cd2bedfd56b90) Importer(815301076,1909f56bfc062723c751e8b465ee728b)
Start importing Assets/PolygonSciFiCity/Models/SM_Prop_Barrier_02_Convex.asset using Guid(ee6be8ef8ad73dc4085cd2bedfd56b90) Importer(815301076,1909f56bfc062723c751e8b465ee728b)  -> (artifact id: 'a3e7b1ce3a71e098c9e64f77d4a4a465') in 0.033019 seconds 
========================================================================
Received Import Request.
  Time since last request: 0.000037 seconds.
  path: Assets/PolygonSciFiCity/Prefabs/Props/SM_Prop_Barrier_Plastic_01.prefab
  artifactKey: Guid(2ef431f56f242194fb0aac1efde07107) Importer(815301076,1909f56bfc062723c751e8b465ee728b)
Start importing Assets/PolygonSciFiCity/Prefabs/Props/SM_Prop_Barrier_Plastic_01.prefab using Guid(2ef431f56f242194fb0aac1efde07107) Importer(815301076,1909f56bfc062723c751e8b465ee728b)  -> (artifact id: '4de23eab51558689f99a8fe9ba7b0876') in 0.167456 seconds 
========================================================================
Received Import Request.
  Time since last request: 0.000043 seconds.
  path: Assets/PolygonSciFiCity/Models/SM_Prop_Barrier_03_Convex.asset
  artifactKey: Guid(5619b18175791884ba86fdfb8649964a) Importer(815301076,1909f56bfc062723c751e8b465ee728b)
Start importing Assets/PolygonSciFiCity/Models/SM_Prop_Barrier_03_Convex.asset using Guid(5619b18175791884ba86fdfb8649964a) Importer(815301076,1909f56bfc062723c751e8b465ee728b)  -> (artifact id: 'dca26547fabd1172f731b85edf5d8447') in 0.015024 seconds 
========================================================================
Received Import Request.
  Time since last request: 0.000022 seconds.
  path: Assets/PolygonSciFiCity/Models/SM_Prop_Barrier_Plastic_01_Convex.asset
  artifactKey: Guid(dc088e10551c2dc4d98d450ca39889c8) Importer(815301076,1909f56bfc062723c751e8b465ee728b)
Start importing Assets/PolygonSciFiCity/Models/SM_Prop_Barrier_Plastic_01_Convex.asset using Guid(dc088e10551c2dc4d98d450ca39889c8) Importer(815301076,1909f56bfc062723c751e8b465ee728b)  -> (artifact id: '84103314fb3aa658f9e6b7c1c98f3673') in 0.012966 seconds 
========================================================================
Received Import Request.
  Time since last request: 0.000038 seconds.
  path: Assets/PolygonSciFiCity/Models/SM_Prop_Barrier_Plastic_02_Convex.asset
  artifactKey: Guid(1b362c2553e48e548a734e806a7cc314) Importer(815301076,1909f56bfc062723c751e8b465ee728b)
Start importing Assets/PolygonSciFiCity/Models/SM_Prop_Barrier_Plastic_02_Convex.asset using Guid(1b362c2553e48e548a734e806a7cc314) Importer(815301076,1909f56bfc062723c751e8b465ee728b)  -> (artifact id: 'a17d98e1613a745768f0b71703e402ef') in 0.013137 seconds 
========================================================================
Received Import Request.
  Time since last request: 0.000036 seconds.
  path: Assets/PolygonCity/Models/Collisions/SM_Prop_Barrier_01_Convex.asset
  artifactKey: Guid(928d79264c3a43d4ba749f0fdcf24696) Importer(815301076,1909f56bfc062723c751e8b465ee728b)
Start importing Assets/PolygonCity/Models/Collisions/SM_Prop_Barrier_01_Convex.asset using Guid(928d79264c3a43d4ba749f0fdcf24696) Importer(815301076,1909f56bfc062723c751e8b465ee728b)  -> (artifact id: 'f53aa9fa2e0788813a02f366019ea0c1') in 0.014518 seconds 
========================================================================
Received Import Request.
  Time since last request: 0.000021 seconds.
  path: Assets/PolygonSciFiCity/Models/SM_Prop_Barrier_line_01.fbx
  artifactKey: Guid(dd8f646a9757f584abb822386af0eaa5) Importer(815301076,1909f56bfc062723c751e8b465ee728b)
Start importing Assets/PolygonSciFiCity/Models/SM_Prop_Barrier_line_01.fbx using Guid(dd8f646a9757f584abb822386af0eaa5) Importer(815301076,1909f56bfc062723c751e8b465ee728b)  -> (artifact id: 'f34657a2cae07a787185ba76c1cb99f7') in 0.019821 seconds 
========================================================================
Received Import Request.
  Time since last request: 0.000018 seconds.
  path: Assets/PolygonSciFiCity/Models/SM_Prop_Barrier_Pole_01_Convex.asset
  artifactKey: Guid(6ef0ddc347560a44e9fe057843950bef) Importer(815301076,1909f56bfc062723c751e8b465ee728b)
Start importing Assets/PolygonSciFiCity/Models/SM_Prop_Barrier_Pole_01_Convex.asset using Guid(6ef0ddc347560a44e9fe057843950bef) Importer(815301076,1909f56bfc062723c751e8b465ee728b)  -> (artifact id: '3004720a66b5e2d73ef3f4f2a5e72732') in 0.014476 seconds 
========================================================================
Received Import Request.
  Time since last request: 0.000022 seconds.
  path: Assets/PolygonSciFiCity/Models/SM_Prop_Barrier_Plastic_03.fbx
  artifactKey: Guid(cc2387824c4a8f241b64938541803aa4) Importer(815301076,1909f56bfc062723c751e8b465ee728b)
Start importing Assets/PolygonSciFiCity/Models/SM_Prop_Barrier_Plastic_03.fbx using Guid(cc2387824c4a8f241b64938541803aa4) Importer(815301076,1909f56bfc062723c751e8b465ee728b)  -> (artifact id: '6239ffa36f995352a890bea7df21c6d2') in 0.017696 seconds 
========================================================================
Received Import Request.
  Time since last request: 0.000035 seconds.
  path: Assets/PolygonSciFiCity/Models/SM_Prop_Barrier_01.fbx
  artifactKey: Guid(26af201b7e78ab248b739a17d79c9a39) Importer(815301076,1909f56bfc062723c751e8b465ee728b)
Start importing Assets/PolygonSciFiCity/Models/SM_Prop_Barrier_01.fbx using Guid(26af201b7e78ab248b739a17d79c9a39) Importer(815301076,1909f56bfc062723c751e8b465ee728b)  -> (artifact id: '2127dacd6aa38b103a8c5eecba24bcde') in 0.017948 seconds 
========================================================================
Received Import Request.
  Time since last request: 0.000021 seconds.
  path: Assets/PolygonSciFiCity/Models/SM_Prop_Barrier_Plastic_02.fbx
  artifactKey: Guid(ef9137cfabbb7c24a9065ba826c40c51) Importer(815301076,1909f56bfc062723c751e8b465ee728b)
Start importing Assets/PolygonSciFiCity/Models/SM_Prop_Barrier_Plastic_02.fbx using Guid(ef9137cfabbb7c24a9065ba826c40c51) Importer(815301076,1909f56bfc062723c751e8b465ee728b)  -> (artifact id: '33aa7243412fde185f43d948b61f5a85') in 0.020257 seconds 
========================================================================
Received Import Request.
  Time since last request: 0.000035 seconds.
  path: Assets/PolygonSciFiCity/Models/SM_Prop_Barrier_03.fbx
  artifactKey: Guid(0dce66e88c199824f9b128f32c9105ac) Importer(815301076,1909f56bfc062723c751e8b465ee728b)
Start importing Assets/PolygonSciFiCity/Models/SM_Prop_Barrier_03.fbx using Guid(0dce66e88c199824f9b128f32c9105ac) Importer(815301076,1909f56bfc062723c751e8b465ee728b)  -> (artifact id: 'e90a40f974b288d79bc692060c3f5f74') in 0.016915 seconds 
========================================================================
Received Import Request.
  Time since last request: 0.000019 seconds.
  path: Assets/PolygonSciFiCity/Prefabs/Props/SM_Prop_Barrier_Pole_01.prefab
  artifactKey: Guid(3d60a71ddd12565498b1cb9e63e36f92) Importer(815301076,1909f56bfc062723c751e8b465ee728b)
Start importing Assets/PolygonSciFiCity/Prefabs/Props/SM_Prop_Barrier_Pole_01.prefab using Guid(3d60a71ddd12565498b1cb9e63e36f92) Importer(815301076,1909f56bfc062723c751e8b465ee728b)  -> (artifact id: '3cc860b3ea9a7295327d819d5635e8d5') in 0.155691 seconds 
========================================================================
Received Import Request.
  Time since last request: 0.000021 seconds.
  path: Assets/PolygonSciFiCity/Models/SM_Prop_Barrier_Pole_01.fbx
  artifactKey: Guid(3bc88e9d9b707674e992f2f0eb75e9ce) Importer(815301076,1909f56bfc062723c751e8b465ee728b)
Start importing Assets/PolygonSciFiCity/Models/SM_Prop_Barrier_Pole_01.fbx using Guid(3bc88e9d9b707674e992f2f0eb75e9ce) Importer(815301076,1909f56bfc062723c751e8b465ee728b)  -> (artifact id: 'eb2141bc117c620288a6ffe1fd2e1d7c') in 0.017454 seconds 
========================================================================
Received Import Request.
  Time since last request: 0.393058 seconds.
  path: Assets/PolygonSciFiCity/Models/SM_Prop_Sidewalk_Barrier_01.fbx
  artifactKey: Guid(35a86d11397a66440a17a3f9f51719af) Importer(815301076,1909f56bfc062723c751e8b465ee728b)
Start importing Assets/PolygonSciFiCity/Models/SM_Prop_Sidewalk_Barrier_01.fbx using Guid(35a86d11397a66440a17a3f9f51719af) Importer(815301076,1909f56bfc062723c751e8b465ee728b)  -> (artifact id: '9991f5a47e0b49922453157b5fb671cd') in 0.018742 seconds 
========================================================================
Received Import Request.
  Time since last request: 0.000019 seconds.
  path: Assets/PolygonSciFiCity/Models/SM_Prop_Sidewalk_Barrier_01_Convex.asset
  artifactKey: Guid(c7e078a4f58fb6d45b5867219955095e) Importer(815301076,1909f56bfc062723c751e8b465ee728b)
Start importing Assets/PolygonSciFiCity/Models/SM_Prop_Sidewalk_Barrier_01_Convex.asset using Guid(c7e078a4f58fb6d45b5867219955095e) Importer(815301076,1909f56bfc062723c751e8b465ee728b)  -> (artifact id: '5fe38bdddb76861d3272b11128c0c8e6') in 0.012940 seconds 
========================================================================
Received Import Request.
  Time since last request: 0.000030 seconds.
  path: Assets/PolygonSciFiCity/Models/SM_Veh_Armored_Truck_Cannon_01.fbx
  artifactKey: Guid(55e46ffc7dfeb294b86517b4755c2a4e) Importer(815301076,1909f56bfc062723c751e8b465ee728b)
Start importing Assets/PolygonSciFiCity/Models/SM_Veh_Armored_Truck_Cannon_01.fbx using Guid(55e46ffc7dfeb294b86517b4755c2a4e) Importer(815301076,1909f56bfc062723c751e8b465ee728b)  -> (artifact id: '7a591118c80fcab4882c2faaa0b090af') in 0.026292 seconds 
========================================================================
Received Import Request.
  Time since last request: 49.217564 seconds.
  path: Packages/com.unity.collab-proxy/Editor/PlasticSCM/Assets/Images/d_iconemptygravatar@2x.png
  artifactKey: Guid(0ac55f9f886d827408c102bdf33c5ff7) Importer(815301076,1909f56bfc062723c751e8b465ee728b)
Start importing Packages/com.unity.collab-proxy/Editor/PlasticSCM/Assets/Images/d_iconemptygravatar@2x.png using Guid(0ac55f9f886d827408c102bdf33c5ff7) Importer(815301076,1909f56bfc062723c751e8b465ee728b)  -> (artifact id: 'fe6aae4da906760861dbf2c3f41a4d0d') in 0.042714 seconds 
========================================================================
Received Import Request.
  Time since last request: 0.000017 seconds.
  path: Assets/PolygonCity/Models/SM_Prop_Cone_02.fbx
  artifactKey: Guid(8e297347e62e2944d9c28275a136ac24) Importer(815301076,1909f56bfc062723c751e8b465ee728b)
Start importing Assets/PolygonCity/Models/SM_Prop_Cone_02.fbx using Guid(8e297347e62e2944d9c28275a136ac24) Importer(815301076,1909f56bfc062723c751e8b465ee728b)  -> (artifact id: 'c90905d37e88e7d116a0bcc475ff62f3') in 0.035067 seconds 
========================================================================
Received Import Request.
  Time since last request: 0.000024 seconds.
  path: Assets/PolygonCity/Models/Collisions/SM_Prop_Cone_01_Convex.asset
  artifactKey: Guid(49e5d90c1cf070d479b9d2d9a362983b) Importer(815301076,1909f56bfc062723c751e8b465ee728b)
Start importing Assets/PolygonCity/Models/Collisions/SM_Prop_Cone_01_Convex.asset using Guid(49e5d90c1cf070d479b9d2d9a362983b) Importer(815301076,1909f56bfc062723c751e8b465ee728b)  -> (artifact id: '5ccecacad0ebe28b3c1a29700aae5109') in 0.031089 seconds 
Editor requested this worker to shutdown with reason: Scaling down because of idle timeout
AssetImportWorker is now disconnected from the server
Process exiting
Exiting without the bug reporter. Application will terminate with return code 0