Using pre-set license
Built from '2021.3/staging' branch; Version is '2021.3.18f1 (3129e69bc0c7) revision 3221990'; Using compiler version '192829333'; Build Type 'Release'
OS: 'Windows 10  (10.0.19045) 64bit Professional' Language: 'en' Physical Memory: 32620 MB
BatchMode: 1, IsHumanControllingUs: 0, StartBugReporterOnCrash: 0, Is64bit: 1, IsPro: 1

COMMAND LINE ARGUMENTS:
E:\Unity Editor\2021.3.18f1\Editor\Unity.exe
-adb2
-batchMode
-noUpm
-name
AssetImportWorker11
-projectPath
C:/Users/samra/Documents/GitHub/VR-Project/Hunting Whales VR V1
-logFile
Logs/AssetImportWorker11.log
-srvPort
51577
Successfully changed project path to: C:/Users/samra/Documents/GitHub/VR-Project/Hunting Whales VR V1
C:/Users/samra/Documents/GitHub/VR-Project/Hunting Whales VR V1
[UnityMemory] Configuration Parameters - Can be set up in boot.config
    "memorysetup-bucket-allocator-granularity=16"
    "memorysetup-bucket-allocator-bucket-count=8"
    "memorysetup-bucket-allocator-block-size=33554432"
    "memorysetup-bucket-allocator-block-count=8"
    "memorysetup-main-allocator-block-size=16777216"
    "memorysetup-thread-allocator-block-size=16777216"
    "memorysetup-gfx-main-allocator-block-size=16777216"
    "memorysetup-gfx-thread-allocator-block-size=16777216"
    "memorysetup-cache-allocator-block-size=4194304"
    "memorysetup-typetree-allocator-block-size=2097152"
    "memorysetup-profiler-bucket-allocator-granularity=16"
    "memorysetup-profiler-bucket-allocator-bucket-count=8"
    "memorysetup-profiler-bucket-allocator-block-size=33554432"
    "memorysetup-profiler-bucket-allocator-block-count=8"
    "memorysetup-profiler-allocator-block-size=16777216"
    "memorysetup-profiler-editor-allocator-block-size=1048576"
    "memorysetup-temp-allocator-size-main=16777216"
    "memorysetup-job-temp-allocator-block-size=2097152"
    "memorysetup-job-temp-allocator-block-size-background=1048576"
    "memorysetup-job-temp-allocator-reduction-small-platforms=262144"
    "memorysetup-temp-allocator-size-background-worker=32768"
    "memorysetup-temp-allocator-size-job-worker=262144"
    "memorysetup-temp-allocator-size-preload-manager=33554432"
    "memorysetup-temp-allocator-size-nav-mesh-worker=65536"
    "memorysetup-temp-allocator-size-audio-worker=65536"
    "memorysetup-temp-allocator-size-cloud-worker=32768"
    "memorysetup-temp-allocator-size-gi-baking-worker=262144"
    "memorysetup-temp-allocator-size-gfx=262144"
Player connection [26180] Host "[IP] 25.16.200.250 [Port] 0 [Flags] 2 [Guid] 88644620 [EditorId] 88644620 [Version] 1048832 [Id] WindowsEditor(7,Rocketship-77) [Debug] 1 [PackageName] WindowsEditor [ProjectName] Editor" joined multi-casting on [225.0.0.222:54997]...

Player connection [26180] Host "[IP] 25.16.200.250 [Port] 0 [Flags] 2 [Guid] 88644620 [EditorId] 88644620 [Version] 1048832 [Id] WindowsEditor(7,Rocketship-77) [Debug] 1 [PackageName] WindowsEditor [ProjectName] Editor" joined alternative multi-casting on [225.0.0.222:34997]...

Refreshing native plugins compatible for Editor in 121.73 ms, found 12 plugins.
Preloading 1 native plugins for Editor in 0.58 ms.
Initialize engine version: 2021.3.18f1 (3129e69bc0c7)
[Subsystems] Discovering subsystems at path E:/Unity Editor/2021.3.18f1/Editor/Data/Resources/UnitySubsystems
[Subsystems] Discovering subsystems at path C:/Users/samra/Documents/GitHub/VR-Project/Hunting Whales VR V1/Assets
GfxDevice: creating device client; threaded=0; jobified=0
Direct3D:
    Version:  Direct3D 11.0 [level 11.1]
    Renderer: NVIDIA GeForce RTX 3080 Laptop GPU (ID=0x24dc)
    Vendor:   NVIDIA
    VRAM:     16191 MB
    Driver:   31.0.15.4601
Initialize mono
Mono path[0] = 'E:/Unity Editor/2021.3.18f1/Editor/Data/Managed'
Mono path[1] = 'E:/Unity Editor/2021.3.18f1/Editor/Data/MonoBleedingEdge/lib/mono/unityjit-win32'
Mono config path = 'E:/Unity Editor/2021.3.18f1/Editor/Data/MonoBleedingEdge/etc'
Using monoOptions --debugger-agent=transport=dt_socket,embedding=1,server=y,suspend=n,address=127.0.0.1:56488
Begin MonoManager ReloadAssembly
Registering precompiled unity dll's ...
Register platform support module: E:/Unity Editor/2021.3.18f1/Editor/Data/PlaybackEngines/AndroidPlayer/UnityEditor.Android.Extensions.dll
Register platform support module: E:/Unity Editor/2021.3.18f1/Editor/Data/PlaybackEngines/WindowsStandaloneSupport/UnityEditor.WindowsStandalone.Extensions.dll
Registered in 0.003059 seconds.
Native extension for WindowsStandalone target not found
Native extension for Android target not found
Android Extension - Scanning For ADB Devices 242 ms
Refreshing native plugins compatible for Editor in 94.99 ms, found 12 plugins.
Preloading 1 native plugins for Editor in 0.09 ms.
Mono: successfully reloaded assembly
- Completed reload, in  0.802 seconds
Domain Reload Profiling:
	ReloadAssembly (802ms)
		BeginReloadAssembly (59ms)
			ExecutionOrderSort (0ms)
			DisableScriptedObjects (0ms)
			BackupInstance (0ms)
			ReleaseScriptingObjects (0ms)
			CreateAndSetChildDomain (1ms)
		EndReloadAssembly (661ms)
			LoadAssemblies (58ms)
			RebuildTransferFunctionScriptingTraits (0ms)
			SetupTypeCache (86ms)
			ReleaseScriptCaches (0ms)
			RebuildScriptCaches (20ms)
			SetupLoadedEditorAssemblies (511ms)
				LogAssemblyErrors (0ms)
				InitializePlatformSupportModulesInManaged (310ms)
				SetLoadedEditorAssemblies (0ms)
				RefreshPlugins (95ms)
				BeforeProcessingInitializeOnLoad (1ms)
				ProcessInitializeOnLoadAttributes (71ms)
				ProcessInitializeOnLoadMethodAttributes (34ms)
				AfterProcessingInitializeOnLoad (0ms)
				EditorAssembliesLoaded (0ms)
			ExecutionOrderSort2 (0ms)
			AwakeInstancesAfterBackupRestoration (0ms)
Platform modules already initialized, skipping
Registering precompiled user dll's ...
Registered in 0.011625 seconds.
Begin MonoManager ReloadAssembly
Symbol file LoadedFromMemory doesn't match image C:\Users\samra\Documents\GitHub\VR-Project\Hunting Whales VR V1\Library\PackageCache\com.unity.visualscripting@1.8.0\Editor\VisualScripting.Core\Dependencies\DotNetZip\Unity.VisualScripting.IonicZip.dll
Symbol file LoadedFromMemory doesn't match image C:\Users\samra\Documents\GitHub\VR-Project\Hunting Whales VR V1\Library\PackageCache\com.unity.visualscripting@1.8.0\Editor\VisualScripting.Core\Dependencies\YamlDotNet\Unity.VisualScripting.YamlDotNet.dll
Native extension for WindowsStandalone target not found
Native extension for Android target not found
Refreshing native plugins compatible for Editor in 108.62 ms, found 12 plugins.
Preloading 1 native plugins for Editor in 0.09 ms.
Package Manager log level set to [2]
System.Reflection.TargetInvocationException: Exception has been thrown by the target of an invocation. ---> System.NullReferenceException: Object reference not set to an instance of an object
  at Unity.XR.Oculus.OculusLoader.AssetPathToAbsolutePath (System.String assetPath) [0x0003d] in C:\Users\samra\Documents\GitHub\VR-Project\Hunting Whales VR V1\Library\PackageCache\com.unity.xr.oculus@3.2.3\Runtime\OculusLoader.cs:296 
  at Unity.XR.Oculus.OculusLoader.EditorLoadOVRPlugin () [0x0007b] in C:\Users\samra\Documents\GitHub\VR-Project\Hunting Whales VR V1\Library\PackageCache\com.unity.xr.oculus@3.2.3\Runtime\OculusLoader.cs:281 
  at (wrapper managed-to-native) System.Reflection.RuntimeMethodInfo.InternalInvoke(System.Reflection.RuntimeMethodInfo,object,object[],System.Exception&)
  at System.Reflection.RuntimeMethodInfo.Invoke (System.Object obj, System.Reflection.BindingFlags invokeAttr, System.Reflection.Binder binder, System.Object[] parameters, System.Globalization.CultureInfo culture) [0x0006a] in <1f66344f2f89470293d8b67d71308c07>:0 
   --- End of inner exception stack trace ---
  at System.Reflection.RuntimeMethodInfo.Invoke (System.Object obj, System.Reflection.BindingFlags invokeAttr, System.Reflection.Binder binder, System.Object[] parameters, System.Globalization.CultureInfo culture) [0x00083] in <1f66344f2f89470293d8b67d71308c07>:0 
  at System.Reflection.MethodBase.Invoke (System.Object obj, System.Object[] parameters) [0x00000] in <1f66344f2f89470293d8b67d71308c07>:0 
  at UnityEditor.EditorAssemblies.ProcessInitializeOnLoadMethodAttributes () [0x000a5] in <42a64fd733d9417da1ea3a757ad9a96d>:0 
UnityEngine.StackTraceUtility:ExtractStackTrace ()
UnityEngine.DebugLogHandler:LogFormat (UnityEngine.LogType,UnityEngine.Object,string,object[])
UnityEngine.Logger:Log (UnityEngine.LogType,object)
UnityEngine.Debug:LogError (object)
UnityEditor.EditorAssemblies:ProcessInitializeOnLoadMethodAttributes ()

Mono: successfully reloaded assembly
- Completed reload, in  1.086 seconds
Domain Reload Profiling:
	ReloadAssembly (1087ms)
		BeginReloadAssembly (86ms)
			ExecutionOrderSort (0ms)
			DisableScriptedObjects (5ms)
			BackupInstance (0ms)
			ReleaseScriptingObjects (0ms)
			CreateAndSetChildDomain (18ms)
		EndReloadAssembly (912ms)
			LoadAssemblies (74ms)
			RebuildTransferFunctionScriptingTraits (0ms)
			SetupTypeCache (222ms)
			ReleaseScriptCaches (1ms)
			RebuildScriptCaches (49ms)
			SetupLoadedEditorAssemblies (496ms)
				LogAssemblyErrors (0ms)
				InitializePlatformSupportModulesInManaged (13ms)
				SetLoadedEditorAssemblies (0ms)
				RefreshPlugins (109ms)
				BeforeProcessingInitializeOnLoad (92ms)
				ProcessInitializeOnLoadAttributes (237ms)
				ProcessInitializeOnLoadMethodAttributes (42ms)
				AfterProcessingInitializeOnLoad (3ms)
				EditorAssembliesLoaded (0ms)
			ExecutionOrderSort2 (0ms)
			AwakeInstancesAfterBackupRestoration (7ms)
Platform modules already initialized, skipping
========================================================================
Worker process is ready to serve import requests
Launched and connected shader compiler UnityShaderCompiler.exe after 0.04 seconds
Refreshing native plugins compatible for Editor in 1.67 ms, found 12 plugins.
Preloading 1 native plugins for Editor in 0.17 ms.
Unloading 4443 Unused Serialized files (Serialized files now loaded: 0)
Unloading 50 unused Assets / (59.0 KB). Loaded Objects now: 4918.
Memory consumption went from 167.7 MB to 167.7 MB.
Total: 3.481000 ms (FindLiveObjects: 0.357600 ms CreateObjectMapping: 0.121500 ms MarkObjects: 2.898600 ms  DeleteObjects: 0.102400 ms)

AssetImportParameters requested are different than current active one (requested -> active):
  custom:video-decoder-ogg-theora: a1e56fd34408186e4bbccfd4996cb3dc -> 
  custom:container-muxer-webm: aa71ff27fc2769a1b78a27578f13a17b -> 
  custom:container-demuxer-webm: 4f35f7cbe854078d1ac9338744f61a02 -> 
  custom:video-encoder-webm-vp8: eb34c28f22e8b96e1ab97ce403110664 -> 
  custom:audio-encoder-webm-vorbis: bf7c407c2cedff20999df2af8eb42d56 -> 
  custom:framework-win-MediaFoundation: 216162199b28c13a410421893ffa2e32 -> 
  custom:container-demuxer-ogg: 62fdf1f143b41e24485cea50d1cbac27 -> 
  custom:video-decoder-webm-vp8: 9c59270c3fd7afecdb556c50c9e8de78 -> 
  custom:audio-decoder-ogg-vorbis: bf7c407c2cedff20999df2af8eb42d56 -> 
========================================================================
Received Import Request.
  Time since last request: 4880.949147 seconds.
  path: Assets/PolygonSciFiCity/Prefabs/Buildings/SM_Bld_Advanced_01.prefab
  artifactKey: Guid(4539a9f265debe14db54385bf22e5389) Importer(815301076,1909f56bfc062723c751e8b465ee728b)
Start importing Assets/PolygonSciFiCity/Prefabs/Buildings/SM_Bld_Advanced_01.prefab using Guid(4539a9f265debe14db54385bf22e5389) Importer(815301076,1909f56bfc062723c751e8b465ee728b)  -> (artifact id: '9846ff032ef831324b0ed375bd405eb5') in 0.167568 seconds 
========================================================================
Received Import Request.
  Time since last request: 0.000024 seconds.
  path: Assets/PolygonSciFiCity/Prefabs/Buildings/SM_Bld_Chopshop_01.prefab
  artifactKey: Guid(a1d953a27b5df6b49a82f3aef4d575c5) Importer(815301076,1909f56bfc062723c751e8b465ee728b)
Start importing Assets/PolygonSciFiCity/Prefabs/Buildings/SM_Bld_Chopshop_01.prefab using Guid(a1d953a27b5df6b49a82f3aef4d575c5) Importer(815301076,1909f56bfc062723c751e8b465ee728b)  -> (artifact id: '9e902b5000a8123bd09469d8363f09bf') in 0.067484 seconds 
========================================================================
Received Import Request.
  Time since last request: 0.000038 seconds.
  path: Assets/PolygonSciFiCity/Prefabs/Buildings/SM_Bld_City_Wall_01.prefab
  artifactKey: Guid(8feb2335a05b64642a1d35a6a73cb21c) Importer(815301076,1909f56bfc062723c751e8b465ee728b)
Start importing Assets/PolygonSciFiCity/Prefabs/Buildings/SM_Bld_City_Wall_01.prefab using Guid(8feb2335a05b64642a1d35a6a73cb21c) Importer(815301076,1909f56bfc062723c751e8b465ee728b)  -> (artifact id: '552670207efc8c873b9805b8cda54c3b') in 0.071023 seconds 
========================================================================
Received Import Request.
  Time since last request: 0.000027 seconds.
  path: Assets/PolygonSciFiCity/Prefabs/Buildings/SM_Bld_Large_05.prefab
  artifactKey: Guid(05cce10c53c896f4495809af7a45bbe1) Importer(815301076,1909f56bfc062723c751e8b465ee728b)
Start importing Assets/PolygonSciFiCity/Prefabs/Buildings/SM_Bld_Large_05.prefab using Guid(05cce10c53c896f4495809af7a45bbe1) Importer(815301076,1909f56bfc062723c751e8b465ee728b)  -> (artifact id: '89953662ff25ffc77ab77bc73fff5142') in 0.063569 seconds 
========================================================================
Received Import Request.
  Time since last request: 0.000024 seconds.
  path: Assets/PolygonSciFiCity/Prefabs/Buildings/SM_Bld_Large_01.prefab
  artifactKey: Guid(c037f4cd64354fd428bbf6b6007c235d) Importer(815301076,1909f56bfc062723c751e8b465ee728b)
Start importing Assets/PolygonSciFiCity/Prefabs/Buildings/SM_Bld_Large_01.prefab using Guid(c037f4cd64354fd428bbf6b6007c235d) Importer(815301076,1909f56bfc062723c751e8b465ee728b)  -> (artifact id: 'cccd853d708651d4605cc8e072264065') in 0.047906 seconds 
========================================================================
Received Import Request.
  Time since last request: 0.000021 seconds.
  path: Assets/PolygonSciFiCity/Prefabs/Buildings/SM_Bld_Chopshop_Interior_01.prefab
  artifactKey: Guid(ea7874a759654f14a913adac2d315006) Importer(815301076,1909f56bfc062723c751e8b465ee728b)
Start importing Assets/PolygonSciFiCity/Prefabs/Buildings/SM_Bld_Chopshop_Interior_01.prefab using Guid(ea7874a759654f14a913adac2d315006) Importer(815301076,1909f56bfc062723c751e8b465ee728b)  -> (artifact id: 'b49e9e16512f480b0ecb4a6e8ee38572') in 0.048351 seconds 
========================================================================
Received Import Request.
  Time since last request: 0.000029 seconds.
  path: Assets/PolygonSciFiCity/Prefabs/Buildings/SM_Bld_Industrial_02.prefab
  artifactKey: Guid(e1494d10d49c1b3448e684cac6f7ec0d) Importer(815301076,1909f56bfc062723c751e8b465ee728b)
Start importing Assets/PolygonSciFiCity/Prefabs/Buildings/SM_Bld_Industrial_02.prefab using Guid(e1494d10d49c1b3448e684cac6f7ec0d) Importer(815301076,1909f56bfc062723c751e8b465ee728b)  -> (artifact id: 'd588e780fc00e1c985e9153aab3d1cc3') in 0.050204 seconds 
========================================================================
Received Import Request.
  Time since last request: 0.000034 seconds.
  path: Assets/PolygonSciFiCity/Prefabs/Buildings/SM_Bld_Large_Part_05.prefab
  artifactKey: Guid(163acdb00268b5e498aad6a2f0828b90) Importer(815301076,1909f56bfc062723c751e8b465ee728b)
Start importing Assets/PolygonSciFiCity/Prefabs/Buildings/SM_Bld_Large_Part_05.prefab using Guid(163acdb00268b5e498aad6a2f0828b90) Importer(815301076,1909f56bfc062723c751e8b465ee728b)  -> (artifact id: 'a61032b748b53b0aaa077ebefc4c12f4') in 0.048224 seconds 
========================================================================
Received Import Request.
  Time since last request: 0.000029 seconds.
  path: Assets/PolygonSciFiCity/Prefabs/Buildings/SM_Bld_Power_01.prefab
  artifactKey: Guid(686c3e339f3c07f438170547ac7aff50) Importer(815301076,1909f56bfc062723c751e8b465ee728b)
Start importing Assets/PolygonSciFiCity/Prefabs/Buildings/SM_Bld_Power_01.prefab using Guid(686c3e339f3c07f438170547ac7aff50) Importer(815301076,1909f56bfc062723c751e8b465ee728b)  -> (artifact id: '45c437bd0355d04180eac38ee4503bb7') in 0.050011 seconds 
========================================================================
Received Import Request.
  Time since last request: 0.000024 seconds.
  path: Assets/PolygonSciFiCity/Prefabs/Buildings/SM_Bld_Section_Corner_03.prefab
  artifactKey: Guid(9c18cb03dd4ec8847b92dbe4f33c2ff9) Importer(815301076,1909f56bfc062723c751e8b465ee728b)
Start importing Assets/PolygonSciFiCity/Prefabs/Buildings/SM_Bld_Section_Corner_03.prefab using Guid(9c18cb03dd4ec8847b92dbe4f33c2ff9) Importer(815301076,1909f56bfc062723c751e8b465ee728b)  -> (artifact id: '4098a37e8798420f51eb5fa480912106') in 0.045948 seconds 
========================================================================
Received Import Request.
  Time since last request: 0.000028 seconds.
  path: Assets/PolygonSciFiCity/Prefabs/Buildings/SM_Bld_Large_Part_04.prefab
  artifactKey: Guid(a772ff3690203ee428eb1a2ef2ed8661) Importer(815301076,1909f56bfc062723c751e8b465ee728b)
Start importing Assets/PolygonSciFiCity/Prefabs/Buildings/SM_Bld_Large_Part_04.prefab using Guid(a772ff3690203ee428eb1a2ef2ed8661) Importer(815301076,1909f56bfc062723c751e8b465ee728b)  -> (artifact id: 'aca9033feda90d7ada06d54d587d2b67') in 0.048553 seconds 
========================================================================
Received Import Request.
  Time since last request: 0.000025 seconds.
  path: Assets/PolygonSciFiCity/Prefabs/Buildings/SM_Bld_Section_Door_03.prefab
  artifactKey: Guid(5a3418dd159d8ef46a8c8d04842c5fe4) Importer(815301076,1909f56bfc062723c751e8b465ee728b)
Start importing Assets/PolygonSciFiCity/Prefabs/Buildings/SM_Bld_Section_Door_03.prefab using Guid(5a3418dd159d8ef46a8c8d04842c5fe4) Importer(815301076,1909f56bfc062723c751e8b465ee728b)  -> (artifact id: '781e6939ad01c9cada0f56d58950f983') in 0.048508 seconds 
========================================================================
Received Import Request.
  Time since last request: 0.000029 seconds.
  path: Assets/PolygonSciFiCity/Prefabs/Buildings/SM_Bld_Raised_01.prefab
  artifactKey: Guid(f26a6a01921a0cc44a493b8424859c38) Importer(815301076,1909f56bfc062723c751e8b465ee728b)
Start importing Assets/PolygonSciFiCity/Prefabs/Buildings/SM_Bld_Raised_01.prefab using Guid(f26a6a01921a0cc44a493b8424859c38) Importer(815301076,1909f56bfc062723c751e8b465ee728b)  -> (artifact id: '95607024f0c8786ccfc98ce18f0cd5d3') in 0.047853 seconds 
========================================================================
Received Import Request.
  Time since last request: 0.000030 seconds.
  path: Assets/PolygonSciFiCity/Prefabs/Buildings/SM_Bld_Section_Door_05.prefab
  artifactKey: Guid(713cc0a3dfe2279499ed8b72f056607e) Importer(815301076,1909f56bfc062723c751e8b465ee728b)
Start importing Assets/PolygonSciFiCity/Prefabs/Buildings/SM_Bld_Section_Door_05.prefab using Guid(713cc0a3dfe2279499ed8b72f056607e) Importer(815301076,1909f56bfc062723c751e8b465ee728b)  -> (artifact id: 'bef07a595157a2daabe13557b03f3ca6') in 0.050621 seconds 
========================================================================
Received Import Request.
  Time since last request: 0.000022 seconds.
  path: Assets/PolygonSciFiCity/Prefabs/Buildings/SM_Bld_Security_WatchStation_01.prefab
  artifactKey: Guid(f8a5c3bb2b6733743937b8674612ce52) Importer(815301076,1909f56bfc062723c751e8b465ee728b)
Start importing Assets/PolygonSciFiCity/Prefabs/Buildings/SM_Bld_Security_WatchStation_01.prefab using Guid(f8a5c3bb2b6733743937b8674612ce52) Importer(815301076,1909f56bfc062723c751e8b465ee728b)  -> (artifact id: '479f4ce672a2efc7872cfd53ba70da4e') in 0.049284 seconds 
========================================================================
Received Import Request.
  Time since last request: 0.000024 seconds.
  path: Assets/PolygonSciFiCity/Prefabs/Buildings/SM_Bld_StripClub_Interior_03.prefab
  artifactKey: Guid(140f01481537acc4fb074232e94f41b6) Importer(815301076,1909f56bfc062723c751e8b465ee728b)
Start importing Assets/PolygonSciFiCity/Prefabs/Buildings/SM_Bld_StripClub_Interior_03.prefab using Guid(140f01481537acc4fb074232e94f41b6) Importer(815301076,1909f56bfc062723c751e8b465ee728b)  -> (artifact id: '80cb38a31239333241a8dcdecd28c2e2') in 0.046856 seconds 
========================================================================
Received Import Request.
  Time since last request: 0.000028 seconds.
  path: Assets/PolygonSciFiCity/Prefabs/Buildings/SM_Bld_Warehouse_01.prefab
  artifactKey: Guid(4792c06511517bd459dd4bdc1aa5f0f6) Importer(815301076,1909f56bfc062723c751e8b465ee728b)
Start importing Assets/PolygonSciFiCity/Prefabs/Buildings/SM_Bld_Warehouse_01.prefab using Guid(4792c06511517bd459dd4bdc1aa5f0f6) Importer(815301076,1909f56bfc062723c751e8b465ee728b)  -> (artifact id: 'badfd3a3c2da707fd4357c3964ccbd2b') in 0.044993 seconds 
========================================================================
Received Import Request.
  Time since last request: 0.000036 seconds.
  path: Assets/PolygonSciFiCity/Prefabs/Buildings/SM_Bld_Section_Wall_02.prefab
  artifactKey: Guid(300058755dbc3334db2b882dfbb9453e) Importer(815301076,1909f56bfc062723c751e8b465ee728b)
Start importing Assets/PolygonSciFiCity/Prefabs/Buildings/SM_Bld_Section_Wall_02.prefab using Guid(300058755dbc3334db2b882dfbb9453e) Importer(815301076,1909f56bfc062723c751e8b465ee728b)  -> (artifact id: '73dc5cf6e2efc149486ee6b246ff01eb') in 0.045459 seconds 
========================================================================
Received Import Request.
  Time since last request: 0.000023 seconds.
  path: Assets/PolygonSciFiCity/Prefabs/Buildings/SM_Bld_Section_Wall_01.prefab
  artifactKey: Guid(4caa1debd226fcd4884eca0c619ce93f) Importer(815301076,1909f56bfc062723c751e8b465ee728b)
Start importing Assets/PolygonSciFiCity/Prefabs/Buildings/SM_Bld_Section_Wall_01.prefab using Guid(4caa1debd226fcd4884eca0c619ce93f) Importer(815301076,1909f56bfc062723c751e8b465ee728b)  -> (artifact id: '7429407fadf47014bd467b2ce2182da1') in 0.045434 seconds 
========================================================================
Received Import Request.
  Time since last request: 0.000028 seconds.
  path: Assets/PolygonSciFiCity/Prefabs/Buildings/SM_Bld_Section_Window_02.prefab
  artifactKey: Guid(f4c7ff12cc628584b9ad227f43d6129c) Importer(815301076,1909f56bfc062723c751e8b465ee728b)
Start importing Assets/PolygonSciFiCity/Prefabs/Buildings/SM_Bld_Section_Window_02.prefab using Guid(f4c7ff12cc628584b9ad227f43d6129c) Importer(815301076,1909f56bfc062723c751e8b465ee728b)  -> (artifact id: 'd978bbd9bed354727f0cf49123a26d00') in 0.051514 seconds 
========================================================================
Received Import Request.
  Time since last request: 0.000029 seconds.
  path: Assets/PolygonSciFiCity/Prefabs/Buildings/SM_Bld_Section_Industrial_02.prefab
  artifactKey: Guid(1b2b930f55ecf4a449cf0bb6c2820d29) Importer(815301076,1909f56bfc062723c751e8b465ee728b)
Start importing Assets/PolygonSciFiCity/Prefabs/Buildings/SM_Bld_Section_Industrial_02.prefab using Guid(1b2b930f55ecf4a449cf0bb6c2820d29) Importer(815301076,1909f56bfc062723c751e8b465ee728b)  -> (artifact id: 'ac4a4a569bfc529713e0b2e052d36fcd') in 0.047844 seconds 
========================================================================
Received Import Request.
  Time since last request: 0.000024 seconds.
  path: Assets/PolygonSciFiCity/Prefabs/Buildings/SM_Bld_Section_Door_06.prefab
  artifactKey: Guid(e6af98424eec7ef459a66398b4332b72) Importer(815301076,1909f56bfc062723c751e8b465ee728b)
Start importing Assets/PolygonSciFiCity/Prefabs/Buildings/SM_Bld_Section_Door_06.prefab using Guid(e6af98424eec7ef459a66398b4332b72) Importer(815301076,1909f56bfc062723c751e8b465ee728b)  -> (artifact id: '859b7813e6202aa5548fb918e20e6c2e') in 0.049543 seconds 
========================================================================
Received Import Request.
  Time since last request: 0.000036 seconds.
  path: Assets/PolygonSciFiCity/Prefabs/Buildings/SM_Bld_Section_Grid_01.prefab
  artifactKey: Guid(d61e39d73d9919d40b9c31f5ea2bdcd9) Importer(815301076,1909f56bfc062723c751e8b465ee728b)
Start importing Assets/PolygonSciFiCity/Prefabs/Buildings/SM_Bld_Section_Grid_01.prefab using Guid(d61e39d73d9919d40b9c31f5ea2bdcd9) Importer(815301076,1909f56bfc062723c751e8b465ee728b)  -> (artifact id: '4d24dc9e88f9d041b80c28d72985ce8f') in 0.050996 seconds 
========================================================================
Received Import Request.
  Time since last request: 0.000023 seconds.
  path: Assets/PolygonSciFiCity/Prefabs/Buildings/SM_Bld_Section_Wall_04.prefab
  artifactKey: Guid(8a8bd17e5172552488590e6cb3dd6d04) Importer(815301076,1909f56bfc062723c751e8b465ee728b)
Start importing Assets/PolygonSciFiCity/Prefabs/Buildings/SM_Bld_Section_Wall_04.prefab using Guid(8a8bd17e5172552488590e6cb3dd6d04) Importer(815301076,1909f56bfc062723c751e8b465ee728b)  -> (artifact id: '3c4d5adf6551099c593aee273d060982') in 0.049284 seconds 
========================================================================
Received Import Request.
  Time since last request: 0.000031 seconds.
  path: Assets/PolygonSciFiCity/Prefabs/Buildings/SM_Bld_Section_Door_04.prefab
  artifactKey: Guid(1d198b720862bb8498ccdedf7d0e4cde) Importer(815301076,1909f56bfc062723c751e8b465ee728b)
Start importing Assets/PolygonSciFiCity/Prefabs/Buildings/SM_Bld_Section_Door_04.prefab using Guid(1d198b720862bb8498ccdedf7d0e4cde) Importer(815301076,1909f56bfc062723c751e8b465ee728b)  -> (artifact id: '1f64cf58882b2112b05e22f81ed0586b') in 0.051104 seconds 
========================================================================
Received Import Request.
  Time since last request: 0.000038 seconds.
  path: Assets/PolygonSciFiCity/Prefabs/Buildings/SM_Bld_Section_Corner_02.prefab
  artifactKey: Guid(311f820a67aa9054d9bd6f2917e4a591) Importer(815301076,1909f56bfc062723c751e8b465ee728b)
Start importing Assets/PolygonSciFiCity/Prefabs/Buildings/SM_Bld_Section_Corner_02.prefab using Guid(311f820a67aa9054d9bd6f2917e4a591) Importer(815301076,1909f56bfc062723c751e8b465ee728b)  -> (artifact id: 'cc43c311a9f9b5cedfa9675d0465cef3') in 0.052384 seconds 
========================================================================
Received Import Request.
  Time since last request: 0.000033 seconds.
  path: Assets/PolygonSciFiCity/Prefabs/Buildings/SM_Bld_Section_Industrial_03.prefab
  artifactKey: Guid(a449f9f92e7875d48846e6d3a469c03a) Importer(815301076,1909f56bfc062723c751e8b465ee728b)
Start importing Assets/PolygonSciFiCity/Prefabs/Buildings/SM_Bld_Section_Industrial_03.prefab using Guid(a449f9f92e7875d48846e6d3a469c03a) Importer(815301076,1909f56bfc062723c751e8b465ee728b)  -> (artifact id: '1e9a2340cd329f6427127540f2e76f39') in 0.048671 seconds 
========================================================================
Received Import Request.
  Time since last request: 0.000044 seconds.
  path: Assets/PolygonSciFiCity/Prefabs/Buildings/SM_Bld_StripClub_Interior_02.prefab
  artifactKey: Guid(a7833e0a32b72a443806857131c597a2) Importer(815301076,1909f56bfc062723c751e8b465ee728b)
Start importing Assets/PolygonSciFiCity/Prefabs/Buildings/SM_Bld_StripClub_Interior_02.prefab using Guid(a7833e0a32b72a443806857131c597a2) Importer(815301076,1909f56bfc062723c751e8b465ee728b)  -> (artifact id: '2007df87f5ac248efdfab5aedead6e31') in 0.044085 seconds 
========================================================================
Received Import Request.
  Time since last request: 0.000022 seconds.
  path: Assets/PolygonSciFiCity/Prefabs/Buildings/SM_Bld_Section_Door_07.prefab
  artifactKey: Guid(e490d3326fa7830428d227a7818f0e7e) Importer(815301076,1909f56bfc062723c751e8b465ee728b)
Start importing Assets/PolygonSciFiCity/Prefabs/Buildings/SM_Bld_Section_Door_07.prefab using Guid(e490d3326fa7830428d227a7818f0e7e) Importer(815301076,1909f56bfc062723c751e8b465ee728b)  -> (artifact id: '4e68aaebce57e6702ba47435b70a6c19') in 0.046912 seconds 
========================================================================
Received Import Request.
  Time since last request: 0.000027 seconds.
  path: Assets/PolygonSciFiCity/Prefabs/Buildings/SM_Bld_Large_Part_02.prefab
  artifactKey: Guid(60378a264f113174c825ec6ec6fcb135) Importer(815301076,1909f56bfc062723c751e8b465ee728b)
Start importing Assets/PolygonSciFiCity/Prefabs/Buildings/SM_Bld_Large_Part_02.prefab using Guid(60378a264f113174c825ec6ec6fcb135) Importer(815301076,1909f56bfc062723c751e8b465ee728b)  -> (artifact id: '73f5fe4f190ab0527cef9bfaf95fec30') in 0.043741 seconds 
========================================================================
Received Import Request.
  Time since last request: 0.000020 seconds.
  path: Assets/PolygonSciFiCity/Prefabs/Buildings/SM_Bld_Large_Part_07.prefab
  artifactKey: Guid(19f7afc4823b6aa45b3f63b28e1360aa) Importer(815301076,1909f56bfc062723c751e8b465ee728b)
Start importing Assets/PolygonSciFiCity/Prefabs/Buildings/SM_Bld_Large_Part_07.prefab using Guid(19f7afc4823b6aa45b3f63b28e1360aa) Importer(815301076,1909f56bfc062723c751e8b465ee728b)  -> (artifact id: '9c11726c9f152a803be7d0c88b4f8356') in 0.043971 seconds 
========================================================================
Received Import Request.
  Time since last request: 0.000037 seconds.
  path: Assets/PolygonSciFiCity/Prefabs/Buildings/SM_Bld_Section_Door_01.prefab
  artifactKey: Guid(1dd39e2a8df331343a963c91a1e0974c) Importer(815301076,1909f56bfc062723c751e8b465ee728b)
Start importing Assets/PolygonSciFiCity/Prefabs/Buildings/SM_Bld_Section_Door_01.prefab using Guid(1dd39e2a8df331343a963c91a1e0974c) Importer(815301076,1909f56bfc062723c751e8b465ee728b)  -> (artifact id: 'c1874226b1025d8407c8eff8fe479bf0') in 0.045662 seconds 
Editor requested this worker to shutdown with reason: Scaling down because of idle timeout
AssetImportWorker is now disconnected from the server
Process exiting
Exiting without the bug reporter. Application will terminate with return code 0