Using pre-set license
Built from '2021.3/staging' branch; Version is '2021.3.18f1 (3129e69bc0c7) revision 3221990'; Using compiler version '192829333'; Build Type 'Release'
OS: 'Windows 10  (10.0.19045) 64bit Professional' Language: 'en' Physical Memory: 32620 MB
BatchMode: 1, IsHumanControllingUs: 0, StartBugReporterOnCrash: 0, Is64bit: 1, IsPro: 1

COMMAND LINE ARGUMENTS:
E:\Unity Editor\2021.3.18f1\Editor\Unity.exe
-adb2
-batchMode
-noUpm
-name
AssetImportWorker7
-projectPath
C:/Users/samra/Documents/GitHub/VR-Project/Hunting Whales VR V1
-logFile
Logs/AssetImportWorker7.log
-srvPort
49156
Successfully changed project path to: C:/Users/samra/Documents/GitHub/VR-Project/Hunting Whales VR V1
C:/Users/samra/Documents/GitHub/VR-Project/Hunting Whales VR V1
[UnityMemory] Configuration Parameters - Can be set up in boot.config
    "memorysetup-bucket-allocator-granularity=16"
    "memorysetup-bucket-allocator-bucket-count=8"
    "memorysetup-bucket-allocator-block-size=33554432"
    "memorysetup-bucket-allocator-block-count=8"
    "memorysetup-main-allocator-block-size=16777216"
    "memorysetup-thread-allocator-block-size=16777216"
    "memorysetup-gfx-main-allocator-block-size=16777216"
    "memorysetup-gfx-thread-allocator-block-size=16777216"
    "memorysetup-cache-allocator-block-size=4194304"
    "memorysetup-typetree-allocator-block-size=2097152"
    "memorysetup-profiler-bucket-allocator-granularity=16"
    "memorysetup-profiler-bucket-allocator-bucket-count=8"
    "memorysetup-profiler-bucket-allocator-block-size=33554432"
    "memorysetup-profiler-bucket-allocator-block-count=8"
    "memorysetup-profiler-allocator-block-size=16777216"
    "memorysetup-profiler-editor-allocator-block-size=1048576"
    "memorysetup-temp-allocator-size-main=16777216"
    "memorysetup-job-temp-allocator-block-size=2097152"
    "memorysetup-job-temp-allocator-block-size-background=1048576"
    "memorysetup-job-temp-allocator-reduction-small-platforms=262144"
    "memorysetup-temp-allocator-size-background-worker=32768"
    "memorysetup-temp-allocator-size-job-worker=262144"
    "memorysetup-temp-allocator-size-preload-manager=33554432"
    "memorysetup-temp-allocator-size-nav-mesh-worker=65536"
    "memorysetup-temp-allocator-size-audio-worker=65536"
    "memorysetup-temp-allocator-size-cloud-worker=32768"
    "memorysetup-temp-allocator-size-gi-baking-worker=262144"
    "memorysetup-temp-allocator-size-gfx=262144"
Player connection [22876] Host "[IP] 25.16.200.250 [Port] 0 [Flags] 2 [Guid] 4061307070 [EditorId] 4061307070 [Version] 1048832 [Id] WindowsEditor(7,Rocketship-77) [Debug] 1 [PackageName] WindowsEditor [ProjectName] Editor" joined multi-casting on [225.0.0.222:54997]...

Player connection [22876] Host "[IP] 25.16.200.250 [Port] 0 [Flags] 2 [Guid] 4061307070 [EditorId] 4061307070 [Version] 1048832 [Id] WindowsEditor(7,Rocketship-77) [Debug] 1 [PackageName] WindowsEditor [ProjectName] Editor" joined alternative multi-casting on [225.0.0.222:34997]...

Refreshing native plugins compatible for Editor in 130.41 ms, found 12 plugins.
Preloading 1 native plugins for Editor in 0.69 ms.
Initialize engine version: 2021.3.18f1 (3129e69bc0c7)
[Subsystems] Discovering subsystems at path E:/Unity Editor/2021.3.18f1/Editor/Data/Resources/UnitySubsystems
[Subsystems] Discovering subsystems at path C:/Users/samra/Documents/GitHub/VR-Project/Hunting Whales VR V1/Assets
GfxDevice: creating device client; threaded=0; jobified=0
Direct3D:
    Version:  Direct3D 11.0 [level 11.1]
    Renderer: NVIDIA GeForce RTX 3080 Laptop GPU (ID=0x24dc)
    Vendor:   NVIDIA
    VRAM:     16191 MB
    Driver:   31.0.15.3179
Initialize mono
Mono path[0] = 'E:/Unity Editor/2021.3.18f1/Editor/Data/Managed'
Mono path[1] = 'E:/Unity Editor/2021.3.18f1/Editor/Data/MonoBleedingEdge/lib/mono/unityjit-win32'
Mono config path = 'E:/Unity Editor/2021.3.18f1/Editor/Data/MonoBleedingEdge/etc'
Using monoOptions --debugger-agent=transport=dt_socket,embedding=1,server=y,suspend=n,address=127.0.0.1:56692
Begin MonoManager ReloadAssembly
Registering precompiled unity dll's ...
Register platform support module: E:/Unity Editor/2021.3.18f1/Editor/Data/PlaybackEngines/AndroidPlayer/UnityEditor.Android.Extensions.dll
Register platform support module: E:/Unity Editor/2021.3.18f1/Editor/Data/PlaybackEngines/WindowsStandaloneSupport/UnityEditor.WindowsStandalone.Extensions.dll
Registered in 0.004155 seconds.
Native extension for WindowsStandalone target not found
Native extension for Android target not found
Android Extension - Scanning For ADB Devices 252 ms
Refreshing native plugins compatible for Editor in 117.91 ms, found 12 plugins.
Preloading 1 native plugins for Editor in 0.09 ms.
Mono: successfully reloaded assembly
- Completed reload, in  0.890 seconds
Domain Reload Profiling:
	ReloadAssembly (891ms)
		BeginReloadAssembly (61ms)
			ExecutionOrderSort (0ms)
			DisableScriptedObjects (0ms)
			BackupInstance (0ms)
			ReleaseScriptingObjects (0ms)
			CreateAndSetChildDomain (1ms)
		EndReloadAssembly (736ms)
			LoadAssemblies (60ms)
			RebuildTransferFunctionScriptingTraits (0ms)
			SetupTypeCache (102ms)
			ReleaseScriptCaches (0ms)
			RebuildScriptCaches (28ms)
			SetupLoadedEditorAssemblies (556ms)
				LogAssemblyErrors (0ms)
				InitializePlatformSupportModulesInManaged (330ms)
				SetLoadedEditorAssemblies (0ms)
				RefreshPlugins (118ms)
				BeforeProcessingInitializeOnLoad (1ms)
				ProcessInitializeOnLoadAttributes (72ms)
				ProcessInitializeOnLoadMethodAttributes (34ms)
				AfterProcessingInitializeOnLoad (0ms)
				EditorAssembliesLoaded (0ms)
			ExecutionOrderSort2 (0ms)
			AwakeInstancesAfterBackupRestoration (0ms)
Platform modules already initialized, skipping
Registering precompiled user dll's ...
Registered in 0.011868 seconds.
Begin MonoManager ReloadAssembly
Symbol file LoadedFromMemory doesn't match image C:\Users\samra\Documents\GitHub\VR-Project\Hunting Whales VR V1\Library\PackageCache\com.unity.visualscripting@1.8.0\Editor\VisualScripting.Core\Dependencies\DotNetZip\Unity.VisualScripting.IonicZip.dll
Symbol file LoadedFromMemory doesn't match image C:\Users\samra\Documents\GitHub\VR-Project\Hunting Whales VR V1\Library\PackageCache\com.unity.visualscripting@1.8.0\Editor\VisualScripting.Core\Dependencies\YamlDotNet\Unity.VisualScripting.YamlDotNet.dll
Native extension for WindowsStandalone target not found
Native extension for Android target not found
Refreshing native plugins compatible for Editor in 95.24 ms, found 12 plugins.
Preloading 1 native plugins for Editor in 0.09 ms.
Package Manager log level set to [2]
System.Reflection.TargetInvocationException: Exception has been thrown by the target of an invocation. ---> System.NullReferenceException: Object reference not set to an instance of an object
  at Unity.XR.Oculus.OculusLoader.AssetPathToAbsolutePath (System.String assetPath) [0x0003d] in C:\Users\samra\Documents\GitHub\VR-Project\Hunting Whales VR V1\Library\PackageCache\com.unity.xr.oculus@3.2.3\Runtime\OculusLoader.cs:296 
  at Unity.XR.Oculus.OculusLoader.EditorLoadOVRPlugin () [0x0007b] in C:\Users\samra\Documents\GitHub\VR-Project\Hunting Whales VR V1\Library\PackageCache\com.unity.xr.oculus@3.2.3\Runtime\OculusLoader.cs:281 
  at (wrapper managed-to-native) System.Reflection.RuntimeMethodInfo.InternalInvoke(System.Reflection.RuntimeMethodInfo,object,object[],System.Exception&)
  at System.Reflection.RuntimeMethodInfo.Invoke (System.Object obj, System.Reflection.BindingFlags invokeAttr, System.Reflection.Binder binder, System.Object[] parameters, System.Globalization.CultureInfo culture) [0x0006a] in <1f66344f2f89470293d8b67d71308c07>:0 
   --- End of inner exception stack trace ---
  at System.Reflection.RuntimeMethodInfo.Invoke (System.Object obj, System.Reflection.BindingFlags invokeAttr, System.Reflection.Binder binder, System.Object[] parameters, System.Globalization.CultureInfo culture) [0x00083] in <1f66344f2f89470293d8b67d71308c07>:0 
  at System.Reflection.MethodBase.Invoke (System.Object obj, System.Object[] parameters) [0x00000] in <1f66344f2f89470293d8b67d71308c07>:0 
  at UnityEditor.EditorAssemblies.ProcessInitializeOnLoadMethodAttributes () [0x000a5] in <42a64fd733d9417da1ea3a757ad9a96d>:0 
UnityEngine.StackTraceUtility:ExtractStackTrace ()
UnityEngine.DebugLogHandler:LogFormat (UnityEngine.LogType,UnityEngine.Object,string,object[])
UnityEngine.Logger:Log (UnityEngine.LogType,object)
UnityEngine.Debug:LogError (object)
UnityEditor.EditorAssemblies:ProcessInitializeOnLoadMethodAttributes ()

Mono: successfully reloaded assembly
- Completed reload, in  1.053 seconds
Domain Reload Profiling:
	ReloadAssembly (1054ms)
		BeginReloadAssembly (89ms)
			ExecutionOrderSort (0ms)
			DisableScriptedObjects (5ms)
			BackupInstance (0ms)
			ReleaseScriptingObjects (0ms)
			CreateAndSetChildDomain (19ms)
		EndReloadAssembly (875ms)
			LoadAssemblies (75ms)
			RebuildTransferFunctionScriptingTraits (0ms)
			SetupTypeCache (218ms)
			ReleaseScriptCaches (1ms)
			RebuildScriptCaches (48ms)
			SetupLoadedEditorAssemblies (477ms)
				LogAssemblyErrors (0ms)
				InitializePlatformSupportModulesInManaged (13ms)
				SetLoadedEditorAssemblies (0ms)
				RefreshPlugins (95ms)
				BeforeProcessingInitializeOnLoad (90ms)
				ProcessInitializeOnLoadAttributes (237ms)
				ProcessInitializeOnLoadMethodAttributes (39ms)
				AfterProcessingInitializeOnLoad (3ms)
				EditorAssembliesLoaded (0ms)
			ExecutionOrderSort2 (0ms)
			AwakeInstancesAfterBackupRestoration (7ms)
Platform modules already initialized, skipping
========================================================================
Worker process is ready to serve import requests
Launched and connected shader compiler UnityShaderCompiler.exe after 0.04 seconds
Refreshing native plugins compatible for Editor in 1.29 ms, found 12 plugins.
Preloading 1 native plugins for Editor in 0.10 ms.
Unloading 4424 Unused Serialized files (Serialized files now loaded: 0)
Unloading 50 unused Assets / (59.0 KB). Loaded Objects now: 4897.
Memory consumption went from 164.7 MB to 164.6 MB.
Total: 3.363900 ms (FindLiveObjects: 0.319500 ms CreateObjectMapping: 0.247800 ms MarkObjects: 2.693200 ms  DeleteObjects: 0.102400 ms)

AssetImportParameters requested are different than current active one (requested -> active):
  custom:video-decoder-ogg-theora: a1e56fd34408186e4bbccfd4996cb3dc -> 
  custom:container-muxer-webm: aa71ff27fc2769a1b78a27578f13a17b -> 
  custom:container-demuxer-webm: 4f35f7cbe854078d1ac9338744f61a02 -> 
  custom:video-encoder-webm-vp8: eb34c28f22e8b96e1ab97ce403110664 -> 
  custom:audio-encoder-webm-vorbis: bf7c407c2cedff20999df2af8eb42d56 -> 
  custom:framework-win-MediaFoundation: 216162199b28c13a410421893ffa2e32 -> 
  custom:container-demuxer-ogg: 62fdf1f143b41e24485cea50d1cbac27 -> 
  custom:video-decoder-webm-vp8: 9c59270c3fd7afecdb556c50c9e8de78 -> 
  custom:audio-decoder-ogg-vorbis: bf7c407c2cedff20999df2af8eb42d56 -> 
========================================================================
Received Import Request.
  Time since last request: 301065.360637 seconds.
  path: Assets/PolygonCity/Prefabs/Props/SM_Prop_Pipe_Part_Connect_01.prefab
  artifactKey: Guid(b0a54232ae05a044dba83bfeab0610a6) Importer(815301076,1909f56bfc062723c751e8b465ee728b)
Start importing Assets/PolygonCity/Prefabs/Props/SM_Prop_Pipe_Part_Connect_01.prefab using Guid(b0a54232ae05a044dba83bfeab0610a6) Importer(815301076,1909f56bfc062723c751e8b465ee728b)  -> (artifact id: '3eb0abef27871559d6002bf5d611c34a') in 0.156884 seconds 
========================================================================
Received Import Request.
  Time since last request: 0.000028 seconds.
  path: Assets/PolygonCity/Prefabs/Props/SM_Prop_Pipe_Preset_01.prefab
  artifactKey: Guid(e3b7b99f57ac49441bd8040382e6736c) Importer(815301076,1909f56bfc062723c751e8b465ee728b)
Start importing Assets/PolygonCity/Prefabs/Props/SM_Prop_Pipe_Preset_01.prefab using Guid(e3b7b99f57ac49441bd8040382e6736c) Importer(815301076,1909f56bfc062723c751e8b465ee728b)  -> (artifact id: '1712b4071f5bea6f3523954e088cd068') in 0.030077 seconds 
========================================================================
Received Import Request.
  Time since last request: 3.871437 seconds.
  path: Assets/PolygonCity/Prefabs/Props/SM_Prop_PlanterWindow_01.prefab
  artifactKey: Guid(16dd2e2d30bf97a4282b745980e24bd8) Importer(815301076,1909f56bfc062723c751e8b465ee728b)
Start importing Assets/PolygonCity/Prefabs/Props/SM_Prop_PlanterWindow_01.prefab using Guid(16dd2e2d30bf97a4282b745980e24bd8) Importer(815301076,1909f56bfc062723c751e8b465ee728b)  -> (artifact id: 'e10435c539a53ad01fc33d5f7855df97') in 0.031019 seconds 
========================================================================
Received Import Request.
  Time since last request: 0.000024 seconds.
  path: Assets/PolygonCity/Prefabs/Props/SM_Prop_Poster_03.prefab
  artifactKey: Guid(5effb8bc646e1944d8634dea5e1a9096) Importer(815301076,1909f56bfc062723c751e8b465ee728b)
Start importing Assets/PolygonCity/Prefabs/Props/SM_Prop_Poster_03.prefab using Guid(5effb8bc646e1944d8634dea5e1a9096) Importer(815301076,1909f56bfc062723c751e8b465ee728b)  -> (artifact id: '883f627a544f01ff495f4e28791e069a') in 0.034583 seconds 
========================================================================
Received Import Request.
  Time since last request: 0.000025 seconds.
  path: Assets/PolygonCity/Prefabs/Props/SM_Prop_PlanterWindow_02.prefab
  artifactKey: Guid(385e440e39a69044bbd3453c1caa8158) Importer(815301076,1909f56bfc062723c751e8b465ee728b)
Start importing Assets/PolygonCity/Prefabs/Props/SM_Prop_PlanterWindow_02.prefab using Guid(385e440e39a69044bbd3453c1caa8158) Importer(815301076,1909f56bfc062723c751e8b465ee728b)  -> (artifact id: '3e44a75f549d3ca5b8692beab36b2b99') in 0.031345 seconds 
========================================================================
Received Import Request.
  Time since last request: 0.000026 seconds.
  path: Assets/PolygonCity/Prefabs/Props/SM_Prop_PotPlant_01.prefab
  artifactKey: Guid(aab301b5d4a9c1b4ab55351b46f6be40) Importer(815301076,1909f56bfc062723c751e8b465ee728b)
Start importing Assets/PolygonCity/Prefabs/Props/SM_Prop_PotPlant_01.prefab using Guid(aab301b5d4a9c1b4ab55351b46f6be40) Importer(815301076,1909f56bfc062723c751e8b465ee728b)  -> (artifact id: '6a31a3c360a3a70d48013c05abd3763e') in 0.028157 seconds 
========================================================================
Received Import Request.
  Time since last request: 1.303974 seconds.
  path: Assets/PolygonCity/Prefabs/Props/SM_Prop_Power_Cables_03.prefab
  artifactKey: Guid(239828adc5be7214c8fa4d6fe7dd6aff) Importer(815301076,1909f56bfc062723c751e8b465ee728b)
Start importing Assets/PolygonCity/Prefabs/Props/SM_Prop_Power_Cables_03.prefab using Guid(239828adc5be7214c8fa4d6fe7dd6aff) Importer(815301076,1909f56bfc062723c751e8b465ee728b)  -> (artifact id: '536ad271925ce8f94a3bbf5e886aded5') in 0.032128 seconds 
========================================================================
Received Import Request.
  Time since last request: 0.000017 seconds.
  path: Assets/PolygonCity/Prefabs/Props/SM_Prop_ShopInterior_Cafe_01.prefab
  artifactKey: Guid(dd3f8232b06f14c4f8785c787dc44fde) Importer(815301076,1909f56bfc062723c751e8b465ee728b)
Start importing Assets/PolygonCity/Prefabs/Props/SM_Prop_ShopInterior_Cafe_01.prefab using Guid(dd3f8232b06f14c4f8785c787dc44fde) Importer(815301076,1909f56bfc062723c751e8b465ee728b)  -> (artifact id: 'a4ed93d9483b213f4fc06146d9ddacff') in 0.035556 seconds 
========================================================================
Received Import Request.
  Time since last request: 0.000018 seconds.
  path: Assets/PolygonCity/Prefabs/Props/SM_Prop_PowerBox_01.prefab
  artifactKey: Guid(627f78867a195924ab8cd8a55429db26) Importer(815301076,1909f56bfc062723c751e8b465ee728b)
Start importing Assets/PolygonCity/Prefabs/Props/SM_Prop_PowerBox_01.prefab using Guid(627f78867a195924ab8cd8a55429db26) Importer(815301076,1909f56bfc062723c751e8b465ee728b)  -> (artifact id: '5ca71a9b27e39d74546f1cfcf7f9f40f') in 0.027820 seconds 
========================================================================
Received Import Request.
  Time since last request: 1.868539 seconds.
  path: Assets/PolygonCity/Prefabs/Props/SM_Prop_ShopInterior_Desk_02.prefab
  artifactKey: Guid(30c80b9834fd8f248b24cf47fa3329b4) Importer(815301076,1909f56bfc062723c751e8b465ee728b)
Start importing Assets/PolygonCity/Prefabs/Props/SM_Prop_ShopInterior_Desk_02.prefab using Guid(30c80b9834fd8f248b24cf47fa3329b4) Importer(815301076,1909f56bfc062723c751e8b465ee728b)  -> (artifact id: '0611fa527e51a38ffd96e1d3214984b0') in 0.046957 seconds 
========================================================================
Received Import Request.
  Time since last request: 0.000019 seconds.
  path: Assets/PolygonCity/Prefabs/Props/SM_Prop_ShopInterior_Shelf_01.prefab
  artifactKey: Guid(fe51d80727aedd545871247d7f1fd25c) Importer(815301076,1909f56bfc062723c751e8b465ee728b)
Start importing Assets/PolygonCity/Prefabs/Props/SM_Prop_ShopInterior_Shelf_01.prefab using Guid(fe51d80727aedd545871247d7f1fd25c) Importer(815301076,1909f56bfc062723c751e8b465ee728b)  -> (artifact id: '2468d8984c59a45bf09bc819c13b8743') in 0.126365 seconds 
========================================================================
Received Import Request.
  Time since last request: 0.000020 seconds.
  path: Assets/PolygonCity/Prefabs/Props/SM_Prop_Sidewalk_Panel_02.prefab
  artifactKey: Guid(f5d836287b731654889d5c887015e410) Importer(815301076,1909f56bfc062723c751e8b465ee728b)
Start importing Assets/PolygonCity/Prefabs/Props/SM_Prop_Sidewalk_Panel_02.prefab using Guid(f5d836287b731654889d5c887015e410) Importer(815301076,1909f56bfc062723c751e8b465ee728b)  -> (artifact id: 'c4a182e3d99d62633d63f583c4d02ff0') in 0.036911 seconds 
========================================================================
Received Import Request.
  Time since last request: 0.000058 seconds.
  path: Assets/PolygonCity/Prefabs/Props/SM_Prop_Sidewalk_Panel_04.prefab
  artifactKey: Guid(bdec9e11564b10548af18c3359d9203e) Importer(815301076,1909f56bfc062723c751e8b465ee728b)
Start importing Assets/PolygonCity/Prefabs/Props/SM_Prop_Sidewalk_Panel_04.prefab using Guid(bdec9e11564b10548af18c3359d9203e) Importer(815301076,1909f56bfc062723c751e8b465ee728b)  -> (artifact id: '94db9b18173d923d27dc38cd1bf3e1b1') in 0.030035 seconds 
========================================================================
Received Import Request.
  Time since last request: 0.000024 seconds.
  path: Assets/PolygonCity/Prefabs/Props/SM_Prop_Sign_Attachment_02.prefab
  artifactKey: Guid(0b0db9af9ba2ab54893ab175e0030f03) Importer(815301076,1909f56bfc062723c751e8b465ee728b)
Start importing Assets/PolygonCity/Prefabs/Props/SM_Prop_Sign_Attachment_02.prefab using Guid(0b0db9af9ba2ab54893ab175e0030f03) Importer(815301076,1909f56bfc062723c751e8b465ee728b)  -> (artifact id: '672127165f7f6848fc88e6626d5601ae') in 0.035886 seconds 
========================================================================
Received Import Request.
  Time since last request: 0.000018 seconds.
  path: Assets/PolygonCity/Prefabs/Props/SM_Prop_Sidewalk_Panel_03.prefab
  artifactKey: Guid(c51e2e65db99b8d4185819e89654d5d1) Importer(815301076,1909f56bfc062723c751e8b465ee728b)
Start importing Assets/PolygonCity/Prefabs/Props/SM_Prop_Sidewalk_Panel_03.prefab using Guid(c51e2e65db99b8d4185819e89654d5d1) Importer(815301076,1909f56bfc062723c751e8b465ee728b)  -> (artifact id: '117b0db23b6c7ff439e79245b3579789') in 0.030864 seconds 
========================================================================
Received Import Request.
  Time since last request: 1.129380 seconds.
  path: Assets/PolygonCity/Prefabs/Props/SM_Prop_Sign_Cafe_01.prefab
  artifactKey: Guid(3d8194b6a5a16e64a93a906184b2761f) Importer(815301076,1909f56bfc062723c751e8b465ee728b)
Start importing Assets/PolygonCity/Prefabs/Props/SM_Prop_Sign_Cafe_01.prefab using Guid(3d8194b6a5a16e64a93a906184b2761f) Importer(815301076,1909f56bfc062723c751e8b465ee728b)  -> (artifact id: '5255163ba3bd3145c5b6f8c87dbe0de2') in 0.029460 seconds 
========================================================================
Received Import Request.
  Time since last request: 0.000018 seconds.
  path: Assets/PolygonCity/Prefabs/Props/SM_Prop_Sign_GiveWay_02.prefab
  artifactKey: Guid(3981e9a3a73407b4aa6e431af799d57e) Importer(815301076,1909f56bfc062723c751e8b465ee728b)
Start importing Assets/PolygonCity/Prefabs/Props/SM_Prop_Sign_GiveWay_02.prefab using Guid(3981e9a3a73407b4aa6e431af799d57e) Importer(815301076,1909f56bfc062723c751e8b465ee728b)  -> (artifact id: '6640ba15e242a2753537192bda8eff94') in 0.027205 seconds 
========================================================================
Received Import Request.
  Time since last request: 0.000025 seconds.
  path: Assets/PolygonCity/Prefabs/Props/SM_Prop_Sign_GiveWay_03.prefab
  artifactKey: Guid(37dd8e51361cbec4b9634c7b784861f5) Importer(815301076,1909f56bfc062723c751e8b465ee728b)
Start importing Assets/PolygonCity/Prefabs/Props/SM_Prop_Sign_GiveWay_03.prefab using Guid(37dd8e51361cbec4b9634c7b784861f5) Importer(815301076,1909f56bfc062723c751e8b465ee728b)  -> (artifact id: 'f69ad0454797b52aef549a28640db151') in 0.025716 seconds 
========================================================================
Received Import Request.
  Time since last request: 3.121332 seconds.
  path: Assets/PolygonCity/Prefabs/Props/SM_Prop_Sign_Pizza_01.prefab
  artifactKey: Guid(7ab8c96f64066fb48bf1bd7d1bd465c0) Importer(815301076,1909f56bfc062723c751e8b465ee728b)
Start importing Assets/PolygonCity/Prefabs/Props/SM_Prop_Sign_Pizza_01.prefab using Guid(7ab8c96f64066fb48bf1bd7d1bd465c0) Importer(815301076,1909f56bfc062723c751e8b465ee728b)  -> (artifact id: '6a5c472869e41a11c432252e076ac197') in 0.029240 seconds 
========================================================================
Received Import Request.
  Time since last request: 0.000020 seconds.
  path: Assets/PolygonCity/Prefabs/Props/SM_Prop_Sign_Warning_01.prefab
  artifactKey: Guid(f1754e7bc1938a64a987b1f5fa38743a) Importer(815301076,1909f56bfc062723c751e8b465ee728b)
Start importing Assets/PolygonCity/Prefabs/Props/SM_Prop_Sign_Warning_01.prefab using Guid(f1754e7bc1938a64a987b1f5fa38743a) Importer(815301076,1909f56bfc062723c751e8b465ee728b)  -> (artifact id: '372eecaf63e0cbaf2b190b2b157b54f0') in 0.018392 seconds 
========================================================================
Received Import Request.
  Time since last request: 0.000025 seconds.
  path: Assets/PolygonCity/Prefabs/Props/SM_Prop_Sign_Street_02.prefab
  artifactKey: Guid(cf55b493382caea4b91e5a3c61a6d133) Importer(815301076,1909f56bfc062723c751e8b465ee728b)
Start importing Assets/PolygonCity/Prefabs/Props/SM_Prop_Sign_Street_02.prefab using Guid(cf55b493382caea4b91e5a3c61a6d133) Importer(815301076,1909f56bfc062723c751e8b465ee728b)  -> (artifact id: '1479e2106b1e8ee758bd71253622fae2') in 0.018318 seconds 
========================================================================
Received Import Request.
  Time since last request: 0.000033 seconds.
  path: Assets/PolygonCity/Prefabs/Props/SM_Prop_Sign_Pub_01.prefab
  artifactKey: Guid(befbabd051a2d564bb1e92979527769a) Importer(815301076,1909f56bfc062723c751e8b465ee728b)
Start importing Assets/PolygonCity/Prefabs/Props/SM_Prop_Sign_Pub_01.prefab using Guid(befbabd051a2d564bb1e92979527769a) Importer(815301076,1909f56bfc062723c751e8b465ee728b)  -> (artifact id: '20f69cdd926be2f9c60d9068723e1b98') in 0.030441 seconds 
========================================================================
Received Import Request.
  Time since last request: 4.151234 seconds.
  path: Assets/PolygonCity/Prefabs/Props/SM_Prop_SmartPhone_01.prefab
  artifactKey: Guid(1b9925b02d7968d45b8d566ed8ca99b5) Importer(815301076,1909f56bfc062723c751e8b465ee728b)
Start importing Assets/PolygonCity/Prefabs/Props/SM_Prop_SmartPhone_01.prefab using Guid(1b9925b02d7968d45b8d566ed8ca99b5) Importer(815301076,1909f56bfc062723c751e8b465ee728b)  -> (artifact id: 'afbba58f5c1dd990853131cfe001a15f') in 0.036228 seconds 
========================================================================
Received Import Request.
  Time since last request: 0.000025 seconds.
  path: Assets/PolygonCity/Prefabs/Props/SM_Prop_Soda_01.prefab
  artifactKey: Guid(d8d6e22fb12c1724096123ee86509be6) Importer(815301076,1909f56bfc062723c751e8b465ee728b)
Start importing Assets/PolygonCity/Prefabs/Props/SM_Prop_Soda_01.prefab using Guid(d8d6e22fb12c1724096123ee86509be6) Importer(815301076,1909f56bfc062723c751e8b465ee728b)  -> (artifact id: '318776bd4033a10363c13c8d0215dffa') in 0.029496 seconds 
========================================================================
Received Import Request.
  Time since last request: 0.000022 seconds.
  path: Assets/PolygonCity/Prefabs/Props/SM_Prop_Soda_02.prefab
  artifactKey: Guid(7fcfaf911531d0f44b03917b9dc7c004) Importer(815301076,1909f56bfc062723c751e8b465ee728b)
Start importing Assets/PolygonCity/Prefabs/Props/SM_Prop_Soda_02.prefab using Guid(7fcfaf911531d0f44b03917b9dc7c004) Importer(815301076,1909f56bfc062723c751e8b465ee728b)  -> (artifact id: 'dbec022c52e7b2c35abccc7da9063dfc') in 0.034909 seconds 
========================================================================
Received Import Request.
  Time since last request: 0.000020 seconds.
  path: Assets/PolygonCity/Prefabs/Props/SM_Prop_Vents_End_01.prefab
  artifactKey: Guid(827ae48cedbbd6543817a37cb59dab8d) Importer(815301076,1909f56bfc062723c751e8b465ee728b)
Start importing Assets/PolygonCity/Prefabs/Props/SM_Prop_Vents_End_01.prefab using Guid(827ae48cedbbd6543817a37cb59dab8d) Importer(815301076,1909f56bfc062723c751e8b465ee728b)  -> (artifact id: '29a94f18e050dd92a00512ba9fb5c3c9') in 0.046535 seconds 
========================================================================
Received Import Request.
  Time since last request: 0.000024 seconds.
  path: Assets/PolygonCity/Prefabs/Props/SM_Prop_TrafficLight_01.prefab
  artifactKey: Guid(c1189d98428018e4eb7e4ebed0c78ddc) Importer(815301076,1909f56bfc062723c751e8b465ee728b)
Start importing Assets/PolygonCity/Prefabs/Props/SM_Prop_TrafficLight_01.prefab using Guid(c1189d98428018e4eb7e4ebed0c78ddc) Importer(815301076,1909f56bfc062723c751e8b465ee728b)  -> (artifact id: '37dd3dc0d972640489067e3c75da2dd4') in 0.023464 seconds 
========================================================================
Received Import Request.
  Time since last request: 7.260393 seconds.
  path: Assets/PolygonCity/Prefabs/Props/SM_Prop_Vents_Wide_01.prefab
  artifactKey: Guid(08821b2a98c69864da45f4b353ee5bba) Importer(815301076,1909f56bfc062723c751e8b465ee728b)
Start importing Assets/PolygonCity/Prefabs/Props/SM_Prop_Vents_Wide_01.prefab using Guid(08821b2a98c69864da45f4b353ee5bba) Importer(815301076,1909f56bfc062723c751e8b465ee728b)  -> (artifact id: '1fc481161868024df74aeb50eae9e078') in 0.034189 seconds 
========================================================================
Received Import Request.
  Time since last request: 0.000015 seconds.
  path: Assets/PolygonCity/Prefabs/Props/SM_Prop_Washingline_01.prefab
  artifactKey: Guid(e51407a0809d1584ba21208f0acb453f) Importer(815301076,1909f56bfc062723c751e8b465ee728b)
Start importing Assets/PolygonCity/Prefabs/Props/SM_Prop_Washingline_01.prefab using Guid(e51407a0809d1584ba21208f0acb453f) Importer(815301076,1909f56bfc062723c751e8b465ee728b)  -> (artifact id: 'bab2fb7e48a58eb0191f2635d5cd69db') in 0.031196 seconds 
========================================================================
Received Import Request.
  Time since last request: 0.000017 seconds.
  path: Assets/PolygonCity/Prefabs/Props/SM_Prop_Washingline_04.prefab
  artifactKey: Guid(ea327a19ffc7db74385ac3d6e1899182) Importer(815301076,1909f56bfc062723c751e8b465ee728b)
Start importing Assets/PolygonCity/Prefabs/Props/SM_Prop_Washingline_04.prefab using Guid(ea327a19ffc7db74385ac3d6e1899182) Importer(815301076,1909f56bfc062723c751e8b465ee728b)  -> (artifact id: '07050797320fd82f6b07dc7e8fe6477e') in 0.047335 seconds 
========================================================================
Received Import Request.
  Time since last request: 30.856776 seconds.
  path: Assets/PolygonCity/Models/SM_Prop_Sign_Attachment_01.fbx
  artifactKey: Guid(414863e3baaf77c47a3e5520eae09423) Importer(815301076,1909f56bfc062723c751e8b465ee728b)
Start importing Assets/PolygonCity/Models/SM_Prop_Sign_Attachment_01.fbx using Guid(414863e3baaf77c47a3e5520eae09423) Importer(815301076,1909f56bfc062723c751e8b465ee728b)  -> (artifact id: 'c7c16e3d491d975b6cf5deeea5ddf7d8') in 0.026360 seconds 
========================================================================
Received Import Request.
  Time since last request: 0.000018 seconds.
  path: Assets/PolygonCity/Models/Collisions/SM_Prop_Sign_Attachment_02_Convex.asset
  artifactKey: Guid(a12c5b4bf84689344b503ee0dfd9492a) Importer(815301076,1909f56bfc062723c751e8b465ee728b)
Start importing Assets/PolygonCity/Models/Collisions/SM_Prop_Sign_Attachment_02_Convex.asset using Guid(a12c5b4bf84689344b503ee0dfd9492a) Importer(815301076,1909f56bfc062723c751e8b465ee728b)  -> (artifact id: '2af44515ea5483922a0e41fc2f4f079b') in 0.026100 seconds 
========================================================================
Received Import Request.
  Time since last request: 0.000020 seconds.
  path: Assets/PolygonCity/Models/SM_Prop_Sign_Attachment_03.fbx
  artifactKey: Guid(7ce641d661454b145b61f863393cd02f) Importer(815301076,1909f56bfc062723c751e8b465ee728b)
Start importing Assets/PolygonCity/Models/SM_Prop_Sign_Attachment_03.fbx using Guid(7ce641d661454b145b61f863393cd02f) Importer(815301076,1909f56bfc062723c751e8b465ee728b)  -> (artifact id: '6668680edfc90575e6bec97784df27e4') in 0.021150 seconds 
========================================================================
Received Import Request.
  Time since last request: 0.000021 seconds.
  path: Assets/PolygonCity/Models/Collisions/SM_Prop_Sign_Barber_01_Convex.asset
  artifactKey: Guid(e2244196e2874a343b7f19a0ed248139) Importer(815301076,1909f56bfc062723c751e8b465ee728b)
Start importing Assets/PolygonCity/Models/Collisions/SM_Prop_Sign_Barber_01_Convex.asset using Guid(e2244196e2874a343b7f19a0ed248139) Importer(815301076,1909f56bfc062723c751e8b465ee728b)  -> (artifact id: '472130654939106902266c5991da481a') in 0.018433 seconds 
========================================================================
Received Import Request.
  Time since last request: 0.000027 seconds.
  path: Assets/PolygonCity/Models/Collisions/SM_Prop_Sign_Cafe_01_Convex.asset
  artifactKey: Guid(832051465d3f4304e8c6ea0e5e862cd6) Importer(815301076,1909f56bfc062723c751e8b465ee728b)
Start importing Assets/PolygonCity/Models/Collisions/SM_Prop_Sign_Cafe_01_Convex.asset using Guid(832051465d3f4304e8c6ea0e5e862cd6) Importer(815301076,1909f56bfc062723c751e8b465ee728b)  -> (artifact id: '3b7793d8271ce1ecf0f3a57ac0fb7f3c') in 0.012750 seconds 
========================================================================
Received Import Request.
  Time since last request: 0.651765 seconds.
  path: Assets/PolygonCity/Models/SM_Prop_LargeSign_Soda_01.fbx
  artifactKey: Guid(48c120eb615854d48b5632947a5468c6) Importer(815301076,1909f56bfc062723c751e8b465ee728b)
Start importing Assets/PolygonCity/Models/SM_Prop_LargeSign_Soda_01.fbx using Guid(48c120eb615854d48b5632947a5468c6) Importer(815301076,1909f56bfc062723c751e8b465ee728b)  -> (artifact id: '5ecd351a76447cb0ab3c02e4ec7b5c9e') in 0.015079 seconds 
========================================================================
Received Import Request.
  Time since last request: 0.000020 seconds.
  path: Assets/PolygonCity/Models/Collisions/SM_Prop_LargeSign_Taco_01_Convex.asset
  artifactKey: Guid(b047b84dcdf7546468e28858cf4a93b3) Importer(815301076,1909f56bfc062723c751e8b465ee728b)
Start importing Assets/PolygonCity/Models/Collisions/SM_Prop_LargeSign_Taco_01_Convex.asset using Guid(b047b84dcdf7546468e28858cf4a93b3) Importer(815301076,1909f56bfc062723c751e8b465ee728b)  -> (artifact id: 'c77ee81ced80600a4bcfc173af69d25b') in 0.012242 seconds 
========================================================================
Received Import Request.
  Time since last request: 0.201054 seconds.
  path: Assets/PolygonSciFiCity/Models/SM_Prop_Hologram_Noodles_01.fbx
  artifactKey: Guid(3920d36e40305db4799466b4621523b0) Importer(815301076,1909f56bfc062723c751e8b465ee728b)
Start importing Assets/PolygonSciFiCity/Models/SM_Prop_Hologram_Noodles_01.fbx using Guid(3920d36e40305db4799466b4621523b0) Importer(815301076,1909f56bfc062723c751e8b465ee728b)  -> (artifact id: '27f90d977df6899d9bd334acc236b1bc') in 0.023708 seconds 
========================================================================
Received Import Request.
  Time since last request: 0.000017 seconds.
  path: Assets/PolygonCity/Models/Collisions/SM_Prop_LargeSign_Pizza_01_Convex.asset
  artifactKey: Guid(bd6c708785e352645a97b47fe1c5ac2f) Importer(815301076,1909f56bfc062723c751e8b465ee728b)
Start importing Assets/PolygonCity/Models/Collisions/SM_Prop_LargeSign_Pizza_01_Convex.asset using Guid(bd6c708785e352645a97b47fe1c5ac2f) Importer(815301076,1909f56bfc062723c751e8b465ee728b)  -> (artifact id: '650349ea9ccfa75179dd52802687b22e') in 0.012536 seconds 
========================================================================
Received Import Request.
  Time since last request: 4.212798 seconds.
  path: Assets/PolygonCity/Models/SM_Prop_LargeSign_Lollypop_01.fbx
  artifactKey: Guid(f9d35889494f9214a8eb79b57db03640) Importer(815301076,1909f56bfc062723c751e8b465ee728b)
Start importing Assets/PolygonCity/Models/SM_Prop_LargeSign_Lollypop_01.fbx using Guid(f9d35889494f9214a8eb79b57db03640) Importer(815301076,1909f56bfc062723c751e8b465ee728b)  -> (artifact id: 'eabf5829909275b10267e25b042ae5e7') in 0.025985 seconds 
========================================================================
Received Import Request.
  Time since last request: 0.000025 seconds.
  path: Assets/PolygonCity/Models/Collisions/SM_Prop_LargeSign_Lollypop_01_Convex.asset
  artifactKey: Guid(3f0a72c9bcc950247baefef35d8e2ea3) Importer(815301076,1909f56bfc062723c751e8b465ee728b)
Start importing Assets/PolygonCity/Models/Collisions/SM_Prop_LargeSign_Lollypop_01_Convex.asset using Guid(3f0a72c9bcc950247baefef35d8e2ea3) Importer(815301076,1909f56bfc062723c751e8b465ee728b)  -> (artifact id: '80e4454f73dc07673da46bc1ef29777d') in 0.013484 seconds 
========================================================================
Received Import Request.
  Time since last request: 0.559881 seconds.
  path: Assets/PolygonCity/Models/SM_Prop_LargeSign_Hotdog_01.fbx
  artifactKey: Guid(49babb1ffc0fd7d41a6254a9a6ea6d03) Importer(815301076,1909f56bfc062723c751e8b465ee728b)
Start importing Assets/PolygonCity/Models/SM_Prop_LargeSign_Hotdog_01.fbx using Guid(49babb1ffc0fd7d41a6254a9a6ea6d03) Importer(815301076,1909f56bfc062723c751e8b465ee728b)  -> (artifact id: '2f4dfdb7976077aa3524954eb30dc204') in 0.018355 seconds 
========================================================================
Received Import Request.
  Time since last request: 0.405659 seconds.
  path: Assets/PolygonSciFiCity/Models/SM_Prop_Hologram_Burger_03.fbx
  artifactKey: Guid(cdcf8ffbf4beb1c439b5bc236de0b1b7) Importer(815301076,1909f56bfc062723c751e8b465ee728b)
Start importing Assets/PolygonSciFiCity/Models/SM_Prop_Hologram_Burger_03.fbx using Guid(cdcf8ffbf4beb1c439b5bc236de0b1b7) Importer(815301076,1909f56bfc062723c751e8b465ee728b)  -> (artifact id: 'd2cbd35487ebf6eed36eca16b8380446') in 0.026326 seconds 
========================================================================
Received Import Request.
  Time since last request: 0.026321 seconds.
  path: Assets/PolygonCity/Models/SM_Prop_LargeSign_BowlingBall_01.fbx
  artifactKey: Guid(c7c278fb7b6a90243b01eaf42a855c62) Importer(815301076,1909f56bfc062723c751e8b465ee728b)
Start importing Assets/PolygonCity/Models/SM_Prop_LargeSign_BowlingBall_01.fbx using Guid(c7c278fb7b6a90243b01eaf42a855c62) Importer(815301076,1909f56bfc062723c751e8b465ee728b)  -> (artifact id: 'b3624ffcbf34f07c3069a250dc0f7f96') in 0.014450 seconds 
========================================================================
Received Import Request.
  Time since last request: 0.000018 seconds.
  path: Assets/PolygonCity/Models/Collisions/SM_Prop_LargeSign_BowlingPin_01_Convex.asset
  artifactKey: Guid(108df2069e3302c4280a82283cdfa41d) Importer(815301076,1909f56bfc062723c751e8b465ee728b)
Start importing Assets/PolygonCity/Models/Collisions/SM_Prop_LargeSign_BowlingPin_01_Convex.asset using Guid(108df2069e3302c4280a82283cdfa41d) Importer(815301076,1909f56bfc062723c751e8b465ee728b)  -> (artifact id: '0a86913ecb2bb8316522f98646df1d1b') in 0.011940 seconds 
========================================================================
Received Import Request.
  Time since last request: 0.083851 seconds.
  path: Assets/PolygonCity/Models/SM_Prop_LargeSign_Beer_01.fbx
  artifactKey: Guid(e7d9917a77297824fb07b199fc7abb47) Importer(815301076,1909f56bfc062723c751e8b465ee728b)
Start importing Assets/PolygonCity/Models/SM_Prop_LargeSign_Beer_01.fbx using Guid(e7d9917a77297824fb07b199fc7abb47) Importer(815301076,1909f56bfc062723c751e8b465ee728b)  -> (artifact id: '11e19ba7a351ea69430c92200f9ca840') in 0.015770 seconds 
========================================================================
Received Import Request.
  Time since last request: 0.458256 seconds.
  path: Assets/PolygonCity/Models/SM_Prop_Billboard_Sign_04.fbx
  artifactKey: Guid(e6098de127c8e01479c503fc295feb2c) Importer(815301076,1909f56bfc062723c751e8b465ee728b)
Start importing Assets/PolygonCity/Models/SM_Prop_Billboard_Sign_04.fbx using Guid(e6098de127c8e01479c503fc295feb2c) Importer(815301076,1909f56bfc062723c751e8b465ee728b)  -> (artifact id: '2b6627e00d3a94dab53cf2b2be26d2ba') in 0.011643 seconds 
========================================================================
Received Import Request.
  Time since last request: 0.000027 seconds.
  path: Assets/PolygonCity/Models/SM_Prop_Billboard_Sign_05.fbx
  artifactKey: Guid(8f8f3ceac067a3445ae9e4e31b83435b) Importer(815301076,1909f56bfc062723c751e8b465ee728b)
Start importing Assets/PolygonCity/Models/SM_Prop_Billboard_Sign_05.fbx using Guid(8f8f3ceac067a3445ae9e4e31b83435b) Importer(815301076,1909f56bfc062723c751e8b465ee728b)  -> (artifact id: 'c2a13765956192338cc4bd07036e5fbc') in 0.008552 seconds 
========================================================================
Received Import Request.
  Time since last request: 0.138623 seconds.
  path: Assets/PolygonSciFiCity/Materials/Misc/PolygonScifi_NeonSigns.mat
  artifactKey: Guid(a7ac39c706d8eae4db78e4eda89d5ab3) Importer(815301076,1909f56bfc062723c751e8b465ee728b)
Start importing Assets/PolygonSciFiCity/Materials/Misc/PolygonScifi_NeonSigns.mat using Guid(a7ac39c706d8eae4db78e4eda89d5ab3) Importer(815301076,1909f56bfc062723c751e8b465ee728b)  -> (artifact id: 'c3f4498850fe60a50d15e6096ca46bf9') in 0.103145 seconds 
========================================================================
Received Import Request.
  Time since last request: 366.419136 seconds.
  path: Assets/PolygonCity/Textures/PolygonCity_Texture_01_A.png
  artifactKey: Guid(fbde5f73f39181f4d9c7e24c34f0bdf8) Importer(815301076,1909f56bfc062723c751e8b465ee728b)
Start importing Assets/PolygonCity/Textures/PolygonCity_Texture_01_A.png using Guid(fbde5f73f39181f4d9c7e24c34f0bdf8) Importer(815301076,1909f56bfc062723c751e8b465ee728b)  -> (artifact id: '01c4742e5b02edd2b5f2ebcaad97d4e0') in 0.026574 seconds 
========================================================================
Received Import Request.
  Time since last request: 0.000019 seconds.
  path: Assets/PolygonCity/Textures/PolygonCity_Texture_04_A.png
  artifactKey: Guid(d4156ce4a0acb374eaceabd8e5c3146c) Importer(815301076,1909f56bfc062723c751e8b465ee728b)
Start importing Assets/PolygonCity/Textures/PolygonCity_Texture_04_A.png using Guid(d4156ce4a0acb374eaceabd8e5c3146c) Importer(815301076,1909f56bfc062723c751e8b465ee728b)  -> (artifact id: '3af4730e34f2a427e998bf00a00538f9') in 0.017618 seconds 
========================================================================
Received Import Request.
  Time since last request: 0.000019 seconds.
  path: Assets/PolygonCity/Textures/PolygonCity_Texture_03_C.png
  artifactKey: Guid(fb28081f4cefc0047858e77e21deb92c) Importer(815301076,1909f56bfc062723c751e8b465ee728b)
Start importing Assets/PolygonCity/Textures/PolygonCity_Texture_03_C.png using Guid(fb28081f4cefc0047858e77e21deb92c) Importer(815301076,1909f56bfc062723c751e8b465ee728b)  -> (artifact id: 'd78985b2cf9d3d3f408c5da7b68f7949') in 0.028814 seconds 
========================================================================
Received Import Request.
  Time since last request: 0.000023 seconds.
  path: Assets/PolygonCity/Textures/PolygonCity_Texture_03_B.png
  artifactKey: Guid(36feb82263c3ae54b9317c97603a3bce) Importer(815301076,1909f56bfc062723c751e8b465ee728b)
Start importing Assets/PolygonCity/Textures/PolygonCity_Texture_03_B.png using Guid(36feb82263c3ae54b9317c97603a3bce) Importer(815301076,1909f56bfc062723c751e8b465ee728b)  -> (artifact id: '406e388bf731e9ff4bc1c243aa8a1d88') in 0.024997 seconds 
========================================================================
Received Import Request.
  Time since last request: 0.000019 seconds.
  path: Assets/PolygonCity/Textures/PolygonCity_Texture_02_A.png
  artifactKey: Guid(564f29d2c3b83c04bb90ba2d657b2421) Importer(815301076,1909f56bfc062723c751e8b465ee728b)
Start importing Assets/PolygonCity/Textures/PolygonCity_Texture_02_A.png using Guid(564f29d2c3b83c04bb90ba2d657b2421) Importer(815301076,1909f56bfc062723c751e8b465ee728b)  -> (artifact id: 'ef04328ae950ee7af6347afa3340c6a4') in 0.025522 seconds 
========================================================================
Received Import Request.
  Time since last request: 0.000025 seconds.
  path: Assets/PolygonCity/Textures/PolygonCity_Texture_01_C.png
  artifactKey: Guid(8b3b5dcefb13f9749adfaa0009fa7561) Importer(815301076,1909f56bfc062723c751e8b465ee728b)
Start importing Assets/PolygonCity/Textures/PolygonCity_Texture_01_C.png using Guid(8b3b5dcefb13f9749adfaa0009fa7561) Importer(815301076,1909f56bfc062723c751e8b465ee728b)  -> (artifact id: '0b714490d8c7976803e9bdabe663f7d4') in 0.027318 seconds 
========================================================================
Received Import Request.
  Time since last request: 0.000049 seconds.
  path: Assets/PolygonCity/Textures/PolygonCity_Texture_01_B.png
  artifactKey: Guid(344af90ed60f96447801596dc5194c70) Importer(815301076,1909f56bfc062723c751e8b465ee728b)
Start importing Assets/PolygonCity/Textures/PolygonCity_Texture_01_B.png using Guid(344af90ed60f96447801596dc5194c70) Importer(815301076,1909f56bfc062723c751e8b465ee728b)  -> (artifact id: 'b4252727c4aa474120dc1009525b11d6') in 0.016621 seconds 
========================================================================
Received Import Request.
  Time since last request: 0.000024 seconds.
  path: Assets/PolygonCity/Textures/PolygonCity_Texture_02_B.png
  artifactKey: Guid(3597477262f71434faded6c191b5e1dc) Importer(815301076,1909f56bfc062723c751e8b465ee728b)
Start importing Assets/PolygonCity/Textures/PolygonCity_Texture_02_B.png using Guid(3597477262f71434faded6c191b5e1dc) Importer(815301076,1909f56bfc062723c751e8b465ee728b)  -> (artifact id: '21ff99b520061c9ed4cf20f3e2d7066f') in 0.024963 seconds 
========================================================================
Received Import Request.
  Time since last request: 1.442319 seconds.
  path: Assets/PolygonCity/Textures/Emissive_01.png
  artifactKey: Guid(ed8c76cfaa7f4f04da86bd288543e61c) Importer(815301076,1909f56bfc062723c751e8b465ee728b)
Start importing Assets/PolygonCity/Textures/Emissive_01.png using Guid(ed8c76cfaa7f4f04da86bd288543e61c) Importer(815301076,1909f56bfc062723c751e8b465ee728b)  -> (artifact id: '0b7d2e66e1016e57de46053ae49fcc5e') in 0.013722 seconds 
========================================================================
Received Import Request.
  Time since last request: 0.000023 seconds.
  path: Assets/PolygonCity/Textures/PolygonCity_Road_02.png
  artifactKey: Guid(b0aee7d175f35024cba261b5f3400236) Importer(815301076,1909f56bfc062723c751e8b465ee728b)
Start importing Assets/PolygonCity/Textures/PolygonCity_Road_02.png using Guid(b0aee7d175f35024cba261b5f3400236) Importer(815301076,1909f56bfc062723c751e8b465ee728b)  -> (artifact id: '2823f2d8f8ed4369fe6b38e72a08edda') in 0.013705 seconds 
========================================================================
Received Import Request.
  Time since last request: 0.000020 seconds.
  path: Assets/PolygonCity/Textures/Emissive_04.png
  artifactKey: Guid(2ba1ae7111c6bd7418687fe1eae44b6a) Importer(815301076,1909f56bfc062723c751e8b465ee728b)
Start importing Assets/PolygonCity/Textures/Emissive_04.png using Guid(2ba1ae7111c6bd7418687fe1eae44b6a) Importer(815301076,1909f56bfc062723c751e8b465ee728b)  -> (artifact id: '300a41dd206991314aa3df64f89efb0c') in 0.013723 seconds 
========================================================================
Received Import Request.
  Time since last request: 0.000018 seconds.
  path: Assets/PolygonCity/Textures/PolygonCity_Road_Normal.png
  artifactKey: Guid(5be367dffa6dac448b585fe12407f916) Importer(815301076,1909f56bfc062723c751e8b465ee728b)
Start importing Assets/PolygonCity/Textures/PolygonCity_Road_Normal.png using Guid(5be367dffa6dac448b585fe12407f916) Importer(815301076,1909f56bfc062723c751e8b465ee728b)  -> (artifact id: '596eb92dcc8ff8b2f759606c6637bf64') in 0.014343 seconds 
========================================================================
Received Import Request.
  Time since last request: 0.000018 seconds.
  path: Assets/PolygonCity/Textures/PolygonCity_Road_03.png
  artifactKey: Guid(d1d7d6c3f4b9261429dc572d51ceeed0) Importer(815301076,1909f56bfc062723c751e8b465ee728b)
Start importing Assets/PolygonCity/Textures/PolygonCity_Road_03.png using Guid(d1d7d6c3f4b9261429dc572d51ceeed0) Importer(815301076,1909f56bfc062723c751e8b465ee728b)  -> (artifact id: 'ac23cb3b54058024e4180bd260d176d9') in 0.012655 seconds 
Editor requested this worker to shutdown with reason: Scaling down because of idle timeout
AssetImportWorker is now disconnected from the server
Process exiting
Exiting without the bug reporter. Application will terminate with return code 0