Using pre-set license
Built from '2021.3/staging' branch; Version is '2021.3.18f1 (3129e69bc0c7) revision 3221990'; Using compiler version '192829333'; Build Type 'Release'
OS: 'Windows 10  (10.0.19045) 64bit Professional' Language: 'en' Physical Memory: 32620 MB
BatchMode: 1, IsHumanControllingUs: 0, StartBugReporterOnCrash: 0, Is64bit: 1, IsPro: 1

COMMAND LINE ARGUMENTS:
E:\Unity Editor\2021.3.18f1\Editor\Unity.exe
-adb2
-batchMode
-noUpm
-name
AssetImportWorker5
-projectPath
C:/Users/samra/Documents/GitHub/VR-Project/Hunting Whales VR V1
-logFile
Logs/AssetImportWorker5.log
-srvPort
63106
Successfully changed project path to: C:/Users/samra/Documents/GitHub/VR-Project/Hunting Whales VR V1
C:/Users/samra/Documents/GitHub/VR-Project/Hunting Whales VR V1
[UnityMemory] Configuration Parameters - Can be set up in boot.config
    "memorysetup-bucket-allocator-granularity=16"
    "memorysetup-bucket-allocator-bucket-count=8"
    "memorysetup-bucket-allocator-block-size=33554432"
    "memorysetup-bucket-allocator-block-count=8"
    "memorysetup-main-allocator-block-size=16777216"
    "memorysetup-thread-allocator-block-size=16777216"
    "memorysetup-gfx-main-allocator-block-size=16777216"
    "memorysetup-gfx-thread-allocator-block-size=16777216"
    "memorysetup-cache-allocator-block-size=4194304"
    "memorysetup-typetree-allocator-block-size=2097152"
    "memorysetup-profiler-bucket-allocator-granularity=16"
    "memorysetup-profiler-bucket-allocator-bucket-count=8"
    "memorysetup-profiler-bucket-allocator-block-size=33554432"
    "memorysetup-profiler-bucket-allocator-block-count=8"
    "memorysetup-profiler-allocator-block-size=16777216"
    "memorysetup-profiler-editor-allocator-block-size=1048576"
    "memorysetup-temp-allocator-size-main=16777216"
    "memorysetup-job-temp-allocator-block-size=2097152"
    "memorysetup-job-temp-allocator-block-size-background=1048576"
    "memorysetup-job-temp-allocator-reduction-small-platforms=262144"
    "memorysetup-temp-allocator-size-background-worker=32768"
    "memorysetup-temp-allocator-size-job-worker=262144"
    "memorysetup-temp-allocator-size-preload-manager=33554432"
    "memorysetup-temp-allocator-size-nav-mesh-worker=65536"
    "memorysetup-temp-allocator-size-audio-worker=65536"
    "memorysetup-temp-allocator-size-cloud-worker=32768"
    "memorysetup-temp-allocator-size-gi-baking-worker=262144"
    "memorysetup-temp-allocator-size-gfx=262144"
Player connection [41260] Host "[IP] 25.16.200.250 [Port] 0 [Flags] 2 [Guid] 1532925921 [EditorId] 1532925921 [Version] 1048832 [Id] WindowsEditor(7,Rocketship-77) [Debug] 1 [PackageName] WindowsEditor [ProjectName] Editor" joined multi-casting on [225.0.0.222:54997]...

Player connection [41260] Host "[IP] 25.16.200.250 [Port] 0 [Flags] 2 [Guid] 1532925921 [EditorId] 1532925921 [Version] 1048832 [Id] WindowsEditor(7,Rocketship-77) [Debug] 1 [PackageName] WindowsEditor [ProjectName] Editor" joined alternative multi-casting on [225.0.0.222:34997]...

Refreshing native plugins compatible for Editor in 123.47 ms, found 12 plugins.
Preloading 1 native plugins for Editor in 0.65 ms.
Initialize engine version: 2021.3.18f1 (3129e69bc0c7)
[Subsystems] Discovering subsystems at path E:/Unity Editor/2021.3.18f1/Editor/Data/Resources/UnitySubsystems
[Subsystems] Discovering subsystems at path C:/Users/samra/Documents/GitHub/VR-Project/Hunting Whales VR V1/Assets
GfxDevice: creating device client; threaded=0; jobified=0
Direct3D:
    Version:  Direct3D 11.0 [level 11.1]
    Renderer: NVIDIA GeForce RTX 3080 Laptop GPU (ID=0x24dc)
    Vendor:   NVIDIA
    VRAM:     16191 MB
    Driver:   31.0.15.3179
Initialize mono
Mono path[0] = 'E:/Unity Editor/2021.3.18f1/Editor/Data/Managed'
Mono path[1] = 'E:/Unity Editor/2021.3.18f1/Editor/Data/MonoBleedingEdge/lib/mono/unityjit-win32'
Mono config path = 'E:/Unity Editor/2021.3.18f1/Editor/Data/MonoBleedingEdge/etc'
Using monoOptions --debugger-agent=transport=dt_socket,embedding=1,server=y,suspend=n,address=127.0.0.1:56840
Begin MonoManager ReloadAssembly
Registering precompiled unity dll's ...
Register platform support module: E:/Unity Editor/2021.3.18f1/Editor/Data/PlaybackEngines/AndroidPlayer/UnityEditor.Android.Extensions.dll
Register platform support module: E:/Unity Editor/2021.3.18f1/Editor/Data/PlaybackEngines/WindowsStandaloneSupport/UnityEditor.WindowsStandalone.Extensions.dll
Registered in 0.003590 seconds.
Native extension for WindowsStandalone target not found
Native extension for Android target not found
Android Extension - Scanning For ADB Devices 247 ms
Refreshing native plugins compatible for Editor in 94.30 ms, found 12 plugins.
Preloading 1 native plugins for Editor in 0.10 ms.
Mono: successfully reloaded assembly
- Completed reload, in  0.833 seconds
Domain Reload Profiling:
	ReloadAssembly (834ms)
		BeginReloadAssembly (74ms)
			ExecutionOrderSort (0ms)
			DisableScriptedObjects (0ms)
			BackupInstance (0ms)
			ReleaseScriptingObjects (0ms)
			CreateAndSetChildDomain (1ms)
		EndReloadAssembly (662ms)
			LoadAssemblies (73ms)
			RebuildTransferFunctionScriptingTraits (0ms)
			SetupTypeCache (81ms)
			ReleaseScriptCaches (0ms)
			RebuildScriptCaches (21ms)
			SetupLoadedEditorAssemblies (516ms)
				LogAssemblyErrors (0ms)
				InitializePlatformSupportModulesInManaged (310ms)
				SetLoadedEditorAssemblies (0ms)
				RefreshPlugins (94ms)
				BeforeProcessingInitializeOnLoad (1ms)
				ProcessInitializeOnLoadAttributes (74ms)
				ProcessInitializeOnLoadMethodAttributes (36ms)
				AfterProcessingInitializeOnLoad (0ms)
				EditorAssembliesLoaded (0ms)
			ExecutionOrderSort2 (0ms)
			AwakeInstancesAfterBackupRestoration (0ms)
Platform modules already initialized, skipping
Registering precompiled user dll's ...
Registered in 0.011396 seconds.
Begin MonoManager ReloadAssembly
Symbol file LoadedFromMemory doesn't match image C:\Users\samra\Documents\GitHub\VR-Project\Hunting Whales VR V1\Library\PackageCache\com.unity.visualscripting@1.8.0\Editor\VisualScripting.Core\Dependencies\DotNetZip\Unity.VisualScripting.IonicZip.dll
Symbol file LoadedFromMemory doesn't match image C:\Users\samra\Documents\GitHub\VR-Project\Hunting Whales VR V1\Library\PackageCache\com.unity.visualscripting@1.8.0\Editor\VisualScripting.Core\Dependencies\YamlDotNet\Unity.VisualScripting.YamlDotNet.dll
Native extension for WindowsStandalone target not found
Native extension for Android target not found
Refreshing native plugins compatible for Editor in 95.23 ms, found 12 plugins.
Preloading 1 native plugins for Editor in 0.09 ms.
Package Manager log level set to [2]
System.Reflection.TargetInvocationException: Exception has been thrown by the target of an invocation. ---> System.NullReferenceException: Object reference not set to an instance of an object
  at Unity.XR.Oculus.OculusLoader.AssetPathToAbsolutePath (System.String assetPath) [0x0003d] in C:\Users\samra\Documents\GitHub\VR-Project\Hunting Whales VR V1\Library\PackageCache\com.unity.xr.oculus@3.2.3\Runtime\OculusLoader.cs:296 
  at Unity.XR.Oculus.OculusLoader.EditorLoadOVRPlugin () [0x0007b] in C:\Users\samra\Documents\GitHub\VR-Project\Hunting Whales VR V1\Library\PackageCache\com.unity.xr.oculus@3.2.3\Runtime\OculusLoader.cs:281 
  at (wrapper managed-to-native) System.Reflection.RuntimeMethodInfo.InternalInvoke(System.Reflection.RuntimeMethodInfo,object,object[],System.Exception&)
  at System.Reflection.RuntimeMethodInfo.Invoke (System.Object obj, System.Reflection.BindingFlags invokeAttr, System.Reflection.Binder binder, System.Object[] parameters, System.Globalization.CultureInfo culture) [0x0006a] in <1f66344f2f89470293d8b67d71308c07>:0 
   --- End of inner exception stack trace ---
  at System.Reflection.RuntimeMethodInfo.Invoke (System.Object obj, System.Reflection.BindingFlags invokeAttr, System.Reflection.Binder binder, System.Object[] parameters, System.Globalization.CultureInfo culture) [0x00083] in <1f66344f2f89470293d8b67d71308c07>:0 
  at System.Reflection.MethodBase.Invoke (System.Object obj, System.Object[] parameters) [0x00000] in <1f66344f2f89470293d8b67d71308c07>:0 
  at UnityEditor.EditorAssemblies.ProcessInitializeOnLoadMethodAttributes () [0x000a5] in <42a64fd733d9417da1ea3a757ad9a96d>:0 
UnityEngine.StackTraceUtility:ExtractStackTrace ()
UnityEngine.DebugLogHandler:LogFormat (UnityEngine.LogType,UnityEngine.Object,string,object[])
UnityEngine.Logger:Log (UnityEngine.LogType,object)
UnityEngine.Debug:LogError (object)
UnityEditor.EditorAssemblies:ProcessInitializeOnLoadMethodAttributes ()

Mono: successfully reloaded assembly
- Completed reload, in  1.071 seconds
Domain Reload Profiling:
	ReloadAssembly (1071ms)
		BeginReloadAssembly (95ms)
			ExecutionOrderSort (0ms)
			DisableScriptedObjects (5ms)
			BackupInstance (0ms)
			ReleaseScriptingObjects (0ms)
			CreateAndSetChildDomain (20ms)
		EndReloadAssembly (885ms)
			LoadAssemblies (74ms)
			RebuildTransferFunctionScriptingTraits (0ms)
			SetupTypeCache (223ms)
			ReleaseScriptCaches (1ms)
			RebuildScriptCaches (51ms)
			SetupLoadedEditorAssemblies (477ms)
				LogAssemblyErrors (0ms)
				InitializePlatformSupportModulesInManaged (13ms)
				SetLoadedEditorAssemblies (0ms)
				RefreshPlugins (95ms)
				BeforeProcessingInitializeOnLoad (89ms)
				ProcessInitializeOnLoadAttributes (238ms)
				ProcessInitializeOnLoadMethodAttributes (39ms)
				AfterProcessingInitializeOnLoad (3ms)
				EditorAssembliesLoaded (0ms)
			ExecutionOrderSort2 (0ms)
			AwakeInstancesAfterBackupRestoration (5ms)
Platform modules already initialized, skipping
========================================================================
Worker process is ready to serve import requests
Launched and connected shader compiler UnityShaderCompiler.exe after 0.04 seconds
Refreshing native plugins compatible for Editor in 1.21 ms, found 12 plugins.
Preloading 1 native plugins for Editor in 0.10 ms.
Unloading 4424 Unused Serialized files (Serialized files now loaded: 0)
Unloading 50 unused Assets / (59.0 KB). Loaded Objects now: 4896.
Memory consumption went from 163.8 MB to 163.7 MB.
Total: 3.306100 ms (FindLiveObjects: 0.290000 ms CreateObjectMapping: 0.220100 ms MarkObjects: 2.704800 ms  DeleteObjects: 0.089800 ms)

AssetImportParameters requested are different than current active one (requested -> active):
  custom:video-decoder-ogg-theora: a1e56fd34408186e4bbccfd4996cb3dc -> 
  custom:container-muxer-webm: aa71ff27fc2769a1b78a27578f13a17b -> 
  custom:container-demuxer-webm: 4f35f7cbe854078d1ac9338744f61a02 -> 
  custom:video-encoder-webm-vp8: eb34c28f22e8b96e1ab97ce403110664 -> 
  custom:audio-encoder-webm-vorbis: bf7c407c2cedff20999df2af8eb42d56 -> 
  custom:framework-win-MediaFoundation: 216162199b28c13a410421893ffa2e32 -> 
  custom:container-demuxer-ogg: 62fdf1f143b41e24485cea50d1cbac27 -> 
  custom:video-decoder-webm-vp8: 9c59270c3fd7afecdb556c50c9e8de78 -> 
  custom:audio-decoder-ogg-vorbis: bf7c407c2cedff20999df2af8eb42d56 -> 
========================================================================
Received Import Request.
  Time since last request: 961848.840912 seconds.
  path: Assets/PolygonSciFiCity/Prefabs/Buildings/SM_Bld_Background_Lrg_01.prefab
  artifactKey: Guid(65f76c5f923964045833f09a3f767a16) Importer(815301076,1909f56bfc062723c751e8b465ee728b)
Start importing Assets/PolygonSciFiCity/Prefabs/Buildings/SM_Bld_Background_Lrg_01.prefab using Guid(65f76c5f923964045833f09a3f767a16) Importer(815301076,1909f56bfc062723c751e8b465ee728b)  -> (artifact id: '8963a180f724ff49ed944dd50866eeb4') in 0.120354 seconds 
========================================================================
Received Import Request.
  Time since last request: 0.000031 seconds.
  path: Assets/PolygonSciFiCity/Prefabs/Buildings/SM_Bld_Background_Med_03.prefab
  artifactKey: Guid(c2fad3760a0f8674482ad6a980264ee4) Importer(815301076,1909f56bfc062723c751e8b465ee728b)
Start importing Assets/PolygonSciFiCity/Prefabs/Buildings/SM_Bld_Background_Med_03.prefab using Guid(c2fad3760a0f8674482ad6a980264ee4) Importer(815301076,1909f56bfc062723c751e8b465ee728b)  -> (artifact id: 'f67a1ac835099803ac7ecf938a31cd7c') in 0.022800 seconds 
========================================================================
Received Import Request.
  Time since last request: 0.000101 seconds.
  path: Assets/PolygonSciFiCity/Prefabs/Buildings/SM_Bld_Large_05.prefab
  artifactKey: Guid(05cce10c53c896f4495809af7a45bbe1) Importer(815301076,1909f56bfc062723c751e8b465ee728b)
Start importing Assets/PolygonSciFiCity/Prefabs/Buildings/SM_Bld_Large_05.prefab using Guid(05cce10c53c896f4495809af7a45bbe1) Importer(815301076,1909f56bfc062723c751e8b465ee728b)  -> (artifact id: 'a21fb88da7edd0df248c1554e6f115c2') in 0.061130 seconds 
========================================================================
Received Import Request.
  Time since last request: 0.000021 seconds.
  path: Assets/PolygonSciFiCity/Prefabs/Buildings/SM_Bld_Large_01.prefab
  artifactKey: Guid(c037f4cd64354fd428bbf6b6007c235d) Importer(815301076,1909f56bfc062723c751e8b465ee728b)
Start importing Assets/PolygonSciFiCity/Prefabs/Buildings/SM_Bld_Large_01.prefab using Guid(c037f4cd64354fd428bbf6b6007c235d) Importer(815301076,1909f56bfc062723c751e8b465ee728b)  -> (artifact id: '4844638a9de04a4f2e3ce72ecb01fdd4') in 0.050835 seconds 
========================================================================
Received Import Request.
  Time since last request: 0.000028 seconds.
  path: Assets/PolygonSciFiCity/Prefabs/Buildings/SM_Bld_Background_Med_01.prefab
  artifactKey: Guid(3c37ed3fc4c8659488e2a193810bb213) Importer(815301076,1909f56bfc062723c751e8b465ee728b)
Start importing Assets/PolygonSciFiCity/Prefabs/Buildings/SM_Bld_Background_Med_01.prefab using Guid(3c37ed3fc4c8659488e2a193810bb213) Importer(815301076,1909f56bfc062723c751e8b465ee728b)  -> (artifact id: 'dcbedef48d321808cba1c9f397bf8be8') in 0.020702 seconds 
========================================================================
Received Import Request.
  Time since last request: 0.000038 seconds.
  path: Assets/PolygonSciFiCity/Prefabs/Buildings/SM_Bld_Background_Med_06.prefab
  artifactKey: Guid(c55cddf0517aed545bedf9b927124c15) Importer(815301076,1909f56bfc062723c751e8b465ee728b)
Start importing Assets/PolygonSciFiCity/Prefabs/Buildings/SM_Bld_Background_Med_06.prefab using Guid(c55cddf0517aed545bedf9b927124c15) Importer(815301076,1909f56bfc062723c751e8b465ee728b)  -> (artifact id: 'e06b77092bf840facc4f3b6333d65900') in 0.019588 seconds 
========================================================================
Received Import Request.
  Time since last request: 0.000019 seconds.
  path: Assets/PolygonSciFiCity/Prefabs/Buildings/SM_Bld_Large_06.prefab
  artifactKey: Guid(8a21e998caeaac347b4127cda7988cf3) Importer(815301076,1909f56bfc062723c751e8b465ee728b)
Start importing Assets/PolygonSciFiCity/Prefabs/Buildings/SM_Bld_Large_06.prefab using Guid(8a21e998caeaac347b4127cda7988cf3) Importer(815301076,1909f56bfc062723c751e8b465ee728b)  -> (artifact id: 'a67da3f5822cec3ae98ac0d526b5c4a8') in 0.043106 seconds 
========================================================================
Received Import Request.
  Time since last request: 0.000033 seconds.
  path: Assets/PolygonSciFiCity/Prefabs/Buildings/SM_Bld_Background_Med_05.prefab
  artifactKey: Guid(5916a3b9673d1984085cdfe02a594bd3) Importer(815301076,1909f56bfc062723c751e8b465ee728b)
Start importing Assets/PolygonSciFiCity/Prefabs/Buildings/SM_Bld_Background_Med_05.prefab using Guid(5916a3b9673d1984085cdfe02a594bd3) Importer(815301076,1909f56bfc062723c751e8b465ee728b)  -> (artifact id: 'd4bbaa6159fa7a04970cace06a18f6a0') in 0.015625 seconds 
========================================================================
Received Import Request.
  Time since last request: 0.000028 seconds.
  path: Assets/PolygonSciFiCity/Prefabs/Buildings/SM_Bld_Background_Med_08.prefab
  artifactKey: Guid(94634f97a9c7b83498a8e59c7c8f115b) Importer(815301076,1909f56bfc062723c751e8b465ee728b)
Start importing Assets/PolygonSciFiCity/Prefabs/Buildings/SM_Bld_Background_Med_08.prefab using Guid(94634f97a9c7b83498a8e59c7c8f115b) Importer(815301076,1909f56bfc062723c751e8b465ee728b)  -> (artifact id: '32ff838d5dfcbf2ebfad4d1fb5e6b61e') in 0.015127 seconds 
========================================================================
Received Import Request.
  Time since last request: 0.000022 seconds.
  path: Assets/PolygonSciFiCity/Prefabs/Buildings/SM_Bld_Background_Lrg_02.prefab
  artifactKey: Guid(31dade7a3305059458fd6662c8492e46) Importer(815301076,1909f56bfc062723c751e8b465ee728b)
Start importing Assets/PolygonSciFiCity/Prefabs/Buildings/SM_Bld_Background_Lrg_02.prefab using Guid(31dade7a3305059458fd6662c8492e46) Importer(815301076,1909f56bfc062723c751e8b465ee728b)  -> (artifact id: 'bd59ea265e7d72f382a3503e5a1bbd52') in 0.016095 seconds 
========================================================================
Received Import Request.
  Time since last request: 0.616862 seconds.
  path: Assets/PolygonSciFiCity/Prefabs/Buildings/SM_Bld_Large_Part_03.prefab
  artifactKey: Guid(9bb1305f3dbe91e458d1319699143c30) Importer(815301076,1909f56bfc062723c751e8b465ee728b)
Start importing Assets/PolygonSciFiCity/Prefabs/Buildings/SM_Bld_Large_Part_03.prefab using Guid(9bb1305f3dbe91e458d1319699143c30) Importer(815301076,1909f56bfc062723c751e8b465ee728b)  -> (artifact id: '50bb79101755948057cdef2c3cec70d0') in 0.040857 seconds 
========================================================================
Received Import Request.
  Time since last request: 0.000024 seconds.
  path: Assets/PolygonSciFiCity/Prefabs/Buildings/SM_Bld_Power_03.prefab
  artifactKey: Guid(0fafb1450aa63ce469d1b0dde39971c1) Importer(815301076,1909f56bfc062723c751e8b465ee728b)
Start importing Assets/PolygonSciFiCity/Prefabs/Buildings/SM_Bld_Power_03.prefab using Guid(0fafb1450aa63ce469d1b0dde39971c1) Importer(815301076,1909f56bfc062723c751e8b465ee728b)  -> (artifact id: '5d2571229d2f36d9f8ef105ae65807c8') in 0.044294 seconds 
========================================================================
Received Import Request.
  Time since last request: 0.000025 seconds.
  path: Assets/PolygonSciFiCity/Prefabs/Buildings/SM_Bld_Power_02.prefab
  artifactKey: Guid(a279d9ca726ccb34a923266d9c5f9987) Importer(815301076,1909f56bfc062723c751e8b465ee728b)
Start importing Assets/PolygonSciFiCity/Prefabs/Buildings/SM_Bld_Power_02.prefab using Guid(a279d9ca726ccb34a923266d9c5f9987) Importer(815301076,1909f56bfc062723c751e8b465ee728b)  -> (artifact id: '5b6ef6bd879cc3bf6b38c7c9e4c04d69') in 0.047728 seconds 
========================================================================
Received Import Request.
  Time since last request: 18.350363 seconds.
  path: Assets/PolygonSciFiCity/Prefabs/Buildings/SM_Bld_Raised_02.prefab
  artifactKey: Guid(0935701b68167c54a9e2ee7fe6f1d473) Importer(815301076,1909f56bfc062723c751e8b465ee728b)
Start importing Assets/PolygonSciFiCity/Prefabs/Buildings/SM_Bld_Raised_02.prefab using Guid(0935701b68167c54a9e2ee7fe6f1d473) Importer(815301076,1909f56bfc062723c751e8b465ee728b)  -> (artifact id: '8f695b0ba397b1f813bbd7feb4007558') in 0.043359 seconds 
========================================================================
Received Import Request.
  Time since last request: 0.000019 seconds.
  path: Assets/PolygonSciFiCity/Prefabs/Buildings/SM_Bld_Section_Corner_03.prefab
  artifactKey: Guid(9c18cb03dd4ec8847b92dbe4f33c2ff9) Importer(815301076,1909f56bfc062723c751e8b465ee728b)
Start importing Assets/PolygonSciFiCity/Prefabs/Buildings/SM_Bld_Section_Corner_03.prefab using Guid(9c18cb03dd4ec8847b92dbe4f33c2ff9) Importer(815301076,1909f56bfc062723c751e8b465ee728b)  -> (artifact id: '2d183eaada79739de27602938ca27e10') in 0.046557 seconds 
========================================================================
Received Import Request.
  Time since last request: 0.000026 seconds.
  path: Assets/PolygonSciFiCity/Prefabs/Buildings/SM_Bld_Section_Door_03.prefab
  artifactKey: Guid(5a3418dd159d8ef46a8c8d04842c5fe4) Importer(815301076,1909f56bfc062723c751e8b465ee728b)
Start importing Assets/PolygonSciFiCity/Prefabs/Buildings/SM_Bld_Section_Door_03.prefab using Guid(5a3418dd159d8ef46a8c8d04842c5fe4) Importer(815301076,1909f56bfc062723c751e8b465ee728b)  -> (artifact id: 'c59d713284f25b8332b43f3c8c764220') in 0.046158 seconds 
========================================================================
Received Import Request.
  Time since last request: 0.000030 seconds.
  path: Assets/PolygonSciFiCity/Prefabs/Buildings/SM_Bld_Section_Door_01.prefab
  artifactKey: Guid(1dd39e2a8df331343a963c91a1e0974c) Importer(815301076,1909f56bfc062723c751e8b465ee728b)
Start importing Assets/PolygonSciFiCity/Prefabs/Buildings/SM_Bld_Section_Door_01.prefab using Guid(1dd39e2a8df331343a963c91a1e0974c) Importer(815301076,1909f56bfc062723c751e8b465ee728b)  -> (artifact id: '767899bf0abf0a00aea93d7ce5af5393') in 0.035190 seconds 
========================================================================
Received Import Request.
  Time since last request: 0.146493 seconds.
  path: Assets/PolygonSciFiCity/Prefabs/Buildings/SM_Bld_Section_Door_06.prefab
  artifactKey: Guid(e6af98424eec7ef459a66398b4332b72) Importer(815301076,1909f56bfc062723c751e8b465ee728b)
Start importing Assets/PolygonSciFiCity/Prefabs/Buildings/SM_Bld_Section_Door_06.prefab using Guid(e6af98424eec7ef459a66398b4332b72) Importer(815301076,1909f56bfc062723c751e8b465ee728b)  -> (artifact id: '51d9e569741131154dd57ec1f864bd4c') in 0.042189 seconds 
========================================================================
Received Import Request.
  Time since last request: 0.000020 seconds.
  path: Assets/PolygonSciFiCity/Prefabs/Buildings/SM_Bld_Section_Wall_03.prefab
  artifactKey: Guid(871333eb9a405234480ed7ef4a992177) Importer(815301076,1909f56bfc062723c751e8b465ee728b)
Start importing Assets/PolygonSciFiCity/Prefabs/Buildings/SM_Bld_Section_Wall_03.prefab using Guid(871333eb9a405234480ed7ef4a992177) Importer(815301076,1909f56bfc062723c751e8b465ee728b)  -> (artifact id: '6c40f73885bc06bb09d2e06b549b8570') in 0.042233 seconds 
========================================================================
Received Import Request.
  Time since last request: 0.000027 seconds.
  path: Assets/PolygonSciFiCity/Prefabs/Buildings/SM_Bld_Section_Industrial_01.prefab
  artifactKey: Guid(2e01469249653a2469d8db1673fd4505) Importer(815301076,1909f56bfc062723c751e8b465ee728b)
Start importing Assets/PolygonSciFiCity/Prefabs/Buildings/SM_Bld_Section_Industrial_01.prefab using Guid(2e01469249653a2469d8db1673fd4505) Importer(815301076,1909f56bfc062723c751e8b465ee728b)  -> (artifact id: 'a2738221f169198030c95f48d0812e58') in 0.046390 seconds 
========================================================================
Received Import Request.
  Time since last request: 0.506271 seconds.
  path: Assets/PolygonSciFiCity/Prefabs/Buildings/SM_Bld_Section_Window_01.prefab
  artifactKey: Guid(f685963809caafb42bf2ef0c3d5fec4e) Importer(815301076,1909f56bfc062723c751e8b465ee728b)
Start importing Assets/PolygonSciFiCity/Prefabs/Buildings/SM_Bld_Section_Window_01.prefab using Guid(f685963809caafb42bf2ef0c3d5fec4e) Importer(815301076,1909f56bfc062723c751e8b465ee728b)  -> (artifact id: 'f364dc5c8c94129a6f00c87a15c3e49e') in 0.045570 seconds 
========================================================================
Received Import Request.
  Time since last request: 0.000025 seconds.
  path: Assets/PolygonSciFiCity/Prefabs/Buildings/SM_Bld_Shop_Open_01.prefab
  artifactKey: Guid(62ea6cbaf99977f4db73d5ae7af14450) Importer(815301076,1909f56bfc062723c751e8b465ee728b)
Start importing Assets/PolygonSciFiCity/Prefabs/Buildings/SM_Bld_Shop_Open_01.prefab using Guid(62ea6cbaf99977f4db73d5ae7af14450) Importer(815301076,1909f56bfc062723c751e8b465ee728b)  -> (artifact id: '7d4f2535a2fb13abfa3665c8cd305a81') in 0.043231 seconds 
========================================================================
Received Import Request.
  Time since last request: 0.000030 seconds.
  path: Assets/PolygonSciFiCity/Prefabs/Buildings/SM_Bld_Section_Window_03.prefab
  artifactKey: Guid(afe5d108fdbdaea4fa35d9e3c923fafa) Importer(815301076,1909f56bfc062723c751e8b465ee728b)
Start importing Assets/PolygonSciFiCity/Prefabs/Buildings/SM_Bld_Section_Window_03.prefab using Guid(afe5d108fdbdaea4fa35d9e3c923fafa) Importer(815301076,1909f56bfc062723c751e8b465ee728b)  -> (artifact id: 'e535003036a4099faa5bf95b377e2090') in 0.040047 seconds 
========================================================================
Received Import Request.
  Time since last request: 0.000032 seconds.
  path: Assets/PolygonSciFiCity/Prefabs/Buildings/SM_Bld_StripClub_Interior_02.prefab
  artifactKey: Guid(a7833e0a32b72a443806857131c597a2) Importer(815301076,1909f56bfc062723c751e8b465ee728b)
Start importing Assets/PolygonSciFiCity/Prefabs/Buildings/SM_Bld_StripClub_Interior_02.prefab using Guid(a7833e0a32b72a443806857131c597a2) Importer(815301076,1909f56bfc062723c751e8b465ee728b)  -> (artifact id: 'c961e6de5e29ede6708047e6ff9a800e') in 0.047884 seconds 
========================================================================
Received Prepare
Refreshing native plugins compatible for Editor in 16.23 ms, found 12 plugins.
Preloading 1 native plugins for Editor in 0.09 ms.
Unloading 40 Unused Serialized files (Serialized files now loaded: 0)
Unloading 40 unused Assets / (22.9 KB). Loaded Objects now: 4905.
Memory consumption went from 79.9 MB to 79.9 MB.
Total: 4.624600 ms (FindLiveObjects: 0.399700 ms CreateObjectMapping: 0.385000 ms MarkObjects: 3.812700 ms  DeleteObjects: 0.026700 ms)

AssetImportParameters requested are different than current active one (requested -> active):
  custom:video-decoder-ogg-theora: a1e56fd34408186e4bbccfd4996cb3dc -> 
  custom:container-muxer-webm: aa71ff27fc2769a1b78a27578f13a17b -> 
  custom:container-demuxer-webm: 4f35f7cbe854078d1ac9338744f61a02 -> 
  custom:video-encoder-webm-vp8: eb34c28f22e8b96e1ab97ce403110664 -> 
  custom:audio-encoder-webm-vorbis: bf7c407c2cedff20999df2af8eb42d56 -> 
  custom:framework-win-MediaFoundation: 216162199b28c13a410421893ffa2e32 -> 
  custom:container-demuxer-ogg: 62fdf1f143b41e24485cea50d1cbac27 -> 
  custom:video-decoder-webm-vp8: 9c59270c3fd7afecdb556c50c9e8de78 -> 
  custom:audio-decoder-ogg-vorbis: bf7c407c2cedff20999df2af8eb42d56 -> 
========================================================================
Received Prepare
Refreshing native plugins compatible for Editor in 11.63 ms, found 12 plugins.
Preloading 1 native plugins for Editor in 0.08 ms.
Unloading 40 Unused Serialized files (Serialized files now loaded: 0)
Unloading 40 unused Assets / (22.9 KB). Loaded Objects now: 4905.
Memory consumption went from 79.9 MB to 79.9 MB.
Total: 3.625400 ms (FindLiveObjects: 0.320100 ms CreateObjectMapping: 0.241500 ms MarkObjects: 3.043500 ms  DeleteObjects: 0.019900 ms)

AssetImportParameters requested are different than current active one (requested -> active):
  custom:video-decoder-ogg-theora: a1e56fd34408186e4bbccfd4996cb3dc -> 
  custom:container-muxer-webm: aa71ff27fc2769a1b78a27578f13a17b -> 
  custom:container-demuxer-webm: 4f35f7cbe854078d1ac9338744f61a02 -> 
  custom:video-encoder-webm-vp8: eb34c28f22e8b96e1ab97ce403110664 -> 
  custom:audio-encoder-webm-vorbis: bf7c407c2cedff20999df2af8eb42d56 -> 
  custom:framework-win-MediaFoundation: 216162199b28c13a410421893ffa2e32 -> 
  custom:container-demuxer-ogg: 62fdf1f143b41e24485cea50d1cbac27 -> 
  custom:video-decoder-webm-vp8: 9c59270c3fd7afecdb556c50c9e8de78 -> 
  custom:audio-decoder-ogg-vorbis: bf7c407c2cedff20999df2af8eb42d56 -> 
========================================================================
Received Import Request.
  Time since last request: 150.855303 seconds.
  path: Assets/PolygonSciFiCity/Prefabs/Buildings/SM_Bld_Power_04.prefab
  artifactKey: Guid(3144fdf31c6d99242985622dcb79b6c6) Importer(815301076,1909f56bfc062723c751e8b465ee728b)
Start importing Assets/PolygonSciFiCity/Prefabs/Buildings/SM_Bld_Power_04.prefab using Guid(3144fdf31c6d99242985622dcb79b6c6) Importer(815301076,1909f56bfc062723c751e8b465ee728b)  -> (artifact id: 'd46a8b4fae868b2c8cc1eb7e2a9fbd04') in 0.237754 seconds 
========================================================================
Received Import Request.
  Time since last request: 0.000042 seconds.
  path: Assets/PolygonSciFiCity/Prefabs/Buildings/SM_Bld_Section_Corner_03.prefab
  artifactKey: Guid(9c18cb03dd4ec8847b92dbe4f33c2ff9) Importer(815301076,1909f56bfc062723c751e8b465ee728b)
Start importing Assets/PolygonSciFiCity/Prefabs/Buildings/SM_Bld_Section_Corner_03.prefab using Guid(9c18cb03dd4ec8847b92dbe4f33c2ff9) Importer(815301076,1909f56bfc062723c751e8b465ee728b)  -> (artifact id: '2019cb6750a30054b284ce19617408bb') in 0.184915 seconds 
========================================================================
Received Import Request.
  Time since last request: 0.000051 seconds.
  path: Assets/PolygonSciFiCity/Prefabs/Buildings/SM_Bld_Section_Wall_02.prefab
  artifactKey: Guid(300058755dbc3334db2b882dfbb9453e) Importer(815301076,1909f56bfc062723c751e8b465ee728b)
Start importing Assets/PolygonSciFiCity/Prefabs/Buildings/SM_Bld_Section_Wall_02.prefab using Guid(300058755dbc3334db2b882dfbb9453e) Importer(815301076,1909f56bfc062723c751e8b465ee728b)  -> (artifact id: '5666008b1d8fccf0e3b27c544e29267d') in 0.167245 seconds 
========================================================================
Received Import Request.
  Time since last request: 0.000024 seconds.
  path: Assets/PolygonSciFiCity/Prefabs/Buildings/SM_Bld_StripClub_01.prefab
  artifactKey: Guid(84c3b5bbf4f75624792d3b03f1c2b546) Importer(815301076,1909f56bfc062723c751e8b465ee728b)
Start importing Assets/PolygonSciFiCity/Prefabs/Buildings/SM_Bld_StripClub_01.prefab using Guid(84c3b5bbf4f75624792d3b03f1c2b546) Importer(815301076,1909f56bfc062723c751e8b465ee728b)  -> (artifact id: 'df5d43146bb4cb8aa7826582c41af78d') in 0.173265 seconds 
========================================================================
Received Import Request.
  Time since last request: 0.000027 seconds.
  path: Assets/PolygonSciFiCity/Prefabs/Buildings/SM_Bld_Section_Wall_01.prefab
  artifactKey: Guid(4caa1debd226fcd4884eca0c619ce93f) Importer(815301076,1909f56bfc062723c751e8b465ee728b)
Start importing Assets/PolygonSciFiCity/Prefabs/Buildings/SM_Bld_Section_Wall_01.prefab using Guid(4caa1debd226fcd4884eca0c619ce93f) Importer(815301076,1909f56bfc062723c751e8b465ee728b)  -> (artifact id: '8b47caa0cd294029665da6ce4529b1b3') in 0.173129 seconds 
========================================================================
Received Import Request.
  Time since last request: 0.000047 seconds.
  path: Assets/PolygonSciFiCity/Prefabs/Buildings/SM_Bld_Shop_Open_01.prefab
  artifactKey: Guid(62ea6cbaf99977f4db73d5ae7af14450) Importer(815301076,1909f56bfc062723c751e8b465ee728b)
Start importing Assets/PolygonSciFiCity/Prefabs/Buildings/SM_Bld_Shop_Open_01.prefab using Guid(62ea6cbaf99977f4db73d5ae7af14450) Importer(815301076,1909f56bfc062723c751e8b465ee728b)  -> (artifact id: '5f1145b08d49df89541614f7ccc1845b') in 0.272893 seconds 
========================================================================
Received Import Request.
  Time since last request: 0.000042 seconds.
  path: Assets/PolygonSciFiCity/Prefabs/Buildings/SM_Bld_Raised_01.prefab
  artifactKey: Guid(f26a6a01921a0cc44a493b8424859c38) Importer(815301076,1909f56bfc062723c751e8b465ee728b)
Start importing Assets/PolygonSciFiCity/Prefabs/Buildings/SM_Bld_Raised_01.prefab using Guid(f26a6a01921a0cc44a493b8424859c38) Importer(815301076,1909f56bfc062723c751e8b465ee728b)  -> (artifact id: '20b4c2a27decb3fb7885f65db28f11e9') in 0.213090 seconds 
========================================================================
Received Import Request.
  Time since last request: 0.000052 seconds.
  path: Assets/PolygonSciFiCity/Prefabs/Buildings/SM_Bld_Section_Wall_03.prefab
  artifactKey: Guid(871333eb9a405234480ed7ef4a992177) Importer(815301076,1909f56bfc062723c751e8b465ee728b)
Start importing Assets/PolygonSciFiCity/Prefabs/Buildings/SM_Bld_Section_Wall_03.prefab using Guid(871333eb9a405234480ed7ef4a992177) Importer(815301076,1909f56bfc062723c751e8b465ee728b)  -> (artifact id: '24d53d32b2a65afca69ae5300664363b') in 0.166305 seconds 
========================================================================
Received Import Request.
  Time since last request: 0.000032 seconds.
  path: Assets/PolygonSciFiCity/Prefabs/Buildings/SM_Bld_Section_Door_05.prefab
  artifactKey: Guid(713cc0a3dfe2279499ed8b72f056607e) Importer(815301076,1909f56bfc062723c751e8b465ee728b)
Start importing Assets/PolygonSciFiCity/Prefabs/Buildings/SM_Bld_Section_Door_05.prefab using Guid(713cc0a3dfe2279499ed8b72f056607e) Importer(815301076,1909f56bfc062723c751e8b465ee728b)  -> (artifact id: 'e399dcd2a723b7fdefa823f60eb3fb9d') in 0.175123 seconds 
========================================================================
Received Import Request.
  Time since last request: 0.000036 seconds.
  path: Assets/PolygonSciFiCity/Prefabs/Buildings/SM_Bld_Section_Window_02.prefab
  artifactKey: Guid(f4c7ff12cc628584b9ad227f43d6129c) Importer(815301076,1909f56bfc062723c751e8b465ee728b)
Start importing Assets/PolygonSciFiCity/Prefabs/Buildings/SM_Bld_Section_Window_02.prefab using Guid(f4c7ff12cc628584b9ad227f43d6129c) Importer(815301076,1909f56bfc062723c751e8b465ee728b)  -> (artifact id: '142ea57b6fe640f2eadf5fbef3dc19cc') in 0.166700 seconds 
========================================================================
Received Import Request.
  Time since last request: 0.000035 seconds.
  path: Assets/PolygonSciFiCity/Prefabs/Buildings/SM_Bld_Section_Door_06.prefab
  artifactKey: Guid(e6af98424eec7ef459a66398b4332b72) Importer(815301076,1909f56bfc062723c751e8b465ee728b)
Start importing Assets/PolygonSciFiCity/Prefabs/Buildings/SM_Bld_Section_Door_06.prefab using Guid(e6af98424eec7ef459a66398b4332b72) Importer(815301076,1909f56bfc062723c751e8b465ee728b)  -> (artifact id: '45d55325fc0e5a6baa6465299dc7b115') in 0.164807 seconds 
========================================================================
Received Import Request.
  Time since last request: 0.000026 seconds.
  path: Assets/PolygonSciFiCity/Prefabs/Buildings/SM_Bld_Section_Grid_01.prefab
  artifactKey: Guid(d61e39d73d9919d40b9c31f5ea2bdcd9) Importer(815301076,1909f56bfc062723c751e8b465ee728b)
Start importing Assets/PolygonSciFiCity/Prefabs/Buildings/SM_Bld_Section_Grid_01.prefab using Guid(d61e39d73d9919d40b9c31f5ea2bdcd9) Importer(815301076,1909f56bfc062723c751e8b465ee728b)  -> (artifact id: '9a791b50558a86652c19e022234661df') in 0.160941 seconds 
========================================================================
Received Import Request.
  Time since last request: 0.000034 seconds.
  path: Assets/PolygonSciFiCity/Prefabs/Buildings/SM_Bld_Section_Door_04.prefab
  artifactKey: Guid(1d198b720862bb8498ccdedf7d0e4cde) Importer(815301076,1909f56bfc062723c751e8b465ee728b)
Start importing Assets/PolygonSciFiCity/Prefabs/Buildings/SM_Bld_Section_Door_04.prefab using Guid(1d198b720862bb8498ccdedf7d0e4cde) Importer(815301076,1909f56bfc062723c751e8b465ee728b)  -> (artifact id: 'e0206700694bd7d3317cb035738496f5') in 0.182701 seconds 
========================================================================
Received Import Request.
  Time since last request: 0.000051 seconds.
  path: Assets/PolygonSciFiCity/Prefabs/Buildings/SM_Bld_StripClub_Interior_01.prefab
  artifactKey: Guid(2550aaaacfde22f4993a04a13d4f5b05) Importer(815301076,1909f56bfc062723c751e8b465ee728b)
Start importing Assets/PolygonSciFiCity/Prefabs/Buildings/SM_Bld_StripClub_Interior_01.prefab using Guid(2550aaaacfde22f4993a04a13d4f5b05) Importer(815301076,1909f56bfc062723c751e8b465ee728b)  -> (artifact id: '23842734d763e2c491beb29fe1ddd4af') in 0.155827 seconds 
========================================================================
Received Import Request.
  Time since last request: 0.000025 seconds.
  path: Assets/PolygonSciFiCity/Prefabs/Buildings/SM_Bld_StripClub_Interior_02.prefab
  artifactKey: Guid(a7833e0a32b72a443806857131c597a2) Importer(815301076,1909f56bfc062723c751e8b465ee728b)
Start importing Assets/PolygonSciFiCity/Prefabs/Buildings/SM_Bld_StripClub_Interior_02.prefab using Guid(a7833e0a32b72a443806857131c597a2) Importer(815301076,1909f56bfc062723c751e8b465ee728b)  -> (artifact id: '883057ebb15386e59831c0dd2ad4bd5f') in 0.152187 seconds 
========================================================================
Received Import Request.
  Time since last request: 0.000029 seconds.
  path: Assets/PolygonSciFiCity/Prefabs/Buildings/SM_Bld_Section_Wall_05.prefab
  artifactKey: Guid(14be2c847c5873f40af6081f07f0bc27) Importer(815301076,1909f56bfc062723c751e8b465ee728b)
Start importing Assets/PolygonSciFiCity/Prefabs/Buildings/SM_Bld_Section_Wall_05.prefab using Guid(14be2c847c5873f40af6081f07f0bc27) Importer(815301076,1909f56bfc062723c751e8b465ee728b)  -> (artifact id: '09c131b88b4297ce1a072f782ce530e4') in 0.166718 seconds 
========================================================================
Received Import Request.
  Time since last request: 0.000037 seconds.
  path: Assets/PolygonSciFiCity/Prefabs/Buildings/SM_Bld_Section_Door_01.prefab
  artifactKey: Guid(1dd39e2a8df331343a963c91a1e0974c) Importer(815301076,1909f56bfc062723c751e8b465ee728b)
Start importing Assets/PolygonSciFiCity/Prefabs/Buildings/SM_Bld_Section_Door_01.prefab using Guid(1dd39e2a8df331343a963c91a1e0974c) Importer(815301076,1909f56bfc062723c751e8b465ee728b)  -> (artifact id: 'd25c3983bac6d4d2c0a295c0736a10c9') in 0.150336 seconds 
========================================================================
Received Prepare
Registering precompiled user dll's ...
Registered in 0.011207 seconds.
Begin MonoManager ReloadAssembly
Symbol file LoadedFromMemory doesn't match image C:\Users\samra\Documents\GitHub\VR-Project\Hunting Whales VR V1\Library\PackageCache\com.unity.visualscripting@1.8.0\Editor\VisualScripting.Core\Dependencies\DotNetZip\Unity.VisualScripting.IonicZip.dll
Symbol file LoadedFromMemory doesn't match image C:\Users\samra\Documents\GitHub\VR-Project\Hunting Whales VR V1\Library\PackageCache\com.unity.visualscripting@1.8.0\Editor\VisualScripting.Core\Dependencies\YamlDotNet\Unity.VisualScripting.YamlDotNet.dll
Native extension for WindowsStandalone target not found
Native extension for Android target not found
Refreshing native plugins compatible for Editor in 1.91 ms, found 12 plugins.
Preloading 1 native plugins for Editor in 0.16 ms.
System.Reflection.TargetInvocationException: Exception has been thrown by the target of an invocation. ---> System.NullReferenceException: Object reference not set to an instance of an object
  at Unity.XR.Oculus.OculusLoader.AssetPathToAbsolutePath (System.String assetPath) [0x0003d] in C:\Users\samra\Documents\GitHub\VR-Project\Hunting Whales VR V1\Library\PackageCache\com.unity.xr.oculus@3.2.3\Runtime\OculusLoader.cs:296 
  at Unity.XR.Oculus.OculusLoader.EditorLoadOVRPlugin () [0x0007b] in C:\Users\samra\Documents\GitHub\VR-Project\Hunting Whales VR V1\Library\PackageCache\com.unity.xr.oculus@3.2.3\Runtime\OculusLoader.cs:281 
  at (wrapper managed-to-native) System.Reflection.RuntimeMethodInfo.InternalInvoke(System.Reflection.RuntimeMethodInfo,object,object[],System.Exception&)
  at System.Reflection.RuntimeMethodInfo.Invoke (System.Object obj, System.Reflection.BindingFlags invokeAttr, System.Reflection.Binder binder, System.Object[] parameters, System.Globalization.CultureInfo culture) [0x0006a] in <1f66344f2f89470293d8b67d71308c07>:0 
   --- End of inner exception stack trace ---
  at System.Reflection.RuntimeMethodInfo.Invoke (System.Object obj, System.Reflection.BindingFlags invokeAttr, System.Reflection.Binder binder, System.Object[] parameters, System.Globalization.CultureInfo culture) [0x00083] in <1f66344f2f89470293d8b67d71308c07>:0 
  at System.Reflection.MethodBase.Invoke (System.Object obj, System.Object[] parameters) [0x00000] in <1f66344f2f89470293d8b67d71308c07>:0 
  at UnityEditor.EditorAssemblies.ProcessInitializeOnLoadMethodAttributes () [0x000a5] in <42a64fd733d9417da1ea3a757ad9a96d>:0 
UnityEngine.StackTraceUtility:ExtractStackTrace ()
UnityEngine.DebugLogHandler:LogFormat (UnityEngine.LogType,UnityEngine.Object,string,object[])
UnityEngine.Logger:Log (UnityEngine.LogType,object)
UnityEngine.Debug:LogError (object)
UnityEditor.EditorAssemblies:ProcessInitializeOnLoadMethodAttributes ()

Mono: successfully reloaded assembly
- Completed reload, in  1.014 seconds
Domain Reload Profiling:
	ReloadAssembly (1015ms)
		BeginReloadAssembly (132ms)
			ExecutionOrderSort (0ms)
			DisableScriptedObjects (4ms)
			BackupInstance (0ms)
			ReleaseScriptingObjects (0ms)
			CreateAndSetChildDomain (42ms)
		EndReloadAssembly (799ms)
			LoadAssemblies (85ms)
			RebuildTransferFunctionScriptingTraits (0ms)
			SetupTypeCache (230ms)
			ReleaseScriptCaches (1ms)
			RebuildScriptCaches (42ms)
			SetupLoadedEditorAssemblies (366ms)
				LogAssemblyErrors (0ms)
				InitializePlatformSupportModulesInManaged (20ms)
				SetLoadedEditorAssemblies (1ms)
				RefreshPlugins (2ms)
				BeforeProcessingInitializeOnLoad (81ms)
				ProcessInitializeOnLoadAttributes (218ms)
				ProcessInitializeOnLoadMethodAttributes (42ms)
				AfterProcessingInitializeOnLoad (2ms)
				EditorAssembliesLoaded (0ms)
			ExecutionOrderSort2 (0ms)
			AwakeInstancesAfterBackupRestoration (5ms)
Platform modules already initialized, skipping
Refreshing native plugins compatible for Editor in 6.79 ms, found 12 plugins.
Preloading 1 native plugins for Editor in 0.09 ms.
Unloading 4397 Unused Serialized files (Serialized files now loaded: 0)
Unloading 40 unused Assets / (25.8 KB). Loaded Objects now: 4908.
Memory consumption went from 167.1 MB to 167.1 MB.
Total: 3.405600 ms (FindLiveObjects: 0.358200 ms CreateObjectMapping: 0.103800 ms MarkObjects: 2.897600 ms  DeleteObjects: 0.045000 ms)

AssetImportParameters requested are different than current active one (requested -> active):
  custom:video-decoder-ogg-theora: a1e56fd34408186e4bbccfd4996cb3dc -> 
  custom:container-muxer-webm: aa71ff27fc2769a1b78a27578f13a17b -> 
  custom:container-demuxer-webm: 4f35f7cbe854078d1ac9338744f61a02 -> 
  custom:video-encoder-webm-vp8: eb34c28f22e8b96e1ab97ce403110664 -> 
  custom:audio-encoder-webm-vorbis: bf7c407c2cedff20999df2af8eb42d56 -> 
  custom:framework-win-MediaFoundation: 216162199b28c13a410421893ffa2e32 -> 
  custom:container-demuxer-ogg: 62fdf1f143b41e24485cea50d1cbac27 -> 
  custom:video-decoder-webm-vp8: 9c59270c3fd7afecdb556c50c9e8de78 -> 
  custom:audio-decoder-ogg-vorbis: bf7c407c2cedff20999df2af8eb42d56 -> 
========================================================================
Received Import Request.
  Time since last request: 383.510711 seconds.
  path: Assets/Samples/XR Interaction Toolkit/2.3.0-pre.1/Starter Assets/Prefabs/Teleport/Directional Teleport Reticle.prefab
  artifactKey: Guid(893219773891c784ab469a39151879b4) Importer(815301076,1909f56bfc062723c751e8b465ee728b)
Start importing Assets/Samples/XR Interaction Toolkit/2.3.0-pre.1/Starter Assets/Prefabs/Teleport/Directional Teleport Reticle.prefab using Guid(893219773891c784ab469a39151879b4) Importer(815301076,1909f56bfc062723c751e8b465ee728b)  -> (artifact id: 'a34646c4839d213a9dd446df15819567') in 0.079187 seconds 
========================================================================
Received Import Request.
  Time since last request: 0.000030 seconds.
  path: Assets/PolygonSciFiCity/Textures/Dirt_01.png
  artifactKey: Guid(10098b6ab07bb81478f96a9c740c4fec) Importer(815301076,1909f56bfc062723c751e8b465ee728b)
Start importing Assets/PolygonSciFiCity/Textures/Dirt_01.png using Guid(10098b6ab07bb81478f96a9c740c4fec) Importer(815301076,1909f56bfc062723c751e8b465ee728b)  -> (artifact id: '5e05520744d5bf23c5dd3c625abca793') in 0.059986 seconds 
========================================================================
Received Import Request.
  Time since last request: 0.000029 seconds.
  path: Assets/PolygonCity/Models/Collisions/SM_Env_Sidewalk_Dip_Corner_01_Convex 1.asset
  artifactKey: Guid(3bc17bcb0fad34b468eec40a60aee4de) Importer(815301076,1909f56bfc062723c751e8b465ee728b)
Start importing Assets/PolygonCity/Models/Collisions/SM_Env_Sidewalk_Dip_Corner_01_Convex 1.asset using Guid(3bc17bcb0fad34b468eec40a60aee4de) Importer(815301076,1909f56bfc062723c751e8b465ee728b)  -> (artifact id: '70c79e0ca63cc1f891c43c5dfd8c55e5') in 0.073909 seconds 
========================================================================
Received Import Request.
  Time since last request: 0.000033 seconds.
  path: Assets/PolygonCity/Models/Collisions/SM_Env_Sidewalk_Grate_02_Convex.asset
  artifactKey: Guid(e2e2cc90fb37ba1488821cdc6e0a4c6a) Importer(815301076,1909f56bfc062723c751e8b465ee728b)
Start importing Assets/PolygonCity/Models/Collisions/SM_Env_Sidewalk_Grate_02_Convex.asset using Guid(e2e2cc90fb37ba1488821cdc6e0a4c6a) Importer(815301076,1909f56bfc062723c751e8b465ee728b)  -> (artifact id: '8e9de7871074ce7329f2aab1a3548516') in 0.021292 seconds 
========================================================================
Received Import Request.
  Time since last request: 0.000022 seconds.
  path: Assets/PolygonCity/Models/Collisions/SM_Veh_Car_Muscle_01_Convex.asset
  artifactKey: Guid(476d4380a22d31e4daf2356f099f7d0a) Importer(815301076,1909f56bfc062723c751e8b465ee728b)
Start importing Assets/PolygonCity/Models/Collisions/SM_Veh_Car_Muscle_01_Convex.asset using Guid(476d4380a22d31e4daf2356f099f7d0a) Importer(815301076,1909f56bfc062723c751e8b465ee728b)  -> (artifact id: 'f61e3ab4d6e1b389f217e3c0c7fb154f') in 0.014069 seconds 
========================================================================
Received Import Request.
  Time since last request: 0.000020 seconds.
  path: Assets/PolygonSciFiCity/Models/SM_Prop_StripClub_Steps_01_Convex.asset
  artifactKey: Guid(9604a00f43c08f94386e2f6e197b4fc6) Importer(815301076,1909f56bfc062723c751e8b465ee728b)
Start importing Assets/PolygonSciFiCity/Models/SM_Prop_StripClub_Steps_01_Convex.asset using Guid(9604a00f43c08f94386e2f6e197b4fc6) Importer(815301076,1909f56bfc062723c751e8b465ee728b)  -> (artifact id: 'ea1b39f745fe9fff0aaa69a6cf827236') in 0.012461 seconds 
========================================================================
Received Import Request.
  Time since last request: 0.000022 seconds.
  path: Assets/PolygonCity/Models/Collisions/SM_Env_Sidewalk_Gutter_01_Convex 1.asset
  artifactKey: Guid(b00a0755290cec344887d3615667b423) Importer(815301076,1909f56bfc062723c751e8b465ee728b)
Start importing Assets/PolygonCity/Models/Collisions/SM_Env_Sidewalk_Gutter_01_Convex 1.asset using Guid(b00a0755290cec344887d3615667b423) Importer(815301076,1909f56bfc062723c751e8b465ee728b)  -> (artifact id: '0dfe2ee4e78b33b743b4037d79db4a2d') in 0.034271 seconds 
========================================================================
Received Import Request.
  Time since last request: 0.000018 seconds.
  path: Assets/PolygonCity/Models/Collisions/SM_Env_Sidewalk_Corner_02_Convex.asset
  artifactKey: Guid(03b63d3b0c7381443a94f6619429f96c) Importer(815301076,1909f56bfc062723c751e8b465ee728b)
Start importing Assets/PolygonCity/Models/Collisions/SM_Env_Sidewalk_Corner_02_Convex.asset using Guid(03b63d3b0c7381443a94f6619429f96c) Importer(815301076,1909f56bfc062723c751e8b465ee728b)  -> (artifact id: 'b745c647dd87cce6896e0c853bc9295f') in 0.012991 seconds 
========================================================================
Received Import Request.
  Time since last request: 0.000022 seconds.
  path: Assets/XR/Settings/Open XR Package Settings.asset
  artifactKey: Guid(a9a6963505ddf7f4d886008c6dc86122) Importer(815301076,1909f56bfc062723c751e8b465ee728b)
Start importing Assets/XR/Settings/Open XR Package Settings.asset using Guid(a9a6963505ddf7f4d886008c6dc86122) Importer(815301076,1909f56bfc062723c751e8b465ee728b)  -> (artifact id: 'b33a7e82fdbcc65cc98b00056e4e2cd9') in 0.011929 seconds 
========================================================================
Received Import Request.
  Time since last request: 0.000030 seconds.
  path: Assets/PolygonCity/Models/Collisions/SM_Env_Sidewalk_Grate_01_Convex 1.asset
  artifactKey: Guid(524e32ed7e0181d48aeb3c9593520257) Importer(815301076,1909f56bfc062723c751e8b465ee728b)
Start importing Assets/PolygonCity/Models/Collisions/SM_Env_Sidewalk_Grate_01_Convex 1.asset using Guid(524e32ed7e0181d48aeb3c9593520257) Importer(815301076,1909f56bfc062723c751e8b465ee728b)  -> (artifact id: '4c73d41e0c4cadfcae16ad565ee6f589') in 0.023447 seconds 
========================================================================
Received Import Request.
  Time since last request: 0.000022 seconds.
  path: Assets/PolygonCity/Models/Collisions/SM_Veh_Car_Ambo_01_Convex.asset
  artifactKey: Guid(1f7788e21b688374ca9f6cf2cafe6a99) Importer(815301076,1909f56bfc062723c751e8b465ee728b)
Start importing Assets/PolygonCity/Models/Collisions/SM_Veh_Car_Ambo_01_Convex.asset using Guid(1f7788e21b688374ca9f6cf2cafe6a99) Importer(815301076,1909f56bfc062723c751e8b465ee728b)  -> (artifact id: '67c748765cf9dc41bcc83a8f4f81c37a') in 0.014474 seconds 
========================================================================
Received Import Request.
  Time since last request: 0.000023 seconds.
  path: Assets/PolygonSciFiCity/Models/SM_Prop_Supplies_01_Convex.asset
  artifactKey: Guid(0bc646b4d4fe96348b8c2a2b4e5bd0d3) Importer(815301076,1909f56bfc062723c751e8b465ee728b)
Start importing Assets/PolygonSciFiCity/Models/SM_Prop_Supplies_01_Convex.asset using Guid(0bc646b4d4fe96348b8c2a2b4e5bd0d3) Importer(815301076,1909f56bfc062723c751e8b465ee728b)  -> (artifact id: '77d9c6977c6f3e9dd80d0830f4649f27') in 0.012490 seconds 
========================================================================
Received Import Request.
  Time since last request: 0.000022 seconds.
  path: Assets/PolygonCity/Models/Collisions/SM_Env_Sidewalk_Dip_Corner_01_Convex.asset
  artifactKey: Guid(01bc7890bbf7756479b32a6c06a01dde) Importer(815301076,1909f56bfc062723c751e8b465ee728b)
Start importing Assets/PolygonCity/Models/Collisions/SM_Env_Sidewalk_Dip_Corner_01_Convex.asset using Guid(01bc7890bbf7756479b32a6c06a01dde) Importer(815301076,1909f56bfc062723c751e8b465ee728b)  -> (artifact id: '89359268d544bee400bb8af76117aadf') in 0.013028 seconds 
========================================================================
Received Import Request.
  Time since last request: 0.000034 seconds.
  path: Assets/PolygonCity/Models/Collisions/SM_Env_Sidewalk_Dip_01_Convex 1.asset
  artifactKey: Guid(46d7cf395d1ef5e498833d880356de26) Importer(815301076,1909f56bfc062723c751e8b465ee728b)
Start importing Assets/PolygonCity/Models/Collisions/SM_Env_Sidewalk_Dip_01_Convex 1.asset using Guid(46d7cf395d1ef5e498833d880356de26) Importer(815301076,1909f56bfc062723c751e8b465ee728b)  -> (artifact id: 'b2977c4ebe49402784589a9d06d5b48b') in 0.023113 seconds 
========================================================================
Received Import Request.
  Time since last request: 0.088045 seconds.
  path: Assets/PolygonSciFiCity/Models/SM_Bld_Section_Door_03_Convex.asset
  artifactKey: Guid(aadf263b68327e7478236a4e0b28e1cd) Importer(815301076,1909f56bfc062723c751e8b465ee728b)
Start importing Assets/PolygonSciFiCity/Models/SM_Bld_Section_Door_03_Convex.asset using Guid(aadf263b68327e7478236a4e0b28e1cd) Importer(815301076,1909f56bfc062723c751e8b465ee728b)  -> (artifact id: '26ffc20e04b83fda09a6dae2ef0758ac') in 0.011272 seconds 
========================================================================
Received Import Request.
  Time since last request: 0.000025 seconds.
  path: Assets/PolygonSciFiCity/Models/SM_Bld_Section_Door_03_Convex 2.asset
  artifactKey: Guid(a0a4d36f601396246827877551767131) Importer(815301076,1909f56bfc062723c751e8b465ee728b)
Start importing Assets/PolygonSciFiCity/Models/SM_Bld_Section_Door_03_Convex 2.asset using Guid(a0a4d36f601396246827877551767131) Importer(815301076,1909f56bfc062723c751e8b465ee728b)  -> (artifact id: '370c97c7e75c4a55cb434b38fe27cae9') in 0.027842 seconds 
========================================================================
Received Import Request.
  Time since last request: 0.000023 seconds.
  path: Assets/PolygonSciFiCity/Models/SM_Bld_Section_Door_05_Convex.asset
  artifactKey: Guid(7202f7511e0bbab44bbf89f5d1385504) Importer(815301076,1909f56bfc062723c751e8b465ee728b)
Start importing Assets/PolygonSciFiCity/Models/SM_Bld_Section_Door_05_Convex.asset using Guid(7202f7511e0bbab44bbf89f5d1385504) Importer(815301076,1909f56bfc062723c751e8b465ee728b)  -> (artifact id: '5cfef155fd4e013c5a3f9d3bf230cebc') in 0.012838 seconds 
========================================================================
Received Import Request.
  Time since last request: 0.000026 seconds.
  path: Assets/PolygonSciFiCity/Models/SM_Bld_Section_Door_04.fbx
  artifactKey: Guid(01d6c4efb3237a04f9d6d6a6cea76877) Importer(815301076,1909f56bfc062723c751e8b465ee728b)
Start importing Assets/PolygonSciFiCity/Models/SM_Bld_Section_Door_04.fbx using Guid(01d6c4efb3237a04f9d6d6a6cea76877) Importer(815301076,1909f56bfc062723c751e8b465ee728b)  -> (artifact id: '3b07b873eece3867ee53103431b33054') in 0.022969 seconds 
========================================================================
Received Import Request.
  Time since last request: 0.000021 seconds.
  path: Assets/PolygonSciFiCity/Models/SM_Bld_Section_Door_07_Convex.asset
  artifactKey: Guid(58e586481fd7677438d95822b31f1d8c) Importer(815301076,1909f56bfc062723c751e8b465ee728b)
Start importing Assets/PolygonSciFiCity/Models/SM_Bld_Section_Door_07_Convex.asset using Guid(58e586481fd7677438d95822b31f1d8c) Importer(815301076,1909f56bfc062723c751e8b465ee728b)  -> (artifact id: 'ad4c04b96af8ba6b832f54b3d0d86359') in 0.012982 seconds 
========================================================================
Received Import Request.
  Time since last request: 0.000020 seconds.
  path: Assets/PolygonSciFiCity/Models/SM_Bld_Section_Door_06_Convex 1.asset
  artifactKey: Guid(da0da1961502cb14290a969ef39e49db) Importer(815301076,1909f56bfc062723c751e8b465ee728b)
Start importing Assets/PolygonSciFiCity/Models/SM_Bld_Section_Door_06_Convex 1.asset using Guid(da0da1961502cb14290a969ef39e49db) Importer(815301076,1909f56bfc062723c751e8b465ee728b)  -> (artifact id: '12c73c98c2a8609094e3a8bbf2a66bcf') in 0.012627 seconds 
========================================================================
Received Import Request.
  Time since last request: 0.000022 seconds.
  path: Assets/PolygonSciFiCity/Models/SM_Bld_Section_Door_04_Convex.asset
  artifactKey: Guid(1b74df83d88bdb24b86a165644395366) Importer(815301076,1909f56bfc062723c751e8b465ee728b)
Start importing Assets/PolygonSciFiCity/Models/SM_Bld_Section_Door_04_Convex.asset using Guid(1b74df83d88bdb24b86a165644395366) Importer(815301076,1909f56bfc062723c751e8b465ee728b)  -> (artifact id: '35eefa31ecc4733e0c98269be25d863f') in 0.013037 seconds 
========================================================================
Received Import Request.
  Time since last request: 0.000031 seconds.
  path: Assets/PolygonSciFiCity/Models/SM_Bld_Section_Door_03_Convex 4.asset
  artifactKey: Guid(477431b6b4d7a44428a849856f61c50e) Importer(815301076,1909f56bfc062723c751e8b465ee728b)
Start importing Assets/PolygonSciFiCity/Models/SM_Bld_Section_Door_03_Convex 4.asset using Guid(477431b6b4d7a44428a849856f61c50e) Importer(815301076,1909f56bfc062723c751e8b465ee728b)  -> (artifact id: '7420663517263a1de11d00cda893d171') in 0.033061 seconds 
========================================================================
Received Import Request.
  Time since last request: 0.000023 seconds.
  path: Assets/PolygonSciFiCity/Models/SM_Bld_Section_Door_06_Convex.asset
  artifactKey: Guid(597fad379a86ef246bd154bb2544f74e) Importer(815301076,1909f56bfc062723c751e8b465ee728b)
Start importing Assets/PolygonSciFiCity/Models/SM_Bld_Section_Door_06_Convex.asset using Guid(597fad379a86ef246bd154bb2544f74e) Importer(815301076,1909f56bfc062723c751e8b465ee728b)  -> (artifact id: '101b3bacf2ffce47552aeeea118c2fc0') in 0.011971 seconds 
========================================================================
Received Import Request.
  Time since last request: 0.000032 seconds.
  path: Assets/PolygonSciFiCity/Models/SM_Bld_Section_Door_06_Convex 2.asset
  artifactKey: Guid(97066172d33df4242936e2dd06575cf9) Importer(815301076,1909f56bfc062723c751e8b465ee728b)
Start importing Assets/PolygonSciFiCity/Models/SM_Bld_Section_Door_06_Convex 2.asset using Guid(97066172d33df4242936e2dd06575cf9) Importer(815301076,1909f56bfc062723c751e8b465ee728b)  -> (artifact id: 'ba3255f4060f93eec3101a97b3da55d0') in 0.013172 seconds 
========================================================================
Received Import Request.
  Time since last request: 38.732267 seconds.
  path: Assets/PolygonSciFiCity/Prefabs/Props/SM_Prop_Bank_Door_01.prefab
  artifactKey: Guid(38b38aed3140a8f4aac8bab6dace13da) Importer(815301076,1909f56bfc062723c751e8b465ee728b)
Start importing Assets/PolygonSciFiCity/Prefabs/Props/SM_Prop_Bank_Door_01.prefab using Guid(38b38aed3140a8f4aac8bab6dace13da) Importer(815301076,1909f56bfc062723c751e8b465ee728b)  -> (artifact id: '990ae3931669a7589001a9002ad2a003') in 0.161698 seconds 
========================================================================
Received Import Request.
  Time since last request: 0.000023 seconds.
  path: Assets/PolygonCity/Models/Collisions/SM_Prop_Door_01_Convex.asset
  artifactKey: Guid(5305a69792d1ae74e96709a2c4c2be77) Importer(815301076,1909f56bfc062723c751e8b465ee728b)
Start importing Assets/PolygonCity/Models/Collisions/SM_Prop_Door_01_Convex.asset using Guid(5305a69792d1ae74e96709a2c4c2be77) Importer(815301076,1909f56bfc062723c751e8b465ee728b)  -> (artifact id: 'fa4b9047c4c2ee6bb15a84452c844fc2') in 0.011693 seconds 
========================================================================
Received Import Request.
  Time since last request: 0.000037 seconds.
  path: Assets/PolygonCity/Models/SM_Prop_Door_01.fbx
  artifactKey: Guid(46e2ced59c8b8024394bfcf3c53c8788) Importer(815301076,1909f56bfc062723c751e8b465ee728b)
Start importing Assets/PolygonCity/Models/SM_Prop_Door_01.fbx using Guid(46e2ced59c8b8024394bfcf3c53c8788) Importer(815301076,1909f56bfc062723c751e8b465ee728b)  -> (artifact id: '2a0e72849d17cd328dbef4664a56d23e') in 0.022705 seconds 
========================================================================
Received Import Request.
  Time since last request: 0.000029 seconds.
  path: Assets/PolygonCity/Prefabs/Props/SM_Prop_Door_02.prefab
  artifactKey: Guid(ad06d608909e4f4419a1cdc20452fccf) Importer(815301076,1909f56bfc062723c751e8b465ee728b)
Start importing Assets/PolygonCity/Prefabs/Props/SM_Prop_Door_02.prefab using Guid(ad06d608909e4f4419a1cdc20452fccf) Importer(815301076,1909f56bfc062723c751e8b465ee728b)  -> (artifact id: 'ede339238f282172478062283055df31') in 0.067022 seconds 
========================================================================
Received Import Request.
  Time since last request: 0.000029 seconds.
  path: Assets/PolygonSciFiCity/Models/SM_Prop_Door_01_Convex.asset
  artifactKey: Guid(ad86b4464cd35154ea0b67e242f2fdd6) Importer(815301076,1909f56bfc062723c751e8b465ee728b)
Start importing Assets/PolygonSciFiCity/Models/SM_Prop_Door_01_Convex.asset using Guid(ad86b4464cd35154ea0b67e242f2fdd6) Importer(815301076,1909f56bfc062723c751e8b465ee728b)  -> (artifact id: '825419085e30009dcaf71c72477b307f') in 0.012351 seconds 
========================================================================
Received Import Request.
  Time since last request: 0.070511 seconds.
  path: Assets/PolygonSciFiCity/Models/SM_Prop_Door_02.fbx
  artifactKey: Guid(51df6e62ad4f21f48b380c22856d2871) Importer(815301076,1909f56bfc062723c751e8b465ee728b)
Start importing Assets/PolygonSciFiCity/Models/SM_Prop_Door_02.fbx using Guid(51df6e62ad4f21f48b380c22856d2871) Importer(815301076,1909f56bfc062723c751e8b465ee728b)  -> (artifact id: 'd336a4ed043c4c1d03006302b4ea254b') in 0.017587 seconds 
========================================================================
Received Import Request.
  Time since last request: 0.000029 seconds.
  path: Assets/PolygonCity/Models/Collisions/SM_Prop_Door_02_Convex.asset
  artifactKey: Guid(1dbc1bccf1af350419df9c0c3a5a57ed) Importer(815301076,1909f56bfc062723c751e8b465ee728b)
Start importing Assets/PolygonCity/Models/Collisions/SM_Prop_Door_02_Convex.asset using Guid(1dbc1bccf1af350419df9c0c3a5a57ed) Importer(815301076,1909f56bfc062723c751e8b465ee728b)  -> (artifact id: '88e7e1182efa127bb1a85406587e60ba') in 0.018261 seconds 
========================================================================
Received Import Request.
  Time since last request: 0.000063 seconds.
  path: Assets/PolygonSciFiCity/Models/SM_Prop_Door_03_Convex.asset
  artifactKey: Guid(ababaee7ea6f5ba4aa8c9677085b7a84) Importer(815301076,1909f56bfc062723c751e8b465ee728b)
Start importing Assets/PolygonSciFiCity/Models/SM_Prop_Door_03_Convex.asset using Guid(ababaee7ea6f5ba4aa8c9677085b7a84) Importer(815301076,1909f56bfc062723c751e8b465ee728b)  -> (artifact id: 'f53382563322ba9b3472f6543caac9c1') in 0.014009 seconds 
========================================================================
Received Import Request.
  Time since last request: 0.000024 seconds.
  path: Assets/PolygonSciFiCity/Prefabs/Props/SM_Prop_Door_03.prefab
  artifactKey: Guid(69ecde87dde10024bbddde222adba714) Importer(815301076,1909f56bfc062723c751e8b465ee728b)
Start importing Assets/PolygonSciFiCity/Prefabs/Props/SM_Prop_Door_03.prefab using Guid(69ecde87dde10024bbddde222adba714) Importer(815301076,1909f56bfc062723c751e8b465ee728b)  -> (artifact id: '31e08330e1acc031afe1829989ce9e23') in 0.201675 seconds 
========================================================================
Received Import Request.
  Time since last request: 0.000027 seconds.
  path: Assets/PolygonSciFiCity/Prefabs/Props/SM_Prop_Door_05.prefab
  artifactKey: Guid(eb2cbf3d027e36349836843fcefb51bb) Importer(815301076,1909f56bfc062723c751e8b465ee728b)
Start importing Assets/PolygonSciFiCity/Prefabs/Props/SM_Prop_Door_05.prefab using Guid(eb2cbf3d027e36349836843fcefb51bb) Importer(815301076,1909f56bfc062723c751e8b465ee728b)  -> (artifact id: '7b7920b7c9b27f65bab44100517356b7') in 0.140158 seconds 
========================================================================
Received Import Request.
  Time since last request: 0.016547 seconds.
  path: Assets/PolygonSciFiCity/Models/SM_Prop_Door_Chopshop_01.fbx
  artifactKey: Guid(59b24a6013afa7148910831b3f1821e2) Importer(815301076,1909f56bfc062723c751e8b465ee728b)
Start importing Assets/PolygonSciFiCity/Models/SM_Prop_Door_Chopshop_01.fbx using Guid(59b24a6013afa7148910831b3f1821e2) Importer(815301076,1909f56bfc062723c751e8b465ee728b)  -> (artifact id: '7d049b9676297f6302c9e4b353ca5db3') in 0.021628 seconds 
========================================================================
Received Import Request.
  Time since last request: 0.000024 seconds.
  path: Assets/PolygonSciFiCity/Models/SM_Veh_Classic_01_Hover.fbx
  artifactKey: Guid(3dae08180763e844e82d255248de28a4) Importer(815301076,1909f56bfc062723c751e8b465ee728b)
Start importing Assets/PolygonSciFiCity/Models/SM_Veh_Classic_01_Hover.fbx using Guid(3dae08180763e844e82d255248de28a4) Importer(815301076,1909f56bfc062723c751e8b465ee728b)  -> (artifact id: '0e7f2492caf6540971835f9aa574784f') in 0.081096 seconds 
========================================================================
Received Import Request.
  Time since last request: 0.000036 seconds.
  path: Assets/PolygonSciFiCity/Models/SM_Veh_Retro_01_Hover.fbx
  artifactKey: Guid(9970663ff6d96b14d9a5bb8ab404d159) Importer(815301076,1909f56bfc062723c751e8b465ee728b)
Start importing Assets/PolygonSciFiCity/Models/SM_Veh_Retro_01_Hover.fbx using Guid(9970663ff6d96b14d9a5bb8ab404d159) Importer(815301076,1909f56bfc062723c751e8b465ee728b)  -> (artifact id: '06b10244d9ad2f2b06edfed1568c0b50') in 0.087857 seconds 
Editor requested this worker to shutdown with reason: Scaling down because of idle timeout
AssetImportWorker is now disconnected from the server
Process exiting
Exiting without the bug reporter. Application will terminate with return code 0