Using pre-set license
Built from '2021.3/staging' branch; Version is '2021.3.18f1 (3129e69bc0c7) revision 3221990'; Using compiler version '192829333'; Build Type 'Release'
OS: 'Windows 10  (10.0.19045) 64bit Professional' Language: 'en' Physical Memory: 32620 MB
BatchMode: 1, IsHumanControllingUs: 0, StartBugReporterOnCrash: 0, Is64bit: 1, IsPro: 1

COMMAND LINE ARGUMENTS:
E:\Unity Editor\2021.3.18f1\Editor\Unity.exe
-adb2
-batchMode
-noUpm
-name
AssetImportWorker14
-projectPath
C:/Users/samra/Documents/GitHub/VR-Project/Hunting Whales VR V1
-logFile
Logs/AssetImportWorker14.log
-srvPort
63106
Successfully changed project path to: C:/Users/samra/Documents/GitHub/VR-Project/Hunting Whales VR V1
C:/Users/samra/Documents/GitHub/VR-Project/Hunting Whales VR V1
[UnityMemory] Configuration Parameters - Can be set up in boot.config
    "memorysetup-bucket-allocator-granularity=16"
    "memorysetup-bucket-allocator-bucket-count=8"
    "memorysetup-bucket-allocator-block-size=33554432"
    "memorysetup-bucket-allocator-block-count=8"
    "memorysetup-main-allocator-block-size=16777216"
    "memorysetup-thread-allocator-block-size=16777216"
    "memorysetup-gfx-main-allocator-block-size=16777216"
    "memorysetup-gfx-thread-allocator-block-size=16777216"
    "memorysetup-cache-allocator-block-size=4194304"
    "memorysetup-typetree-allocator-block-size=2097152"
    "memorysetup-profiler-bucket-allocator-granularity=16"
    "memorysetup-profiler-bucket-allocator-bucket-count=8"
    "memorysetup-profiler-bucket-allocator-block-size=33554432"
    "memorysetup-profiler-bucket-allocator-block-count=8"
    "memorysetup-profiler-allocator-block-size=16777216"
    "memorysetup-profiler-editor-allocator-block-size=1048576"
    "memorysetup-temp-allocator-size-main=16777216"
    "memorysetup-job-temp-allocator-block-size=2097152"
    "memorysetup-job-temp-allocator-block-size-background=1048576"
    "memorysetup-job-temp-allocator-reduction-small-platforms=262144"
    "memorysetup-temp-allocator-size-background-worker=32768"
    "memorysetup-temp-allocator-size-job-worker=262144"
    "memorysetup-temp-allocator-size-preload-manager=33554432"
    "memorysetup-temp-allocator-size-nav-mesh-worker=65536"
    "memorysetup-temp-allocator-size-audio-worker=65536"
    "memorysetup-temp-allocator-size-cloud-worker=32768"
    "memorysetup-temp-allocator-size-gi-baking-worker=262144"
    "memorysetup-temp-allocator-size-gfx=262144"
Player connection [64424] Host "[IP] 25.16.200.250 [Port] 0 [Flags] 2 [Guid] 2623430490 [EditorId] 2623430490 [Version] 1048832 [Id] WindowsEditor(7,Rocketship-77) [Debug] 1 [PackageName] WindowsEditor [ProjectName] Editor" joined multi-casting on [225.0.0.222:54997]...

Player connection [64424] Host "[IP] 25.16.200.250 [Port] 0 [Flags] 2 [Guid] 2623430490 [EditorId] 2623430490 [Version] 1048832 [Id] WindowsEditor(7,Rocketship-77) [Debug] 1 [PackageName] WindowsEditor [ProjectName] Editor" joined alternative multi-casting on [225.0.0.222:34997]...

Refreshing native plugins compatible for Editor in 144.43 ms, found 12 plugins.
Preloading 1 native plugins for Editor in 0.71 ms.
Initialize engine version: 2021.3.18f1 (3129e69bc0c7)
[Subsystems] Discovering subsystems at path E:/Unity Editor/2021.3.18f1/Editor/Data/Resources/UnitySubsystems
[Subsystems] Discovering subsystems at path C:/Users/samra/Documents/GitHub/VR-Project/Hunting Whales VR V1/Assets
GfxDevice: creating device client; threaded=0; jobified=0
Direct3D:
    Version:  Direct3D 11.0 [level 11.1]
    Renderer: NVIDIA GeForce RTX 3080 Laptop GPU (ID=0x24dc)
    Vendor:   NVIDIA
    VRAM:     16191 MB
    Driver:   31.0.15.3179
Initialize mono
Mono path[0] = 'E:/Unity Editor/2021.3.18f1/Editor/Data/Managed'
Mono path[1] = 'E:/Unity Editor/2021.3.18f1/Editor/Data/MonoBleedingEdge/lib/mono/unityjit-win32'
Mono config path = 'E:/Unity Editor/2021.3.18f1/Editor/Data/MonoBleedingEdge/etc'
Using monoOptions --debugger-agent=transport=dt_socket,embedding=1,server=y,suspend=n,address=127.0.0.1:56964
Begin MonoManager ReloadAssembly
Registering precompiled unity dll's ...
Register platform support module: E:/Unity Editor/2021.3.18f1/Editor/Data/PlaybackEngines/AndroidPlayer/UnityEditor.Android.Extensions.dll
Register platform support module: E:/Unity Editor/2021.3.18f1/Editor/Data/PlaybackEngines/WindowsStandaloneSupport/UnityEditor.WindowsStandalone.Extensions.dll
Registered in 0.003091 seconds.
Native extension for WindowsStandalone target not found
Native extension for Android target not found
Android Extension - Scanning For ADB Devices 324 ms
Refreshing native plugins compatible for Editor in 94.15 ms, found 12 plugins.
Preloading 1 native plugins for Editor in 0.09 ms.
Mono: successfully reloaded assembly
- Completed reload, in  0.900 seconds
Domain Reload Profiling:
	ReloadAssembly (905ms)
		BeginReloadAssembly (65ms)
			ExecutionOrderSort (0ms)
			DisableScriptedObjects (0ms)
			BackupInstance (0ms)
			ReleaseScriptingObjects (0ms)
			CreateAndSetChildDomain (1ms)
		EndReloadAssembly (758ms)
			LoadAssemblies (60ms)
			RebuildTransferFunctionScriptingTraits (0ms)
			SetupTypeCache (96ms)
			ReleaseScriptCaches (0ms)
			RebuildScriptCaches (22ms)
			SetupLoadedEditorAssemblies (594ms)
				LogAssemblyErrors (0ms)
				InitializePlatformSupportModulesInManaged (392ms)
				SetLoadedEditorAssemblies (0ms)
				RefreshPlugins (94ms)
				BeforeProcessingInitializeOnLoad (1ms)
				ProcessInitializeOnLoadAttributes (71ms)
				ProcessInitializeOnLoadMethodAttributes (35ms)
				AfterProcessingInitializeOnLoad (0ms)
				EditorAssembliesLoaded (0ms)
			ExecutionOrderSort2 (0ms)
			AwakeInstancesAfterBackupRestoration (0ms)
Platform modules already initialized, skipping
Registering precompiled user dll's ...
Registered in 0.011778 seconds.
Begin MonoManager ReloadAssembly
Symbol file LoadedFromMemory doesn't match image C:\Users\samra\Documents\GitHub\VR-Project\Hunting Whales VR V1\Library\PackageCache\com.unity.visualscripting@1.8.0\Editor\VisualScripting.Core\Dependencies\DotNetZip\Unity.VisualScripting.IonicZip.dll
Symbol file LoadedFromMemory doesn't match image C:\Users\samra\Documents\GitHub\VR-Project\Hunting Whales VR V1\Library\PackageCache\com.unity.visualscripting@1.8.0\Editor\VisualScripting.Core\Dependencies\YamlDotNet\Unity.VisualScripting.YamlDotNet.dll
Native extension for WindowsStandalone target not found
Native extension for Android target not found
Refreshing native plugins compatible for Editor in 96.75 ms, found 12 plugins.
Preloading 1 native plugins for Editor in 0.08 ms.
Package Manager log level set to [2]
System.Reflection.TargetInvocationException: Exception has been thrown by the target of an invocation. ---> System.NullReferenceException: Object reference not set to an instance of an object
  at Unity.XR.Oculus.OculusLoader.AssetPathToAbsolutePath (System.String assetPath) [0x0003d] in C:\Users\samra\Documents\GitHub\VR-Project\Hunting Whales VR V1\Library\PackageCache\com.unity.xr.oculus@3.2.3\Runtime\OculusLoader.cs:296 
  at Unity.XR.Oculus.OculusLoader.EditorLoadOVRPlugin () [0x0007b] in C:\Users\samra\Documents\GitHub\VR-Project\Hunting Whales VR V1\Library\PackageCache\com.unity.xr.oculus@3.2.3\Runtime\OculusLoader.cs:281 
  at (wrapper managed-to-native) System.Reflection.RuntimeMethodInfo.InternalInvoke(System.Reflection.RuntimeMethodInfo,object,object[],System.Exception&)
  at System.Reflection.RuntimeMethodInfo.Invoke (System.Object obj, System.Reflection.BindingFlags invokeAttr, System.Reflection.Binder binder, System.Object[] parameters, System.Globalization.CultureInfo culture) [0x0006a] in <1f66344f2f89470293d8b67d71308c07>:0 
   --- End of inner exception stack trace ---
  at System.Reflection.RuntimeMethodInfo.Invoke (System.Object obj, System.Reflection.BindingFlags invokeAttr, System.Reflection.Binder binder, System.Object[] parameters, System.Globalization.CultureInfo culture) [0x00083] in <1f66344f2f89470293d8b67d71308c07>:0 
  at System.Reflection.MethodBase.Invoke (System.Object obj, System.Object[] parameters) [0x00000] in <1f66344f2f89470293d8b67d71308c07>:0 
  at UnityEditor.EditorAssemblies.ProcessInitializeOnLoadMethodAttributes () [0x000a5] in <42a64fd733d9417da1ea3a757ad9a96d>:0 
UnityEngine.StackTraceUtility:ExtractStackTrace ()
UnityEngine.DebugLogHandler:LogFormat (UnityEngine.LogType,UnityEngine.Object,string,object[])
UnityEngine.Logger:Log (UnityEngine.LogType,object)
UnityEngine.Debug:LogError (object)
UnityEditor.EditorAssemblies:ProcessInitializeOnLoadMethodAttributes ()

Mono: successfully reloaded assembly
- Completed reload, in  1.069 seconds
Domain Reload Profiling:
	ReloadAssembly (1069ms)
		BeginReloadAssembly (90ms)
			ExecutionOrderSort (0ms)
			DisableScriptedObjects (5ms)
			BackupInstance (0ms)
			ReleaseScriptingObjects (0ms)
			CreateAndSetChildDomain (20ms)
		EndReloadAssembly (886ms)
			LoadAssemblies (75ms)
			RebuildTransferFunctionScriptingTraits (0ms)
			SetupTypeCache (224ms)
			ReleaseScriptCaches (1ms)
			RebuildScriptCaches (48ms)
			SetupLoadedEditorAssemblies (477ms)
				LogAssemblyErrors (0ms)
				InitializePlatformSupportModulesInManaged (13ms)
				SetLoadedEditorAssemblies (0ms)
				RefreshPlugins (97ms)
				BeforeProcessingInitializeOnLoad (88ms)
				ProcessInitializeOnLoadAttributes (237ms)
				ProcessInitializeOnLoadMethodAttributes (39ms)
				AfterProcessingInitializeOnLoad (2ms)
				EditorAssembliesLoaded (0ms)
			ExecutionOrderSort2 (0ms)
			AwakeInstancesAfterBackupRestoration (5ms)
Platform modules already initialized, skipping
========================================================================
Worker process is ready to serve import requests
Launched and connected shader compiler UnityShaderCompiler.exe after 0.04 seconds
Refreshing native plugins compatible for Editor in 1.14 ms, found 12 plugins.
Preloading 1 native plugins for Editor in 0.09 ms.
Unloading 4424 Unused Serialized files (Serialized files now loaded: 0)
Unloading 50 unused Assets / (59.2 KB). Loaded Objects now: 4896.
Memory consumption went from 163.9 MB to 163.8 MB.
Total: 3.234500 ms (FindLiveObjects: 0.289500 ms CreateObjectMapping: 0.120500 ms MarkObjects: 2.724000 ms  DeleteObjects: 0.099700 ms)

AssetImportParameters requested are different than current active one (requested -> active):
  custom:video-decoder-ogg-theora: a1e56fd34408186e4bbccfd4996cb3dc -> 
  custom:container-muxer-webm: aa71ff27fc2769a1b78a27578f13a17b -> 
  custom:container-demuxer-webm: 4f35f7cbe854078d1ac9338744f61a02 -> 
  custom:video-encoder-webm-vp8: eb34c28f22e8b96e1ab97ce403110664 -> 
  custom:audio-encoder-webm-vorbis: bf7c407c2cedff20999df2af8eb42d56 -> 
  custom:framework-win-MediaFoundation: 216162199b28c13a410421893ffa2e32 -> 
  custom:container-demuxer-ogg: 62fdf1f143b41e24485cea50d1cbac27 -> 
  custom:video-decoder-webm-vp8: 9c59270c3fd7afecdb556c50c9e8de78 -> 
  custom:audio-decoder-ogg-vorbis: bf7c407c2cedff20999df2af8eb42d56 -> 
========================================================================
Received Import Request.
  Time since last request: 966214.596617 seconds.
  path: Assets/ExampleAssets/Materials/Grid.mat
  artifactKey: Guid(3f9336a53d1d2ea43895699cc52cb411) Importer(815301076,1909f56bfc062723c751e8b465ee728b)
Start importing Assets/ExampleAssets/Materials/Grid.mat using Guid(3f9336a53d1d2ea43895699cc52cb411) Importer(815301076,1909f56bfc062723c751e8b465ee728b)  -> (artifact id: 'f7939e00e6c5f4fa5c6a7afb15c61714') in 0.110429 seconds 
========================================================================
Received Import Request.
  Time since last request: 2.412539 seconds.
  path: Assets/ExampleAssets/Prefabs/XRControllerRight.prefab
  artifactKey: Guid(1f4d373a613d0466fbd8849470265852) Importer(815301076,1909f56bfc062723c751e8b465ee728b)
Start importing Assets/ExampleAssets/Prefabs/XRControllerRight.prefab using Guid(1f4d373a613d0466fbd8849470265852) Importer(815301076,1909f56bfc062723c751e8b465ee728b)  -> (artifact id: 'a98ab3caf876eaa74e03988a877ee008') in 0.042598 seconds 
========================================================================
Received Import Request.
  Time since last request: 20.931913 seconds.
  path: Assets/Lowpoly Flowers/flower02.fbx
  artifactKey: Guid(41ba2a6f1d128f94eba95e5213a81254) Importer(815301076,1909f56bfc062723c751e8b465ee728b)
Start importing Assets/Lowpoly Flowers/flower02.fbx using Guid(41ba2a6f1d128f94eba95e5213a81254) Importer(815301076,1909f56bfc062723c751e8b465ee728b)  -> (artifact id: 'b62b2dabe9421b3d78e4d2a45ff34dc7') in 0.073073 seconds 
========================================================================
Received Import Request.
  Time since last request: 0.000024 seconds.
  path: Assets/Lowpoly Flowers/flower06.fbx
  artifactKey: Guid(ab34fd65b601dab41915f4e874408d28) Importer(815301076,1909f56bfc062723c751e8b465ee728b)
Start importing Assets/Lowpoly Flowers/flower06.fbx using Guid(ab34fd65b601dab41915f4e874408d28) Importer(815301076,1909f56bfc062723c751e8b465ee728b)  -> (artifact id: '47860b33a12c87585918e247196dce76') in 0.180838 seconds 
========================================================================
Received Import Request.
  Time since last request: 0.000035 seconds.
  path: Assets/Lowpoly Flowers/flower04.fbx
  artifactKey: Guid(821158ae724ce854e920539f935295b8) Importer(815301076,1909f56bfc062723c751e8b465ee728b)
Start importing Assets/Lowpoly Flowers/flower04.fbx using Guid(821158ae724ce854e920539f935295b8) Importer(815301076,1909f56bfc062723c751e8b465ee728b)  -> (artifact id: '93b4ce8d03931e4dcb1a43a881547513') in 0.045762 seconds 
========================================================================
Received Import Request.
  Time since last request: 208.624611 seconds.
  path: Assets/LowPolyPack/FreeLowPolyPack/Models/Rock Type2 04.dae
  artifactKey: Guid(19497d68b37d2594fb3e269601d333be) Importer(815301076,1909f56bfc062723c751e8b465ee728b)
Start importing Assets/LowPolyPack/FreeLowPolyPack/Models/Rock Type2 04.dae using Guid(19497d68b37d2594fb3e269601d333be) Importer(815301076,1909f56bfc062723c751e8b465ee728b)  -> (artifact id: 'ceddad2e0ebda2018f5a94619958d28f') in 0.024871 seconds 
========================================================================
Received Import Request.
  Time since last request: 0.000055 seconds.
  path: Assets/LowPolyPack/FreeLowPolyPack/Models/Tree Type1 04.dae
  artifactKey: Guid(0ddb82da3485fac4dbfe187acb70a610) Importer(815301076,1909f56bfc062723c751e8b465ee728b)
Start importing Assets/LowPolyPack/FreeLowPolyPack/Models/Tree Type1 04.dae using Guid(0ddb82da3485fac4dbfe187acb70a610) Importer(815301076,1909f56bfc062723c751e8b465ee728b)  -> (artifact id: '245520bd1137c4c11a60f294bf259b03') in 0.021470 seconds 
========================================================================
Received Import Request.
  Time since last request: 0.000023 seconds.
  path: Assets/LowPolyPack/FreeLowPolyPack/Models/Tree Type3 04.dae
  artifactKey: Guid(f52689dc8ea801b46874ff4a4a6c328a) Importer(815301076,1909f56bfc062723c751e8b465ee728b)
Start importing Assets/LowPolyPack/FreeLowPolyPack/Models/Tree Type3 04.dae using Guid(f52689dc8ea801b46874ff4a4a6c328a) Importer(815301076,1909f56bfc062723c751e8b465ee728b)  -> (artifact id: '8288bc93250bb58c606366261555d7e0') in 0.020844 seconds 
========================================================================
Received Import Request.
  Time since last request: 2.034699 seconds.
  path: Assets/LowPolyPack/FreeLowPolyPack/Materials/Rocks.mat
  artifactKey: Guid(18ec5123ab1b37446998bf1b1228a0c0) Importer(815301076,1909f56bfc062723c751e8b465ee728b)
Start importing Assets/LowPolyPack/FreeLowPolyPack/Materials/Rocks.mat using Guid(18ec5123ab1b37446998bf1b1228a0c0) Importer(815301076,1909f56bfc062723c751e8b465ee728b)  -> (artifact id: '4407f31d64afa06bd42131016773ef61') in 0.016846 seconds 
========================================================================
Received Import Request.
  Time since last request: 0.000025 seconds.
  path: Assets/LowPolyPack/FreeLowPolyPack/Materials/Trees.mat
  artifactKey: Guid(fe3e3b8ebc1a32647b48b7ea88f534a8) Importer(815301076,1909f56bfc062723c751e8b465ee728b)
Start importing Assets/LowPolyPack/FreeLowPolyPack/Materials/Trees.mat using Guid(fe3e3b8ebc1a32647b48b7ea88f534a8) Importer(815301076,1909f56bfc062723c751e8b465ee728b)  -> (artifact id: '154e82b1e026dd125929ffb2996fa7f6') in 0.019595 seconds 
========================================================================
Received Import Request.
  Time since last request: 2.752498 seconds.
  path: Assets/LowPolyPack/FreeLowPolyPack/Prefabs/Rock Type2 04.prefab
  artifactKey: Guid(5578b82f17c954843901e8b68ca21dcc) Importer(815301076,1909f56bfc062723c751e8b465ee728b)
Start importing Assets/LowPolyPack/FreeLowPolyPack/Prefabs/Rock Type2 04.prefab using Guid(5578b82f17c954843901e8b68ca21dcc) Importer(815301076,1909f56bfc062723c751e8b465ee728b)  -> (artifact id: '0afdd4dbef1a39eb4878e019034f4414') in 0.017737 seconds 
========================================================================
Received Import Request.
  Time since last request: 0.000019 seconds.
  path: Assets/LowPolyPack/FreeLowPolyPack/Prefabs/Tree Type3 04.prefab
  artifactKey: Guid(7c5aafe3fe2c6ef4a9150f7f44653760) Importer(815301076,1909f56bfc062723c751e8b465ee728b)
Start importing Assets/LowPolyPack/FreeLowPolyPack/Prefabs/Tree Type3 04.prefab using Guid(7c5aafe3fe2c6ef4a9150f7f44653760) Importer(815301076,1909f56bfc062723c751e8b465ee728b)  -> (artifact id: '045e16642ff5b2e6fca4c55baf20ee16') in 0.021731 seconds 
========================================================================
Received Import Request.
  Time since last request: 144.417223 seconds.
  path: Assets/PolygonSciFiCity/Prefabs/Props/SM_Prop_Bench_01.prefab
  artifactKey: Guid(8883d0f3b814f294ab1cd0cd94cf1a1d) Importer(815301076,1909f56bfc062723c751e8b465ee728b)
Start importing Assets/PolygonSciFiCity/Prefabs/Props/SM_Prop_Bench_01.prefab using Guid(8883d0f3b814f294ab1cd0cd94cf1a1d) Importer(815301076,1909f56bfc062723c751e8b465ee728b)  -> (artifact id: 'b902d2e3bd529ccaf4b9c80576a79534') in 0.327896 seconds 
========================================================================
Received Import Request.
  Time since last request: 0.000034 seconds.
  path: Assets/PolygonCity/Models/Collisions/SM_Prop_ParkBench_01_Convex 1.asset
  artifactKey: Guid(32a3dde88e5aabe46a12bd13eae06e00) Importer(815301076,1909f56bfc062723c751e8b465ee728b)
Start importing Assets/PolygonCity/Models/Collisions/SM_Prop_ParkBench_01_Convex 1.asset using Guid(32a3dde88e5aabe46a12bd13eae06e00) Importer(815301076,1909f56bfc062723c751e8b465ee728b)  -> (artifact id: '9f53579258e5be0bcc7802a7b67026ab') in 0.054633 seconds 
========================================================================
Received Import Request.
  Time since last request: 0.000035 seconds.
  path: Assets/PolygonCity/Models/SM_Prop_ParkBench_01.fbx
  artifactKey: Guid(6080e80bbc45a324b832aec3f4cef3ad) Importer(815301076,1909f56bfc062723c751e8b465ee728b)
Start importing Assets/PolygonCity/Models/SM_Prop_ParkBench_01.fbx using Guid(6080e80bbc45a324b832aec3f4cef3ad) Importer(815301076,1909f56bfc062723c751e8b465ee728b)  -> (artifact id: 'c69b06475f70a660661ac0cca0933051') in 0.032869 seconds 
========================================================================
Received Import Request.
  Time since last request: 0.000024 seconds.
  path: Assets/PolygonCity/Models/Collisions/SM_Prop_ParkBench_01_Convex.asset
  artifactKey: Guid(c3f9188e63813304ead1e40891b3ebc2) Importer(815301076,1909f56bfc062723c751e8b465ee728b)
Start importing Assets/PolygonCity/Models/Collisions/SM_Prop_ParkBench_01_Convex.asset using Guid(c3f9188e63813304ead1e40891b3ebc2) Importer(815301076,1909f56bfc062723c751e8b465ee728b)  -> (artifact id: '04990ea8beab349b9756b61c61735802') in 0.028072 seconds 
========================================================================
Received Import Request.
  Time since last request: 236.783493 seconds.
  path: Assets/LowPolyPack/FreeLowPolyPack/Textures/Colorsheet Rock Grey.png
  artifactKey: Guid(6eb1476b439514548903a089becbf46a) Importer(815301076,1909f56bfc062723c751e8b465ee728b)
Start importing Assets/LowPolyPack/FreeLowPolyPack/Textures/Colorsheet Rock Grey.png using Guid(6eb1476b439514548903a089becbf46a) Importer(815301076,1909f56bfc062723c751e8b465ee728b)  -> (artifact id: '41a802a2abbb9e12a183a3fdd8a4697c') in 0.022186 seconds 
========================================================================
Received Import Request.
  Time since last request: 0.000021 seconds.
  path: Assets/LowPolyPack/FreeLowPolyPack/Textures/Occlusion Fence.png
  artifactKey: Guid(e6b815121a9ab9042a015f0766222deb) Importer(815301076,1909f56bfc062723c751e8b465ee728b)
Start importing Assets/LowPolyPack/FreeLowPolyPack/Textures/Occlusion Fence.png using Guid(e6b815121a9ab9042a015f0766222deb) Importer(815301076,1909f56bfc062723c751e8b465ee728b)  -> (artifact id: '70267bd0cdb5a56fa07d9a7e65dcbd6e') in 0.018933 seconds 
========================================================================
Received Import Request.
  Time since last request: 0.000020 seconds.
  path: Assets/LowPolyPack/FreeLowPolyPack/Textures/Colorsheet Tree Normal.png
  artifactKey: Guid(8ba8b94b5ab0c214fa2810a7df98a1a9) Importer(815301076,1909f56bfc062723c751e8b465ee728b)
Start importing Assets/LowPolyPack/FreeLowPolyPack/Textures/Colorsheet Tree Normal.png using Guid(8ba8b94b5ab0c214fa2810a7df98a1a9) Importer(815301076,1909f56bfc062723c751e8b465ee728b)  -> (artifact id: '26e7370ad6f3eebd9602acfa5e0b33cb') in 0.034104 seconds 
========================================================================
Received Import Request.
  Time since last request: 1497.143427 seconds.
  path: Packages/com.unity.inputsystem/InputSystem/Editor/Icons/Add Binding@2x.png
  artifactKey: Guid(bb5fa99d6e9434c9ebf101c956021ee1) Importer(815301076,1909f56bfc062723c751e8b465ee728b)
Start importing Packages/com.unity.inputsystem/InputSystem/Editor/Icons/Add Binding@2x.png using Guid(bb5fa99d6e9434c9ebf101c956021ee1) Importer(815301076,1909f56bfc062723c751e8b465ee728b)  -> (artifact id: '0da8592f028bb0355d780f96c4e8c933') in 0.019367 seconds 
========================================================================
Received Import Request.
  Time since last request: 0.000024 seconds.
  path: Packages/com.unity.inputsystem/InputSystem/Editor/Icons/Add Binding@4x.png
  artifactKey: Guid(862c5ca31844d4a6d9aa804af982ce65) Importer(815301076,1909f56bfc062723c751e8b465ee728b)
Start importing Packages/com.unity.inputsystem/InputSystem/Editor/Icons/Add Binding@4x.png using Guid(862c5ca31844d4a6d9aa804af982ce65) Importer(815301076,1909f56bfc062723c751e8b465ee728b)  -> (artifact id: '0b9970a48e678d059870d0ad46be2845') in 0.035449 seconds 
Editor requested this worker to shutdown with reason: Scaling down because of idle timeout
AssetImportWorker is now disconnected from the server
Process exiting
Exiting without the bug reporter. Application will terminate with return code 0