Using pre-set license
Built from '2021.3/staging' branch; Version is '2021.3.18f1 (3129e69bc0c7) revision 3221990'; Using compiler version '192829333'; Build Type 'Release'
OS: 'Windows 11  (10.0.22621) 64bit Core' Language: 'en' Physical Memory: 14188 MB
BatchMode: 1, IsHumanControllingUs: 0, StartBugReporterOnCrash: 0, Is64bit: 1, IsPro: 1

COMMAND LINE ARGUMENTS:
C:\Program Files\Unity\Hub\Editor\2021.3.18f1\Editor\Unity.exe
-adb2
-batchMode
-noUpm
-name
AssetImportWorker2
-projectPath
C:/Users/daang/Documents/CMGT/Year 2/Block 1/VR-Project/Hunting Whales VR V1
-logFile
Logs/AssetImportWorker2.log
-srvPort
53725
Successfully changed project path to: C:/Users/daang/Documents/CMGT/Year 2/Block 1/VR-Project/Hunting Whales VR V1
C:/Users/daang/Documents/CMGT/Year 2/Block 1/VR-Project/Hunting Whales VR V1
[UnityMemory] Configuration Parameters - Can be set up in boot.config
    "memorysetup-bucket-allocator-granularity=16"
    "memorysetup-bucket-allocator-bucket-count=8"
    "memorysetup-bucket-allocator-block-size=33554432"
    "memorysetup-bucket-allocator-block-count=8"
    "memorysetup-main-allocator-block-size=16777216"
    "memorysetup-thread-allocator-block-size=16777216"
    "memorysetup-gfx-main-allocator-block-size=16777216"
    "memorysetup-gfx-thread-allocator-block-size=16777216"
    "memorysetup-cache-allocator-block-size=4194304"
    "memorysetup-typetree-allocator-block-size=2097152"
    "memorysetup-profiler-bucket-allocator-granularity=16"
    "memorysetup-profiler-bucket-allocator-bucket-count=8"
    "memorysetup-profiler-bucket-allocator-block-size=33554432"
    "memorysetup-profiler-bucket-allocator-block-count=8"
    "memorysetup-profiler-allocator-block-size=16777216"
    "memorysetup-profiler-editor-allocator-block-size=1048576"
    "memorysetup-temp-allocator-size-main=16777216"
    "memorysetup-job-temp-allocator-block-size=2097152"
    "memorysetup-job-temp-allocator-block-size-background=1048576"
    "memorysetup-job-temp-allocator-reduction-small-platforms=262144"
    "memorysetup-temp-allocator-size-background-worker=32768"
    "memorysetup-temp-allocator-size-job-worker=262144"
    "memorysetup-temp-allocator-size-preload-manager=33554432"
    "memorysetup-temp-allocator-size-nav-mesh-worker=65536"
    "memorysetup-temp-allocator-size-audio-worker=65536"
    "memorysetup-temp-allocator-size-cloud-worker=32768"
    "memorysetup-temp-allocator-size-gi-baking-worker=262144"
    "memorysetup-temp-allocator-size-gfx=262144"
Player connection [22728] Host "[IP] 192.168.50.252 [Port] 0 [Flags] 2 [Guid] 367796091 [EditorId] 367796091 [Version] 1048832 [Id] WindowsEditor(7,Legion-D) [Debug] 1 [PackageName] WindowsEditor [ProjectName] Editor" joined multi-casting on [225.0.0.222:54997]...

Player connection [22728] Host "[IP] 192.168.50.252 [Port] 0 [Flags] 2 [Guid] 367796091 [EditorId] 367796091 [Version] 1048832 [Id] WindowsEditor(7,Legion-D) [Debug] 1 [PackageName] WindowsEditor [ProjectName] Editor" joined alternative multi-casting on [225.0.0.222:34997]...

Refreshing native plugins compatible for Editor in 175.90 ms, found 12 plugins.
Preloading 1 native plugins for Editor in 0.74 ms.
Initialize engine version: 2021.3.18f1 (3129e69bc0c7)
[Subsystems] Discovering subsystems at path C:/Program Files/Unity/Hub/Editor/2021.3.18f1/Editor/Data/Resources/UnitySubsystems
[Subsystems] Discovering subsystems at path C:/Users/daang/Documents/CMGT/Year 2/Block 1/VR-Project/Hunting Whales VR V1/Assets
GfxDevice: creating device client; threaded=0; jobified=0
Direct3D:
    Version:  Direct3D 11.0 [level 11.1]
    Renderer: NVIDIA GeForce RTX 3070 Laptop GPU (ID=0x24dd)
    Vendor:   NVIDIA
    VRAM:     8033 MB
    Driver:   31.0.15.3598
Initialize mono
Mono path[0] = 'C:/Program Files/Unity/Hub/Editor/2021.3.18f1/Editor/Data/Managed'
Mono path[1] = 'C:/Program Files/Unity/Hub/Editor/2021.3.18f1/Editor/Data/MonoBleedingEdge/lib/mono/unityjit-win32'
Mono config path = 'C:/Program Files/Unity/Hub/Editor/2021.3.18f1/Editor/Data/MonoBleedingEdge/etc'
Using monoOptions --debugger-agent=transport=dt_socket,embedding=1,server=y,suspend=n,address=127.0.0.1:56072
Begin MonoManager ReloadAssembly
Registering precompiled unity dll's ...
Register platform support module: C:/Program Files/Unity/Hub/Editor/2021.3.18f1/Editor/Data/PlaybackEngines/WebGLSupport/UnityEditor.WebGL.Extensions.dll
Register platform support module: C:/Program Files/Unity/Hub/Editor/2021.3.18f1/Editor/Data/PlaybackEngines/WindowsStandaloneSupport/UnityEditor.WindowsStandalone.Extensions.dll
Registered in 0.010395 seconds.
Native extension for WindowsStandalone target not found
Native extension for WebGL target not found
Refreshing native plugins compatible for Editor in 154.88 ms, found 12 plugins.
Preloading 1 native plugins for Editor in 0.11 ms.
Mono: successfully reloaded assembly
- Completed reload, in  0.929 seconds
Domain Reload Profiling:
	ReloadAssembly (930ms)
		BeginReloadAssembly (102ms)
			ExecutionOrderSort (0ms)
			DisableScriptedObjects (0ms)
			BackupInstance (0ms)
			ReleaseScriptingObjects (0ms)
			CreateAndSetChildDomain (1ms)
		EndReloadAssembly (670ms)
			LoadAssemblies (99ms)
			RebuildTransferFunctionScriptingTraits (0ms)
			SetupTypeCache (134ms)
			ReleaseScriptCaches (0ms)
			RebuildScriptCaches (37ms)
			SetupLoadedEditorAssemblies (421ms)
				LogAssemblyErrors (0ms)
				InitializePlatformSupportModulesInManaged (13ms)
				SetLoadedEditorAssemblies (0ms)
				RefreshPlugins (155ms)
				BeforeProcessingInitializeOnLoad (2ms)
				ProcessInitializeOnLoadAttributes (193ms)
				ProcessInitializeOnLoadMethodAttributes (58ms)
				AfterProcessingInitializeOnLoad (0ms)
				EditorAssembliesLoaded (0ms)
			ExecutionOrderSort2 (0ms)
			AwakeInstancesAfterBackupRestoration (0ms)
Platform modules already initialized, skipping
Registering precompiled user dll's ...
Registered in 0.014776 seconds.
Begin MonoManager ReloadAssembly
Symbol file LoadedFromMemory doesn't match image C:\Users\daang\Documents\CMGT\Year 2\Block 1\VR-Project\Hunting Whales VR V1\Library\PackageCache\com.unity.visualscripting@1.8.0\Editor\VisualScripting.Core\Dependencies\DotNetZip\Unity.VisualScripting.IonicZip.dll
Symbol file LoadedFromMemory doesn't match image C:\Users\daang\Documents\CMGT\Year 2\Block 1\VR-Project\Hunting Whales VR V1\Library\PackageCache\com.unity.visualscripting@1.8.0\Editor\VisualScripting.Core\Dependencies\YamlDotNet\Unity.VisualScripting.YamlDotNet.dll
Native extension for WindowsStandalone target not found
Native extension for WebGL target not found
Refreshing native plugins compatible for Editor in 153.93 ms, found 12 plugins.
Preloading 1 native plugins for Editor in 0.15 ms.
Package Manager log level set to [2]
System.Reflection.TargetInvocationException: Exception has been thrown by the target of an invocation. ---> System.NullReferenceException: Object reference not set to an instance of an object
  at Unity.XR.Oculus.OculusLoader.AssetPathToAbsolutePath (System.String assetPath) [0x0003d] in C:\Users\daang\Documents\CMGT\Year 2\Block 1\VR-Project\Hunting Whales VR V1\Library\PackageCache\com.unity.xr.oculus@3.2.3\Runtime\OculusLoader.cs:296 
  at Unity.XR.Oculus.OculusLoader.EditorLoadOVRPlugin () [0x0007b] in C:\Users\daang\Documents\CMGT\Year 2\Block 1\VR-Project\Hunting Whales VR V1\Library\PackageCache\com.unity.xr.oculus@3.2.3\Runtime\OculusLoader.cs:281 
  at (wrapper managed-to-native) System.Reflection.RuntimeMethodInfo.InternalInvoke(System.Reflection.RuntimeMethodInfo,object,object[],System.Exception&)
  at System.Reflection.RuntimeMethodInfo.Invoke (System.Object obj, System.Reflection.BindingFlags invokeAttr, System.Reflection.Binder binder, System.Object[] parameters, System.Globalization.CultureInfo culture) [0x0006a] in <1f66344f2f89470293d8b67d71308c07>:0 
   --- End of inner exception stack trace ---
  at System.Reflection.RuntimeMethodInfo.Invoke (System.Object obj, System.Reflection.BindingFlags invokeAttr, System.Reflection.Binder binder, System.Object[] parameters, System.Globalization.CultureInfo culture) [0x00083] in <1f66344f2f89470293d8b67d71308c07>:0 
  at System.Reflection.MethodBase.Invoke (System.Object obj, System.Object[] parameters) [0x00000] in <1f66344f2f89470293d8b67d71308c07>:0 
  at UnityEditor.EditorAssemblies.ProcessInitializeOnLoadMethodAttributes () [0x000a5] in <42a64fd733d9417da1ea3a757ad9a96d>:0 
UnityEngine.StackTraceUtility:ExtractStackTrace ()
UnityEngine.DebugLogHandler:LogFormat (UnityEngine.LogType,UnityEngine.Object,string,object[])
UnityEngine.Logger:Log (UnityEngine.LogType,object)
UnityEngine.Debug:LogError (object)
UnityEditor.EditorAssemblies:ProcessInitializeOnLoadMethodAttributes ()

Mono: successfully reloaded assembly
- Completed reload, in  1.769 seconds
Domain Reload Profiling:
	ReloadAssembly (1771ms)
		BeginReloadAssembly (143ms)
			ExecutionOrderSort (0ms)
			DisableScriptedObjects (8ms)
			BackupInstance (0ms)
			ReleaseScriptingObjects (0ms)
			CreateAndSetChildDomain (26ms)
		EndReloadAssembly (1473ms)
			LoadAssemblies (114ms)
			RebuildTransferFunctionScriptingTraits (0ms)
			SetupTypeCache (347ms)
			ReleaseScriptCaches (1ms)
			RebuildScriptCaches (78ms)
			SetupLoadedEditorAssemblies (856ms)
				LogAssemblyErrors (0ms)
				InitializePlatformSupportModulesInManaged (9ms)
				SetLoadedEditorAssemblies (0ms)
				RefreshPlugins (154ms)
				BeforeProcessingInitializeOnLoad (152ms)
				ProcessInitializeOnLoadAttributes (461ms)
				ProcessInitializeOnLoadMethodAttributes (67ms)
				AfterProcessingInitializeOnLoad (11ms)
				EditorAssembliesLoaded (0ms)
			ExecutionOrderSort2 (0ms)
			AwakeInstancesAfterBackupRestoration (9ms)
Platform modules already initialized, skipping
========================================================================
Worker process is ready to serve import requests
Launched and connected shader compiler UnityShaderCompiler.exe after 0.06 seconds
Refreshing native plugins compatible for Editor in 1.59 ms, found 12 plugins.
Preloading 1 native plugins for Editor in 0.13 ms.
Unloading 4424 Unused Serialized files (Serialized files now loaded: 0)
Unloading 50 unused Assets / (59.0 KB). Loaded Objects now: 4895.
Memory consumption went from 165.5 MB to 165.5 MB.
Total: 5.467600 ms (FindLiveObjects: 0.451700 ms CreateObjectMapping: 0.269600 ms MarkObjects: 4.591800 ms  DeleteObjects: 0.153100 ms)

AssetImportParameters requested are different than current active one (requested -> active):
  custom:video-decoder-ogg-theora: a1e56fd34408186e4bbccfd4996cb3dc -> 
  custom:container-muxer-webm: aa71ff27fc2769a1b78a27578f13a17b -> 
  custom:container-demuxer-webm: 4f35f7cbe854078d1ac9338744f61a02 -> 
  custom:video-encoder-webm-vp8: eb34c28f22e8b96e1ab97ce403110664 -> 
  custom:video-codec-MediaFoundation-h265: 746d11721c4dcdbdad8f713fa42b33f4 -> 
  custom:audio-encoder-webm-vorbis: bf7c407c2cedff20999df2af8eb42d56 -> 
  custom:framework-win-MediaFoundation: 216162199b28c13a410421893ffa2e32 -> 
  custom:container-demuxer-ogg: 62fdf1f143b41e24485cea50d1cbac27 -> 
  custom:video-decoder-webm-vp8: 9c59270c3fd7afecdb556c50c9e8de78 -> 
  custom:audio-decoder-ogg-vorbis: bf7c407c2cedff20999df2af8eb42d56 -> 
========================================================================
Received Import Request.
  Time since last request: 169037.956437 seconds.
  path: Assets/SpawnRoom/Future/FutureDivider/FutureDivider.mat
  artifactKey: Guid(63011dea96e7afd4fa1a351a0df7a387) Importer(815301076,1909f56bfc062723c751e8b465ee728b)
Start importing Assets/SpawnRoom/Future/FutureDivider/FutureDivider.mat using Guid(63011dea96e7afd4fa1a351a0df7a387) Importer(815301076,1909f56bfc062723c751e8b465ee728b)  -> (artifact id: '58e4781cdc3f7c1ea5caf28a04cdf8dd') in 0.164326 seconds 
========================================================================
Received Import Request.
  Time since last request: 28.657463 seconds.
  path: Assets/SpawnRoom/Future/FutureDivider/FutureDivider_DefaultMaterial_Normal.png
  artifactKey: Guid(a0f432761e0b2c446ac6b721b20c42c8) Importer(815301076,1909f56bfc062723c751e8b465ee728b)
Start importing Assets/SpawnRoom/Future/FutureDivider/FutureDivider_DefaultMaterial_Normal.png using Guid(a0f432761e0b2c446ac6b721b20c42c8) Importer(815301076,1909f56bfc062723c751e8b465ee728b)  -> (artifact id: '6cad516b1bbd02a18fc8ea8954879fe3') in 0.041919 seconds 
========================================================================
Received Import Request.
  Time since last request: 13.082173 seconds.
  path: Assets/SpawnRoom/Future/FutureDivider/Future_Divider.prefab
  artifactKey: Guid(070bdcad9c83eb04cb201f35e709a9e2) Importer(815301076,1909f56bfc062723c751e8b465ee728b)
Start importing Assets/SpawnRoom/Future/FutureDivider/Future_Divider.prefab using Guid(070bdcad9c83eb04cb201f35e709a9e2) Importer(815301076,1909f56bfc062723c751e8b465ee728b)  -> (artifact id: 'b37b9d31e35471aadf4db03c00a87b7e') in 0.020657 seconds 
========================================================================
Received Import Request.
  Time since last request: 3.044663 seconds.
  path: Assets/SpawnRoom/Future/FutureDivider/Future_Divider.prefab
  artifactKey: Guid(070bdcad9c83eb04cb201f35e709a9e2) Importer(815301076,1909f56bfc062723c751e8b465ee728b)
Start importing Assets/SpawnRoom/Future/FutureDivider/Future_Divider.prefab using Guid(070bdcad9c83eb04cb201f35e709a9e2) Importer(815301076,1909f56bfc062723c751e8b465ee728b)  -> (artifact id: 'ca0ca8aca8a96285ab9c546f32205434') in 0.027883 seconds 
========================================================================
Received Import Request.
  Time since last request: 1.905279 seconds.
  path: Assets/SpawnRoom/Future/FutureDivider/Future_Divider.prefab
  artifactKey: Guid(070bdcad9c83eb04cb201f35e709a9e2) Importer(815301076,1909f56bfc062723c751e8b465ee728b)
Start importing Assets/SpawnRoom/Future/FutureDivider/Future_Divider.prefab using Guid(070bdcad9c83eb04cb201f35e709a9e2) Importer(815301076,1909f56bfc062723c751e8b465ee728b)  -> (artifact id: 'c71ce74ac67d58de126687147513f407') in 0.011816 seconds 
========================================================================
Received Import Request.
  Time since last request: 1.869281 seconds.
  path: Assets/SpawnRoom/Future/FutureDivider/Future_Divider.prefab
  artifactKey: Guid(070bdcad9c83eb04cb201f35e709a9e2) Importer(815301076,1909f56bfc062723c751e8b465ee728b)
Start importing Assets/SpawnRoom/Future/FutureDivider/Future_Divider.prefab using Guid(070bdcad9c83eb04cb201f35e709a9e2) Importer(815301076,1909f56bfc062723c751e8b465ee728b)  -> (artifact id: '9eb65d29f2e0817a3d3d39dd3237196e') in 0.009473 seconds 
========================================================================
Received Import Request.
  Time since last request: 157.485892 seconds.
  path: Assets/SpawnRoom/Future/FutureDivider/Glass.mat
  artifactKey: Guid(4732697350c43c64ca0cbd5e23f9b068) Importer(815301076,1909f56bfc062723c751e8b465ee728b)
Start importing Assets/SpawnRoom/Future/FutureDivider/Glass.mat using Guid(4732697350c43c64ca0cbd5e23f9b068) Importer(815301076,1909f56bfc062723c751e8b465ee728b)  -> (artifact id: '9383275188454ce54734613c9b2a396c') in 0.020111 seconds 
========================================================================
Received Import Request.
  Time since last request: 31.778817 seconds.
  path: Assets/SpawnRoom/Future/FutureDivider/Future_Divider.prefab
  artifactKey: Guid(070bdcad9c83eb04cb201f35e709a9e2) Importer(815301076,1909f56bfc062723c751e8b465ee728b)
Start importing Assets/SpawnRoom/Future/FutureDivider/Future_Divider.prefab using Guid(070bdcad9c83eb04cb201f35e709a9e2) Importer(815301076,1909f56bfc062723c751e8b465ee728b)  -> (artifact id: '14cb88fe1043b126e3cf5aa26719d3fb') in 0.012802 seconds 
========================================================================
Received Import Request.
  Time since last request: 409.381608 seconds.
  path: Assets/SpawnRoom/Future/FutureDivider/Future_Divider.prefab
  artifactKey: Guid(070bdcad9c83eb04cb201f35e709a9e2) Importer(815301076,1909f56bfc062723c751e8b465ee728b)
Start importing Assets/SpawnRoom/Future/FutureDivider/Future_Divider.prefab using Guid(070bdcad9c83eb04cb201f35e709a9e2) Importer(815301076,1909f56bfc062723c751e8b465ee728b)  -> (artifact id: '7b50cbbd896668200b71c548da7e37d2') in 0.007984 seconds 
========================================================================
Received Import Request.
  Time since last request: 23.007012 seconds.
  path: Assets/SpawnRoom/Future/FutureDivider/FutureDivider.fbx
  artifactKey: Guid(f28c2732951631c40828b794ff012e2e) Importer(815301076,1909f56bfc062723c751e8b465ee728b)
Start importing Assets/SpawnRoom/Future/FutureDivider/FutureDivider.fbx using Guid(f28c2732951631c40828b794ff012e2e) Importer(815301076,1909f56bfc062723c751e8b465ee728b)  -> (artifact id: '63b0c2a7407be27c15b56d018fa561b1') in 0.057533 seconds 
========================================================================
Received Import Request.
  Time since last request: 14.315051 seconds.
  path: Assets/SpawnRoom/Future/FutureDivider/FutureDivider.prefab
  artifactKey: Guid(deefa193c7e36d04d813efc913bed7ae) Importer(815301076,1909f56bfc062723c751e8b465ee728b)
Start importing Assets/SpawnRoom/Future/FutureDivider/FutureDivider.prefab using Guid(deefa193c7e36d04d813efc913bed7ae) Importer(815301076,1909f56bfc062723c751e8b465ee728b)  -> (artifact id: '9cb37ba9501cd7ab74dac501e3ab16d1') in 0.004903 seconds 
========================================================================
Received Import Request.
  Time since last request: 11.656270 seconds.
  path: Assets/SpawnRoom/Future/FutureDivider/FutureDivider.prefab
  artifactKey: Guid(deefa193c7e36d04d813efc913bed7ae) Importer(815301076,1909f56bfc062723c751e8b465ee728b)
Start importing Assets/SpawnRoom/Future/FutureDivider/FutureDivider.prefab using Guid(deefa193c7e36d04d813efc913bed7ae) Importer(815301076,1909f56bfc062723c751e8b465ee728b)  -> (artifact id: '6990243613a2c325e2d437cd03289986') in 0.019986 seconds 
========================================================================
Received Import Request.
  Time since last request: 2.897887 seconds.
  path: Assets/SpawnRoom/Future/FutureDivider/FutureDivider.prefab
  artifactKey: Guid(deefa193c7e36d04d813efc913bed7ae) Importer(815301076,1909f56bfc062723c751e8b465ee728b)
Start importing Assets/SpawnRoom/Future/FutureDivider/FutureDivider.prefab using Guid(deefa193c7e36d04d813efc913bed7ae) Importer(815301076,1909f56bfc062723c751e8b465ee728b)  -> (artifact id: '201bd7d379775b28df8a88252053e5b5') in 0.023466 seconds 
========================================================================
Received Import Request.
  Time since last request: 22.460951 seconds.
  path: Assets/SpawnRoom/Future/FutureDivider/Materials
  artifactKey: Guid(55e2b067a982eb349948da391ab2cae9) Importer(815301076,1909f56bfc062723c751e8b465ee728b)
Start importing Assets/SpawnRoom/Future/FutureDivider/Materials using Guid(55e2b067a982eb349948da391ab2cae9) Importer(815301076,1909f56bfc062723c751e8b465ee728b)  -> (artifact id: 'fba10db5cd4bbb78b980218a0a6f4a25') in 0.009439 seconds 
========================================================================
Received Import Request.
  Time since last request: 0.143224 seconds.
  path: Assets/SpawnRoom/Future/FutureDivider/Materials/FutureDivider_DefaultMaterial_BaseColor.mat
  artifactKey: Guid(45346ea6016a5e9468ba541fbdf7f6d7) Importer(815301076,1909f56bfc062723c751e8b465ee728b)
Start importing Assets/SpawnRoom/Future/FutureDivider/Materials/FutureDivider_DefaultMaterial_BaseColor.mat using Guid(45346ea6016a5e9468ba541fbdf7f6d7) Importer(815301076,1909f56bfc062723c751e8b465ee728b)  -> (artifact id: 'b38c3f134ab926945dc896dc6d506b26') in 0.021185 seconds 
========================================================================
Received Import Request.
  Time since last request: 360.035434 seconds.
  path: Assets/SpawnRoom/Future/FutureDivider/FutureDivider_Material_BaseColor.png
  artifactKey: Guid(95d0e25f5a5915141940497274980166) Importer(815301076,1909f56bfc062723c751e8b465ee728b)
Start importing Assets/SpawnRoom/Future/FutureDivider/FutureDivider_Material_BaseColor.png using Guid(95d0e25f5a5915141940497274980166) Importer(815301076,1909f56bfc062723c751e8b465ee728b)  -> (artifact id: '23b5c3c5e1ef4267849129f98801558b') in 0.051580 seconds 
========================================================================
Received Import Request.
  Time since last request: 0.000042 seconds.
  path: Assets/SpawnRoom/Future/FutureDivider/FutureDivider_Material_Normal.png
  artifactKey: Guid(dd1fb176a7f2b534d8ca8a13af36b721) Importer(815301076,1909f56bfc062723c751e8b465ee728b)
Start importing Assets/SpawnRoom/Future/FutureDivider/FutureDivider_Material_Normal.png using Guid(dd1fb176a7f2b534d8ca8a13af36b721) Importer(815301076,1909f56bfc062723c751e8b465ee728b)  -> (artifact id: 'b82e13b35c5f2840f96aa646dbf2bf96') in 0.025386 seconds 
========================================================================
Received Import Request.
  Time since last request: 0.000053 seconds.
  path: Assets/SpawnRoom/Future/FutureDivider/FutureDivider_Material_Roughness.png
  artifactKey: Guid(5aee47cc413212f4aae5ae9b5493bad4) Importer(815301076,1909f56bfc062723c751e8b465ee728b)
Start importing Assets/SpawnRoom/Future/FutureDivider/FutureDivider_Material_Roughness.png using Guid(5aee47cc413212f4aae5ae9b5493bad4) Importer(815301076,1909f56bfc062723c751e8b465ee728b)  -> (artifact id: 'b8918b2cbf90c8a9aa9e536b452f66fb') in 0.027250 seconds 
========================================================================
Received Import Request.
  Time since last request: 22.055352 seconds.
  path: Assets/SpawnRoom/Future/FutureDivider/DividerGlass.mat
  artifactKey: Guid(daf598d94ff389b4a9e715d93a51432e) Importer(815301076,1909f56bfc062723c751e8b465ee728b)
Start importing Assets/SpawnRoom/Future/FutureDivider/DividerGlass.mat using Guid(daf598d94ff389b4a9e715d93a51432e) Importer(815301076,1909f56bfc062723c751e8b465ee728b)  -> (artifact id: 'fef24fd1500cc6e1ed9369292ec9b8b4') in 0.020223 seconds 
========================================================================
Received Import Request.
  Time since last request: 44.467906 seconds.
  path: Assets/SpawnRoom/Future/FutureDivider/Future_Divider.prefab
  artifactKey: Guid(070bdcad9c83eb04cb201f35e709a9e2) Importer(815301076,1909f56bfc062723c751e8b465ee728b)
Start importing Assets/SpawnRoom/Future/FutureDivider/Future_Divider.prefab using Guid(070bdcad9c83eb04cb201f35e709a9e2) Importer(815301076,1909f56bfc062723c751e8b465ee728b)  -> (artifact id: '5cd63f1c62c12764ab910b85a53b3e51') in 0.004987 seconds 
========================================================================
Received Import Request.
  Time since last request: 4.141292 seconds.
  path: Assets/SpawnRoom/Future/FutureDivider/Future_Divider.prefab
  artifactKey: Guid(070bdcad9c83eb04cb201f35e709a9e2) Importer(815301076,1909f56bfc062723c751e8b465ee728b)
Start importing Assets/SpawnRoom/Future/FutureDivider/Future_Divider.prefab using Guid(070bdcad9c83eb04cb201f35e709a9e2) Importer(815301076,1909f56bfc062723c751e8b465ee728b)  -> (artifact id: '8bd445d6f65430159ab8c009e150e19d') in 0.017039 seconds 
========================================================================
Received Import Request.
  Time since last request: 2.487484 seconds.
  path: Assets/SpawnRoom/Future/FutureDivider/Future_Divider.prefab
  artifactKey: Guid(070bdcad9c83eb04cb201f35e709a9e2) Importer(815301076,1909f56bfc062723c751e8b465ee728b)
Start importing Assets/SpawnRoom/Future/FutureDivider/Future_Divider.prefab using Guid(070bdcad9c83eb04cb201f35e709a9e2) Importer(815301076,1909f56bfc062723c751e8b465ee728b)  -> (artifact id: '5b843daa0ba3f3dd589c325bf06e8f99') in 0.017191 seconds 
========================================================================
Received Import Request.
  Time since last request: 7.748835 seconds.
  path: Assets/SpawnRoom/Future/FutureDivider/Future_Divider.prefab
  artifactKey: Guid(070bdcad9c83eb04cb201f35e709a9e2) Importer(815301076,1909f56bfc062723c751e8b465ee728b)
Start importing Assets/SpawnRoom/Future/FutureDivider/Future_Divider.prefab using Guid(070bdcad9c83eb04cb201f35e709a9e2) Importer(815301076,1909f56bfc062723c751e8b465ee728b)  -> (artifact id: '933cba26bdea77fc1acf7f85f7e1d7c4') in 0.019268 seconds 
========================================================================
Received Import Request.
  Time since last request: 25.492811 seconds.
  path: Assets/SpawnRoom/Future/FutureDivider/Future_Divider.prefab
  artifactKey: Guid(070bdcad9c83eb04cb201f35e709a9e2) Importer(815301076,1909f56bfc062723c751e8b465ee728b)
Start importing Assets/SpawnRoom/Future/FutureDivider/Future_Divider.prefab using Guid(070bdcad9c83eb04cb201f35e709a9e2) Importer(815301076,1909f56bfc062723c751e8b465ee728b)  -> (artifact id: 'cb636362cd7c0e9c351e5fbc2147c82f') in 0.023249 seconds 
========================================================================
Received Import Request.
  Time since last request: 245.260747 seconds.
  path: Assets/SpawnRoom/Past
  artifactKey: Guid(ce9c9a7970480ff4ebc3e448cab9a515) Importer(815301076,1909f56bfc062723c751e8b465ee728b)
Start importing Assets/SpawnRoom/Past using Guid(ce9c9a7970480ff4ebc3e448cab9a515) Importer(815301076,1909f56bfc062723c751e8b465ee728b)  -> (artifact id: 'a175ecff0ac5b44b1bc143da3665c328') in 0.008865 seconds 
========================================================================
Received Import Request.
  Time since last request: 26.475045 seconds.
  path: Assets/SpawnRoom/Past/PastDivider
  artifactKey: Guid(42e755aa1e07c7544aea6064be97ef18) Importer(815301076,1909f56bfc062723c751e8b465ee728b)
Start importing Assets/SpawnRoom/Past/PastDivider using Guid(42e755aa1e07c7544aea6064be97ef18) Importer(815301076,1909f56bfc062723c751e8b465ee728b)  -> (artifact id: '21a261934757dc1ba28b0c69650eb09a') in 0.009458 seconds 
========================================================================
Received Import Request.
  Time since last request: 0.148908 seconds.
  path: Assets/SpawnRoom/Past/PastDivider/PastDivider.fbx
  artifactKey: Guid(f905adb900e241b4e928b514af510d27) Importer(815301076,1909f56bfc062723c751e8b465ee728b)
Start importing Assets/SpawnRoom/Past/PastDivider/PastDivider.fbx using Guid(f905adb900e241b4e928b514af510d27) Importer(815301076,1909f56bfc062723c751e8b465ee728b)  -> (artifact id: '55618da1e269b642ede0fbdc836fb339') in 0.029927 seconds 
========================================================================
Received Import Request.
  Time since last request: 0.000033 seconds.
  path: Assets/SpawnRoom/Past/PastDivider/PastDivider_DefaultMaterial_Normal.png
  artifactKey: Guid(3bcc7d98b06e1b8449392ea0330ace90) Importer(815301076,1909f56bfc062723c751e8b465ee728b)
Start importing Assets/SpawnRoom/Past/PastDivider/PastDivider_DefaultMaterial_Normal.png using Guid(3bcc7d98b06e1b8449392ea0330ace90) Importer(815301076,1909f56bfc062723c751e8b465ee728b)  -> (artifact id: 'bbd114f66fc6ac5728f946f906d4336d') in 0.022124 seconds 
========================================================================
Received Import Request.
  Time since last request: 0.000057 seconds.
  path: Assets/SpawnRoom/Past/PastDivider/PastDivider_DefaultMaterial_Metallic.png
  artifactKey: Guid(e6b5b17af55df5e478c7f2ac46f3616b) Importer(815301076,1909f56bfc062723c751e8b465ee728b)
Start importing Assets/SpawnRoom/Past/PastDivider/PastDivider_DefaultMaterial_Metallic.png using Guid(e6b5b17af55df5e478c7f2ac46f3616b) Importer(815301076,1909f56bfc062723c751e8b465ee728b)  -> (artifact id: '4d81e0fbfc46d0cca31b799e27f5b1bf') in 0.025075 seconds 
========================================================================
Received Import Request.
  Time since last request: 0.000042 seconds.
  path: Assets/SpawnRoom/Past/PastDivider/PastDivider_DefaultMaterial_Emissive.png
  artifactKey: Guid(cd2643631f42c114dbe6f5512687b281) Importer(815301076,1909f56bfc062723c751e8b465ee728b)
Start importing Assets/SpawnRoom/Past/PastDivider/PastDivider_DefaultMaterial_Emissive.png using Guid(cd2643631f42c114dbe6f5512687b281) Importer(815301076,1909f56bfc062723c751e8b465ee728b)  -> (artifact id: 'c951ebc5b6503e961ad6ef0d5ae2050e') in 0.022647 seconds 
========================================================================
Received Import Request.
  Time since last request: 0.000061 seconds.
  path: Assets/SpawnRoom/Past/PastDivider/PastDivider_DefaultMaterial_Height.png
  artifactKey: Guid(85dce0324f514e548a472237bacc8e22) Importer(815301076,1909f56bfc062723c751e8b465ee728b)
Start importing Assets/SpawnRoom/Past/PastDivider/PastDivider_DefaultMaterial_Height.png using Guid(85dce0324f514e548a472237bacc8e22) Importer(815301076,1909f56bfc062723c751e8b465ee728b)  -> (artifact id: '1aa9d441d368be035cf75ab6be32e51a') in 0.022752 seconds 
Editor requested this worker to shutdown with reason: Scaling down because of idle timeout
AssetImportWorkerClient::OnTransportError - code=2 error=End of file
AssetImportWorker is now disconnected from the server
Process exiting
Exiting without the bug reporter. Application will terminate with return code 0