Using pre-set license
Built from '2021.3/staging' branch; Version is '2021.3.18f1 (3129e69bc0c7) revision 3221990'; Using compiler version '192829333'; Build Type 'Release'
OS: 'Windows 10  (10.0.19045) 64bit Professional' Language: 'en' Physical Memory: 32620 MB
BatchMode: 1, IsHumanControllingUs: 0, StartBugReporterOnCrash: 0, Is64bit: 1, IsPro: 1

COMMAND LINE ARGUMENTS:
E:\Unity Editor\2021.3.18f1\Editor\Unity.exe
-adb2
-batchMode
-noUpm
-name
AssetImportWorker6
-projectPath
C:/Users/samra/Documents/GitHub/VR-Project/Hunting Whales VR V1
-logFile
Logs/AssetImportWorker6.log
-srvPort
63106
Successfully changed project path to: C:/Users/samra/Documents/GitHub/VR-Project/Hunting Whales VR V1
C:/Users/samra/Documents/GitHub/VR-Project/Hunting Whales VR V1
[UnityMemory] Configuration Parameters - Can be set up in boot.config
    "memorysetup-bucket-allocator-granularity=16"
    "memorysetup-bucket-allocator-bucket-count=8"
    "memorysetup-bucket-allocator-block-size=33554432"
    "memorysetup-bucket-allocator-block-count=8"
    "memorysetup-main-allocator-block-size=16777216"
    "memorysetup-thread-allocator-block-size=16777216"
    "memorysetup-gfx-main-allocator-block-size=16777216"
    "memorysetup-gfx-thread-allocator-block-size=16777216"
    "memorysetup-cache-allocator-block-size=4194304"
    "memorysetup-typetree-allocator-block-size=2097152"
    "memorysetup-profiler-bucket-allocator-granularity=16"
    "memorysetup-profiler-bucket-allocator-bucket-count=8"
    "memorysetup-profiler-bucket-allocator-block-size=33554432"
    "memorysetup-profiler-bucket-allocator-block-count=8"
    "memorysetup-profiler-allocator-block-size=16777216"
    "memorysetup-profiler-editor-allocator-block-size=1048576"
    "memorysetup-temp-allocator-size-main=16777216"
    "memorysetup-job-temp-allocator-block-size=2097152"
    "memorysetup-job-temp-allocator-block-size-background=1048576"
    "memorysetup-job-temp-allocator-reduction-small-platforms=262144"
    "memorysetup-temp-allocator-size-background-worker=32768"
    "memorysetup-temp-allocator-size-job-worker=262144"
    "memorysetup-temp-allocator-size-preload-manager=33554432"
    "memorysetup-temp-allocator-size-nav-mesh-worker=65536"
    "memorysetup-temp-allocator-size-audio-worker=65536"
    "memorysetup-temp-allocator-size-cloud-worker=32768"
    "memorysetup-temp-allocator-size-gi-baking-worker=262144"
    "memorysetup-temp-allocator-size-gfx=262144"
Player connection [35844] Host "[IP] 25.16.200.250 [Port] 0 [Flags] 2 [Guid] 4085071723 [EditorId] 4085071723 [Version] 1048832 [Id] WindowsEditor(7,Rocketship-77) [Debug] 1 [PackageName] WindowsEditor [ProjectName] Editor" joined multi-casting on [225.0.0.222:54997]...

Player connection [35844] Host "[IP] 25.16.200.250 [Port] 0 [Flags] 2 [Guid] 4085071723 [EditorId] 4085071723 [Version] 1048832 [Id] WindowsEditor(7,Rocketship-77) [Debug] 1 [PackageName] WindowsEditor [ProjectName] Editor" joined alternative multi-casting on [225.0.0.222:34997]...

Refreshing native plugins compatible for Editor in 154.86 ms, found 12 plugins.
Preloading 1 native plugins for Editor in 0.99 ms.
Initialize engine version: 2021.3.18f1 (3129e69bc0c7)
[Subsystems] Discovering subsystems at path E:/Unity Editor/2021.3.18f1/Editor/Data/Resources/UnitySubsystems
[Subsystems] Discovering subsystems at path C:/Users/samra/Documents/GitHub/VR-Project/Hunting Whales VR V1/Assets
GfxDevice: creating device client; threaded=0; jobified=0
Direct3D:
    Version:  Direct3D 11.0 [level 11.1]
    Renderer: NVIDIA GeForce RTX 3080 Laptop GPU (ID=0x24dc)
    Vendor:   NVIDIA
    VRAM:     16191 MB
    Driver:   31.0.15.3179
Initialize mono
Mono path[0] = 'E:/Unity Editor/2021.3.18f1/Editor/Data/Managed'
Mono path[1] = 'E:/Unity Editor/2021.3.18f1/Editor/Data/MonoBleedingEdge/lib/mono/unityjit-win32'
Mono config path = 'E:/Unity Editor/2021.3.18f1/Editor/Data/MonoBleedingEdge/etc'
Using monoOptions --debugger-agent=transport=dt_socket,embedding=1,server=y,suspend=n,address=127.0.0.1:56240
Begin MonoManager ReloadAssembly
Registering precompiled unity dll's ...
Register platform support module: E:/Unity Editor/2021.3.18f1/Editor/Data/PlaybackEngines/AndroidPlayer/UnityEditor.Android.Extensions.dll
Register platform support module: E:/Unity Editor/2021.3.18f1/Editor/Data/PlaybackEngines/WindowsStandaloneSupport/UnityEditor.WindowsStandalone.Extensions.dll
Registered in 0.004271 seconds.
Native extension for WindowsStandalone target not found
Native extension for Android target not found
Android Extension - Scanning For ADB Devices 434 ms
Refreshing native plugins compatible for Editor in 127.64 ms, found 12 plugins.
Preloading 1 native plugins for Editor in 0.13 ms.
Mono: successfully reloaded assembly
- Completed reload, in  1.323 seconds
Domain Reload Profiling:
	ReloadAssembly (1324ms)
		BeginReloadAssembly (72ms)
			ExecutionOrderSort (0ms)
			DisableScriptedObjects (0ms)
			BackupInstance (0ms)
			ReleaseScriptingObjects (0ms)
			CreateAndSetChildDomain (1ms)
		EndReloadAssembly (1140ms)
			LoadAssemblies (71ms)
			RebuildTransferFunctionScriptingTraits (0ms)
			SetupTypeCache (118ms)
			ReleaseScriptCaches (0ms)
			RebuildScriptCaches (57ms)
			SetupLoadedEditorAssemblies (843ms)
				LogAssemblyErrors (0ms)
				InitializePlatformSupportModulesInManaged (559ms)
				SetLoadedEditorAssemblies (0ms)
				RefreshPlugins (128ms)
				BeforeProcessingInitializeOnLoad (2ms)
				ProcessInitializeOnLoadAttributes (107ms)
				ProcessInitializeOnLoadMethodAttributes (46ms)
				AfterProcessingInitializeOnLoad (0ms)
				EditorAssembliesLoaded (0ms)
			ExecutionOrderSort2 (0ms)
			AwakeInstancesAfterBackupRestoration (0ms)
Platform modules already initialized, skipping
Registering precompiled user dll's ...
Registered in 0.013838 seconds.
Begin MonoManager ReloadAssembly
Symbol file LoadedFromMemory doesn't match image C:\Users\samra\Documents\GitHub\VR-Project\Hunting Whales VR V1\Library\PackageCache\com.unity.visualscripting@1.8.0\Editor\VisualScripting.Core\Dependencies\DotNetZip\Unity.VisualScripting.IonicZip.dll
Symbol file LoadedFromMemory doesn't match image C:\Users\samra\Documents\GitHub\VR-Project\Hunting Whales VR V1\Library\PackageCache\com.unity.visualscripting@1.8.0\Editor\VisualScripting.Core\Dependencies\YamlDotNet\Unity.VisualScripting.YamlDotNet.dll
Native extension for WindowsStandalone target not found
Native extension for Android target not found
Refreshing native plugins compatible for Editor in 94.22 ms, found 12 plugins.
Preloading 1 native plugins for Editor in 0.09 ms.
Package Manager log level set to [2]
System.Reflection.TargetInvocationException: Exception has been thrown by the target of an invocation. ---> System.NullReferenceException: Object reference not set to an instance of an object
  at Unity.XR.Oculus.OculusLoader.AssetPathToAbsolutePath (System.String assetPath) [0x0003d] in C:\Users\samra\Documents\GitHub\VR-Project\Hunting Whales VR V1\Library\PackageCache\com.unity.xr.oculus@3.2.3\Runtime\OculusLoader.cs:296 
  at Unity.XR.Oculus.OculusLoader.EditorLoadOVRPlugin () [0x0007b] in C:\Users\samra\Documents\GitHub\VR-Project\Hunting Whales VR V1\Library\PackageCache\com.unity.xr.oculus@3.2.3\Runtime\OculusLoader.cs:281 
  at (wrapper managed-to-native) System.Reflection.RuntimeMethodInfo.InternalInvoke(System.Reflection.RuntimeMethodInfo,object,object[],System.Exception&)
  at System.Reflection.RuntimeMethodInfo.Invoke (System.Object obj, System.Reflection.BindingFlags invokeAttr, System.Reflection.Binder binder, System.Object[] parameters, System.Globalization.CultureInfo culture) [0x0006a] in <1f66344f2f89470293d8b67d71308c07>:0 
   --- End of inner exception stack trace ---
  at System.Reflection.RuntimeMethodInfo.Invoke (System.Object obj, System.Reflection.BindingFlags invokeAttr, System.Reflection.Binder binder, System.Object[] parameters, System.Globalization.CultureInfo culture) [0x00083] in <1f66344f2f89470293d8b67d71308c07>:0 
  at System.Reflection.MethodBase.Invoke (System.Object obj, System.Object[] parameters) [0x00000] in <1f66344f2f89470293d8b67d71308c07>:0 
  at UnityEditor.EditorAssemblies.ProcessInitializeOnLoadMethodAttributes () [0x000a5] in <42a64fd733d9417da1ea3a757ad9a96d>:0 
UnityEngine.StackTraceUtility:ExtractStackTrace ()
UnityEngine.DebugLogHandler:LogFormat (UnityEngine.LogType,UnityEngine.Object,string,object[])
UnityEngine.Logger:Log (UnityEngine.LogType,object)
UnityEngine.Debug:LogError (object)
UnityEditor.EditorAssemblies:ProcessInitializeOnLoadMethodAttributes ()

Mono: successfully reloaded assembly
- Completed reload, in  3.010 seconds
Domain Reload Profiling:
	ReloadAssembly (3010ms)
		BeginReloadAssembly (90ms)
			ExecutionOrderSort (0ms)
			DisableScriptedObjects (5ms)
			BackupInstance (0ms)
			ReleaseScriptingObjects (0ms)
			CreateAndSetChildDomain (19ms)
		EndReloadAssembly (2828ms)
			LoadAssemblies (2006ms)
			RebuildTransferFunctionScriptingTraits (0ms)
			SetupTypeCache (223ms)
			ReleaseScriptCaches (1ms)
			RebuildScriptCaches (51ms)
			SetupLoadedEditorAssemblies (487ms)
				LogAssemblyErrors (0ms)
				InitializePlatformSupportModulesInManaged (12ms)
				SetLoadedEditorAssemblies (0ms)
				RefreshPlugins (94ms)
				BeforeProcessingInitializeOnLoad (88ms)
				ProcessInitializeOnLoadAttributes (249ms)
				ProcessInitializeOnLoadMethodAttributes (40ms)
				AfterProcessingInitializeOnLoad (2ms)
				EditorAssembliesLoaded (0ms)
			ExecutionOrderSort2 (0ms)
			AwakeInstancesAfterBackupRestoration (5ms)
Platform modules already initialized, skipping
========================================================================
Worker process is ready to serve import requests
Launched and connected shader compiler UnityShaderCompiler.exe after 0.04 seconds
Refreshing native plugins compatible for Editor in 1.43 ms, found 12 plugins.
Preloading 1 native plugins for Editor in 0.12 ms.
Unloading 4424 Unused Serialized files (Serialized files now loaded: 0)
Unloading 50 unused Assets / (59.2 KB). Loaded Objects now: 4896.
Memory consumption went from 163.9 MB to 163.9 MB.
Total: 3.225900 ms (FindLiveObjects: 0.295100 ms CreateObjectMapping: 0.110400 ms MarkObjects: 2.714600 ms  DeleteObjects: 0.105000 ms)

AssetImportParameters requested are different than current active one (requested -> active):
  custom:video-decoder-ogg-theora: a1e56fd34408186e4bbccfd4996cb3dc -> 
  custom:container-muxer-webm: aa71ff27fc2769a1b78a27578f13a17b -> 
  custom:container-demuxer-webm: 4f35f7cbe854078d1ac9338744f61a02 -> 
  custom:video-encoder-webm-vp8: eb34c28f22e8b96e1ab97ce403110664 -> 
  custom:audio-encoder-webm-vorbis: bf7c407c2cedff20999df2af8eb42d56 -> 
  custom:framework-win-MediaFoundation: 216162199b28c13a410421893ffa2e32 -> 
  custom:container-demuxer-ogg: 62fdf1f143b41e24485cea50d1cbac27 -> 
  custom:video-decoder-webm-vp8: 9c59270c3fd7afecdb556c50c9e8de78 -> 
  custom:audio-decoder-ogg-vorbis: bf7c407c2cedff20999df2af8eb42d56 -> 
========================================================================
Received Prepare
Registering precompiled user dll's ...
Registered in 0.011400 seconds.
Begin MonoManager ReloadAssembly
Symbol file LoadedFromMemory doesn't match image C:\Users\samra\Documents\GitHub\VR-Project\Hunting Whales VR V1\Library\PackageCache\com.unity.visualscripting@1.8.0\Editor\VisualScripting.Core\Dependencies\DotNetZip\Unity.VisualScripting.IonicZip.dll
Symbol file LoadedFromMemory doesn't match image C:\Users\samra\Documents\GitHub\VR-Project\Hunting Whales VR V1\Library\PackageCache\com.unity.visualscripting@1.8.0\Editor\VisualScripting.Core\Dependencies\YamlDotNet\Unity.VisualScripting.YamlDotNet.dll
Native extension for WindowsStandalone target not found
Native extension for Android target not found
Refreshing native plugins compatible for Editor in 1.57 ms, found 12 plugins.
Preloading 1 native plugins for Editor in 0.17 ms.
System.Reflection.TargetInvocationException: Exception has been thrown by the target of an invocation. ---> System.NullReferenceException: Object reference not set to an instance of an object
  at Unity.XR.Oculus.OculusLoader.AssetPathToAbsolutePath (System.String assetPath) [0x0003d] in C:\Users\samra\Documents\GitHub\VR-Project\Hunting Whales VR V1\Library\PackageCache\com.unity.xr.oculus@3.2.3\Runtime\OculusLoader.cs:296 
  at Unity.XR.Oculus.OculusLoader.EditorLoadOVRPlugin () [0x0007b] in C:\Users\samra\Documents\GitHub\VR-Project\Hunting Whales VR V1\Library\PackageCache\com.unity.xr.oculus@3.2.3\Runtime\OculusLoader.cs:281 
  at (wrapper managed-to-native) System.Reflection.RuntimeMethodInfo.InternalInvoke(System.Reflection.RuntimeMethodInfo,object,object[],System.Exception&)
  at System.Reflection.RuntimeMethodInfo.Invoke (System.Object obj, System.Reflection.BindingFlags invokeAttr, System.Reflection.Binder binder, System.Object[] parameters, System.Globalization.CultureInfo culture) [0x0006a] in <1f66344f2f89470293d8b67d71308c07>:0 
   --- End of inner exception stack trace ---
  at System.Reflection.RuntimeMethodInfo.Invoke (System.Object obj, System.Reflection.BindingFlags invokeAttr, System.Reflection.Binder binder, System.Object[] parameters, System.Globalization.CultureInfo culture) [0x00083] in <1f66344f2f89470293d8b67d71308c07>:0 
  at System.Reflection.MethodBase.Invoke (System.Object obj, System.Object[] parameters) [0x00000] in <1f66344f2f89470293d8b67d71308c07>:0 
  at UnityEditor.EditorAssemblies.ProcessInitializeOnLoadMethodAttributes () [0x000a5] in <42a64fd733d9417da1ea3a757ad9a96d>:0 
UnityEngine.StackTraceUtility:ExtractStackTrace ()
UnityEngine.DebugLogHandler:LogFormat (UnityEngine.LogType,UnityEngine.Object,string,object[])
UnityEngine.Logger:Log (UnityEngine.LogType,object)
UnityEngine.Debug:LogError (object)
UnityEditor.EditorAssemblies:ProcessInitializeOnLoadMethodAttributes ()

Mono: successfully reloaded assembly
- Completed reload, in  1.022 seconds
Domain Reload Profiling:
	ReloadAssembly (1023ms)
		BeginReloadAssembly (130ms)
			ExecutionOrderSort (0ms)
			DisableScriptedObjects (4ms)
			BackupInstance (0ms)
			ReleaseScriptingObjects (0ms)
			CreateAndSetChildDomain (39ms)
		EndReloadAssembly (804ms)
			LoadAssemblies (86ms)
			RebuildTransferFunctionScriptingTraits (0ms)
			SetupTypeCache (241ms)
			ReleaseScriptCaches (1ms)
			RebuildScriptCaches (40ms)
			SetupLoadedEditorAssemblies (363ms)
				LogAssemblyErrors (0ms)
				InitializePlatformSupportModulesInManaged (23ms)
				SetLoadedEditorAssemblies (1ms)
				RefreshPlugins (2ms)
				BeforeProcessingInitializeOnLoad (79ms)
				ProcessInitializeOnLoadAttributes (215ms)
				ProcessInitializeOnLoadMethodAttributes (41ms)
				AfterProcessingInitializeOnLoad (2ms)
				EditorAssembliesLoaded (0ms)
			ExecutionOrderSort2 (0ms)
			AwakeInstancesAfterBackupRestoration (5ms)
Platform modules already initialized, skipping
Refreshing native plugins compatible for Editor in 8.12 ms, found 12 plugins.
Preloading 1 native plugins for Editor in 0.11 ms.
Unloading 4397 Unused Serialized files (Serialized files now loaded: 0)
Unloading 40 unused Assets / (25.7 KB). Loaded Objects now: 4900.
Memory consumption went from 163.0 MB to 163.0 MB.
Total: 3.037200 ms (FindLiveObjects: 0.339500 ms CreateObjectMapping: 0.140700 ms MarkObjects: 2.526400 ms  DeleteObjects: 0.029700 ms)

AssetImportParameters requested are different than current active one (requested -> active):
  custom:video-decoder-ogg-theora: a1e56fd34408186e4bbccfd4996cb3dc -> 
  custom:container-muxer-webm: aa71ff27fc2769a1b78a27578f13a17b -> 
  custom:container-demuxer-webm: 4f35f7cbe854078d1ac9338744f61a02 -> 
  custom:video-encoder-webm-vp8: eb34c28f22e8b96e1ab97ce403110664 -> 
  custom:audio-encoder-webm-vorbis: bf7c407c2cedff20999df2af8eb42d56 -> 
  custom:framework-win-MediaFoundation: 216162199b28c13a410421893ffa2e32 -> 
  custom:container-demuxer-ogg: 62fdf1f143b41e24485cea50d1cbac27 -> 
  custom:video-decoder-webm-vp8: 9c59270c3fd7afecdb556c50c9e8de78 -> 
  custom:audio-decoder-ogg-vorbis: bf7c407c2cedff20999df2af8eb42d56 -> 
========================================================================
Received Import Request.
  Time since last request: 962407.214802 seconds.
  path: Assets/Samples/XR Interaction Toolkit/2.3.0-pre.1/Starter Assets/Prefabs/XR Origin Pieces/Direct Interactor.prefab
  artifactKey: Guid(2fd3e07afe5b461490fb8e314976b1b0) Importer(815301076,1909f56bfc062723c751e8b465ee728b)
Start importing Assets/Samples/XR Interaction Toolkit/2.3.0-pre.1/Starter Assets/Prefabs/XR Origin Pieces/Direct Interactor.prefab using Guid(2fd3e07afe5b461490fb8e314976b1b0) Importer(815301076,1909f56bfc062723c751e8b465ee728b)  -> (artifact id: 'd2dcf86aeaf554c789d35e5a3d54a089') in 0.055215 seconds 
========================================================================
Received Import Request.
  Time since last request: 0.000033 seconds.
  path: Assets/PolygonSciFiCity/Models/SM_Prop_StripClub_Chair_01_Convex.asset
  artifactKey: Guid(1566c71b5ddce3e4eb18900b6684d0a6) Importer(815301076,1909f56bfc062723c751e8b465ee728b)
Start importing Assets/PolygonSciFiCity/Models/SM_Prop_StripClub_Chair_01_Convex.asset using Guid(1566c71b5ddce3e4eb18900b6684d0a6) Importer(815301076,1909f56bfc062723c751e8b465ee728b)  -> (artifact id: 'e0c406e253ac3f00b6ac1a1ccd5543d8') in 0.077624 seconds 
========================================================================
Received Import Request.
  Time since last request: 0.000033 seconds.
  path: Assets/PolygonCity/Models/Collisions/SM_Env_Sidewalk_Construction_01_Convex 2.asset
  artifactKey: Guid(fdbc5575ba2b1824297cd0c482b705c9) Importer(815301076,1909f56bfc062723c751e8b465ee728b)
Start importing Assets/PolygonCity/Models/Collisions/SM_Env_Sidewalk_Construction_01_Convex 2.asset using Guid(fdbc5575ba2b1824297cd0c482b705c9) Importer(815301076,1909f56bfc062723c751e8b465ee728b)  -> (artifact id: 'ca43c779125f6919b85e3083c0ddc3f4') in 0.030157 seconds 
========================================================================
Received Import Request.
  Time since last request: 0.000019 seconds.
  path: Assets/PolygonCity/Models/Collisions/SM_Veh_Car_Muscle_01_Convex 1.asset
  artifactKey: Guid(164801fa5f6e51f4ea2c7655d76a2e26) Importer(815301076,1909f56bfc062723c751e8b465ee728b)
Start importing Assets/PolygonCity/Models/Collisions/SM_Veh_Car_Muscle_01_Convex 1.asset using Guid(164801fa5f6e51f4ea2c7655d76a2e26) Importer(815301076,1909f56bfc062723c751e8b465ee728b)  -> (artifact id: '3eb5e8825f118e151d4f5e4266a2a93f') in 0.063524 seconds 
========================================================================
Received Import Request.
  Time since last request: 0.000020 seconds.
  path: Assets/PolygonCity/Models/Collisions/SM_Veh_Car_Medium_01_Convex.asset
  artifactKey: Guid(c89fe446355479a47bc7681f1657d05f) Importer(815301076,1909f56bfc062723c751e8b465ee728b)
Start importing Assets/PolygonCity/Models/Collisions/SM_Veh_Car_Medium_01_Convex.asset using Guid(c89fe446355479a47bc7681f1657d05f) Importer(815301076,1909f56bfc062723c751e8b465ee728b)  -> (artifact id: 'f80fba4d59edc329e0c2a579d65c03cc') in 0.017011 seconds 
========================================================================
Received Import Request.
  Time since last request: 0.000020 seconds.
  path: Assets/PolygonSciFiCity/Models/SM_Prop_StripClub_Pole_01_Convex.asset
  artifactKey: Guid(9d7c182f321d027408b13d9eb509ad92) Importer(815301076,1909f56bfc062723c751e8b465ee728b)
Start importing Assets/PolygonSciFiCity/Models/SM_Prop_StripClub_Pole_01_Convex.asset using Guid(9d7c182f321d027408b13d9eb509ad92) Importer(815301076,1909f56bfc062723c751e8b465ee728b)  -> (artifact id: '2adea894c958aa84cc84937aab75d5a9') in 0.017373 seconds 
========================================================================
Received Import Request.
  Time since last request: 0.000020 seconds.
  path: Assets/PolygonSciFiCity/Materials/Misc/FX_Circle_Dash.mat
  artifactKey: Guid(a5750075394180d41a3764bb7769474d) Importer(815301076,1909f56bfc062723c751e8b465ee728b)
Start importing Assets/PolygonSciFiCity/Materials/Misc/FX_Circle_Dash.mat using Guid(a5750075394180d41a3764bb7769474d) Importer(815301076,1909f56bfc062723c751e8b465ee728b)  -> (artifact id: '2196f3afddefb9b182dabf186ff8ea56') in 0.042556 seconds 
========================================================================
Received Import Request.
  Time since last request: 0.000020 seconds.
  path: Assets/PolygonCity/Models/Collisions/SM_Veh_Car_Police_01_Convex 1.asset
  artifactKey: Guid(63682fe02b40f2141afa2ac54260cd37) Importer(815301076,1909f56bfc062723c751e8b465ee728b)
Start importing Assets/PolygonCity/Models/Collisions/SM_Veh_Car_Police_01_Convex 1.asset using Guid(63682fe02b40f2141afa2ac54260cd37) Importer(815301076,1909f56bfc062723c751e8b465ee728b)  -> (artifact id: 'dca6536f6698410b5315787a97ad5706') in 0.016215 seconds 
========================================================================
Received Import Request.
  Time since last request: 0.000024 seconds.
  path: Assets/PolygonSciFiCity/Models/SM_Prop_StripClub_Sofa_01_Convex.asset
  artifactKey: Guid(dc1db9b3368058445a03dd685a0fdb18) Importer(815301076,1909f56bfc062723c751e8b465ee728b)
Start importing Assets/PolygonSciFiCity/Models/SM_Prop_StripClub_Sofa_01_Convex.asset using Guid(dc1db9b3368058445a03dd685a0fdb18) Importer(815301076,1909f56bfc062723c751e8b465ee728b)  -> (artifact id: 'cc6b84669b356bdf6d236a5118511d4b') in 0.013091 seconds 
========================================================================
Received Import Request.
  Time since last request: 0.000038 seconds.
  path: Assets/PolygonCity/Models/Collisions/SM_Env_Sidewalk_Grate_01_Convex.asset
  artifactKey: Guid(1fa134959d9d7ce41b68ee92cead066b) Importer(815301076,1909f56bfc062723c751e8b465ee728b)
Start importing Assets/PolygonCity/Models/Collisions/SM_Env_Sidewalk_Grate_01_Convex.asset using Guid(1fa134959d9d7ce41b68ee92cead066b) Importer(815301076,1909f56bfc062723c751e8b465ee728b)  -> (artifact id: 'd808597081967c06e6f2d80983efe2b2') in 0.014199 seconds 
========================================================================
Received Import Request.
  Time since last request: 0.000024 seconds.
  path: Assets/PolygonSciFiCity/Materials/Dirt_01.mat
  artifactKey: Guid(3e19812671f5fad429a9e1422e7fad05) Importer(815301076,1909f56bfc062723c751e8b465ee728b)
Start importing Assets/PolygonSciFiCity/Materials/Dirt_01.mat using Guid(3e19812671f5fad429a9e1422e7fad05) Importer(815301076,1909f56bfc062723c751e8b465ee728b)  -> (artifact id: '9fbe56a2d6de2ed6c59cf549fedd26a0') in 0.034727 seconds 
========================================================================
Received Import Request.
  Time since last request: 0.000021 seconds.
  path: Assets/PolygonCity/Models/Collisions/SM_Veh_Car_Police_01_Convex 2.asset
  artifactKey: Guid(72dd017c2050810499eafaeb5fced80e) Importer(815301076,1909f56bfc062723c751e8b465ee728b)
Start importing Assets/PolygonCity/Models/Collisions/SM_Veh_Car_Police_01_Convex 2.asset using Guid(72dd017c2050810499eafaeb5fced80e) Importer(815301076,1909f56bfc062723c751e8b465ee728b)  -> (artifact id: '1409aefff7d2af7f33698f315d6db2ec') in 0.020446 seconds 
========================================================================
Received Import Request.
  Time since last request: 0.000030 seconds.
  path: Assets/PolygonCity/Models/Collisions/SM_Env_Sidewalk_Dip_01_Convex.asset
  artifactKey: Guid(2e203d9964600de41bbbcf66822f5708) Importer(815301076,1909f56bfc062723c751e8b465ee728b)
Start importing Assets/PolygonCity/Models/Collisions/SM_Env_Sidewalk_Dip_01_Convex.asset using Guid(2e203d9964600de41bbbcf66822f5708) Importer(815301076,1909f56bfc062723c751e8b465ee728b)  -> (artifact id: '712fa0cd809dd46fbedad5497c6996d1') in 0.012955 seconds 
========================================================================
Received Import Request.
  Time since last request: 0.090807 seconds.
  path: Assets/PolygonSciFiCity/Models/SM_Bld_Section_Door_03.fbx
  artifactKey: Guid(43952b211c752ff40828ff20dd2b757b) Importer(815301076,1909f56bfc062723c751e8b465ee728b)
Start importing Assets/PolygonSciFiCity/Models/SM_Bld_Section_Door_03.fbx using Guid(43952b211c752ff40828ff20dd2b757b) Importer(815301076,1909f56bfc062723c751e8b465ee728b)  -> (artifact id: 'f2e68be12c400144c438273e0c2933cc') in 0.021997 seconds 
========================================================================
Received Import Request.
  Time since last request: 0.000024 seconds.
  path: Assets/PolygonSciFiCity/Models/SM_Bld_Section_Door_03_Convex 3.asset
  artifactKey: Guid(7676faa9146f5224a85d5e3b43283b3f) Importer(815301076,1909f56bfc062723c751e8b465ee728b)
Start importing Assets/PolygonSciFiCity/Models/SM_Bld_Section_Door_03_Convex 3.asset using Guid(7676faa9146f5224a85d5e3b43283b3f) Importer(815301076,1909f56bfc062723c751e8b465ee728b)  -> (artifact id: 'fbb6cb06f349a024570e422a07173884') in 0.029551 seconds 
========================================================================
Received Import Request.
  Time since last request: 0.000034 seconds.
  path: Assets/PolygonSciFiCity/Models/SM_Bld_Warehouse_01.fbx
  artifactKey: Guid(8b4bb575fa7c7514e8ce244267cefe40) Importer(815301076,1909f56bfc062723c751e8b465ee728b)
Start importing Assets/PolygonSciFiCity/Models/SM_Bld_Warehouse_01.fbx using Guid(8b4bb575fa7c7514e8ce244267cefe40) Importer(815301076,1909f56bfc062723c751e8b465ee728b)  -> (artifact id: '4daa425d1d4cbfa70d8ffd4330d7d785') in 0.049190 seconds 
========================================================================
Received Import Request.
  Time since last request: 0.000021 seconds.
  path: Assets/PolygonSciFiCity/Models/SM_Bld_Section_Door_05.fbx
  artifactKey: Guid(80614f8bf14ff3e4292ee9a2b75de99f) Importer(815301076,1909f56bfc062723c751e8b465ee728b)
Start importing Assets/PolygonSciFiCity/Models/SM_Bld_Section_Door_05.fbx using Guid(80614f8bf14ff3e4292ee9a2b75de99f) Importer(815301076,1909f56bfc062723c751e8b465ee728b)  -> (artifact id: '5b734df225cce0045568446a35058795') in 0.022379 seconds 
========================================================================
Received Import Request.
  Time since last request: 0.000022 seconds.
  path: Assets/PolygonSciFiCity/Models/SM_Bld_Section_Door_07.fbx
  artifactKey: Guid(d131faf156439f04b961d7156a95bbd0) Importer(815301076,1909f56bfc062723c751e8b465ee728b)
Start importing Assets/PolygonSciFiCity/Models/SM_Bld_Section_Door_07.fbx using Guid(d131faf156439f04b961d7156a95bbd0) Importer(815301076,1909f56bfc062723c751e8b465ee728b)  -> (artifact id: '3c69c7e2d6ec9478b9a4de7b8cb50980') in 0.027641 seconds 
========================================================================
Received Import Request.
  Time since last request: 0.000021 seconds.
  path: Assets/PolygonSciFiCity/Models/SM_Bld_Section_Door_03_Convex 1.asset
  artifactKey: Guid(846e0f2b1076e554cab18d8ed901d1c2) Importer(815301076,1909f56bfc062723c751e8b465ee728b)
Start importing Assets/PolygonSciFiCity/Models/SM_Bld_Section_Door_03_Convex 1.asset using Guid(846e0f2b1076e554cab18d8ed901d1c2) Importer(815301076,1909f56bfc062723c751e8b465ee728b)  -> (artifact id: '4ffc88c500f69e4cd252f133b841bbf8') in 0.025426 seconds 
========================================================================
Received Import Request.
  Time since last request: 0.000020 seconds.
  path: Assets/PolygonSciFiCity/Models/SM_Bld_Section_Door_06.fbx
  artifactKey: Guid(34281e97dc70ec8459cf7158cdea756c) Importer(815301076,1909f56bfc062723c751e8b465ee728b)
Start importing Assets/PolygonSciFiCity/Models/SM_Bld_Section_Door_06.fbx using Guid(34281e97dc70ec8459cf7158cdea756c) Importer(815301076,1909f56bfc062723c751e8b465ee728b)  -> (artifact id: '279ffd248d1433526d97d2364042bceb') in 0.016400 seconds 
========================================================================
Received Import Request.
  Time since last request: 38.728895 seconds.
  path: Assets/PolygonSciFiCity/Models/SM_Prop_Bank_Door_01.fbx
  artifactKey: Guid(bdd36222c0a65b94d8ac6963b9fca8e5) Importer(815301076,1909f56bfc062723c751e8b465ee728b)
Start importing Assets/PolygonSciFiCity/Models/SM_Prop_Bank_Door_01.fbx using Guid(bdd36222c0a65b94d8ac6963b9fca8e5) Importer(815301076,1909f56bfc062723c751e8b465ee728b)  -> (artifact id: 'e68de8967a9676d6e89a61864341c62a') in 0.045561 seconds 
========================================================================
Received Import Request.
  Time since last request: 0.000069 seconds.
  path: Assets/PolygonSciFiCity/Models/SM_Bld_StripClub_Interior_01.fbx
  artifactKey: Guid(d9f6b047168b33f4291a603fc4cd3d48) Importer(815301076,1909f56bfc062723c751e8b465ee728b)
Start importing Assets/PolygonSciFiCity/Models/SM_Bld_StripClub_Interior_01.fbx using Guid(d9f6b047168b33f4291a603fc4cd3d48) Importer(815301076,1909f56bfc062723c751e8b465ee728b)  -> (artifact id: 'eb98356462d48c1eb4937d5db6a95a01') in 0.126542 seconds 
========================================================================
Received Import Request.
  Time since last request: 0.000027 seconds.
  path: Assets/PolygonCity/Prefabs/Props/SM_Prop_Door_01.prefab
  artifactKey: Guid(47455669544a7614fb1944943e4fdcbd) Importer(815301076,1909f56bfc062723c751e8b465ee728b)
Start importing Assets/PolygonCity/Prefabs/Props/SM_Prop_Door_01.prefab using Guid(47455669544a7614fb1944943e4fdcbd) Importer(815301076,1909f56bfc062723c751e8b465ee728b)  -> (artifact id: '96256e477ae960c4bfc39b365bc4b992') in 0.083803 seconds 
========================================================================
Received Import Request.
  Time since last request: 0.000047 seconds.
  path: Assets/PolygonSciFiCity/Models/SM_Prop_Door_01.fbx
  artifactKey: Guid(a618b19d4bd380946912e709fcb2ff19) Importer(815301076,1909f56bfc062723c751e8b465ee728b)
Start importing Assets/PolygonSciFiCity/Models/SM_Prop_Door_01.fbx using Guid(a618b19d4bd380946912e709fcb2ff19) Importer(815301076,1909f56bfc062723c751e8b465ee728b)  -> (artifact id: '5206d3586b273e3edeafbcd70bccc5b6') in 0.018763 seconds 
========================================================================
Received Import Request.
  Time since last request: 0.000020 seconds.
  path: Assets/PolygonCity/Models/SM_Prop_Door_02.fbx
  artifactKey: Guid(29e5eda72fa200c4b88f59745735bd5a) Importer(815301076,1909f56bfc062723c751e8b465ee728b)
Start importing Assets/PolygonCity/Models/SM_Prop_Door_02.fbx using Guid(29e5eda72fa200c4b88f59745735bd5a) Importer(815301076,1909f56bfc062723c751e8b465ee728b)  -> (artifact id: '4506fefd4fe83fb987a48492a9b53eb8') in 0.017076 seconds 
========================================================================
Received Import Request.
  Time since last request: 0.052840 seconds.
  path: Assets/PolygonSciFiCity/Prefabs/Props/SM_Prop_Door_02.prefab
  artifactKey: Guid(dbe584c23a4a0804da19beb55b3e2433) Importer(815301076,1909f56bfc062723c751e8b465ee728b)
Start importing Assets/PolygonSciFiCity/Prefabs/Props/SM_Prop_Door_02.prefab using Guid(dbe584c23a4a0804da19beb55b3e2433) Importer(815301076,1909f56bfc062723c751e8b465ee728b)  -> (artifact id: '8860ac859bf7078f43983f685bc8de2a') in 0.243611 seconds 
========================================================================
Received Import Request.
  Time since last request: 0.000037 seconds.
  path: Assets/PolygonSciFiCity/Models/SM_Prop_Door_05.fbx
  artifactKey: Guid(8f3cdeda7cd9f934aa16805978af5c6f) Importer(815301076,1909f56bfc062723c751e8b465ee728b)
Start importing Assets/PolygonSciFiCity/Models/SM_Prop_Door_05.fbx using Guid(8f3cdeda7cd9f934aa16805978af5c6f) Importer(815301076,1909f56bfc062723c751e8b465ee728b)  -> (artifact id: 'f12722e7e2dc23af10afa15f209093d6') in 0.030551 seconds 
========================================================================
Received Import Request.
  Time since last request: 0.000030 seconds.
  path: Assets/PolygonSciFiCity/Models/SM_Prop_Door_04_Convex.asset
  artifactKey: Guid(419edddaa114b9f4695772a1d848b999) Importer(815301076,1909f56bfc062723c751e8b465ee728b)
Start importing Assets/PolygonSciFiCity/Models/SM_Prop_Door_04_Convex.asset using Guid(419edddaa114b9f4695772a1d848b999) Importer(815301076,1909f56bfc062723c751e8b465ee728b)  -> (artifact id: '870542fb0131a766a18fb1d9d2e5b8d9') in 0.012101 seconds 
========================================================================
Received Import Request.
  Time since last request: 0.000021 seconds.
  path: Assets/PolygonSciFiCity/Models/SM_Prop_Door_04.fbx
  artifactKey: Guid(8311a87642f00e5468cf2815e5b1aabd) Importer(815301076,1909f56bfc062723c751e8b465ee728b)
Start importing Assets/PolygonSciFiCity/Models/SM_Prop_Door_04.fbx using Guid(8311a87642f00e5468cf2815e5b1aabd) Importer(815301076,1909f56bfc062723c751e8b465ee728b)  -> (artifact id: 'd8b6667bcdc3799127070389e600b961') in 0.017590 seconds 
========================================================================
Received Import Request.
  Time since last request: 0.000032 seconds.
  path: Assets/PolygonSciFiCity/Models/SM_Prop_Door_02_Convex.asset
  artifactKey: Guid(de52b0929f283284bb9ba89e86a96fb5) Importer(815301076,1909f56bfc062723c751e8b465ee728b)
Start importing Assets/PolygonSciFiCity/Models/SM_Prop_Door_02_Convex.asset using Guid(de52b0929f283284bb9ba89e86a96fb5) Importer(815301076,1909f56bfc062723c751e8b465ee728b)  -> (artifact id: 'b3c8e796d7208d894e2ea76176097fee') in 0.012257 seconds 
========================================================================
Received Import Request.
  Time since last request: 0.092455 seconds.
  path: Assets/PolygonSciFiCity/Prefabs/Props/SM_Prop_Door_Chopshop_01.prefab
  artifactKey: Guid(038aa72c1e688f8418a8cd09f031697d) Importer(815301076,1909f56bfc062723c751e8b465ee728b)
Start importing Assets/PolygonSciFiCity/Prefabs/Props/SM_Prop_Door_Chopshop_01.prefab using Guid(038aa72c1e688f8418a8cd09f031697d) Importer(815301076,1909f56bfc062723c751e8b465ee728b)  -> (artifact id: '1dd718518098645033959e067426dd57') in 0.148625 seconds 
========================================================================
Received Import Request.
  Time since last request: 0.000028 seconds.
  path: Assets/PolygonCity/Models/SM_Veh_Car_Ambo_01.fbx
  artifactKey: Guid(916b5bf2becb29f46b894a059d247f38) Importer(815301076,1909f56bfc062723c751e8b465ee728b)
Start importing Assets/PolygonCity/Models/SM_Veh_Car_Ambo_01.fbx using Guid(916b5bf2becb29f46b894a059d247f38) Importer(815301076,1909f56bfc062723c751e8b465ee728b)  -> (artifact id: '4f5130b9de666226af0a211da84064d8') in 0.083726 seconds 
========================================================================
Received Import Request.
  Time since last request: 67.243013 seconds.
  path: Assets/PolygonSciFiCity/Textures/Billboards.png
  artifactKey: Guid(38a598abad0b85e46b9cae203fb2f6b2) Importer(815301076,1909f56bfc062723c751e8b465ee728b)
Start importing Assets/PolygonSciFiCity/Textures/Billboards.png using Guid(38a598abad0b85e46b9cae203fb2f6b2) Importer(815301076,1909f56bfc062723c751e8b465ee728b)  -> (artifact id: '8b788420ac627a9ef80b2c153f5febaa') in 0.051925 seconds 
========================================================================
Received Import Request.
  Time since last request: 0.000030 seconds.
  path: Assets/PolygonSciFiCity/Textures/PolygonScifi_Background_Building_Emissive.png
  artifactKey: Guid(1c089cfa53f963a4ebbc0a512b6d8443) Importer(815301076,1909f56bfc062723c751e8b465ee728b)
Start importing Assets/PolygonSciFiCity/Textures/PolygonScifi_Background_Building_Emissive.png using Guid(1c089cfa53f963a4ebbc0a512b6d8443) Importer(815301076,1909f56bfc062723c751e8b465ee728b)  -> (artifact id: '1bfa057e8445cdfc2894284a237feb15') in 0.014429 seconds 
========================================================================
Received Import Request.
  Time since last request: 0.000034 seconds.
  path: Assets/PolygonSciFiCity/Textures/SphereGlow.png
  artifactKey: Guid(516a2a21b5e345f408e5be91be36ebb7) Importer(815301076,1909f56bfc062723c751e8b465ee728b)
Start importing Assets/PolygonSciFiCity/Textures/SphereGlow.png using Guid(516a2a21b5e345f408e5be91be36ebb7) Importer(815301076,1909f56bfc062723c751e8b465ee728b)  -> (artifact id: '8b6fa71963295dd5a21c9d157604191a') in 0.019954 seconds 
========================================================================
Received Import Request.
  Time since last request: 0.000022 seconds.
  path: Assets/PolygonSciFiCity/Textures/PolygonScifi_03_A.png
  artifactKey: Guid(d3cecd4fe2b92e541b7bbae5e8e3cab9) Importer(815301076,1909f56bfc062723c751e8b465ee728b)
Start importing Assets/PolygonSciFiCity/Textures/PolygonScifi_03_A.png using Guid(d3cecd4fe2b92e541b7bbae5e8e3cab9) Importer(815301076,1909f56bfc062723c751e8b465ee728b)  -> (artifact id: '17536ebe314f55cf70738e40a2bfcb7e') in 0.047227 seconds 
========================================================================
Received Import Request.
  Time since last request: 0.000030 seconds.
  path: Assets/PolygonSciFiCity/Textures/Tansparent_Line_Full.png
  artifactKey: Guid(32cbeb9527524264d95c3560939d58c4) Importer(815301076,1909f56bfc062723c751e8b465ee728b)
Start importing Assets/PolygonSciFiCity/Textures/Tansparent_Line_Full.png using Guid(32cbeb9527524264d95c3560939d58c4) Importer(815301076,1909f56bfc062723c751e8b465ee728b)  -> (artifact id: 'f6704d633fcfdbed0ae234cc4c9321b0') in 0.016352 seconds 
========================================================================
Received Import Request.
  Time since last request: 0.000022 seconds.
  path: Assets/PolygonSciFiCity/Textures/PolygonScifi_Emissive_02.png
  artifactKey: Guid(0ca4f5c02fb21944dad765efdebf6da7) Importer(815301076,1909f56bfc062723c751e8b465ee728b)
Start importing Assets/PolygonSciFiCity/Textures/PolygonScifi_Emissive_02.png using Guid(0ca4f5c02fb21944dad765efdebf6da7) Importer(815301076,1909f56bfc062723c751e8b465ee728b)  -> (artifact id: '71b456fde5aeaf4ac8617d2bc9e2a702') in 0.045975 seconds 
========================================================================
Received Import Request.
  Time since last request: 0.000019 seconds.
  path: Assets/PolygonSciFiCity/Textures/PolygonSciFi_Road_01.png
  artifactKey: Guid(e4e880e3bc167e648a881c750bac55bf) Importer(815301076,1909f56bfc062723c751e8b465ee728b)
Start importing Assets/PolygonSciFiCity/Textures/PolygonSciFi_Road_01.png using Guid(e4e880e3bc167e648a881c750bac55bf) Importer(815301076,1909f56bfc062723c751e8b465ee728b)  -> (artifact id: 'eee775832c38945eabaca08c9dc217d2') in 0.017021 seconds 
========================================================================
Received Import Request.
  Time since last request: 0.000018 seconds.
  path: Assets/PolygonSciFiCity/Textures/LineTex 2.png
  artifactKey: Guid(03a7d169469c1af41bb03241a7b7e23d) Importer(815301076,1909f56bfc062723c751e8b465ee728b)
Start importing Assets/PolygonSciFiCity/Textures/LineTex 2.png using Guid(03a7d169469c1af41bb03241a7b7e23d) Importer(815301076,1909f56bfc062723c751e8b465ee728b)  -> (artifact id: '0927c10b87aca1d1b84bed813c761fd8') in 0.011123 seconds 
========================================================================
Received Import Request.
  Time since last request: 0.000016 seconds.
  path: Assets/PolygonSciFiCity/Textures/PolygonScifi_04_A.png
  artifactKey: Guid(123012bf96cc36d4aacf4e012e84b8b9) Importer(815301076,1909f56bfc062723c751e8b465ee728b)
Start importing Assets/PolygonSciFiCity/Textures/PolygonScifi_04_A.png using Guid(123012bf96cc36d4aacf4e012e84b8b9) Importer(815301076,1909f56bfc062723c751e8b465ee728b)  -> (artifact id: '7273cb5031d3d3c62c9201f157b2c333') in 0.044840 seconds 
========================================================================
Received Import Request.
  Time since last request: 0.000021 seconds.
  path: Assets/PolygonSciFiCity/Textures/Transparent_Line.png
  artifactKey: Guid(67eac3f431dd7c44ebd631a7c015b608) Importer(815301076,1909f56bfc062723c751e8b465ee728b)
Start importing Assets/PolygonSciFiCity/Textures/Transparent_Line.png using Guid(67eac3f431dd7c44ebd631a7c015b608) Importer(815301076,1909f56bfc062723c751e8b465ee728b)  -> (artifact id: '1716fe788ed179a9e05cd2e7ffe9f066') in 0.019557 seconds 
========================================================================
Received Import Request.
  Time since last request: 0.000036 seconds.
  path: Assets/PolygonSciFiCity/Textures/PolygonScifi_02_A.png
  artifactKey: Guid(a3654b5dac9722f4e98cd85cb6be8985) Importer(815301076,1909f56bfc062723c751e8b465ee728b)
Start importing Assets/PolygonSciFiCity/Textures/PolygonScifi_02_A.png using Guid(a3654b5dac9722f4e98cd85cb6be8985) Importer(815301076,1909f56bfc062723c751e8b465ee728b)  -> (artifact id: '694c06113d114837b1f566b4099ac88b') in 0.051011 seconds 
========================================================================
Received Import Request.
  Time since last request: 0.000023 seconds.
  path: Assets/PolygonSciFiCity/Textures/Signs.png
  artifactKey: Guid(cdf262485c3b82d47ae2547e4ef27caf) Importer(815301076,1909f56bfc062723c751e8b465ee728b)
Start importing Assets/PolygonSciFiCity/Textures/Signs.png using Guid(cdf262485c3b82d47ae2547e4ef27caf) Importer(815301076,1909f56bfc062723c751e8b465ee728b)  -> (artifact id: '9ed14a793a8aabed65a7bb3902699745') in 0.045065 seconds 
========================================================================
Received Import Request.
  Time since last request: 0.000025 seconds.
  path: Assets/PolygonSciFiCity/Textures/Gradient.png
  artifactKey: Guid(c9274606b3eb5de48993cb0031cfcce6) Importer(815301076,1909f56bfc062723c751e8b465ee728b)
Start importing Assets/PolygonSciFiCity/Textures/Gradient.png using Guid(c9274606b3eb5de48993cb0031cfcce6) Importer(815301076,1909f56bfc062723c751e8b465ee728b)  -> (artifact id: 'c27513076e944d0592b1b867de3ce4d4') in 0.015089 seconds 
========================================================================
Received Import Request.
  Time since last request: 0.000017 seconds.
  path: Assets/PolygonSciFiCity/Textures/PolygonSciFi_Road_Normal.png
  artifactKey: Guid(3249a541db4d5034cb4c8c138cd11557) Importer(815301076,1909f56bfc062723c751e8b465ee728b)
Start importing Assets/PolygonSciFiCity/Textures/PolygonSciFi_Road_Normal.png using Guid(3249a541db4d5034cb4c8c138cd11557) Importer(815301076,1909f56bfc062723c751e8b465ee728b)  -> (artifact id: '8148dcf4725102d136eecde7e3dc797a') in 0.014527 seconds 
Editor requested this worker to shutdown with reason: Scaling down because of idle timeout
AssetImportWorker is now disconnected from the server
Process exiting
Exiting without the bug reporter. Application will terminate with return code 0