Using pre-set license
Built from '2021.3/staging' branch; Version is '2021.3.18f1 (3129e69bc0c7) revision 3221990'; Using compiler version '192829333'; Build Type 'Release'
OS: 'Windows 10  (10.0.19045) 64bit Professional' Language: 'en' Physical Memory: 32620 MB
BatchMode: 1, IsHumanControllingUs: 0, StartBugReporterOnCrash: 0, Is64bit: 1, IsPro: 1

COMMAND LINE ARGUMENTS:
E:\Unity Editor\2021.3.18f1\Editor\Unity.exe
-adb2
-batchMode
-noUpm
-name
AssetImportWorker2
-projectPath
C:/Users/samra/Documents/GitHub/VR-Project/Hunting Whales VR V1
-logFile
Logs/AssetImportWorker2.log
-srvPort
63106
Successfully changed project path to: C:/Users/samra/Documents/GitHub/VR-Project/Hunting Whales VR V1
C:/Users/samra/Documents/GitHub/VR-Project/Hunting Whales VR V1
[UnityMemory] Configuration Parameters - Can be set up in boot.config
    "memorysetup-bucket-allocator-granularity=16"
    "memorysetup-bucket-allocator-bucket-count=8"
    "memorysetup-bucket-allocator-block-size=33554432"
    "memorysetup-bucket-allocator-block-count=8"
    "memorysetup-main-allocator-block-size=16777216"
    "memorysetup-thread-allocator-block-size=16777216"
    "memorysetup-gfx-main-allocator-block-size=16777216"
    "memorysetup-gfx-thread-allocator-block-size=16777216"
    "memorysetup-cache-allocator-block-size=4194304"
    "memorysetup-typetree-allocator-block-size=2097152"
    "memorysetup-profiler-bucket-allocator-granularity=16"
    "memorysetup-profiler-bucket-allocator-bucket-count=8"
    "memorysetup-profiler-bucket-allocator-block-size=33554432"
    "memorysetup-profiler-bucket-allocator-block-count=8"
    "memorysetup-profiler-allocator-block-size=16777216"
    "memorysetup-profiler-editor-allocator-block-size=1048576"
    "memorysetup-temp-allocator-size-main=16777216"
    "memorysetup-job-temp-allocator-block-size=2097152"
    "memorysetup-job-temp-allocator-block-size-background=1048576"
    "memorysetup-job-temp-allocator-reduction-small-platforms=262144"
    "memorysetup-temp-allocator-size-background-worker=32768"
    "memorysetup-temp-allocator-size-job-worker=262144"
    "memorysetup-temp-allocator-size-preload-manager=33554432"
    "memorysetup-temp-allocator-size-nav-mesh-worker=65536"
    "memorysetup-temp-allocator-size-audio-worker=65536"
    "memorysetup-temp-allocator-size-cloud-worker=32768"
    "memorysetup-temp-allocator-size-gi-baking-worker=262144"
    "memorysetup-temp-allocator-size-gfx=262144"
Player connection [32004] Host "[IP] 25.16.200.250 [Port] 0 [Flags] 2 [Guid] 3720896615 [EditorId] 3720896615 [Version] 1048832 [Id] WindowsEditor(7,Rocketship-77) [Debug] 1 [PackageName] WindowsEditor [ProjectName] Editor" joined multi-casting on [225.0.0.222:54997]...

Player connection [32004] Host "[IP] 25.16.200.250 [Port] 0 [Flags] 2 [Guid] 3720896615 [EditorId] 3720896615 [Version] 1048832 [Id] WindowsEditor(7,Rocketship-77) [Debug] 1 [PackageName] WindowsEditor [ProjectName] Editor" joined alternative multi-casting on [225.0.0.222:34997]...

Refreshing native plugins compatible for Editor in 128.43 ms, found 12 plugins.
Preloading 1 native plugins for Editor in 0.65 ms.
Initialize engine version: 2021.3.18f1 (3129e69bc0c7)
[Subsystems] Discovering subsystems at path E:/Unity Editor/2021.3.18f1/Editor/Data/Resources/UnitySubsystems
[Subsystems] Discovering subsystems at path C:/Users/samra/Documents/GitHub/VR-Project/Hunting Whales VR V1/Assets
GfxDevice: creating device client; threaded=0; jobified=0
Direct3D:
    Version:  Direct3D 11.0 [level 11.1]
    Renderer: NVIDIA GeForce RTX 3080 Laptop GPU (ID=0x24dc)
    Vendor:   NVIDIA
    VRAM:     16191 MB
    Driver:   31.0.15.3179
Initialize mono
Mono path[0] = 'E:/Unity Editor/2021.3.18f1/Editor/Data/Managed'
Mono path[1] = 'E:/Unity Editor/2021.3.18f1/Editor/Data/MonoBleedingEdge/lib/mono/unityjit-win32'
Mono config path = 'E:/Unity Editor/2021.3.18f1/Editor/Data/MonoBleedingEdge/etc'
Using monoOptions --debugger-agent=transport=dt_socket,embedding=1,server=y,suspend=n,address=127.0.0.1:56004
Begin MonoManager ReloadAssembly
Registering precompiled unity dll's ...
Register platform support module: E:/Unity Editor/2021.3.18f1/Editor/Data/PlaybackEngines/AndroidPlayer/UnityEditor.Android.Extensions.dll
Register platform support module: E:/Unity Editor/2021.3.18f1/Editor/Data/PlaybackEngines/WindowsStandaloneSupport/UnityEditor.WindowsStandalone.Extensions.dll
Registered in 0.003352 seconds.
Native extension for WindowsStandalone target not found
Native extension for Android target not found
Android Extension - Scanning For ADB Devices 2308 ms
Refreshing native plugins compatible for Editor in 100.93 ms, found 12 plugins.
Preloading 1 native plugins for Editor in 0.14 ms.
Mono: successfully reloaded assembly
- Completed reload, in  2.927 seconds
Domain Reload Profiling:
	ReloadAssembly (2927ms)
		BeginReloadAssembly (65ms)
			ExecutionOrderSort (0ms)
			DisableScriptedObjects (0ms)
			BackupInstance (0ms)
			ReleaseScriptingObjects (0ms)
			CreateAndSetChildDomain (1ms)
		EndReloadAssembly (2776ms)
			LoadAssemblies (64ms)
			RebuildTransferFunctionScriptingTraits (0ms)
			SetupTypeCache (106ms)
			ReleaseScriptCaches (0ms)
			RebuildScriptCaches (22ms)
			SetupLoadedEditorAssemblies (2603ms)
				LogAssemblyErrors (0ms)
				InitializePlatformSupportModulesInManaged (2380ms)
				SetLoadedEditorAssemblies (0ms)
				RefreshPlugins (101ms)
				BeforeProcessingInitializeOnLoad (1ms)
				ProcessInitializeOnLoadAttributes (82ms)
				ProcessInitializeOnLoadMethodAttributes (38ms)
				AfterProcessingInitializeOnLoad (0ms)
				EditorAssembliesLoaded (0ms)
			ExecutionOrderSort2 (0ms)
			AwakeInstancesAfterBackupRestoration (0ms)
Platform modules already initialized, skipping
Registering precompiled user dll's ...
Registered in 0.011963 seconds.
Begin MonoManager ReloadAssembly
Symbol file LoadedFromMemory doesn't match image C:\Users\samra\Documents\GitHub\VR-Project\Hunting Whales VR V1\Library\PackageCache\com.unity.visualscripting@1.8.0\Editor\VisualScripting.Core\Dependencies\DotNetZip\Unity.VisualScripting.IonicZip.dll
Symbol file LoadedFromMemory doesn't match image C:\Users\samra\Documents\GitHub\VR-Project\Hunting Whales VR V1\Library\PackageCache\com.unity.visualscripting@1.8.0\Editor\VisualScripting.Core\Dependencies\YamlDotNet\Unity.VisualScripting.YamlDotNet.dll
Native extension for WindowsStandalone target not found
Native extension for Android target not found
Refreshing native plugins compatible for Editor in 93.68 ms, found 12 plugins.
Preloading 1 native plugins for Editor in 0.11 ms.
Package Manager log level set to [2]
System.Reflection.TargetInvocationException: Exception has been thrown by the target of an invocation. ---> System.NullReferenceException: Object reference not set to an instance of an object
  at Unity.XR.Oculus.OculusLoader.AssetPathToAbsolutePath (System.String assetPath) [0x0003d] in C:\Users\samra\Documents\GitHub\VR-Project\Hunting Whales VR V1\Library\PackageCache\com.unity.xr.oculus@3.2.3\Runtime\OculusLoader.cs:296 
  at Unity.XR.Oculus.OculusLoader.EditorLoadOVRPlugin () [0x0007b] in C:\Users\samra\Documents\GitHub\VR-Project\Hunting Whales VR V1\Library\PackageCache\com.unity.xr.oculus@3.2.3\Runtime\OculusLoader.cs:281 
  at (wrapper managed-to-native) System.Reflection.RuntimeMethodInfo.InternalInvoke(System.Reflection.RuntimeMethodInfo,object,object[],System.Exception&)
  at System.Reflection.RuntimeMethodInfo.Invoke (System.Object obj, System.Reflection.BindingFlags invokeAttr, System.Reflection.Binder binder, System.Object[] parameters, System.Globalization.CultureInfo culture) [0x0006a] in <1f66344f2f89470293d8b67d71308c07>:0 
   --- End of inner exception stack trace ---
  at System.Reflection.RuntimeMethodInfo.Invoke (System.Object obj, System.Reflection.BindingFlags invokeAttr, System.Reflection.Binder binder, System.Object[] parameters, System.Globalization.CultureInfo culture) [0x00083] in <1f66344f2f89470293d8b67d71308c07>:0 
  at System.Reflection.MethodBase.Invoke (System.Object obj, System.Object[] parameters) [0x00000] in <1f66344f2f89470293d8b67d71308c07>:0 
  at UnityEditor.EditorAssemblies.ProcessInitializeOnLoadMethodAttributes () [0x000a5] in <42a64fd733d9417da1ea3a757ad9a96d>:0 
UnityEngine.StackTraceUtility:ExtractStackTrace ()
UnityEngine.DebugLogHandler:LogFormat (UnityEngine.LogType,UnityEngine.Object,string,object[])
UnityEngine.Logger:Log (UnityEngine.LogType,object)
UnityEngine.Debug:LogError (object)
UnityEditor.EditorAssemblies:ProcessInitializeOnLoadMethodAttributes ()

Mono: successfully reloaded assembly
- Completed reload, in  1.205 seconds
Domain Reload Profiling:
	ReloadAssembly (1206ms)
		BeginReloadAssembly (92ms)
			ExecutionOrderSort (0ms)
			DisableScriptedObjects (5ms)
			BackupInstance (0ms)
			ReleaseScriptingObjects (0ms)
			CreateAndSetChildDomain (20ms)
		EndReloadAssembly (1021ms)
			LoadAssemblies (84ms)
			RebuildTransferFunctionScriptingTraits (0ms)
			SetupTypeCache (319ms)
			ReleaseScriptCaches (1ms)
			RebuildScriptCaches (53ms)
			SetupLoadedEditorAssemblies (498ms)
				LogAssemblyErrors (0ms)
				InitializePlatformSupportModulesInManaged (14ms)
				SetLoadedEditorAssemblies (0ms)
				RefreshPlugins (94ms)
				BeforeProcessingInitializeOnLoad (95ms)
				ProcessInitializeOnLoadAttributes (252ms)
				ProcessInitializeOnLoadMethodAttributes (41ms)
				AfterProcessingInitializeOnLoad (3ms)
				EditorAssembliesLoaded (0ms)
			ExecutionOrderSort2 (0ms)
			AwakeInstancesAfterBackupRestoration (5ms)
Platform modules already initialized, skipping
========================================================================
Worker process is ready to serve import requests
Launched and connected shader compiler UnityShaderCompiler.exe after 0.04 seconds
Refreshing native plugins compatible for Editor in 2.31 ms, found 12 plugins.
Preloading 1 native plugins for Editor in 0.15 ms.
Unloading 4424 Unused Serialized files (Serialized files now loaded: 0)
Unloading 50 unused Assets / (59.0 KB). Loaded Objects now: 4896.
Memory consumption went from 163.8 MB to 163.8 MB.
Total: 5.578100 ms (FindLiveObjects: 0.674100 ms CreateObjectMapping: 0.395400 ms MarkObjects: 4.369000 ms  DeleteObjects: 0.137500 ms)

AssetImportParameters requested are different than current active one (requested -> active):
  custom:video-decoder-ogg-theora: a1e56fd34408186e4bbccfd4996cb3dc -> 
  custom:container-muxer-webm: aa71ff27fc2769a1b78a27578f13a17b -> 
  custom:container-demuxer-webm: 4f35f7cbe854078d1ac9338744f61a02 -> 
  custom:video-encoder-webm-vp8: eb34c28f22e8b96e1ab97ce403110664 -> 
  custom:audio-encoder-webm-vorbis: bf7c407c2cedff20999df2af8eb42d56 -> 
  custom:framework-win-MediaFoundation: 216162199b28c13a410421893ffa2e32 -> 
  custom:container-demuxer-ogg: 62fdf1f143b41e24485cea50d1cbac27 -> 
  custom:video-decoder-webm-vp8: 9c59270c3fd7afecdb556c50c9e8de78 -> 
  custom:audio-decoder-ogg-vorbis: bf7c407c2cedff20999df2af8eb42d56 -> 
========================================================================
Received Import Request.
  Time since last request: 960923.518166 seconds.
  path: Assets/Thumb.mask
  artifactKey: Guid(ba59ec82f9e91e34895e255ca6e641ae) Importer(815301076,1909f56bfc062723c751e8b465ee728b)
Start importing Assets/Thumb.mask using Guid(ba59ec82f9e91e34895e255ca6e641ae) Importer(815301076,1909f56bfc062723c751e8b465ee728b)  -> (artifact id: 'a25226a927824f87769d61d6ce5f3a73') in 0.041850 seconds 
========================================================================
Received Import Request.
  Time since last request: 282.617042 seconds.
  path: Assets/Samples/XR Interaction Toolkit/2.3.0-pre.1/Starter Assets/Prefabs/Interactables/Interactable Instant Pyramid.prefab
  artifactKey: Guid(2ed984a58a974166bf92c82a74380454) Importer(815301076,1909f56bfc062723c751e8b465ee728b)
Start importing Assets/Samples/XR Interaction Toolkit/2.3.0-pre.1/Starter Assets/Prefabs/Interactables/Interactable Instant Pyramid.prefab using Guid(2ed984a58a974166bf92c82a74380454) Importer(815301076,1909f56bfc062723c751e8b465ee728b)  -> (artifact id: '952b680b8d47a923bdb226698f9cd5bf') in 0.097417 seconds 
========================================================================
Received Import Request.
  Time since last request: 0.000022 seconds.
  path: Assets/PolygonSciFiCity/Models/SM_Prop_MarketTable_04.fbx
  artifactKey: Guid(e8a2b7211f7ffc84b96c5b28008962c8) Importer(815301076,1909f56bfc062723c751e8b465ee728b)
Start importing Assets/PolygonSciFiCity/Models/SM_Prop_MarketTable_04.fbx using Guid(e8a2b7211f7ffc84b96c5b28008962c8) Importer(815301076,1909f56bfc062723c751e8b465ee728b)  -> (artifact id: '055020c9b71f89f9ce63b318c8a07993') in 0.038535 seconds 
========================================================================
Received Import Request.
  Time since last request: 0.000026 seconds.
  path: Assets/PolygonSciFiCity/Models/SM_Prop_MarketTable_03.fbx
  artifactKey: Guid(3800aea9a0949aa4ba49f86b53cb9aff) Importer(815301076,1909f56bfc062723c751e8b465ee728b)
Start importing Assets/PolygonSciFiCity/Models/SM_Prop_MarketTable_03.fbx using Guid(3800aea9a0949aa4ba49f86b53cb9aff) Importer(815301076,1909f56bfc062723c751e8b465ee728b)  -> (artifact id: '86b2ff58e3e47be52d905cce63a5a8f8') in 0.024596 seconds 
========================================================================
Received Import Request.
  Time since last request: 0.000033 seconds.
  path: Assets/PolygonSciFiCity/Prefabs/Props/SM_Prop_MarketTable_04.prefab
  artifactKey: Guid(7783a0eeaba15044ab28535f0510b5f3) Importer(815301076,1909f56bfc062723c751e8b465ee728b)
Start importing Assets/PolygonSciFiCity/Prefabs/Props/SM_Prop_MarketTable_04.prefab using Guid(7783a0eeaba15044ab28535f0510b5f3) Importer(815301076,1909f56bfc062723c751e8b465ee728b)  -> (artifact id: '5f3f44d6878abdea8c4d123e45bd35d3') in 0.057479 seconds 
========================================================================
Received Import Request.
  Time since last request: 0.000025 seconds.
  path: Assets/PolygonSciFiCity/Prefabs/Props/SM_Prop_MarketTable_05.prefab
  artifactKey: Guid(8105bb799c54ba640b347de3be074822) Importer(815301076,1909f56bfc062723c751e8b465ee728b)
Start importing Assets/PolygonSciFiCity/Prefabs/Props/SM_Prop_MarketTable_05.prefab using Guid(8105bb799c54ba640b347de3be074822) Importer(815301076,1909f56bfc062723c751e8b465ee728b)  -> (artifact id: '8697eac21ba1e4a0c663faad84981713') in 0.038837 seconds 
========================================================================
Received Import Request.
  Time since last request: 0.000025 seconds.
  path: Assets/PolygonSciFiCity/Models/SM_Prop_Medical_Table_01.fbx
  artifactKey: Guid(68bc3946dc79a8e40b1e161f57be05b1) Importer(815301076,1909f56bfc062723c751e8b465ee728b)
Start importing Assets/PolygonSciFiCity/Models/SM_Prop_Medical_Table_01.fbx using Guid(68bc3946dc79a8e40b1e161f57be05b1) Importer(815301076,1909f56bfc062723c751e8b465ee728b)  -> (artifact id: 'de2476cb7010f38d42c19c17b50d99f3') in 0.023784 seconds 
========================================================================
Received Import Request.
  Time since last request: 0.000023 seconds.
  path: Assets/PolygonSciFiCity/Models/SM_Prop_MarketTable_04_Convex.asset
  artifactKey: Guid(eac38eeb661314d42ac9b42b1dc193f8) Importer(815301076,1909f56bfc062723c751e8b465ee728b)
Start importing Assets/PolygonSciFiCity/Models/SM_Prop_MarketTable_04_Convex.asset using Guid(eac38eeb661314d42ac9b42b1dc193f8) Importer(815301076,1909f56bfc062723c751e8b465ee728b)  -> (artifact id: '499608f8f0b58445297c03e5b12bbf21') in 0.016276 seconds 
========================================================================
Received Import Request.
  Time since last request: 0.000024 seconds.
  path: Assets/PolygonSciFiCity/Prefabs/Props/SM_Prop_MarketTable_02.prefab
  artifactKey: Guid(d791db173db22b54e9e8ba224d900292) Importer(815301076,1909f56bfc062723c751e8b465ee728b)
Start importing Assets/PolygonSciFiCity/Prefabs/Props/SM_Prop_MarketTable_02.prefab using Guid(d791db173db22b54e9e8ba224d900292) Importer(815301076,1909f56bfc062723c751e8b465ee728b)  -> (artifact id: '83ed185e488aeca68c587c8574c49db2') in 0.046170 seconds 
========================================================================
Received Import Request.
  Time since last request: 0.000055 seconds.
  path: Assets/PolygonSciFiCity/Models/SM_Prop_MarketTable_03_Convex.asset
  artifactKey: Guid(7ab8d5501747aa54893b9e9826671a3b) Importer(815301076,1909f56bfc062723c751e8b465ee728b)
Start importing Assets/PolygonSciFiCity/Models/SM_Prop_MarketTable_03_Convex.asset using Guid(7ab8d5501747aa54893b9e9826671a3b) Importer(815301076,1909f56bfc062723c751e8b465ee728b)  -> (artifact id: 'fedee1445f207680622a1a0ef660048a') in 0.012582 seconds 
========================================================================
Received Import Request.
  Time since last request: 0.000037 seconds.
  path: Assets/PolygonCity/Models/Collisions/SM_Prop_PicnicTable_01_Convex.asset
  artifactKey: Guid(add6824d3fb8bf448a365ed8a31e1fa8) Importer(815301076,1909f56bfc062723c751e8b465ee728b)
Start importing Assets/PolygonCity/Models/Collisions/SM_Prop_PicnicTable_01_Convex.asset using Guid(add6824d3fb8bf448a365ed8a31e1fa8) Importer(815301076,1909f56bfc062723c751e8b465ee728b)  -> (artifact id: '12b1818e3606313d02f12013faa61664') in 0.015049 seconds 
========================================================================
Received Import Request.
  Time since last request: 0.000023 seconds.
  path: Assets/PolygonSciFiCity/Models/SM_Prop_Medical_Table_01_Convex.asset
  artifactKey: Guid(f7caccde8a6d125419976b0a9b0ef88f) Importer(815301076,1909f56bfc062723c751e8b465ee728b)
Start importing Assets/PolygonSciFiCity/Models/SM_Prop_Medical_Table_01_Convex.asset using Guid(f7caccde8a6d125419976b0a9b0ef88f) Importer(815301076,1909f56bfc062723c751e8b465ee728b)  -> (artifact id: '7b2ef1948cf97ad08712e9ab3b28ce15') in 0.014032 seconds 
========================================================================
Received Import Request.
  Time since last request: 0.918123 seconds.
  path: Assets/PolygonCity/Models/Collisions/SM_Prop_PicnicTable_01_Convex 1.asset
  artifactKey: Guid(dcd3eef23fa3ce3488f390914c297375) Importer(815301076,1909f56bfc062723c751e8b465ee728b)
Start importing Assets/PolygonCity/Models/Collisions/SM_Prop_PicnicTable_01_Convex 1.asset using Guid(dcd3eef23fa3ce3488f390914c297375) Importer(815301076,1909f56bfc062723c751e8b465ee728b)  -> (artifact id: 'd18601e2129c33d7efada199f22bac0d') in 0.019455 seconds 
========================================================================
Received Import Request.
  Time since last request: 0.000018 seconds.
  path: Assets/PolygonSciFiCity/Prefabs/Props/SM_Prop_table_01.prefab
  artifactKey: Guid(fb85b3c23b991e249a29afe99d47b0eb) Importer(815301076,1909f56bfc062723c751e8b465ee728b)
Start importing Assets/PolygonSciFiCity/Prefabs/Props/SM_Prop_table_01.prefab using Guid(fb85b3c23b991e249a29afe99d47b0eb) Importer(815301076,1909f56bfc062723c751e8b465ee728b)  -> (artifact id: '1dccd7d28113c246043407ee269e69b9') in 0.036175 seconds 
========================================================================
Received Import Request.
  Time since last request: 0.000027 seconds.
  path: Assets/PolygonSciFiCity/Models/SM_Prop_table_01.fbx
  artifactKey: Guid(a48019063f036d545a233543f1ea468d) Importer(815301076,1909f56bfc062723c751e8b465ee728b)
Start importing Assets/PolygonSciFiCity/Models/SM_Prop_table_01.fbx using Guid(a48019063f036d545a233543f1ea468d) Importer(815301076,1909f56bfc062723c751e8b465ee728b)  -> (artifact id: '758cc3f7fa36421311c100b7f0a898d5') in 0.017044 seconds 
========================================================================
Received Import Request.
  Time since last request: 0.000029 seconds.
  path: Assets/PolygonCity/Models/SM_Prop_Table_02.fbx
  artifactKey: Guid(9dfbead72f75a4340941e07def18db84) Importer(815301076,1909f56bfc062723c751e8b465ee728b)
Start importing Assets/PolygonCity/Models/SM_Prop_Table_02.fbx using Guid(9dfbead72f75a4340941e07def18db84) Importer(815301076,1909f56bfc062723c751e8b465ee728b)  -> (artifact id: 'ba5a6824ef37d42aad9415b5d90ee4a9') in 0.021385 seconds 
========================================================================
Received Import Request.
  Time since last request: 0.000024 seconds.
  path: Assets/PolygonSciFiCity/Models/SM_Prop_Table_Small_01_Convex.asset
  artifactKey: Guid(3e0a51813ba794b4e9fa446bd9ef154e) Importer(815301076,1909f56bfc062723c751e8b465ee728b)
Start importing Assets/PolygonSciFiCity/Models/SM_Prop_Table_Small_01_Convex.asset using Guid(3e0a51813ba794b4e9fa446bd9ef154e) Importer(815301076,1909f56bfc062723c751e8b465ee728b)  -> (artifact id: '186a84256b77ba31d352c14e31fef3dc') in 0.012432 seconds 
========================================================================
Received Import Request.
  Time since last request: 0.000019 seconds.
  path: Assets/PolygonSciFiCity/Models/SM_Prop_Wall_Table_01.fbx
  artifactKey: Guid(8ae29bc2d48e5db42b683c17b7bb2307) Importer(815301076,1909f56bfc062723c751e8b465ee728b)
Start importing Assets/PolygonSciFiCity/Models/SM_Prop_Wall_Table_01.fbx using Guid(8ae29bc2d48e5db42b683c17b7bb2307) Importer(815301076,1909f56bfc062723c751e8b465ee728b)  -> (artifact id: '27925b608663dd2c15d71fb3c2225ee8') in 0.038707 seconds 
========================================================================
Received Import Request.
  Time since last request: 0.000019 seconds.
  path: Assets/PolygonCity/Models/Collisions/SM_Prop_Table_02_Convex.asset
  artifactKey: Guid(68a5ac2c147b17a47b16b959e5256072) Importer(815301076,1909f56bfc062723c751e8b465ee728b)
Start importing Assets/PolygonCity/Models/Collisions/SM_Prop_Table_02_Convex.asset using Guid(68a5ac2c147b17a47b16b959e5256072) Importer(815301076,1909f56bfc062723c751e8b465ee728b)  -> (artifact id: 'bf4cd9d989e33819738b72ede6107d86') in 0.013538 seconds 
========================================================================
Received Import Request.
  Time since last request: 0.000016 seconds.
  path: Assets/PolygonCity/Models/Collisions/SM_Prop_Table_02_Convex 1.asset
  artifactKey: Guid(f32fef33fc8d6e847ab1fb838d57328a) Importer(815301076,1909f56bfc062723c751e8b465ee728b)
Start importing Assets/PolygonCity/Models/Collisions/SM_Prop_Table_02_Convex 1.asset using Guid(f32fef33fc8d6e847ab1fb838d57328a) Importer(815301076,1909f56bfc062723c751e8b465ee728b)  -> (artifact id: '81c537e6219df640392992d98c7dd199') in 0.024916 seconds 
========================================================================
Received Import Request.
  Time since last request: 0.000017 seconds.
  path: Assets/PolygonSciFiCity/Prefabs/Props/SM_Prop_StripClub_Table_01.prefab
  artifactKey: Guid(11f4485fae28000449156b9af4b3af06) Importer(815301076,1909f56bfc062723c751e8b465ee728b)
Start importing Assets/PolygonSciFiCity/Prefabs/Props/SM_Prop_StripClub_Table_01.prefab using Guid(11f4485fae28000449156b9af4b3af06) Importer(815301076,1909f56bfc062723c751e8b465ee728b)  -> (artifact id: '4bbf8af8692c9a8eae0826cb5728b6a3') in 0.033417 seconds 
========================================================================
Received Import Request.
  Time since last request: 2.814306 seconds.
  path: Assets/PolygonSciFiCity/Models/SM_Prop_Wall_Table_01_Convex.asset
  artifactKey: Guid(3c37771883fe9da48a36b0b1df349247) Importer(815301076,1909f56bfc062723c751e8b465ee728b)
Start importing Assets/PolygonSciFiCity/Models/SM_Prop_Wall_Table_01_Convex.asset using Guid(3c37771883fe9da48a36b0b1df349247) Importer(815301076,1909f56bfc062723c751e8b465ee728b)  -> (artifact id: 'e491be161a19d127ff9164392f15e2a5') in 0.012030 seconds 
Editor requested this worker to shutdown with reason: Scaling down because of idle timeout
AssetImportWorker is now disconnected from the server
Process exiting
Exiting without the bug reporter. Application will terminate with return code 0