Using pre-set license
Built from '2021.3/staging' branch; Version is '2021.3.18f1 (3129e69bc0c7) revision 3221990'; Using compiler version '192829333'; Build Type 'Release'
OS: 'Windows 10  (10.0.19045) 64bit Professional' Language: 'en' Physical Memory: 32620 MB
BatchMode: 1, IsHumanControllingUs: 0, StartBugReporterOnCrash: 0, Is64bit: 1, IsPro: 1

COMMAND LINE ARGUMENTS:
E:\Unity Editor\2021.3.18f1\Editor\Unity.exe
-adb2
-batchMode
-noUpm
-name
AssetImportWorker9
-projectPath
C:/Users/samra/Documents/GitHub/VR-Project/Hunting Whales VR V1
-logFile
Logs/AssetImportWorker9.log
-srvPort
49156
Successfully changed project path to: C:/Users/samra/Documents/GitHub/VR-Project/Hunting Whales VR V1
C:/Users/samra/Documents/GitHub/VR-Project/Hunting Whales VR V1
[UnityMemory] Configuration Parameters - Can be set up in boot.config
    "memorysetup-bucket-allocator-granularity=16"
    "memorysetup-bucket-allocator-bucket-count=8"
    "memorysetup-bucket-allocator-block-size=33554432"
    "memorysetup-bucket-allocator-block-count=8"
    "memorysetup-main-allocator-block-size=16777216"
    "memorysetup-thread-allocator-block-size=16777216"
    "memorysetup-gfx-main-allocator-block-size=16777216"
    "memorysetup-gfx-thread-allocator-block-size=16777216"
    "memorysetup-cache-allocator-block-size=4194304"
    "memorysetup-typetree-allocator-block-size=2097152"
    "memorysetup-profiler-bucket-allocator-granularity=16"
    "memorysetup-profiler-bucket-allocator-bucket-count=8"
    "memorysetup-profiler-bucket-allocator-block-size=33554432"
    "memorysetup-profiler-bucket-allocator-block-count=8"
    "memorysetup-profiler-allocator-block-size=16777216"
    "memorysetup-profiler-editor-allocator-block-size=1048576"
    "memorysetup-temp-allocator-size-main=16777216"
    "memorysetup-job-temp-allocator-block-size=2097152"
    "memorysetup-job-temp-allocator-block-size-background=1048576"
    "memorysetup-job-temp-allocator-reduction-small-platforms=262144"
    "memorysetup-temp-allocator-size-background-worker=32768"
    "memorysetup-temp-allocator-size-job-worker=262144"
    "memorysetup-temp-allocator-size-preload-manager=33554432"
    "memorysetup-temp-allocator-size-nav-mesh-worker=65536"
    "memorysetup-temp-allocator-size-audio-worker=65536"
    "memorysetup-temp-allocator-size-cloud-worker=32768"
    "memorysetup-temp-allocator-size-gi-baking-worker=262144"
    "memorysetup-temp-allocator-size-gfx=262144"
Player connection [22988] Host "[IP] 25.16.200.250 [Port] 0 [Flags] 2 [Guid] 1197510794 [EditorId] 1197510794 [Version] 1048832 [Id] WindowsEditor(7,Rocketship-77) [Debug] 1 [PackageName] WindowsEditor [ProjectName] Editor" joined multi-casting on [225.0.0.222:54997]...

Player connection [22988] Host "[IP] 25.16.200.250 [Port] 0 [Flags] 2 [Guid] 1197510794 [EditorId] 1197510794 [Version] 1048832 [Id] WindowsEditor(7,Rocketship-77) [Debug] 1 [PackageName] WindowsEditor [ProjectName] Editor" joined alternative multi-casting on [225.0.0.222:34997]...

Refreshing native plugins compatible for Editor in 135.90 ms, found 12 plugins.
Preloading 1 native plugins for Editor in 0.89 ms.
Initialize engine version: 2021.3.18f1 (3129e69bc0c7)
[Subsystems] Discovering subsystems at path E:/Unity Editor/2021.3.18f1/Editor/Data/Resources/UnitySubsystems
[Subsystems] Discovering subsystems at path C:/Users/samra/Documents/GitHub/VR-Project/Hunting Whales VR V1/Assets
GfxDevice: creating device client; threaded=0; jobified=0
Direct3D:
    Version:  Direct3D 11.0 [level 11.1]
    Renderer: NVIDIA GeForce RTX 3080 Laptop GPU (ID=0x24dc)
    Vendor:   NVIDIA
    VRAM:     16191 MB
    Driver:   31.0.15.3179
Initialize mono
Mono path[0] = 'E:/Unity Editor/2021.3.18f1/Editor/Data/Managed'
Mono path[1] = 'E:/Unity Editor/2021.3.18f1/Editor/Data/MonoBleedingEdge/lib/mono/unityjit-win32'
Mono config path = 'E:/Unity Editor/2021.3.18f1/Editor/Data/MonoBleedingEdge/etc'
Using monoOptions --debugger-agent=transport=dt_socket,embedding=1,server=y,suspend=n,address=127.0.0.1:56532
Begin MonoManager ReloadAssembly
Registering precompiled unity dll's ...
Register platform support module: E:/Unity Editor/2021.3.18f1/Editor/Data/PlaybackEngines/AndroidPlayer/UnityEditor.Android.Extensions.dll
Register platform support module: E:/Unity Editor/2021.3.18f1/Editor/Data/PlaybackEngines/WindowsStandaloneSupport/UnityEditor.WindowsStandalone.Extensions.dll
Registered in 0.003173 seconds.
Native extension for WindowsStandalone target not found
Native extension for Android target not found
Android Extension - Scanning For ADB Devices 237 ms
Refreshing native plugins compatible for Editor in 98.97 ms, found 12 plugins.
Preloading 1 native plugins for Editor in 0.09 ms.
Mono: successfully reloaded assembly
- Completed reload, in  0.793 seconds
Domain Reload Profiling:
	ReloadAssembly (793ms)
		BeginReloadAssembly (58ms)
			ExecutionOrderSort (0ms)
			DisableScriptedObjects (0ms)
			BackupInstance (0ms)
			ReleaseScriptingObjects (0ms)
			CreateAndSetChildDomain (1ms)
		EndReloadAssembly (652ms)
			LoadAssemblies (58ms)
			RebuildTransferFunctionScriptingTraits (0ms)
			SetupTypeCache (81ms)
			ReleaseScriptCaches (0ms)
			RebuildScriptCaches (20ms)
			SetupLoadedEditorAssemblies (509ms)
				LogAssemblyErrors (0ms)
				InitializePlatformSupportModulesInManaged (302ms)
				SetLoadedEditorAssemblies (0ms)
				RefreshPlugins (99ms)
				BeforeProcessingInitializeOnLoad (1ms)
				ProcessInitializeOnLoadAttributes (72ms)
				ProcessInitializeOnLoadMethodAttributes (35ms)
				AfterProcessingInitializeOnLoad (0ms)
				EditorAssembliesLoaded (0ms)
			ExecutionOrderSort2 (0ms)
			AwakeInstancesAfterBackupRestoration (0ms)
Platform modules already initialized, skipping
Registering precompiled user dll's ...
Registered in 0.011475 seconds.
Begin MonoManager ReloadAssembly
Symbol file LoadedFromMemory doesn't match image C:\Users\samra\Documents\GitHub\VR-Project\Hunting Whales VR V1\Library\PackageCache\com.unity.visualscripting@1.8.0\Editor\VisualScripting.Core\Dependencies\DotNetZip\Unity.VisualScripting.IonicZip.dll
Symbol file LoadedFromMemory doesn't match image C:\Users\samra\Documents\GitHub\VR-Project\Hunting Whales VR V1\Library\PackageCache\com.unity.visualscripting@1.8.0\Editor\VisualScripting.Core\Dependencies\YamlDotNet\Unity.VisualScripting.YamlDotNet.dll
Native extension for WindowsStandalone target not found
Native extension for Android target not found
Refreshing native plugins compatible for Editor in 95.41 ms, found 12 plugins.
Preloading 1 native plugins for Editor in 0.08 ms.
Package Manager log level set to [2]
System.Reflection.TargetInvocationException: Exception has been thrown by the target of an invocation. ---> System.NullReferenceException: Object reference not set to an instance of an object
  at Unity.XR.Oculus.OculusLoader.AssetPathToAbsolutePath (System.String assetPath) [0x0003d] in C:\Users\samra\Documents\GitHub\VR-Project\Hunting Whales VR V1\Library\PackageCache\com.unity.xr.oculus@3.2.3\Runtime\OculusLoader.cs:296 
  at Unity.XR.Oculus.OculusLoader.EditorLoadOVRPlugin () [0x0007b] in C:\Users\samra\Documents\GitHub\VR-Project\Hunting Whales VR V1\Library\PackageCache\com.unity.xr.oculus@3.2.3\Runtime\OculusLoader.cs:281 
  at (wrapper managed-to-native) System.Reflection.RuntimeMethodInfo.InternalInvoke(System.Reflection.RuntimeMethodInfo,object,object[],System.Exception&)
  at System.Reflection.RuntimeMethodInfo.Invoke (System.Object obj, System.Reflection.BindingFlags invokeAttr, System.Reflection.Binder binder, System.Object[] parameters, System.Globalization.CultureInfo culture) [0x0006a] in <1f66344f2f89470293d8b67d71308c07>:0 
   --- End of inner exception stack trace ---
  at System.Reflection.RuntimeMethodInfo.Invoke (System.Object obj, System.Reflection.BindingFlags invokeAttr, System.Reflection.Binder binder, System.Object[] parameters, System.Globalization.CultureInfo culture) [0x00083] in <1f66344f2f89470293d8b67d71308c07>:0 
  at System.Reflection.MethodBase.Invoke (System.Object obj, System.Object[] parameters) [0x00000] in <1f66344f2f89470293d8b67d71308c07>:0 
  at UnityEditor.EditorAssemblies.ProcessInitializeOnLoadMethodAttributes () [0x000a5] in <42a64fd733d9417da1ea3a757ad9a96d>:0 
UnityEngine.StackTraceUtility:ExtractStackTrace ()
UnityEngine.DebugLogHandler:LogFormat (UnityEngine.LogType,UnityEngine.Object,string,object[])
UnityEngine.Logger:Log (UnityEngine.LogType,object)
UnityEngine.Debug:LogError (object)
UnityEditor.EditorAssemblies:ProcessInitializeOnLoadMethodAttributes ()

Mono: successfully reloaded assembly
- Completed reload, in  1.050 seconds
Domain Reload Profiling:
	ReloadAssembly (1050ms)
		BeginReloadAssembly (88ms)
			ExecutionOrderSort (0ms)
			DisableScriptedObjects (5ms)
			BackupInstance (0ms)
			ReleaseScriptingObjects (0ms)
			CreateAndSetChildDomain (19ms)
		EndReloadAssembly (873ms)
			LoadAssemblies (76ms)
			RebuildTransferFunctionScriptingTraits (0ms)
			SetupTypeCache (219ms)
			ReleaseScriptCaches (1ms)
			RebuildScriptCaches (48ms)
			SetupLoadedEditorAssemblies (475ms)
				LogAssemblyErrors (0ms)
				InitializePlatformSupportModulesInManaged (13ms)
				SetLoadedEditorAssemblies (0ms)
				RefreshPlugins (96ms)
				BeforeProcessingInitializeOnLoad (88ms)
				ProcessInitializeOnLoadAttributes (234ms)
				ProcessInitializeOnLoadMethodAttributes (40ms)
				AfterProcessingInitializeOnLoad (4ms)
				EditorAssembliesLoaded (0ms)
			ExecutionOrderSort2 (0ms)
			AwakeInstancesAfterBackupRestoration (5ms)
Platform modules already initialized, skipping
========================================================================
Worker process is ready to serve import requests
Launched and connected shader compiler UnityShaderCompiler.exe after 0.04 seconds
Refreshing native plugins compatible for Editor in 1.21 ms, found 12 plugins.
Preloading 1 native plugins for Editor in 0.10 ms.
Unloading 4424 Unused Serialized files (Serialized files now loaded: 0)
Unloading 50 unused Assets / (59.0 KB). Loaded Objects now: 4897.
Memory consumption went from 164.7 MB to 164.6 MB.
Total: 3.028200 ms (FindLiveObjects: 0.270100 ms CreateObjectMapping: 0.100700 ms MarkObjects: 2.566500 ms  DeleteObjects: 0.090100 ms)

AssetImportParameters requested are different than current active one (requested -> active):
  custom:video-decoder-ogg-theora: a1e56fd34408186e4bbccfd4996cb3dc -> 
  custom:container-muxer-webm: aa71ff27fc2769a1b78a27578f13a17b -> 
  custom:container-demuxer-webm: 4f35f7cbe854078d1ac9338744f61a02 -> 
  custom:video-encoder-webm-vp8: eb34c28f22e8b96e1ab97ce403110664 -> 
  custom:audio-encoder-webm-vorbis: bf7c407c2cedff20999df2af8eb42d56 -> 
  custom:framework-win-MediaFoundation: 216162199b28c13a410421893ffa2e32 -> 
  custom:container-demuxer-ogg: 62fdf1f143b41e24485cea50d1cbac27 -> 
  custom:video-decoder-webm-vp8: 9c59270c3fd7afecdb556c50c9e8de78 -> 
  custom:audio-decoder-ogg-vorbis: bf7c407c2cedff20999df2af8eb42d56 -> 
========================================================================
Received Import Request.
  Time since last request: 302316.633604 seconds.
  path: Assets/PolygonSciFiCity/Prefabs/Buildings/SM_Bld_Advanced_02.prefab
  artifactKey: Guid(6c47e359451615e409f3d203232f5ee5) Importer(815301076,1909f56bfc062723c751e8b465ee728b)
Start importing Assets/PolygonSciFiCity/Prefabs/Buildings/SM_Bld_Advanced_02.prefab using Guid(6c47e359451615e409f3d203232f5ee5) Importer(815301076,1909f56bfc062723c751e8b465ee728b)  -> (artifact id: '9d2b9fdea01b16d859d4b627cca63abf') in 0.163731 seconds 
========================================================================
Received Import Request.
  Time since last request: 0.000042 seconds.
  path: Assets/PolygonSciFiCity/Prefabs/Buildings/SM_Bld_Background_Med_03.prefab
  artifactKey: Guid(c2fad3760a0f8674482ad6a980264ee4) Importer(815301076,1909f56bfc062723c751e8b465ee728b)
Start importing Assets/PolygonSciFiCity/Prefabs/Buildings/SM_Bld_Background_Med_03.prefab using Guid(c2fad3760a0f8674482ad6a980264ee4) Importer(815301076,1909f56bfc062723c751e8b465ee728b)  -> (artifact id: 'a2e13f6aad082910779083164af4cf1b') in 0.018229 seconds 
========================================================================
Received Import Request.
  Time since last request: 0.000044 seconds.
  path: Assets/PolygonSciFiCity/Prefabs/Buildings/SM_Bld_City_Wall_01.prefab
  artifactKey: Guid(8feb2335a05b64642a1d35a6a73cb21c) Importer(815301076,1909f56bfc062723c751e8b465ee728b)
Start importing Assets/PolygonSciFiCity/Prefabs/Buildings/SM_Bld_City_Wall_01.prefab using Guid(8feb2335a05b64642a1d35a6a73cb21c) Importer(815301076,1909f56bfc062723c751e8b465ee728b)  -> (artifact id: '552670207efc8c873b9805b8cda54c3b') in 0.051373 seconds 
========================================================================
Received Import Request.
  Time since last request: 0.000038 seconds.
  path: Assets/PolygonSciFiCity/Prefabs/Buildings/SM_Bld_LandingPad_01.prefab
  artifactKey: Guid(e9a4f67b7f329ca4abf5de824f66db82) Importer(815301076,1909f56bfc062723c751e8b465ee728b)
Start importing Assets/PolygonSciFiCity/Prefabs/Buildings/SM_Bld_LandingPad_01.prefab using Guid(e9a4f67b7f329ca4abf5de824f66db82) Importer(815301076,1909f56bfc062723c751e8b465ee728b)  -> (artifact id: '3005bbbb7bb3b5f9872bbdaa2b11cc41') in 0.049901 seconds 
========================================================================
Received Import Request.
  Time since last request: 0.000022 seconds.
  path: Assets/PolygonSciFiCity/Prefabs/Buildings/SM_Bld_Background_Med_02.prefab
  artifactKey: Guid(1cfc671741fa1cc47824540b62db0c87) Importer(815301076,1909f56bfc062723c751e8b465ee728b)
Start importing Assets/PolygonSciFiCity/Prefabs/Buildings/SM_Bld_Background_Med_02.prefab using Guid(1cfc671741fa1cc47824540b62db0c87) Importer(815301076,1909f56bfc062723c751e8b465ee728b)  -> (artifact id: '061b70921f5d63634f9fea0a0be364e9') in 0.020199 seconds 
========================================================================
Received Import Request.
  Time since last request: 0.000018 seconds.
  path: Assets/PolygonSciFiCity/Prefabs/Buildings/SM_Bld_Background_Lrg_03.prefab
  artifactKey: Guid(8ad4c6a0a99ada5458178e9156b85b0e) Importer(815301076,1909f56bfc062723c751e8b465ee728b)
Start importing Assets/PolygonSciFiCity/Prefabs/Buildings/SM_Bld_Background_Lrg_03.prefab using Guid(8ad4c6a0a99ada5458178e9156b85b0e) Importer(815301076,1909f56bfc062723c751e8b465ee728b)  -> (artifact id: 'b55a95a3f627c9dd848456f02b53291f') in 0.015268 seconds 
========================================================================
Received Import Request.
  Time since last request: 0.000022 seconds.
  path: Assets/PolygonSciFiCity/Prefabs/Buildings/SM_Bld_Advanced_Doorway_01.prefab
  artifactKey: Guid(f001aad6219fda044ae60555f9109544) Importer(815301076,1909f56bfc062723c751e8b465ee728b)
Start importing Assets/PolygonSciFiCity/Prefabs/Buildings/SM_Bld_Advanced_Doorway_01.prefab using Guid(f001aad6219fda044ae60555f9109544) Importer(815301076,1909f56bfc062723c751e8b465ee728b)  -> (artifact id: 'b2fd413915cb16d6b396ee2188c3a237') in 0.044551 seconds 
========================================================================
Received Import Request.
  Time since last request: 0.000027 seconds.
  path: Assets/PolygonSciFiCity/Prefabs/Buildings/SM_Bld_Background_Med_01.prefab
  artifactKey: Guid(3c37ed3fc4c8659488e2a193810bb213) Importer(815301076,1909f56bfc062723c751e8b465ee728b)
Start importing Assets/PolygonSciFiCity/Prefabs/Buildings/SM_Bld_Background_Med_01.prefab using Guid(3c37ed3fc4c8659488e2a193810bb213) Importer(815301076,1909f56bfc062723c751e8b465ee728b)  -> (artifact id: 'a28e9d1d5b43d89255b11b1b8e315885') in 0.013724 seconds 
========================================================================
Received Import Request.
  Time since last request: 0.000040 seconds.
  path: Assets/PolygonSciFiCity/Prefabs/Buildings/SM_Bld_Large_02.prefab
  artifactKey: Guid(6053e238c2ee3e4499318f9353b3587f) Importer(815301076,1909f56bfc062723c751e8b465ee728b)
Start importing Assets/PolygonSciFiCity/Prefabs/Buildings/SM_Bld_Large_02.prefab using Guid(6053e238c2ee3e4499318f9353b3587f) Importer(815301076,1909f56bfc062723c751e8b465ee728b)  -> (artifact id: '5de1d9638947341f856ce87c38818854') in 0.040923 seconds 
========================================================================
Received Import Request.
  Time since last request: 0.000030 seconds.
  path: Assets/PolygonSciFiCity/Prefabs/Buildings/SM_Bld_Background_Med_06.prefab
  artifactKey: Guid(c55cddf0517aed545bedf9b927124c15) Importer(815301076,1909f56bfc062723c751e8b465ee728b)
Start importing Assets/PolygonSciFiCity/Prefabs/Buildings/SM_Bld_Background_Med_06.prefab using Guid(c55cddf0517aed545bedf9b927124c15) Importer(815301076,1909f56bfc062723c751e8b465ee728b)  -> (artifact id: 'ba42af305c30b7cacacc45dd56b220bc') in 0.020207 seconds 
========================================================================
Received Import Request.
  Time since last request: 0.000024 seconds.
  path: Assets/PolygonSciFiCity/Prefabs/Buildings/SM_Bld_City_Wall_Tower_01.prefab
  artifactKey: Guid(04c79e9d6b44d414c9decaeab2c70bd7) Importer(815301076,1909f56bfc062723c751e8b465ee728b)
Start importing Assets/PolygonSciFiCity/Prefabs/Buildings/SM_Bld_City_Wall_Tower_01.prefab using Guid(04c79e9d6b44d414c9decaeab2c70bd7) Importer(815301076,1909f56bfc062723c751e8b465ee728b)  -> (artifact id: '6768c25ad17a2e23ebc747ba9d39bbe4') in 0.041654 seconds 
========================================================================
Received Import Request.
  Time since last request: 0.000023 seconds.
  path: Assets/PolygonSciFiCity/Prefabs/Buildings/SM_Bld_Bank_01.prefab
  artifactKey: Guid(f0274b246cd36f849b6f60898f359f1e) Importer(815301076,1909f56bfc062723c751e8b465ee728b)
Start importing Assets/PolygonSciFiCity/Prefabs/Buildings/SM_Bld_Bank_01.prefab using Guid(f0274b246cd36f849b6f60898f359f1e) Importer(815301076,1909f56bfc062723c751e8b465ee728b)  -> (artifact id: '972f6d4c46ddb8c2876f96830ace68b1') in 0.040108 seconds 
========================================================================
Received Import Request.
  Time since last request: 0.000021 seconds.
  path: Assets/PolygonSciFiCity/Prefabs/Buildings/SM_Bld_Background_Med_05.prefab
  artifactKey: Guid(5916a3b9673d1984085cdfe02a594bd3) Importer(815301076,1909f56bfc062723c751e8b465ee728b)
Start importing Assets/PolygonSciFiCity/Prefabs/Buildings/SM_Bld_Background_Med_05.prefab using Guid(5916a3b9673d1984085cdfe02a594bd3) Importer(815301076,1909f56bfc062723c751e8b465ee728b)  -> (artifact id: 'f967dd4e02adeaffe840bb48521a1797') in 0.016199 seconds 
========================================================================
Received Import Request.
  Time since last request: 0.000038 seconds.
  path: Assets/PolygonSciFiCity/Prefabs/Buildings/SM_Bld_Background_Med_08.prefab
  artifactKey: Guid(94634f97a9c7b83498a8e59c7c8f115b) Importer(815301076,1909f56bfc062723c751e8b465ee728b)
Start importing Assets/PolygonSciFiCity/Prefabs/Buildings/SM_Bld_Background_Med_08.prefab using Guid(94634f97a9c7b83498a8e59c7c8f115b) Importer(815301076,1909f56bfc062723c751e8b465ee728b)  -> (artifact id: 'e52f6d06fdbd1df34cac38bd2786e594') in 0.018458 seconds 
========================================================================
Received Import Request.
  Time since last request: 0.000023 seconds.
  path: Assets/PolygonSciFiCity/Prefabs/Buildings/SM_Bld_Background_Med_07.prefab
  artifactKey: Guid(0df771ff55339404a8368cc1be02d861) Importer(815301076,1909f56bfc062723c751e8b465ee728b)
Start importing Assets/PolygonSciFiCity/Prefabs/Buildings/SM_Bld_Background_Med_07.prefab using Guid(0df771ff55339404a8368cc1be02d861) Importer(815301076,1909f56bfc062723c751e8b465ee728b)  -> (artifact id: 'acf129394dd5e8c82545791353ecf273') in 0.015355 seconds 
========================================================================
Received Import Request.
  Time since last request: 0.000036 seconds.
  path: Assets/PolygonSciFiCity/Prefabs/Buildings/SM_Bld_Background_Small_03.prefab
  artifactKey: Guid(ce31bf417050b6843b2ef2efaed2e4a8) Importer(815301076,1909f56bfc062723c751e8b465ee728b)
Start importing Assets/PolygonSciFiCity/Prefabs/Buildings/SM_Bld_Background_Small_03.prefab using Guid(ce31bf417050b6843b2ef2efaed2e4a8) Importer(815301076,1909f56bfc062723c751e8b465ee728b)  -> (artifact id: '2393c48ce282f684313d59e2dcd437c2') in 0.013962 seconds 
========================================================================
Received Import Request.
  Time since last request: 0.212285 seconds.
  path: Assets/PolygonSciFiCity/Prefabs/Buildings/SM_Bld_Large_Part_02.prefab
  artifactKey: Guid(60378a264f113174c825ec6ec6fcb135) Importer(815301076,1909f56bfc062723c751e8b465ee728b)
Start importing Assets/PolygonSciFiCity/Prefabs/Buildings/SM_Bld_Large_Part_02.prefab using Guid(60378a264f113174c825ec6ec6fcb135) Importer(815301076,1909f56bfc062723c751e8b465ee728b)  -> (artifact id: '73f5fe4f190ab0527cef9bfaf95fec30') in 0.051145 seconds 
========================================================================
Received Import Request.
  Time since last request: 0.000022 seconds.
  path: Assets/PolygonSciFiCity/Prefabs/Buildings/SM_Bld_Large_Part_06.prefab
  artifactKey: Guid(99e8bea94a6b2ff42b52f59dfea5bce6) Importer(815301076,1909f56bfc062723c751e8b465ee728b)
Start importing Assets/PolygonSciFiCity/Prefabs/Buildings/SM_Bld_Large_Part_06.prefab using Guid(99e8bea94a6b2ff42b52f59dfea5bce6) Importer(815301076,1909f56bfc062723c751e8b465ee728b)  -> (artifact id: 'c895c27c240b6e2cedb17b4242b18ead') in 0.038438 seconds 
========================================================================
Received Import Request.
  Time since last request: 0.000025 seconds.
  path: Assets/PolygonSciFiCity/Prefabs/Buildings/SM_Bld_Power_03.prefab
  artifactKey: Guid(0fafb1450aa63ce469d1b0dde39971c1) Importer(815301076,1909f56bfc062723c751e8b465ee728b)
Start importing Assets/PolygonSciFiCity/Prefabs/Buildings/SM_Bld_Power_03.prefab using Guid(0fafb1450aa63ce469d1b0dde39971c1) Importer(815301076,1909f56bfc062723c751e8b465ee728b)  -> (artifact id: '2a629bb142b4e9cb77b78ac50714dd58') in 0.039539 seconds 
========================================================================
Received Import Request.
  Time since last request: 0.000021 seconds.
  path: Assets/PolygonSciFiCity/Prefabs/Buildings/SM_Bld_Large_Part_04.prefab
  artifactKey: Guid(a772ff3690203ee428eb1a2ef2ed8661) Importer(815301076,1909f56bfc062723c751e8b465ee728b)
Start importing Assets/PolygonSciFiCity/Prefabs/Buildings/SM_Bld_Large_Part_04.prefab using Guid(a772ff3690203ee428eb1a2ef2ed8661) Importer(815301076,1909f56bfc062723c751e8b465ee728b)  -> (artifact id: 'aca9033feda90d7ada06d54d587d2b67') in 0.040073 seconds 
========================================================================
Received Import Request.
  Time since last request: 0.000031 seconds.
  path: Assets/PolygonSciFiCity/Prefabs/Buildings/SM_Bld_Large_Part_08.prefab
  artifactKey: Guid(7aaa490d804da864bb2ab5258370fdfe) Importer(815301076,1909f56bfc062723c751e8b465ee728b)
Start importing Assets/PolygonSciFiCity/Prefabs/Buildings/SM_Bld_Large_Part_08.prefab using Guid(7aaa490d804da864bb2ab5258370fdfe) Importer(815301076,1909f56bfc062723c751e8b465ee728b)  -> (artifact id: 'bb532bfe0e72b3c82899747eeb164751') in 0.039268 seconds 
========================================================================
Received Import Request.
  Time since last request: 0.294256 seconds.
  path: Assets/PolygonSciFiCity/Prefabs/Buildings/SM_Bld_Raised_01.prefab
  artifactKey: Guid(f26a6a01921a0cc44a493b8424859c38) Importer(815301076,1909f56bfc062723c751e8b465ee728b)
Start importing Assets/PolygonSciFiCity/Prefabs/Buildings/SM_Bld_Raised_01.prefab using Guid(f26a6a01921a0cc44a493b8424859c38) Importer(815301076,1909f56bfc062723c751e8b465ee728b)  -> (artifact id: '95607024f0c8786ccfc98ce18f0cd5d3') in 0.041008 seconds 
========================================================================
Received Import Request.
  Time since last request: 0.000018 seconds.
  path: Assets/PolygonSciFiCity/Prefabs/Buildings/SM_Bld_Section_Corner_01.prefab
  artifactKey: Guid(c7042f447aa89b54ea46409ec08692f8) Importer(815301076,1909f56bfc062723c751e8b465ee728b)
Start importing Assets/PolygonSciFiCity/Prefabs/Buildings/SM_Bld_Section_Corner_01.prefab using Guid(c7042f447aa89b54ea46409ec08692f8) Importer(815301076,1909f56bfc062723c751e8b465ee728b)  -> (artifact id: '4150e12394806470e09a00cb6a40524f') in 0.045033 seconds 
========================================================================
Received Import Request.
  Time since last request: 0.000022 seconds.
  path: Assets/PolygonSciFiCity/Prefabs/Buildings/SM_Bld_Section_Door_03.prefab
  artifactKey: Guid(5a3418dd159d8ef46a8c8d04842c5fe4) Importer(815301076,1909f56bfc062723c751e8b465ee728b)
Start importing Assets/PolygonSciFiCity/Prefabs/Buildings/SM_Bld_Section_Door_03.prefab using Guid(5a3418dd159d8ef46a8c8d04842c5fe4) Importer(815301076,1909f56bfc062723c751e8b465ee728b)  -> (artifact id: '781e6939ad01c9cada0f56d58950f983') in 0.042791 seconds 
========================================================================
Received Import Request.
  Time since last request: 0.000021 seconds.
  path: Assets/PolygonSciFiCity/Prefabs/Buildings/SM_Bld_Raised_02.prefab
  artifactKey: Guid(0935701b68167c54a9e2ee7fe6f1d473) Importer(815301076,1909f56bfc062723c751e8b465ee728b)
Start importing Assets/PolygonSciFiCity/Prefabs/Buildings/SM_Bld_Raised_02.prefab using Guid(0935701b68167c54a9e2ee7fe6f1d473) Importer(815301076,1909f56bfc062723c751e8b465ee728b)  -> (artifact id: 'c2b7070425dbd3c2c75c6011218960ea') in 0.039834 seconds 
========================================================================
Received Import Request.
  Time since last request: 0.000030 seconds.
  path: Assets/PolygonSciFiCity/Prefabs/Buildings/SM_Bld_Section_Door_01.prefab
  artifactKey: Guid(1dd39e2a8df331343a963c91a1e0974c) Importer(815301076,1909f56bfc062723c751e8b465ee728b)
Start importing Assets/PolygonSciFiCity/Prefabs/Buildings/SM_Bld_Section_Door_01.prefab using Guid(1dd39e2a8df331343a963c91a1e0974c) Importer(815301076,1909f56bfc062723c751e8b465ee728b)  -> (artifact id: 'c1874226b1025d8407c8eff8fe479bf0') in 0.035779 seconds 
========================================================================
Received Import Request.
  Time since last request: 51.850577 seconds.
  path: Assets/PolygonCity/Prefabs/Characters/Character_BusinessWoman_01.prefab
  artifactKey: Guid(6412c6bdd410913469520a05a1632885) Importer(815301076,1909f56bfc062723c751e8b465ee728b)
Start importing Assets/PolygonCity/Prefabs/Characters/Character_BusinessWoman_01.prefab using Guid(6412c6bdd410913469520a05a1632885) Importer(815301076,1909f56bfc062723c751e8b465ee728b)  -> (artifact id: 'e659c6049fb237ac1da850ec82688569') in 0.036623 seconds 
========================================================================
Received Import Request.
  Time since last request: 0.000022 seconds.
  path: Assets/PolygonCity/Prefabs/Characters/Character_Male_Hoodie_01.prefab
  artifactKey: Guid(48b470c6a762f60438c631f219257520) Importer(815301076,1909f56bfc062723c751e8b465ee728b)
Start importing Assets/PolygonCity/Prefabs/Characters/Character_Male_Hoodie_01.prefab using Guid(48b470c6a762f60438c631f219257520) Importer(815301076,1909f56bfc062723c751e8b465ee728b)  -> (artifact id: 'e6ae91ba1410ed7d72ee09a6b5a9681d') in 0.033128 seconds 
Editor requested this worker to shutdown with reason: Scaling down because of idle timeout
AssetImportWorker is now disconnected from the server
Process exiting
Exiting without the bug reporter. Application will terminate with return code 0