Using pre-set license
Built from '2021.3/staging' branch; Version is '2021.3.18f1 (3129e69bc0c7) revision 3221990'; Using compiler version '192829333'; Build Type 'Release'
OS: 'Windows 10  (10.0.19045) 64bit Professional' Language: 'en' Physical Memory: 32620 MB
BatchMode: 1, IsHumanControllingUs: 0, StartBugReporterOnCrash: 0, Is64bit: 1, IsPro: 1

COMMAND LINE ARGUMENTS:
E:\Unity Editor\2021.3.18f1\Editor\Unity.exe
-adb2
-batchMode
-noUpm
-name
AssetImportWorker16
-projectPath
C:/Users/samra/Documents/GitHub/VR-Project/Hunting Whales VR V1
-logFile
Logs/AssetImportWorker16.log
-srvPort
63106
Successfully changed project path to: C:/Users/samra/Documents/GitHub/VR-Project/Hunting Whales VR V1
C:/Users/samra/Documents/GitHub/VR-Project/Hunting Whales VR V1
[UnityMemory] Configuration Parameters - Can be set up in boot.config
    "memorysetup-bucket-allocator-granularity=16"
    "memorysetup-bucket-allocator-bucket-count=8"
    "memorysetup-bucket-allocator-block-size=33554432"
    "memorysetup-bucket-allocator-block-count=8"
    "memorysetup-main-allocator-block-size=16777216"
    "memorysetup-thread-allocator-block-size=16777216"
    "memorysetup-gfx-main-allocator-block-size=16777216"
    "memorysetup-gfx-thread-allocator-block-size=16777216"
    "memorysetup-cache-allocator-block-size=4194304"
    "memorysetup-typetree-allocator-block-size=2097152"
    "memorysetup-profiler-bucket-allocator-granularity=16"
    "memorysetup-profiler-bucket-allocator-bucket-count=8"
    "memorysetup-profiler-bucket-allocator-block-size=33554432"
    "memorysetup-profiler-bucket-allocator-block-count=8"
    "memorysetup-profiler-allocator-block-size=16777216"
    "memorysetup-profiler-editor-allocator-block-size=1048576"
    "memorysetup-temp-allocator-size-main=16777216"
    "memorysetup-job-temp-allocator-block-size=2097152"
    "memorysetup-job-temp-allocator-block-size-background=1048576"
    "memorysetup-job-temp-allocator-reduction-small-platforms=262144"
    "memorysetup-temp-allocator-size-background-worker=32768"
    "memorysetup-temp-allocator-size-job-worker=262144"
    "memorysetup-temp-allocator-size-preload-manager=33554432"
    "memorysetup-temp-allocator-size-nav-mesh-worker=65536"
    "memorysetup-temp-allocator-size-audio-worker=65536"
    "memorysetup-temp-allocator-size-cloud-worker=32768"
    "memorysetup-temp-allocator-size-gi-baking-worker=262144"
    "memorysetup-temp-allocator-size-gfx=262144"
Player connection [68076] Host "[IP] 25.16.200.250 [Port] 0 [Flags] 2 [Guid] 2258825250 [EditorId] 2258825250 [Version] 1048832 [Id] WindowsEditor(7,Rocketship-77) [Debug] 1 [PackageName] WindowsEditor [ProjectName] Editor" joined multi-casting on [225.0.0.222:54997]...

Player connection [68076] Host "[IP] 25.16.200.250 [Port] 0 [Flags] 2 [Guid] 2258825250 [EditorId] 2258825250 [Version] 1048832 [Id] WindowsEditor(7,Rocketship-77) [Debug] 1 [PackageName] WindowsEditor [ProjectName] Editor" joined alternative multi-casting on [225.0.0.222:34997]...

Refreshing native plugins compatible for Editor in 810.45 ms, found 12 plugins.
Preloading 1 native plugins for Editor in 0.70 ms.
Initialize engine version: 2021.3.18f1 (3129e69bc0c7)
[Subsystems] Discovering subsystems at path E:/Unity Editor/2021.3.18f1/Editor/Data/Resources/UnitySubsystems
[Subsystems] Discovering subsystems at path C:/Users/samra/Documents/GitHub/VR-Project/Hunting Whales VR V1/Assets
GfxDevice: creating device client; threaded=0; jobified=0
Direct3D:
    Version:  Direct3D 11.0 [level 11.1]
    Renderer: NVIDIA GeForce RTX 3080 Laptop GPU (ID=0x24dc)
    Vendor:   NVIDIA
    VRAM:     16191 MB
    Driver:   31.0.15.3179
Initialize mono
Mono path[0] = 'E:/Unity Editor/2021.3.18f1/Editor/Data/Managed'
Mono path[1] = 'E:/Unity Editor/2021.3.18f1/Editor/Data/MonoBleedingEdge/lib/mono/unityjit-win32'
Mono config path = 'E:/Unity Editor/2021.3.18f1/Editor/Data/MonoBleedingEdge/etc'
Using monoOptions --debugger-agent=transport=dt_socket,embedding=1,server=y,suspend=n,address=127.0.0.1:56400
Begin MonoManager ReloadAssembly
Registering precompiled unity dll's ...
Register platform support module: E:/Unity Editor/2021.3.18f1/Editor/Data/PlaybackEngines/AndroidPlayer/UnityEditor.Android.Extensions.dll
Register platform support module: E:/Unity Editor/2021.3.18f1/Editor/Data/PlaybackEngines/WindowsStandaloneSupport/UnityEditor.WindowsStandalone.Extensions.dll
Registered in 0.290148 seconds.
Native extension for WindowsStandalone target not found
Native extension for Android target not found
Android Extension - Scanning For ADB Devices 447 ms
Refreshing native plugins compatible for Editor in 105.45 ms, found 12 plugins.
Preloading 1 native plugins for Editor in 0.10 ms.
Mono: successfully reloaded assembly
- Completed reload, in  6.202 seconds
Domain Reload Profiling:
	ReloadAssembly (6203ms)
		BeginReloadAssembly (3852ms)
			ExecutionOrderSort (0ms)
			DisableScriptedObjects (0ms)
			BackupInstance (0ms)
			ReleaseScriptingObjects (0ms)
			CreateAndSetChildDomain (1ms)
		EndReloadAssembly (1730ms)
			LoadAssemblies (3852ms)
			RebuildTransferFunctionScriptingTraits (0ms)
			SetupTypeCache (895ms)
			ReleaseScriptCaches (0ms)
			RebuildScriptCaches (28ms)
			SetupLoadedEditorAssemblies (756ms)
				LogAssemblyErrors (0ms)
				InitializePlatformSupportModulesInManaged (525ms)
				SetLoadedEditorAssemblies (0ms)
				RefreshPlugins (106ms)
				BeforeProcessingInitializeOnLoad (1ms)
				ProcessInitializeOnLoadAttributes (82ms)
				ProcessInitializeOnLoadMethodAttributes (42ms)
				AfterProcessingInitializeOnLoad (0ms)
				EditorAssembliesLoaded (0ms)
			ExecutionOrderSort2 (0ms)
			AwakeInstancesAfterBackupRestoration (0ms)
Platform modules already initialized, skipping
Registering precompiled user dll's ...
Registered in 1.286490 seconds.
Begin MonoManager ReloadAssembly
Symbol file LoadedFromMemory doesn't match image C:\Users\samra\Documents\GitHub\VR-Project\Hunting Whales VR V1\Library\PackageCache\com.unity.visualscripting@1.8.0\Editor\VisualScripting.Core\Dependencies\DotNetZip\Unity.VisualScripting.IonicZip.dll
Symbol file LoadedFromMemory doesn't match image C:\Users\samra\Documents\GitHub\VR-Project\Hunting Whales VR V1\Library\PackageCache\com.unity.visualscripting@1.8.0\Editor\VisualScripting.Core\Dependencies\YamlDotNet\Unity.VisualScripting.YamlDotNet.dll
Native extension for WindowsStandalone target not found
Native extension for Android target not found
Refreshing native plugins compatible for Editor in 93.96 ms, found 12 plugins.
Preloading 1 native plugins for Editor in 0.09 ms.
Package Manager log level set to [2]
System.Reflection.TargetInvocationException: Exception has been thrown by the target of an invocation. ---> System.NullReferenceException: Object reference not set to an instance of an object
  at Unity.XR.Oculus.OculusLoader.AssetPathToAbsolutePath (System.String assetPath) [0x0003d] in C:\Users\samra\Documents\GitHub\VR-Project\Hunting Whales VR V1\Library\PackageCache\com.unity.xr.oculus@3.2.3\Runtime\OculusLoader.cs:296 
  at Unity.XR.Oculus.OculusLoader.EditorLoadOVRPlugin () [0x0007b] in C:\Users\samra\Documents\GitHub\VR-Project\Hunting Whales VR V1\Library\PackageCache\com.unity.xr.oculus@3.2.3\Runtime\OculusLoader.cs:281 
  at (wrapper managed-to-native) System.Reflection.RuntimeMethodInfo.InternalInvoke(System.Reflection.RuntimeMethodInfo,object,object[],System.Exception&)
  at System.Reflection.RuntimeMethodInfo.Invoke (System.Object obj, System.Reflection.BindingFlags invokeAttr, System.Reflection.Binder binder, System.Object[] parameters, System.Globalization.CultureInfo culture) [0x0006a] in <1f66344f2f89470293d8b67d71308c07>:0 
   --- End of inner exception stack trace ---
  at System.Reflection.RuntimeMethodInfo.Invoke (System.Object obj, System.Reflection.BindingFlags invokeAttr, System.Reflection.Binder binder, System.Object[] parameters, System.Globalization.CultureInfo culture) [0x00083] in <1f66344f2f89470293d8b67d71308c07>:0 
  at System.Reflection.MethodBase.Invoke (System.Object obj, System.Object[] parameters) [0x00000] in <1f66344f2f89470293d8b67d71308c07>:0 
  at UnityEditor.EditorAssemblies.ProcessInitializeOnLoadMethodAttributes () [0x000a5] in <42a64fd733d9417da1ea3a757ad9a96d>:0 
UnityEngine.StackTraceUtility:ExtractStackTrace ()
UnityEngine.DebugLogHandler:LogFormat (UnityEngine.LogType,UnityEngine.Object,string,object[])
UnityEngine.Logger:Log (UnityEngine.LogType,object)
UnityEngine.Debug:LogError (object)
UnityEditor.EditorAssemblies:ProcessInitializeOnLoadMethodAttributes ()

Mono: successfully reloaded assembly
- Completed reload, in  2.239 seconds
Domain Reload Profiling:
	ReloadAssembly (2240ms)
		BeginReloadAssembly (87ms)
			ExecutionOrderSort (0ms)
			DisableScriptedObjects (5ms)
			BackupInstance (0ms)
			ReleaseScriptingObjects (0ms)
			CreateAndSetChildDomain (18ms)
		EndReloadAssembly (2024ms)
			LoadAssemblies (562ms)
			RebuildTransferFunctionScriptingTraits (0ms)
			SetupTypeCache (731ms)
			ReleaseScriptCaches (1ms)
			RebuildScriptCaches (52ms)
			SetupLoadedEditorAssemblies (615ms)
				LogAssemblyErrors (0ms)
				InitializePlatformSupportModulesInManaged (13ms)
				SetLoadedEditorAssemblies (0ms)
				RefreshPlugins (94ms)
				BeforeProcessingInitializeOnLoad (89ms)
				ProcessInitializeOnLoadAttributes (375ms)
				ProcessInitializeOnLoadMethodAttributes (40ms)
				AfterProcessingInitializeOnLoad (3ms)
				EditorAssembliesLoaded (0ms)
			ExecutionOrderSort2 (0ms)
			AwakeInstancesAfterBackupRestoration (5ms)
Platform modules already initialized, skipping
========================================================================
Worker process is ready to serve import requests
Launched and connected shader compiler UnityShaderCompiler.exe after 0.07 seconds
Refreshing native plugins compatible for Editor in 1.18 ms, found 12 plugins.
Preloading 1 native plugins for Editor in 0.11 ms.
Unloading 4424 Unused Serialized files (Serialized files now loaded: 0)
Unloading 50 unused Assets / (59.2 KB). Loaded Objects now: 4896.
Memory consumption went from 163.9 MB to 163.8 MB.
Total: 3.470300 ms (FindLiveObjects: 0.295700 ms CreateObjectMapping: 0.304800 ms MarkObjects: 2.772600 ms  DeleteObjects: 0.096500 ms)

AssetImportParameters requested are different than current active one (requested -> active):
  custom:video-decoder-ogg-theora: a1e56fd34408186e4bbccfd4996cb3dc -> 
  custom:container-muxer-webm: aa71ff27fc2769a1b78a27578f13a17b -> 
  custom:container-demuxer-webm: 4f35f7cbe854078d1ac9338744f61a02 -> 
  custom:video-encoder-webm-vp8: eb34c28f22e8b96e1ab97ce403110664 -> 
  custom:audio-encoder-webm-vorbis: bf7c407c2cedff20999df2af8eb42d56 -> 
  custom:framework-win-MediaFoundation: 216162199b28c13a410421893ffa2e32 -> 
  custom:container-demuxer-ogg: 62fdf1f143b41e24485cea50d1cbac27 -> 
  custom:video-decoder-webm-vp8: 9c59270c3fd7afecdb556c50c9e8de78 -> 
  custom:audio-decoder-ogg-vorbis: bf7c407c2cedff20999df2af8eb42d56 -> 
========================================================================
Received Import Request.
  Time since last request: 966833.681704 seconds.
  path: Assets/LowPolyPack/FreeLowPolyPack/Textures/Colorsheet Fence Brown.png
  artifactKey: Guid(d63761f76a7a53b43b47dd37908310e3) Importer(815301076,1909f56bfc062723c751e8b465ee728b)
Start importing Assets/LowPolyPack/FreeLowPolyPack/Textures/Colorsheet Fence Brown.png using Guid(d63761f76a7a53b43b47dd37908310e3) Importer(815301076,1909f56bfc062723c751e8b465ee728b)  -> (artifact id: '71686306fa8fa355f35a1e1bd3ab7bca') in 0.075010 seconds 
========================================================================
Received Import Request.
  Time since last request: 21.715102 seconds.
  path: Assets/PolygonCity/Textures/New Material.mat
  artifactKey: Guid(f4353ecf28b6896458c17dcd64127aa3) Importer(815301076,1909f56bfc062723c751e8b465ee728b)
Start importing Assets/PolygonCity/Textures/New Material.mat using Guid(f4353ecf28b6896458c17dcd64127aa3) Importer(815301076,1909f56bfc062723c751e8b465ee728b)  -> (artifact id: 'c0ada82dcc1fd0df850ceb69bd4e4be6') in 0.062564 seconds 
========================================================================
Received Import Request.
  Time since last request: 13.073657 seconds.
  path: Assets/PolygonCity/Textures/Rock.mat
  artifactKey: Guid(f4353ecf28b6896458c17dcd64127aa3) Importer(815301076,1909f56bfc062723c751e8b465ee728b)
Start importing Assets/PolygonCity/Textures/Rock.mat using Guid(f4353ecf28b6896458c17dcd64127aa3) Importer(815301076,1909f56bfc062723c751e8b465ee728b)  -> (artifact id: 'd02e89538810ae8f42018c8bb815a7a2') in 0.014238 seconds 
========================================================================
Received Import Request.
  Time since last request: 1462.276421 seconds.
  path: Packages/com.unity.inputsystem/InputSystem/Editor/Icons/Add Binding.png
  artifactKey: Guid(958a10dec4f3a4764bb345b0aa03510b) Importer(815301076,1909f56bfc062723c751e8b465ee728b)
Start importing Packages/com.unity.inputsystem/InputSystem/Editor/Icons/Add Binding.png using Guid(958a10dec4f3a4764bb345b0aa03510b) Importer(815301076,1909f56bfc062723c751e8b465ee728b)  -> (artifact id: '1efe20ae423f18829ae3905b0cbbc8d6') in 0.019409 seconds 
========================================================================
Received Import Request.
  Time since last request: 0.000020 seconds.
  path: Packages/com.unity.inputsystem/InputSystem/Editor/Icons/Add Binding@3x.png
  artifactKey: Guid(8be1fbf4b24de44c99840805bdae9e40) Importer(815301076,1909f56bfc062723c751e8b465ee728b)
Start importing Packages/com.unity.inputsystem/InputSystem/Editor/Icons/Add Binding@3x.png using Guid(8be1fbf4b24de44c99840805bdae9e40) Importer(815301076,1909f56bfc062723c751e8b465ee728b)  -> (artifact id: '8f8b4020f107758d3a139b81e89121ba') in 0.035736 seconds 
========================================================================
Received Import Request.
  Time since last request: 0.000027 seconds.
  path: Assets/PolygonCity/Materials/BillboardAds.mat
  artifactKey: Guid(f8d9d957c9082894194b79940f36869b) Importer(815301076,1909f56bfc062723c751e8b465ee728b)
Start importing Assets/PolygonCity/Materials/BillboardAds.mat using Guid(f8d9d957c9082894194b79940f36869b) Importer(815301076,1909f56bfc062723c751e8b465ee728b)  -> (artifact id: 'f3d7c98f463704327fe8e484ff4f1aa6') in 0.104231 seconds 
========================================================================
Received Import Request.
  Time since last request: 3416.842040 seconds.
  path: Assets/PolygonSciFiCity/Models/SM_Prop_TrashBag_01.fbx
  artifactKey: Guid(703c2786a2a75bf4c9a3eb04b594e334) Importer(815301076,1909f56bfc062723c751e8b465ee728b)
Start importing Assets/PolygonSciFiCity/Models/SM_Prop_TrashBag_01.fbx using Guid(703c2786a2a75bf4c9a3eb04b594e334) Importer(815301076,1909f56bfc062723c751e8b465ee728b)  -> (artifact id: '0a361ccdfafcd198cdbd90771ed860a3') in 0.044509 seconds 
========================================================================
Received Import Request.
  Time since last request: 0.000020 seconds.
  path: Assets/PolygonSciFiCity/Models/SM_Prop_TrashBag_02_Convex.asset
  artifactKey: Guid(3c49aa8bfa49ec147b5809428a836dfd) Importer(815301076,1909f56bfc062723c751e8b465ee728b)
Start importing Assets/PolygonSciFiCity/Models/SM_Prop_TrashBag_02_Convex.asset using Guid(3c49aa8bfa49ec147b5809428a836dfd) Importer(815301076,1909f56bfc062723c751e8b465ee728b)  -> (artifact id: '6931c224fd4f2982ddc6895c630bd825') in 0.016284 seconds 
========================================================================
Received Import Request.
  Time since last request: 0.000019 seconds.
  path: Assets/PolygonCity/Models/SM_Prop_Trashbin_01.fbx
  artifactKey: Guid(7b5d88b5e52d8a04d8f7ecfcfbe4aabd) Importer(815301076,1909f56bfc062723c751e8b465ee728b)
Start importing Assets/PolygonCity/Models/SM_Prop_Trashbin_01.fbx using Guid(7b5d88b5e52d8a04d8f7ecfcfbe4aabd) Importer(815301076,1909f56bfc062723c751e8b465ee728b)  -> (artifact id: 'db7b17b3c609162b2caa0b291a659728') in 0.024894 seconds 
========================================================================
Received Import Request.
  Time since last request: 0.000025 seconds.
  path: Assets/PolygonSciFiCity/Prefabs/Props/SM_Prop_TrashBag_03.prefab
  artifactKey: Guid(5de9807b57f4b6b458c52fa853b6e16b) Importer(815301076,1909f56bfc062723c751e8b465ee728b)
Start importing Assets/PolygonSciFiCity/Prefabs/Props/SM_Prop_TrashBag_03.prefab using Guid(5de9807b57f4b6b458c52fa853b6e16b) Importer(815301076,1909f56bfc062723c751e8b465ee728b)  -> (artifact id: '53742c14295bef11621cd7c46df518d7') in 0.319592 seconds 
========================================================================
Received Import Request.
  Time since last request: 0.000022 seconds.
  path: Assets/PolygonCity/Models/SM_Prop_TrashBag_02.fbx
  artifactKey: Guid(c05e66bcaa820dc4ea7e237fc8abde1d) Importer(815301076,1909f56bfc062723c751e8b465ee728b)
Start importing Assets/PolygonCity/Models/SM_Prop_TrashBag_02.fbx using Guid(c05e66bcaa820dc4ea7e237fc8abde1d) Importer(815301076,1909f56bfc062723c751e8b465ee728b)  -> (artifact id: 'ecf147d947ffe099e093fa5636e02f64') in 0.045163 seconds 
========================================================================
Received Import Request.
  Time since last request: 0.000028 seconds.
  path: Assets/PolygonCity/Models/Collisions/SM_Prop_Trashbin_02_Convex.asset
  artifactKey: Guid(3a3e1f3a9a196b7408fba26c7e128942) Importer(815301076,1909f56bfc062723c751e8b465ee728b)
Start importing Assets/PolygonCity/Models/Collisions/SM_Prop_Trashbin_02_Convex.asset using Guid(3a3e1f3a9a196b7408fba26c7e128942) Importer(815301076,1909f56bfc062723c751e8b465ee728b)  -> (artifact id: 'fd3c921c50985094ff5e89b07a6489ea') in 0.020208 seconds 
========================================================================
Received Import Request.
  Time since last request: 0.000023 seconds.
  path: Assets/PolygonSciFiCity/Models/SM_Prop_TrashBag_03_Convex.asset
  artifactKey: Guid(f4819c73b03b5ba4490979389efe1f59) Importer(815301076,1909f56bfc062723c751e8b465ee728b)
Start importing Assets/PolygonSciFiCity/Models/SM_Prop_TrashBag_03_Convex.asset using Guid(f4819c73b03b5ba4490979389efe1f59) Importer(815301076,1909f56bfc062723c751e8b465ee728b)  -> (artifact id: 'eb96461a582389427f0e02373d1db064') in 0.014868 seconds 
========================================================================
Received Import Request.
  Time since last request: 0.000036 seconds.
  path: Assets/PolygonCity/Models/Collisions/SM_Prop_TrashBag_02_Convex.asset
  artifactKey: Guid(d84f83cf4b3db6d4d9e9ea1744883c5f) Importer(815301076,1909f56bfc062723c751e8b465ee728b)
Start importing Assets/PolygonCity/Models/Collisions/SM_Prop_TrashBag_02_Convex.asset using Guid(d84f83cf4b3db6d4d9e9ea1744883c5f) Importer(815301076,1909f56bfc062723c751e8b465ee728b)  -> (artifact id: 'eacbc608f05375d566c82a0e984e99d7') in 0.012828 seconds 
========================================================================
Received Import Request.
  Time since last request: 0.000020 seconds.
  path: Assets/PolygonSciFiCity/Models/SM_Prop_TrashBag_02.fbx
  artifactKey: Guid(5b9ca8ddb34880345ba90d33369ecbf7) Importer(815301076,1909f56bfc062723c751e8b465ee728b)
Start importing Assets/PolygonSciFiCity/Models/SM_Prop_TrashBag_02.fbx using Guid(5b9ca8ddb34880345ba90d33369ecbf7) Importer(815301076,1909f56bfc062723c751e8b465ee728b)  -> (artifact id: '7f34be9db332c7b427896814ef7d2a26') in 0.036087 seconds 
========================================================================
Received Import Request.
  Time since last request: 0.000018 seconds.
  path: Assets/PolygonSciFiCity/Models/SM_Prop_TrashCan_01.fbx
  artifactKey: Guid(13db0893eb4661c4fa3c3fa7458994cb) Importer(815301076,1909f56bfc062723c751e8b465ee728b)
Start importing Assets/PolygonSciFiCity/Models/SM_Prop_TrashCan_01.fbx using Guid(13db0893eb4661c4fa3c3fa7458994cb) Importer(815301076,1909f56bfc062723c751e8b465ee728b)  -> (artifact id: '849048c18c87aef554e8b2e914e64538') in 0.028857 seconds 
========================================================================
Received Import Request.
  Time since last request: 0.000020 seconds.
  path: Assets/PolygonCity/Models/SM_Prop_Trashbin_02.fbx
  artifactKey: Guid(e072638a7adf61048bf7387ac8ee0a28) Importer(815301076,1909f56bfc062723c751e8b465ee728b)
Start importing Assets/PolygonCity/Models/SM_Prop_Trashbin_02.fbx using Guid(e072638a7adf61048bf7387ac8ee0a28) Importer(815301076,1909f56bfc062723c751e8b465ee728b)  -> (artifact id: 'f9adbb1163ec25329bad38c8ae1da2b2') in 0.020662 seconds 
========================================================================
Received Import Request.
  Time since last request: 0.000019 seconds.
  path: Assets/PolygonCity/Models/Collisions/SM_Prop_TrashBag_03_Convex.asset
  artifactKey: Guid(10c2240559c75d047b03d93ee8f25941) Importer(815301076,1909f56bfc062723c751e8b465ee728b)
Start importing Assets/PolygonCity/Models/Collisions/SM_Prop_TrashBag_03_Convex.asset using Guid(10c2240559c75d047b03d93ee8f25941) Importer(815301076,1909f56bfc062723c751e8b465ee728b)  -> (artifact id: 'c22c0d1e684ce3ee0820275047b7df0e') in 0.011381 seconds 
========================================================================
Received Import Request.
  Time since last request: 0.000019 seconds.
  path: Assets/PolygonSciFiCity/Prefabs/Props/SM_Prop_TrashBag_02.prefab
  artifactKey: Guid(debe807fa5b29714089d99f8db9c2c48) Importer(815301076,1909f56bfc062723c751e8b465ee728b)
Start importing Assets/PolygonSciFiCity/Prefabs/Props/SM_Prop_TrashBag_02.prefab using Guid(debe807fa5b29714089d99f8db9c2c48) Importer(815301076,1909f56bfc062723c751e8b465ee728b)  -> (artifact id: 'f9a1565c8562a9029f93362cf0a7db80') in 0.139563 seconds 
========================================================================
Received Import Request.
  Time since last request: 0.000032 seconds.
  path: Assets/PolygonSciFiCity/Models/SM_Prop_TrashBag_03.fbx
  artifactKey: Guid(f781672a3f76dee458bc4332cc23d805) Importer(815301076,1909f56bfc062723c751e8b465ee728b)
Start importing Assets/PolygonSciFiCity/Models/SM_Prop_TrashBag_03.fbx using Guid(f781672a3f76dee458bc4332cc23d805) Importer(815301076,1909f56bfc062723c751e8b465ee728b)  -> (artifact id: '4481b5284d32fa4ad5aac33b68ec9a6a') in 0.016307 seconds 
========================================================================
Received Import Request.
  Time since last request: 0.627549 seconds.
  path: Assets/PolygonCity/Models/Collisions/SM_Prop_TrashCan_Lid_01_Convex.asset
  artifactKey: Guid(e4d73e0e917e90f4db00982d420bb153) Importer(815301076,1909f56bfc062723c751e8b465ee728b)
Start importing Assets/PolygonCity/Models/Collisions/SM_Prop_TrashCan_Lid_01_Convex.asset using Guid(e4d73e0e917e90f4db00982d420bb153) Importer(815301076,1909f56bfc062723c751e8b465ee728b)  -> (artifact id: '1c5e5725a5d8a5ffdfc9627af17fc862') in 0.021428 seconds 
Editor requested this worker to shutdown with reason: Scaling down because of idle timeout
AssetImportWorker is now disconnected from the server
Process exiting
Exiting without the bug reporter. Application will terminate with return code 0