Using pre-set license
Built from '2021.3/staging' branch; Version is '2021.3.18f1 (3129e69bc0c7) revision 3221990'; Using compiler version '192829333'; Build Type 'Release'
OS: 'Windows 10  (10.0.19045) 64bit Professional' Language: 'en' Physical Memory: 32620 MB
BatchMode: 1, IsHumanControllingUs: 0, StartBugReporterOnCrash: 0, Is64bit: 1, IsPro: 1

COMMAND LINE ARGUMENTS:
E:\Unity Editor\2021.3.18f1\Editor\Unity.exe
-adb2
-batchMode
-noUpm
-name
AssetImportWorker8
-projectPath
C:/Users/samra/Documents/GitHub/VR-Project/Hunting Whales VR V1
-logFile
Logs/AssetImportWorker8.log
-srvPort
51577
Successfully changed project path to: C:/Users/samra/Documents/GitHub/VR-Project/Hunting Whales VR V1
C:/Users/samra/Documents/GitHub/VR-Project/Hunting Whales VR V1
[UnityMemory] Configuration Parameters - Can be set up in boot.config
    "memorysetup-bucket-allocator-granularity=16"
    "memorysetup-bucket-allocator-bucket-count=8"
    "memorysetup-bucket-allocator-block-size=33554432"
    "memorysetup-bucket-allocator-block-count=8"
    "memorysetup-main-allocator-block-size=16777216"
    "memorysetup-thread-allocator-block-size=16777216"
    "memorysetup-gfx-main-allocator-block-size=16777216"
    "memorysetup-gfx-thread-allocator-block-size=16777216"
    "memorysetup-cache-allocator-block-size=4194304"
    "memorysetup-typetree-allocator-block-size=2097152"
    "memorysetup-profiler-bucket-allocator-granularity=16"
    "memorysetup-profiler-bucket-allocator-bucket-count=8"
    "memorysetup-profiler-bucket-allocator-block-size=33554432"
    "memorysetup-profiler-bucket-allocator-block-count=8"
    "memorysetup-profiler-allocator-block-size=16777216"
    "memorysetup-profiler-editor-allocator-block-size=1048576"
    "memorysetup-temp-allocator-size-main=16777216"
    "memorysetup-job-temp-allocator-block-size=2097152"
    "memorysetup-job-temp-allocator-block-size-background=1048576"
    "memorysetup-job-temp-allocator-reduction-small-platforms=262144"
    "memorysetup-temp-allocator-size-background-worker=32768"
    "memorysetup-temp-allocator-size-job-worker=262144"
    "memorysetup-temp-allocator-size-preload-manager=33554432"
    "memorysetup-temp-allocator-size-nav-mesh-worker=65536"
    "memorysetup-temp-allocator-size-audio-worker=65536"
    "memorysetup-temp-allocator-size-cloud-worker=32768"
    "memorysetup-temp-allocator-size-gi-baking-worker=262144"
    "memorysetup-temp-allocator-size-gfx=262144"
Player connection [24224] Host "[IP] 25.16.200.250 [Port] 0 [Flags] 2 [Guid] 3006796374 [EditorId] 3006796374 [Version] 1048832 [Id] WindowsEditor(7,Rocketship-77) [Debug] 1 [PackageName] WindowsEditor [ProjectName] Editor" joined multi-casting on [225.0.0.222:54997]...

Player connection [24224] Host "[IP] 25.16.200.250 [Port] 0 [Flags] 2 [Guid] 3006796374 [EditorId] 3006796374 [Version] 1048832 [Id] WindowsEditor(7,Rocketship-77) [Debug] 1 [PackageName] WindowsEditor [ProjectName] Editor" joined alternative multi-casting on [225.0.0.222:34997]...

Refreshing native plugins compatible for Editor in 138.31 ms, found 12 plugins.
Preloading 1 native plugins for Editor in 0.85 ms.
Initialize engine version: 2021.3.18f1 (3129e69bc0c7)
[Subsystems] Discovering subsystems at path E:/Unity Editor/2021.3.18f1/Editor/Data/Resources/UnitySubsystems
[Subsystems] Discovering subsystems at path C:/Users/samra/Documents/GitHub/VR-Project/Hunting Whales VR V1/Assets
GfxDevice: creating device client; threaded=0; jobified=0
Direct3D:
    Version:  Direct3D 11.0 [level 11.1]
    Renderer: NVIDIA GeForce RTX 3080 Laptop GPU (ID=0x24dc)
    Vendor:   NVIDIA
    VRAM:     16191 MB
    Driver:   31.0.15.4601
Initialize mono
Mono path[0] = 'E:/Unity Editor/2021.3.18f1/Editor/Data/Managed'
Mono path[1] = 'E:/Unity Editor/2021.3.18f1/Editor/Data/MonoBleedingEdge/lib/mono/unityjit-win32'
Mono config path = 'E:/Unity Editor/2021.3.18f1/Editor/Data/MonoBleedingEdge/etc'
Using monoOptions --debugger-agent=transport=dt_socket,embedding=1,server=y,suspend=n,address=127.0.0.1:56084
Begin MonoManager ReloadAssembly
Registering precompiled unity dll's ...
Register platform support module: E:/Unity Editor/2021.3.18f1/Editor/Data/PlaybackEngines/AndroidPlayer/UnityEditor.Android.Extensions.dll
Register platform support module: E:/Unity Editor/2021.3.18f1/Editor/Data/PlaybackEngines/WindowsStandaloneSupport/UnityEditor.WindowsStandalone.Extensions.dll
Registered in 0.003055 seconds.
Native extension for WindowsStandalone target not found
Native extension for Android target not found
Android Extension - Scanning For ADB Devices 242 ms
Refreshing native plugins compatible for Editor in 95.39 ms, found 12 plugins.
Preloading 1 native plugins for Editor in 0.09 ms.
Mono: successfully reloaded assembly
- Completed reload, in  0.806 seconds
Domain Reload Profiling:
	ReloadAssembly (807ms)
		BeginReloadAssembly (61ms)
			ExecutionOrderSort (0ms)
			DisableScriptedObjects (0ms)
			BackupInstance (0ms)
			ReleaseScriptingObjects (0ms)
			CreateAndSetChildDomain (1ms)
		EndReloadAssembly (663ms)
			LoadAssemblies (61ms)
			RebuildTransferFunctionScriptingTraits (0ms)
			SetupTypeCache (87ms)
			ReleaseScriptCaches (0ms)
			RebuildScriptCaches (21ms)
			SetupLoadedEditorAssemblies (511ms)
				LogAssemblyErrors (0ms)
				InitializePlatformSupportModulesInManaged (308ms)
				SetLoadedEditorAssemblies (0ms)
				RefreshPlugins (96ms)
				BeforeProcessingInitializeOnLoad (1ms)
				ProcessInitializeOnLoadAttributes (71ms)
				ProcessInitializeOnLoadMethodAttributes (35ms)
				AfterProcessingInitializeOnLoad (0ms)
				EditorAssembliesLoaded (0ms)
			ExecutionOrderSort2 (0ms)
			AwakeInstancesAfterBackupRestoration (0ms)
Platform modules already initialized, skipping
Registering precompiled user dll's ...
Registered in 0.011326 seconds.
Begin MonoManager ReloadAssembly
Symbol file LoadedFromMemory doesn't match image C:\Users\samra\Documents\GitHub\VR-Project\Hunting Whales VR V1\Library\PackageCache\com.unity.visualscripting@1.8.0\Editor\VisualScripting.Core\Dependencies\DotNetZip\Unity.VisualScripting.IonicZip.dll
Symbol file LoadedFromMemory doesn't match image C:\Users\samra\Documents\GitHub\VR-Project\Hunting Whales VR V1\Library\PackageCache\com.unity.visualscripting@1.8.0\Editor\VisualScripting.Core\Dependencies\YamlDotNet\Unity.VisualScripting.YamlDotNet.dll
Native extension for WindowsStandalone target not found
Native extension for Android target not found
Refreshing native plugins compatible for Editor in 98.68 ms, found 12 plugins.
Preloading 1 native plugins for Editor in 0.09 ms.
Package Manager log level set to [2]
System.Reflection.TargetInvocationException: Exception has been thrown by the target of an invocation. ---> System.NullReferenceException: Object reference not set to an instance of an object
  at Unity.XR.Oculus.OculusLoader.AssetPathToAbsolutePath (System.String assetPath) [0x0003d] in C:\Users\samra\Documents\GitHub\VR-Project\Hunting Whales VR V1\Library\PackageCache\com.unity.xr.oculus@3.2.3\Runtime\OculusLoader.cs:296 
  at Unity.XR.Oculus.OculusLoader.EditorLoadOVRPlugin () [0x0007b] in C:\Users\samra\Documents\GitHub\VR-Project\Hunting Whales VR V1\Library\PackageCache\com.unity.xr.oculus@3.2.3\Runtime\OculusLoader.cs:281 
  at (wrapper managed-to-native) System.Reflection.RuntimeMethodInfo.InternalInvoke(System.Reflection.RuntimeMethodInfo,object,object[],System.Exception&)
  at System.Reflection.RuntimeMethodInfo.Invoke (System.Object obj, System.Reflection.BindingFlags invokeAttr, System.Reflection.Binder binder, System.Object[] parameters, System.Globalization.CultureInfo culture) [0x0006a] in <1f66344f2f89470293d8b67d71308c07>:0 
   --- End of inner exception stack trace ---
  at System.Reflection.RuntimeMethodInfo.Invoke (System.Object obj, System.Reflection.BindingFlags invokeAttr, System.Reflection.Binder binder, System.Object[] parameters, System.Globalization.CultureInfo culture) [0x00083] in <1f66344f2f89470293d8b67d71308c07>:0 
  at System.Reflection.MethodBase.Invoke (System.Object obj, System.Object[] parameters) [0x00000] in <1f66344f2f89470293d8b67d71308c07>:0 
  at UnityEditor.EditorAssemblies.ProcessInitializeOnLoadMethodAttributes () [0x000a5] in <42a64fd733d9417da1ea3a757ad9a96d>:0 
UnityEngine.StackTraceUtility:ExtractStackTrace ()
UnityEngine.DebugLogHandler:LogFormat (UnityEngine.LogType,UnityEngine.Object,string,object[])
UnityEngine.Logger:Log (UnityEngine.LogType,object)
UnityEngine.Debug:LogError (object)
UnityEditor.EditorAssemblies:ProcessInitializeOnLoadMethodAttributes ()

Mono: successfully reloaded assembly
- Completed reload, in  1.087 seconds
Domain Reload Profiling:
	ReloadAssembly (1087ms)
		BeginReloadAssembly (87ms)
			ExecutionOrderSort (0ms)
			DisableScriptedObjects (5ms)
			BackupInstance (0ms)
			ReleaseScriptingObjects (0ms)
			CreateAndSetChildDomain (19ms)
		EndReloadAssembly (908ms)
			LoadAssemblies (73ms)
			RebuildTransferFunctionScriptingTraits (0ms)
			SetupTypeCache (234ms)
			ReleaseScriptCaches (1ms)
			RebuildScriptCaches (49ms)
			SetupLoadedEditorAssemblies (489ms)
				LogAssemblyErrors (0ms)
				InitializePlatformSupportModulesInManaged (13ms)
				SetLoadedEditorAssemblies (0ms)
				RefreshPlugins (99ms)
				BeforeProcessingInitializeOnLoad (90ms)
				ProcessInitializeOnLoadAttributes (244ms)
				ProcessInitializeOnLoadMethodAttributes (41ms)
				AfterProcessingInitializeOnLoad (3ms)
				EditorAssembliesLoaded (0ms)
			ExecutionOrderSort2 (0ms)
			AwakeInstancesAfterBackupRestoration (5ms)
Platform modules already initialized, skipping
========================================================================
Worker process is ready to serve import requests
Launched and connected shader compiler UnityShaderCompiler.exe after 0.04 seconds
Refreshing native plugins compatible for Editor in 1.25 ms, found 12 plugins.
Preloading 1 native plugins for Editor in 0.09 ms.
Unloading 4443 Unused Serialized files (Serialized files now loaded: 0)
Unloading 50 unused Assets / (59.0 KB). Loaded Objects now: 4918.
Memory consumption went from 167.7 MB to 167.7 MB.
Total: 2.977600 ms (FindLiveObjects: 0.291300 ms CreateObjectMapping: 0.101700 ms MarkObjects: 2.493500 ms  DeleteObjects: 0.090500 ms)

AssetImportParameters requested are different than current active one (requested -> active):
  custom:video-decoder-ogg-theora: a1e56fd34408186e4bbccfd4996cb3dc -> 
  custom:container-muxer-webm: aa71ff27fc2769a1b78a27578f13a17b -> 
  custom:container-demuxer-webm: 4f35f7cbe854078d1ac9338744f61a02 -> 
  custom:video-encoder-webm-vp8: eb34c28f22e8b96e1ab97ce403110664 -> 
  custom:audio-encoder-webm-vorbis: bf7c407c2cedff20999df2af8eb42d56 -> 
  custom:framework-win-MediaFoundation: 216162199b28c13a410421893ffa2e32 -> 
  custom:container-demuxer-ogg: 62fdf1f143b41e24485cea50d1cbac27 -> 
  custom:video-decoder-webm-vp8: 9c59270c3fd7afecdb556c50c9e8de78 -> 
  custom:audio-decoder-ogg-vorbis: bf7c407c2cedff20999df2af8eb42d56 -> 
========================================================================
Received Import Request.
  Time since last request: 3782.352803 seconds.
  path: Assets/PolygonSciFiCity/Prefabs/Signs
  artifactKey: Guid(065432515fc41df4d96425ec2e219e04) Importer(815301076,1909f56bfc062723c751e8b465ee728b)
Start importing Assets/PolygonSciFiCity/Prefabs/Signs using Guid(065432515fc41df4d96425ec2e219e04) Importer(815301076,1909f56bfc062723c751e8b465ee728b)  -> (artifact id: '0ed1d97387101d7b6535ca16681cad15') in 0.020962 seconds 
========================================================================
Received Import Request.
  Time since last request: 0.001143 seconds.
  path: Assets/PolygonSciFiCity/Prefabs/Signs/SM_Sign_02.prefab
  artifactKey: Guid(88a3f83471118ef4a84c3eaaf4a90b70) Importer(815301076,1909f56bfc062723c751e8b465ee728b)
Start importing Assets/PolygonSciFiCity/Prefabs/Signs/SM_Sign_02.prefab using Guid(88a3f83471118ef4a84c3eaaf4a90b70) Importer(815301076,1909f56bfc062723c751e8b465ee728b)  -> (artifact id: '7a4e8770a9393e164a01f7d5c696659d') in 0.167069 seconds 
========================================================================
Received Import Request.
  Time since last request: 0.000030 seconds.
  path: Assets/PolygonSciFiCity/Prefabs/Signs/SM_Sign_Ad_17.prefab
  artifactKey: Guid(abc1d68c30e972b408b466e71d763104) Importer(815301076,1909f56bfc062723c751e8b465ee728b)
Start importing Assets/PolygonSciFiCity/Prefabs/Signs/SM_Sign_Ad_17.prefab using Guid(abc1d68c30e972b408b466e71d763104) Importer(815301076,1909f56bfc062723c751e8b465ee728b)  -> (artifact id: '3688e37afba9c2c46e329156090f032d') in 0.023600 seconds 
========================================================================
Received Import Request.
  Time since last request: 0.000025 seconds.
  path: Assets/PolygonSciFiCity/Prefabs/Signs/SM_Sign_Ad_15.prefab
  artifactKey: Guid(7c5044e30d9e6694cbc654bbccf6ac6f) Importer(815301076,1909f56bfc062723c751e8b465ee728b)
Start importing Assets/PolygonSciFiCity/Prefabs/Signs/SM_Sign_Ad_15.prefab using Guid(7c5044e30d9e6694cbc654bbccf6ac6f) Importer(815301076,1909f56bfc062723c751e8b465ee728b)  -> (artifact id: 'e931dabc1df71a4c39cab997da1a97fa') in 0.025873 seconds 
========================================================================
Received Import Request.
  Time since last request: 0.000020 seconds.
  path: Assets/PolygonSciFiCity/Prefabs/Signs/SM_Sign_011.prefab
  artifactKey: Guid(6438a1e1eff36f14db159715ed3d2b4e) Importer(815301076,1909f56bfc062723c751e8b465ee728b)
Start importing Assets/PolygonSciFiCity/Prefabs/Signs/SM_Sign_011.prefab using Guid(6438a1e1eff36f14db159715ed3d2b4e) Importer(815301076,1909f56bfc062723c751e8b465ee728b)  -> (artifact id: '09fddcd23e1cd1a2eaf054af7068c031') in 0.047540 seconds 
========================================================================
Received Import Request.
  Time since last request: 0.000026 seconds.
  path: Assets/PolygonSciFiCity/Prefabs/Signs/SM_Sign_Ad_27.prefab
  artifactKey: Guid(9625e12155939f542adbf194f38b1ad3) Importer(815301076,1909f56bfc062723c751e8b465ee728b)
Start importing Assets/PolygonSciFiCity/Prefabs/Signs/SM_Sign_Ad_27.prefab using Guid(9625e12155939f542adbf194f38b1ad3) Importer(815301076,1909f56bfc062723c751e8b465ee728b)  -> (artifact id: '0fa6bf3df6ca05dff470e12a28be3ea5') in 0.023355 seconds 
========================================================================
Received Import Request.
  Time since last request: 0.000018 seconds.
  path: Assets/PolygonSciFiCity/Prefabs/Signs/SM_Sign_Ad_18.prefab
  artifactKey: Guid(ebd4e06f75747594ab530fcb847920bb) Importer(815301076,1909f56bfc062723c751e8b465ee728b)
Start importing Assets/PolygonSciFiCity/Prefabs/Signs/SM_Sign_Ad_18.prefab using Guid(ebd4e06f75747594ab530fcb847920bb) Importer(815301076,1909f56bfc062723c751e8b465ee728b)  -> (artifact id: '3eaeee31332685e8c83ff3716eadb602') in 0.023822 seconds 
========================================================================
Received Import Request.
  Time since last request: 0.000022 seconds.
  path: Assets/PolygonSciFiCity/Prefabs/Signs/SM_Sign_09.prefab
  artifactKey: Guid(e7738282e256b9540920099612ff00d6) Importer(815301076,1909f56bfc062723c751e8b465ee728b)
Start importing Assets/PolygonSciFiCity/Prefabs/Signs/SM_Sign_09.prefab using Guid(e7738282e256b9540920099612ff00d6) Importer(815301076,1909f56bfc062723c751e8b465ee728b)  -> (artifact id: '6ecbfe0bf71ed99d5cf3de6372cbb900') in 0.036882 seconds 
========================================================================
Received Import Request.
  Time since last request: 0.000025 seconds.
  path: Assets/PolygonSciFiCity/Prefabs/Signs/SM_Sign_Ad_06.prefab
  artifactKey: Guid(3ed9cb70cf572854c96d813b19339262) Importer(815301076,1909f56bfc062723c751e8b465ee728b)
Start importing Assets/PolygonSciFiCity/Prefabs/Signs/SM_Sign_Ad_06.prefab using Guid(3ed9cb70cf572854c96d813b19339262) Importer(815301076,1909f56bfc062723c751e8b465ee728b)  -> (artifact id: '6f026c62baeeca12b111f2160d04327b') in 0.021137 seconds 
========================================================================
Received Import Request.
  Time since last request: 0.000022 seconds.
  path: Assets/PolygonSciFiCity/Prefabs/Signs/SM_Sign_Ad_26.prefab
  artifactKey: Guid(c48da3a77d7c6c541bc71d58d2a925d5) Importer(815301076,1909f56bfc062723c751e8b465ee728b)
Start importing Assets/PolygonSciFiCity/Prefabs/Signs/SM_Sign_Ad_26.prefab using Guid(c48da3a77d7c6c541bc71d58d2a925d5) Importer(815301076,1909f56bfc062723c751e8b465ee728b)  -> (artifact id: '554e2c388a6c4111ba56cb3e8cce442c') in 0.023260 seconds 
========================================================================
Received Import Request.
  Time since last request: 0.000044 seconds.
  path: Assets/PolygonSciFiCity/Prefabs/Signs/SM_Sign_Ad_23.prefab
  artifactKey: Guid(a9fd4f873bdb3664dbe5efc6a5711e11) Importer(815301076,1909f56bfc062723c751e8b465ee728b)
Start importing Assets/PolygonSciFiCity/Prefabs/Signs/SM_Sign_Ad_23.prefab using Guid(a9fd4f873bdb3664dbe5efc6a5711e11) Importer(815301076,1909f56bfc062723c751e8b465ee728b)  -> (artifact id: '9ef7ea325a581ce4aec0a15f4bc5710b') in 0.023917 seconds 
========================================================================
Received Import Request.
  Time since last request: 0.000021 seconds.
  path: Assets/PolygonSciFiCity/Prefabs/Signs/SM_Sign_04.prefab
  artifactKey: Guid(9ff209d0b016a67429e179b3cb7d89ff) Importer(815301076,1909f56bfc062723c751e8b465ee728b)
Start importing Assets/PolygonSciFiCity/Prefabs/Signs/SM_Sign_04.prefab using Guid(9ff209d0b016a67429e179b3cb7d89ff) Importer(815301076,1909f56bfc062723c751e8b465ee728b)  -> (artifact id: 'eb21f7e35c73e0ed60ea67cea155838b') in 0.039528 seconds 
========================================================================
Received Import Request.
  Time since last request: 0.000023 seconds.
  path: Assets/PolygonSciFiCity/Prefabs/Signs/SM_Sign_Ad_03.prefab
  artifactKey: Guid(98bbf55310f51aa428423eb2b05530d9) Importer(815301076,1909f56bfc062723c751e8b465ee728b)
Start importing Assets/PolygonSciFiCity/Prefabs/Signs/SM_Sign_Ad_03.prefab using Guid(98bbf55310f51aa428423eb2b05530d9) Importer(815301076,1909f56bfc062723c751e8b465ee728b)  -> (artifact id: '348f5c84f050493e1e6c578495e84193') in 0.023464 seconds 
========================================================================
Received Import Request.
  Time since last request: 0.000027 seconds.
  path: Assets/PolygonSciFiCity/Prefabs/Signs/SM_Sign_03.prefab
  artifactKey: Guid(379bf6a3c0b631d44a21c75fdb352e26) Importer(815301076,1909f56bfc062723c751e8b465ee728b)
Start importing Assets/PolygonSciFiCity/Prefabs/Signs/SM_Sign_03.prefab using Guid(379bf6a3c0b631d44a21c75fdb352e26) Importer(815301076,1909f56bfc062723c751e8b465ee728b)  -> (artifact id: '3d99d3195784811f4781f84b98106cbf') in 0.047250 seconds 
========================================================================
Received Import Request.
  Time since last request: 0.000027 seconds.
  path: Assets/PolygonSciFiCity/Prefabs/Signs/SM_Sign_Ad_04.prefab
  artifactKey: Guid(aa2a1e2d744d70245877eeff0ac0d9c2) Importer(815301076,1909f56bfc062723c751e8b465ee728b)
Start importing Assets/PolygonSciFiCity/Prefabs/Signs/SM_Sign_Ad_04.prefab using Guid(aa2a1e2d744d70245877eeff0ac0d9c2) Importer(815301076,1909f56bfc062723c751e8b465ee728b)  -> (artifact id: '715ffa956e49cc59e89eec3f4f22ca3e') in 0.021165 seconds 
========================================================================
Received Import Request.
  Time since last request: 0.000032 seconds.
  path: Assets/PolygonSciFiCity/Prefabs/Signs/SM_Sign_Ad_22.prefab
  artifactKey: Guid(8fcac59344a77004eaa7a2f81afa3dd9) Importer(815301076,1909f56bfc062723c751e8b465ee728b)
Start importing Assets/PolygonSciFiCity/Prefabs/Signs/SM_Sign_Ad_22.prefab using Guid(8fcac59344a77004eaa7a2f81afa3dd9) Importer(815301076,1909f56bfc062723c751e8b465ee728b)  -> (artifact id: '7edea7371dc9731be3f2d5267f660e2a') in 0.020858 seconds 
========================================================================
Received Import Request.
  Time since last request: 0.000030 seconds.
  path: Assets/PolygonSciFiCity/Prefabs/Signs/SM_Sign_Ad_05.prefab
  artifactKey: Guid(00ac70221b65ac845b5fe74dac83db9a) Importer(815301076,1909f56bfc062723c751e8b465ee728b)
Start importing Assets/PolygonSciFiCity/Prefabs/Signs/SM_Sign_Ad_05.prefab using Guid(00ac70221b65ac845b5fe74dac83db9a) Importer(815301076,1909f56bfc062723c751e8b465ee728b)  -> (artifact id: '73df76829cacabfa7158a737ee7d62e2') in 0.021461 seconds 
========================================================================
Received Import Request.
  Time since last request: 0.191100 seconds.
  path: Assets/PolygonSciFiCity/Prefabs/Signs/SM_Sign_Ad_28.prefab
  artifactKey: Guid(d67bc3a5f8dc8644982553da77f34d09) Importer(815301076,1909f56bfc062723c751e8b465ee728b)
Start importing Assets/PolygonSciFiCity/Prefabs/Signs/SM_Sign_Ad_28.prefab using Guid(d67bc3a5f8dc8644982553da77f34d09) Importer(815301076,1909f56bfc062723c751e8b465ee728b)  -> (artifact id: '2612919f76ac06d63abc4c21f721edf6') in 0.018693 seconds 
========================================================================
Received Import Request.
  Time since last request: 0.000023 seconds.
  path: Assets/PolygonSciFiCity/Prefabs/Signs/SM_Sign_Ad_31.prefab
  artifactKey: Guid(4f5cff1dda2e3f04b9c2181537d0599a) Importer(815301076,1909f56bfc062723c751e8b465ee728b)
Start importing Assets/PolygonSciFiCity/Prefabs/Signs/SM_Sign_Ad_31.prefab using Guid(4f5cff1dda2e3f04b9c2181537d0599a) Importer(815301076,1909f56bfc062723c751e8b465ee728b)  -> (artifact id: 'c5b6bd7f75c8777e4ef1b7abb2cbf1aa') in 0.017049 seconds 
========================================================================
Received Import Request.
  Time since last request: 0.000041 seconds.
  path: Assets/PolygonSciFiCity/Prefabs/Signs/SM_Sign_Billboard_Border_03.prefab
  artifactKey: Guid(59449a6f6b42ab64cb4421e2f322f822) Importer(815301076,1909f56bfc062723c751e8b465ee728b)
Start importing Assets/PolygonSciFiCity/Prefabs/Signs/SM_Sign_Billboard_Border_03.prefab using Guid(59449a6f6b42ab64cb4421e2f322f822) Importer(815301076,1909f56bfc062723c751e8b465ee728b)  -> (artifact id: 'ef9186adb7a84ba15d80f88d1bb8ec3a') in 0.039970 seconds 
========================================================================
Received Import Request.
  Time since last request: 0.000026 seconds.
  path: Assets/PolygonSciFiCity/Prefabs/Signs/SM_Sign_Ad_32.prefab
  artifactKey: Guid(723e499b127f6b546968673b244a7caa) Importer(815301076,1909f56bfc062723c751e8b465ee728b)
Start importing Assets/PolygonSciFiCity/Prefabs/Signs/SM_Sign_Ad_32.prefab using Guid(723e499b127f6b546968673b244a7caa) Importer(815301076,1909f56bfc062723c751e8b465ee728b)  -> (artifact id: '16511dba2a8ee6095528a641ae30f906') in 0.020589 seconds 
========================================================================
Received Import Request.
  Time since last request: 0.000021 seconds.
  path: Assets/PolygonSciFiCity/Prefabs/Signs/SM_Sign_Billboard_Border_Tall_01.prefab
  artifactKey: Guid(f404fc82b36356d459c5a6aeedfd05bb) Importer(815301076,1909f56bfc062723c751e8b465ee728b)
Start importing Assets/PolygonSciFiCity/Prefabs/Signs/SM_Sign_Billboard_Border_Tall_01.prefab using Guid(f404fc82b36356d459c5a6aeedfd05bb) Importer(815301076,1909f56bfc062723c751e8b465ee728b)  -> (artifact id: '3358f17a27f3d1090e0142a05ce310cc') in 0.039532 seconds 
========================================================================
Received Import Request.
  Time since last request: 0.000024 seconds.
  path: Assets/PolygonSciFiCity/Prefabs/Signs/SM_Sign_Billboard_Attachmentl_01.prefab
  artifactKey: Guid(67baa394647fed247a81a54b8efb236a) Importer(815301076,1909f56bfc062723c751e8b465ee728b)
Start importing Assets/PolygonSciFiCity/Prefabs/Signs/SM_Sign_Billboard_Attachmentl_01.prefab using Guid(67baa394647fed247a81a54b8efb236a) Importer(815301076,1909f56bfc062723c751e8b465ee728b)  -> (artifact id: '1290c94deb77d18152ca4996ee4bbf88') in 0.048964 seconds 
========================================================================
Received Import Request.
  Time since last request: 0.124052 seconds.
  path: Assets/PolygonSciFiCity/Prefabs/Signs/SM_Sign_Billboard_Border_Tall_03.prefab
  artifactKey: Guid(ecbcf8dad4b713c4eb2ec872e1ba95d2) Importer(815301076,1909f56bfc062723c751e8b465ee728b)
Start importing Assets/PolygonSciFiCity/Prefabs/Signs/SM_Sign_Billboard_Border_Tall_03.prefab using Guid(ecbcf8dad4b713c4eb2ec872e1ba95d2) Importer(815301076,1909f56bfc062723c751e8b465ee728b)  -> (artifact id: '5b7bb68365b0b4786cc2c94853e78080') in 0.041113 seconds 
========================================================================
Received Import Request.
  Time since last request: 0.000038 seconds.
  path: Assets/PolygonSciFiCity/Prefabs/Signs/SM_Sign_Neon_05.prefab
  artifactKey: Guid(d23db7e446ac23a49baaacb664ee1851) Importer(815301076,1909f56bfc062723c751e8b465ee728b)
Start importing Assets/PolygonSciFiCity/Prefabs/Signs/SM_Sign_Neon_05.prefab using Guid(d23db7e446ac23a49baaacb664ee1851) Importer(815301076,1909f56bfc062723c751e8b465ee728b)  -> (artifact id: '29a1f6481a51eb08984e15f436accd1a') in 0.051040 seconds 
========================================================================
Received Import Request.
  Time since last request: 0.000022 seconds.
  path: Assets/PolygonSciFiCity/Prefabs/Signs/SM_Sign_Neon_Bulb_03.prefab
  artifactKey: Guid(4a2ae943c817d834fbc2cab3ffb4b858) Importer(815301076,1909f56bfc062723c751e8b465ee728b)
Start importing Assets/PolygonSciFiCity/Prefabs/Signs/SM_Sign_Neon_Bulb_03.prefab using Guid(4a2ae943c817d834fbc2cab3ffb4b858) Importer(815301076,1909f56bfc062723c751e8b465ee728b)  -> (artifact id: '79ed4ad8f39f2a5768ec43200aa19bfb') in 0.035277 seconds 
========================================================================
Received Import Request.
  Time since last request: 0.000041 seconds.
  path: Assets/PolygonSciFiCity/Prefabs/Signs/SM_Sign_Neon_Bulb_02.prefab
  artifactKey: Guid(51ccc5a1e582db34486e3ce8c54d3c1b) Importer(815301076,1909f56bfc062723c751e8b465ee728b)
Start importing Assets/PolygonSciFiCity/Prefabs/Signs/SM_Sign_Neon_Bulb_02.prefab using Guid(51ccc5a1e582db34486e3ce8c54d3c1b) Importer(815301076,1909f56bfc062723c751e8b465ee728b)  -> (artifact id: '058abeed6d8bac911aa6e87a44675a35') in 0.040488 seconds 
========================================================================
Received Import Request.
  Time since last request: 0.000025 seconds.
  path: Assets/PolygonSciFiCity/Prefabs/Signs/SM_Sign_Billboard_Large_04.prefab
  artifactKey: Guid(ca5448f7c73d3a349856be1bf2fe18d8) Importer(815301076,1909f56bfc062723c751e8b465ee728b)
Start importing Assets/PolygonSciFiCity/Prefabs/Signs/SM_Sign_Billboard_Large_04.prefab using Guid(ca5448f7c73d3a349856be1bf2fe18d8) Importer(815301076,1909f56bfc062723c751e8b465ee728b)  -> (artifact id: '3b698e8a8313ea0418b2982ceabb95f1') in 0.038143 seconds 
========================================================================
Received Import Request.
  Time since last request: 0.000025 seconds.
  path: Assets/PolygonSciFiCity/Prefabs/Signs/SM_Sign_Billboard_Large_02.prefab
  artifactKey: Guid(822f275bdc859ca4e9aded058796e259) Importer(815301076,1909f56bfc062723c751e8b465ee728b)
Start importing Assets/PolygonSciFiCity/Prefabs/Signs/SM_Sign_Billboard_Large_02.prefab using Guid(822f275bdc859ca4e9aded058796e259) Importer(815301076,1909f56bfc062723c751e8b465ee728b)  -> (artifact id: 'f77d73b73a0745fc0000329decb98b91') in 0.020769 seconds 
========================================================================
Received Import Request.
  Time since last request: 0.000026 seconds.
  path: Assets/PolygonSciFiCity/Prefabs/Signs/SM_Sign_Neon_02.prefab
  artifactKey: Guid(009815310d9b5e24780e2d552cea2b29) Importer(815301076,1909f56bfc062723c751e8b465ee728b)
Start importing Assets/PolygonSciFiCity/Prefabs/Signs/SM_Sign_Neon_02.prefab using Guid(009815310d9b5e24780e2d552cea2b29) Importer(815301076,1909f56bfc062723c751e8b465ee728b)  -> (artifact id: '37a93c05fc9c733213cd9fda10c35ee2') in 0.028871 seconds 
========================================================================
Received Import Request.
  Time since last request: 0.000023 seconds.
  path: Assets/PolygonSciFiCity/Prefabs/Signs/SM_Sign_Neon_08.prefab
  artifactKey: Guid(4d95eed2946e3c244840107ae887de04) Importer(815301076,1909f56bfc062723c751e8b465ee728b)
Start importing Assets/PolygonSciFiCity/Prefabs/Signs/SM_Sign_Neon_08.prefab using Guid(4d95eed2946e3c244840107ae887de04) Importer(815301076,1909f56bfc062723c751e8b465ee728b)  -> (artifact id: 'f8758f3fcffafc58af01080661678cb0') in 0.020227 seconds 
========================================================================
Received Import Request.
  Time since last request: 0.000026 seconds.
  path: Assets/PolygonSciFiCity/Prefabs/Signs/SM_Sign_Billboard_Large_01.prefab
  artifactKey: Guid(3180d24cf316a724aba849078ed6e992) Importer(815301076,1909f56bfc062723c751e8b465ee728b)
Start importing Assets/PolygonSciFiCity/Prefabs/Signs/SM_Sign_Billboard_Large_01.prefab using Guid(3180d24cf316a724aba849078ed6e992) Importer(815301076,1909f56bfc062723c751e8b465ee728b)  -> (artifact id: '2d1845634784c18efeee63155fd39b34') in 0.020168 seconds 
========================================================================
Received Import Request.
  Time since last request: 0.000023 seconds.
  path: Assets/PolygonSciFiCity/Prefabs/Signs/SM_Sign_Neon_Bulb_04.prefab
  artifactKey: Guid(97ad57e82270cbd499c9f3dc2f0925f4) Importer(815301076,1909f56bfc062723c751e8b465ee728b)
Start importing Assets/PolygonSciFiCity/Prefabs/Signs/SM_Sign_Neon_Bulb_04.prefab using Guid(97ad57e82270cbd499c9f3dc2f0925f4) Importer(815301076,1909f56bfc062723c751e8b465ee728b)  -> (artifact id: '145135e51cb62fa459da5e0ed4e6e17d') in 0.044816 seconds 
========================================================================
Received Import Request.
  Time since last request: 0.000026 seconds.
  path: Assets/PolygonSciFiCity/Prefabs/Signs/SM_Sign_Neon_07.prefab
  artifactKey: Guid(f74a85b2d013fb14b8261bc593134c13) Importer(815301076,1909f56bfc062723c751e8b465ee728b)
Start importing Assets/PolygonSciFiCity/Prefabs/Signs/SM_Sign_Neon_07.prefab using Guid(f74a85b2d013fb14b8261bc593134c13) Importer(815301076,1909f56bfc062723c751e8b465ee728b)  -> (artifact id: '97313d11af92735ab461b6d3fb378718') in 0.018640 seconds 
========================================================================
Received Import Request.
  Time since last request: 0.000027 seconds.
  path: Assets/PolygonSciFiCity/Prefabs/Signs/SM_Sign_Neon_Flat_03.prefab
  artifactKey: Guid(9d79f36288d1ae945bfe291c26aab304) Importer(815301076,1909f56bfc062723c751e8b465ee728b)
Start importing Assets/PolygonSciFiCity/Prefabs/Signs/SM_Sign_Neon_Flat_03.prefab using Guid(9d79f36288d1ae945bfe291c26aab304) Importer(815301076,1909f56bfc062723c751e8b465ee728b)  -> (artifact id: '9715fe9bebd0643e6b51a88d29398713') in 0.018968 seconds 
========================================================================
Received Import Request.
  Time since last request: 0.000026 seconds.
  path: Assets/PolygonSciFiCity/Prefabs/Signs/SM_Sign_Neon_Flat_07.prefab
  artifactKey: Guid(01c33cb3ccec59046a12f2743e4d4360) Importer(815301076,1909f56bfc062723c751e8b465ee728b)
Start importing Assets/PolygonSciFiCity/Prefabs/Signs/SM_Sign_Neon_Flat_07.prefab using Guid(01c33cb3ccec59046a12f2743e4d4360) Importer(815301076,1909f56bfc062723c751e8b465ee728b)  -> (artifact id: 'a0498b4376914c2799612e3999712ef9') in 0.024038 seconds 
========================================================================
Received Import Request.
  Time since last request: 0.000019 seconds.
  path: Assets/PolygonSciFiCity/Prefabs/Signs/SM_Sign_Neon_Flat_06.prefab
  artifactKey: Guid(482271192daa32042ad461499b98410a) Importer(815301076,1909f56bfc062723c751e8b465ee728b)
Start importing Assets/PolygonSciFiCity/Prefabs/Signs/SM_Sign_Neon_Flat_06.prefab using Guid(482271192daa32042ad461499b98410a) Importer(815301076,1909f56bfc062723c751e8b465ee728b)  -> (artifact id: 'f76a968851cda3eb2214f2d24e55f2a1') in 0.023075 seconds 
========================================================================
Received Import Request.
  Time since last request: 0.000027 seconds.
  path: Assets/PolygonSciFiCity/Prefabs/Signs/SM_Sign_Neon_Flat_09.prefab
  artifactKey: Guid(f09eed83b16369e4686b2b421ad674ad) Importer(815301076,1909f56bfc062723c751e8b465ee728b)
Start importing Assets/PolygonSciFiCity/Prefabs/Signs/SM_Sign_Neon_Flat_09.prefab using Guid(f09eed83b16369e4686b2b421ad674ad) Importer(815301076,1909f56bfc062723c751e8b465ee728b)  -> (artifact id: '53168ddfaed9a3d5a44e2ea4fd19d7ea') in 0.024918 seconds 
========================================================================
Received Import Request.
  Time since last request: 0.000030 seconds.
  path: Assets/PolygonSciFiCity/Prefabs/Signs/SM_Sign_Neon_03.prefab
  artifactKey: Guid(021c6cdb9e53353489b9fa5d6917d6da) Importer(815301076,1909f56bfc062723c751e8b465ee728b)
Start importing Assets/PolygonSciFiCity/Prefabs/Signs/SM_Sign_Neon_03.prefab using Guid(021c6cdb9e53353489b9fa5d6917d6da) Importer(815301076,1909f56bfc062723c751e8b465ee728b)  -> (artifact id: 'fcdbde5301f39322a1979d11715c0679') in 0.025359 seconds 
========================================================================
Received Import Request.
  Time since last request: 411.447890 seconds.
  path: Assets/PolygonCity/Prefabs/Buildings/SM_Bld_Apartment_Roof_02.prefab
  artifactKey: Guid(99e3d52be60050d4883633a4b0e12226) Importer(815301076,1909f56bfc062723c751e8b465ee728b)
Start importing Assets/PolygonCity/Prefabs/Buildings/SM_Bld_Apartment_Roof_02.prefab using Guid(99e3d52be60050d4883633a4b0e12226) Importer(815301076,1909f56bfc062723c751e8b465ee728b)  -> (artifact id: '7433f338d30b3d6297c99e0fb06ff9c7') in 0.029831 seconds 
========================================================================
Received Import Request.
  Time since last request: 0.004191 seconds.
  path: Assets/PolygonCity/Prefabs/Buildings/SM_Bld_Apartment_Roof_Corner_02.prefab
  artifactKey: Guid(abf5b8361dd32a84990b3ef68982a8b4) Importer(815301076,1909f56bfc062723c751e8b465ee728b)
Start importing Assets/PolygonCity/Prefabs/Buildings/SM_Bld_Apartment_Roof_Corner_02.prefab using Guid(abf5b8361dd32a84990b3ef68982a8b4) Importer(815301076,1909f56bfc062723c751e8b465ee728b)  -> (artifact id: '00cc11f639ea12cd7ed1ebe5545f1d04') in 0.025368 seconds 
========================================================================
Received Import Request.
  Time since last request: 0.000024 seconds.
  path: Assets/PolygonCity/Prefabs/Buildings/SM_Bld_Apartment_Stairs_02.prefab
  artifactKey: Guid(f82429eae662f5d4cb83cadb3417f66d) Importer(815301076,1909f56bfc062723c751e8b465ee728b)
Start importing Assets/PolygonCity/Prefabs/Buildings/SM_Bld_Apartment_Stairs_02.prefab using Guid(f82429eae662f5d4cb83cadb3417f66d) Importer(815301076,1909f56bfc062723c751e8b465ee728b)  -> (artifact id: 'bcecb3efc62aa7d172a78aaed32249fc') in 0.035133 seconds 
========================================================================
Received Import Request.
  Time since last request: 0.000025 seconds.
  path: Assets/PolygonCity/Prefabs/Buildings/SM_Bld_FireEscape_01.prefab
  artifactKey: Guid(a0fc9668797c0ba40bfd0a39fc67f2ed) Importer(815301076,1909f56bfc062723c751e8b465ee728b)
Start importing Assets/PolygonCity/Prefabs/Buildings/SM_Bld_FireEscape_01.prefab using Guid(a0fc9668797c0ba40bfd0a39fc67f2ed) Importer(815301076,1909f56bfc062723c751e8b465ee728b)  -> (artifact id: 'f04f59bf2848739b1cb26f8974d74355') in 0.031836 seconds 
========================================================================
Received Import Request.
  Time since last request: 0.000030 seconds.
  path: Assets/PolygonCity/Prefabs/Buildings/SM_Bld_OfficeOld_Large_01.prefab
  artifactKey: Guid(82f734b8de4c88b4fbdc5232659df70f) Importer(815301076,1909f56bfc062723c751e8b465ee728b)
Start importing Assets/PolygonCity/Prefabs/Buildings/SM_Bld_OfficeOld_Large_01.prefab using Guid(82f734b8de4c88b4fbdc5232659df70f) Importer(815301076,1909f56bfc062723c751e8b465ee728b)  -> (artifact id: '2fba8c723b0b5309dc80b2fbca700c32') in 0.033318 seconds 
========================================================================
Received Import Request.
  Time since last request: 0.000019 seconds.
  path: Assets/PolygonCity/Prefabs/Buildings/SM_Bld_OfficeOctagon_Roof_01.prefab
  artifactKey: Guid(177d8df2567c2ee43897cd6b253d28d6) Importer(815301076,1909f56bfc062723c751e8b465ee728b)
Start importing Assets/PolygonCity/Prefabs/Buildings/SM_Bld_OfficeOctagon_Roof_01.prefab using Guid(177d8df2567c2ee43897cd6b253d28d6) Importer(815301076,1909f56bfc062723c751e8b465ee728b)  -> (artifact id: '737f659f767af4456e2e174f0e5ade36') in 0.059563 seconds 
========================================================================
Received Import Request.
  Time since last request: 0.000029 seconds.
  path: Assets/PolygonCity/Prefabs/Buildings/SM_Bld_OfficeRound_02.prefab
  artifactKey: Guid(0c4d65d4a970ec94e9c8b857586f6e71) Importer(815301076,1909f56bfc062723c751e8b465ee728b)
Start importing Assets/PolygonCity/Prefabs/Buildings/SM_Bld_OfficeRound_02.prefab using Guid(0c4d65d4a970ec94e9c8b857586f6e71) Importer(815301076,1909f56bfc062723c751e8b465ee728b)  -> (artifact id: '09a95cb9a736377a983c3d7ca88a3b04') in 0.033968 seconds 
========================================================================
Received Import Request.
  Time since last request: 0.000023 seconds.
  path: Assets/PolygonCity/Prefabs/Buildings/SM_Bld_OfficeOctagon_Floor_01.prefab
  artifactKey: Guid(5a2b75022dd651041bbc17957152287a) Importer(815301076,1909f56bfc062723c751e8b465ee728b)
Start importing Assets/PolygonCity/Prefabs/Buildings/SM_Bld_OfficeOctagon_Floor_01.prefab using Guid(5a2b75022dd651041bbc17957152287a) Importer(815301076,1909f56bfc062723c751e8b465ee728b)  -> (artifact id: '078c806fc12aef6cb717fa10f4cce718') in 0.033800 seconds 
========================================================================
Received Import Request.
  Time since last request: 0.000019 seconds.
  path: Assets/PolygonCity/Prefabs/Buildings/SM_Bld_OfficeRound_03.prefab
  artifactKey: Guid(5d7e66e33ddbaf64cb3580e489134147) Importer(815301076,1909f56bfc062723c751e8b465ee728b)
Start importing Assets/PolygonCity/Prefabs/Buildings/SM_Bld_OfficeRound_03.prefab using Guid(5d7e66e33ddbaf64cb3580e489134147) Importer(815301076,1909f56bfc062723c751e8b465ee728b)  -> (artifact id: 'd1d1c6ae288a31e0153ea7387aa98483') in 0.029640 seconds 
========================================================================
Received Import Request.
  Time since last request: 0.000044 seconds.
  path: Assets/PolygonCity/Prefabs/Buildings/SM_Bld_Cover_02.prefab
  artifactKey: Guid(dae920b906a2e674c910a0f58756c14e) Importer(815301076,1909f56bfc062723c751e8b465ee728b)
Start importing Assets/PolygonCity/Prefabs/Buildings/SM_Bld_Cover_02.prefab using Guid(dae920b906a2e674c910a0f58756c14e) Importer(815301076,1909f56bfc062723c751e8b465ee728b)  -> (artifact id: '8417527be55e02561309f7b5a06da9e8') in 0.030238 seconds 
========================================================================
Received Import Request.
  Time since last request: 0.000026 seconds.
  path: Assets/PolygonCity/Prefabs/Buildings/SM_Bld_Apartment_Stairs_03.prefab
  artifactKey: Guid(e554fc2e32c92274e92a501e72f5db1f) Importer(815301076,1909f56bfc062723c751e8b465ee728b)
Start importing Assets/PolygonCity/Prefabs/Buildings/SM_Bld_Apartment_Stairs_03.prefab using Guid(e554fc2e32c92274e92a501e72f5db1f) Importer(815301076,1909f56bfc062723c751e8b465ee728b)  -> (artifact id: '91eba464d442f2ca521fe690ff597eaa') in 0.033025 seconds 
========================================================================
Received Import Request.
  Time since last request: 0.000021 seconds.
  path: Assets/PolygonCity/Prefabs/Buildings/SM_Bld_Apartment_Roof_Corner_01.prefab
  artifactKey: Guid(4617dc66e78dfbc42bd97ab7b9d077cb) Importer(815301076,1909f56bfc062723c751e8b465ee728b)
Start importing Assets/PolygonCity/Prefabs/Buildings/SM_Bld_Apartment_Roof_Corner_01.prefab using Guid(4617dc66e78dfbc42bd97ab7b9d077cb) Importer(815301076,1909f56bfc062723c751e8b465ee728b)  -> (artifact id: '140faf393e5cba4b73e12944d14127f7') in 0.023539 seconds 
========================================================================
Received Import Request.
  Time since last request: 0.000020 seconds.
  path: Assets/PolygonCity/Prefabs/Buildings/SM_Bld_Cover_01.prefab
  artifactKey: Guid(e83fcfbcf26241c449483ad6639aed68) Importer(815301076,1909f56bfc062723c751e8b465ee728b)
Start importing Assets/PolygonCity/Prefabs/Buildings/SM_Bld_Cover_01.prefab using Guid(e83fcfbcf26241c449483ad6639aed68) Importer(815301076,1909f56bfc062723c751e8b465ee728b)  -> (artifact id: '425bb75637919a80e37d17998306b4e8') in 0.031153 seconds 
========================================================================
Received Import Request.
  Time since last request: 0.000024 seconds.
  path: Assets/PolygonCity/Prefabs/Buildings/SM_Bld_OfficeOld_Large_Base_01.prefab
  artifactKey: Guid(1e50d3afa90bae147b9b80844d27728c) Importer(815301076,1909f56bfc062723c751e8b465ee728b)
Start importing Assets/PolygonCity/Prefabs/Buildings/SM_Bld_OfficeOld_Large_Base_01.prefab using Guid(1e50d3afa90bae147b9b80844d27728c) Importer(815301076,1909f56bfc062723c751e8b465ee728b)  -> (artifact id: '68e83c34669f03ca56963c37f1e57c35') in 0.028041 seconds 
========================================================================
Received Import Request.
  Time since last request: 0.000036 seconds.
  path: Assets/PolygonCity/Prefabs/Buildings/SM_Bld_OfficeOld_Small_Roof_01.prefab
  artifactKey: Guid(d247508df54d35440b771820202bc30d) Importer(815301076,1909f56bfc062723c751e8b465ee728b)
Start importing Assets/PolygonCity/Prefabs/Buildings/SM_Bld_OfficeOld_Small_Roof_01.prefab using Guid(d247508df54d35440b771820202bc30d) Importer(815301076,1909f56bfc062723c751e8b465ee728b)  -> (artifact id: '8e4069f5e01d61ee39745c74abfee906') in 0.031474 seconds 
========================================================================
Received Import Request.
  Time since last request: 0.000079 seconds.
  path: Assets/PolygonCity/Prefabs/Buildings/SM_Bld_OfficeOld_Small_Floor_01.prefab
  artifactKey: Guid(4290c366a38253b4f87a53b8a3654483) Importer(815301076,1909f56bfc062723c751e8b465ee728b)
Start importing Assets/PolygonCity/Prefabs/Buildings/SM_Bld_OfficeOld_Small_Floor_01.prefab using Guid(4290c366a38253b4f87a53b8a3654483) Importer(815301076,1909f56bfc062723c751e8b465ee728b)  -> (artifact id: 'e27c96219b12841af73cfb2dade3256a') in 0.033375 seconds 
========================================================================
Received Import Request.
  Time since last request: 0.000070 seconds.
  path: Assets/PolygonCity/Prefabs/Buildings/SM_Bld_Apartment_Roof_Corner_03.prefab
  artifactKey: Guid(0c535ed1fa2fdad4593c4e6c8997762c) Importer(815301076,1909f56bfc062723c751e8b465ee728b)
Start importing Assets/PolygonCity/Prefabs/Buildings/SM_Bld_Apartment_Roof_Corner_03.prefab using Guid(0c535ed1fa2fdad4593c4e6c8997762c) Importer(815301076,1909f56bfc062723c751e8b465ee728b)  -> (artifact id: '3ce443e5f61310cbde2907fe5c1910ae') in 0.023700 seconds 
========================================================================
Received Import Request.
  Time since last request: 0.000020 seconds.
  path: Assets/PolygonCity/Prefabs/Buildings/SM_Bld_OfficeOld_Small_02.prefab
  artifactKey: Guid(4486deaa4d569bc4bb8e381c100ed2b0) Importer(815301076,1909f56bfc062723c751e8b465ee728b)
Start importing Assets/PolygonCity/Prefabs/Buildings/SM_Bld_OfficeOld_Small_02.prefab using Guid(4486deaa4d569bc4bb8e381c100ed2b0) Importer(815301076,1909f56bfc062723c751e8b465ee728b)  -> (artifact id: '3adf2d38ac4dcf502c158b847b70e686') in 0.033966 seconds 
========================================================================
Received Import Request.
  Time since last request: 0.000030 seconds.
  path: Assets/PolygonCity/Prefabs/Buildings/SM_Bld_OfficeOld_Large_02.prefab
  artifactKey: Guid(62cc7a41de7e4c847869440070e2f6df) Importer(815301076,1909f56bfc062723c751e8b465ee728b)
Start importing Assets/PolygonCity/Prefabs/Buildings/SM_Bld_OfficeOld_Large_02.prefab using Guid(62cc7a41de7e4c847869440070e2f6df) Importer(815301076,1909f56bfc062723c751e8b465ee728b)  -> (artifact id: 'f33b3d0d32319f9c4f7fe5668ad102f0') in 0.031871 seconds 
========================================================================
Received Import Request.
  Time since last request: 0.000022 seconds.
  path: Assets/PolygonCity/Prefabs/Buildings/SM_Bld_OfficeOctagon_01.prefab
  artifactKey: Guid(0ee83c502303ccb449f61a2877cc57c8) Importer(815301076,1909f56bfc062723c751e8b465ee728b)
Start importing Assets/PolygonCity/Prefabs/Buildings/SM_Bld_OfficeOctagon_01.prefab using Guid(0ee83c502303ccb449f61a2877cc57c8) Importer(815301076,1909f56bfc062723c751e8b465ee728b)  -> (artifact id: '586600996442fd70bd74149f74271421') in 0.035377 seconds 
========================================================================
Received Import Request.
  Time since last request: 0.397294 seconds.
  path: Assets/PolygonCity/Prefabs/Buildings/SM_Bld_OfficeRound_Base_01.prefab
  artifactKey: Guid(d8907e78c2c985144ab39a324c8597ea) Importer(815301076,1909f56bfc062723c751e8b465ee728b)
Start importing Assets/PolygonCity/Prefabs/Buildings/SM_Bld_OfficeRound_Base_01.prefab using Guid(d8907e78c2c985144ab39a324c8597ea) Importer(815301076,1909f56bfc062723c751e8b465ee728b)  -> (artifact id: 'f54125b3c8966f9306ddc38646abb464') in 0.036829 seconds 
========================================================================
Received Import Request.
  Time since last request: 0.000021 seconds.
  path: Assets/PolygonCity/Prefabs/Buildings/SM_Bld_OfficeSquare_02.prefab
  artifactKey: Guid(5bad3bfa14ca03549852bc34961b1515) Importer(815301076,1909f56bfc062723c751e8b465ee728b)
Start importing Assets/PolygonCity/Prefabs/Buildings/SM_Bld_OfficeSquare_02.prefab using Guid(5bad3bfa14ca03549852bc34961b1515) Importer(815301076,1909f56bfc062723c751e8b465ee728b)  -> (artifact id: '334fe36466e1ef7dce4771629a6fa54a') in 0.025828 seconds 
========================================================================
Received Import Request.
  Time since last request: 0.000039 seconds.
  path: Assets/PolygonCity/Prefabs/Buildings/SM_Bld_OfficeSquare_Base_01.prefab
  artifactKey: Guid(e2b1e7ce58c743c4d8d59a66eec6422b) Importer(815301076,1909f56bfc062723c751e8b465ee728b)
Start importing Assets/PolygonCity/Prefabs/Buildings/SM_Bld_OfficeSquare_Base_01.prefab using Guid(e2b1e7ce58c743c4d8d59a66eec6422b) Importer(815301076,1909f56bfc062723c751e8b465ee728b)  -> (artifact id: '03e496d986f1b3dfa304dd27c256330b') in 0.026821 seconds 
========================================================================
Received Import Request.
  Time since last request: 0.000038 seconds.
  path: Assets/PolygonCity/Prefabs/Buildings/SM_Bld_Shop_05.prefab
  artifactKey: Guid(77dd7072ed0a2784d87c474eb9a288b7) Importer(815301076,1909f56bfc062723c751e8b465ee728b)
Start importing Assets/PolygonCity/Prefabs/Buildings/SM_Bld_Shop_05.prefab using Guid(77dd7072ed0a2784d87c474eb9a288b7) Importer(815301076,1909f56bfc062723c751e8b465ee728b)  -> (artifact id: 'a4c2ff26722a631bcae809cb6edabd5b') in 0.029500 seconds 
========================================================================
Received Import Request.
  Time since last request: 0.000018 seconds.
  path: Assets/PolygonCity/Prefabs/Buildings/SM_Bld_Shop_Cover_05.prefab
  artifactKey: Guid(2605f88d3a092824691ed33e21a760ab) Importer(815301076,1909f56bfc062723c751e8b465ee728b)
Start importing Assets/PolygonCity/Prefabs/Buildings/SM_Bld_Shop_Cover_05.prefab using Guid(2605f88d3a092824691ed33e21a760ab) Importer(815301076,1909f56bfc062723c751e8b465ee728b)  -> (artifact id: '2fc63d9cd86326f826ec168f39ffc037') in 0.032092 seconds 
========================================================================
Received Import Request.
  Time since last request: 0.000019 seconds.
  path: Assets/PolygonCity/Prefabs/Buildings/SM_Bld_Shop_06.prefab
  artifactKey: Guid(1e70e6b05165f864f8c42dab5a2544f9) Importer(815301076,1909f56bfc062723c751e8b465ee728b)
Start importing Assets/PolygonCity/Prefabs/Buildings/SM_Bld_Shop_06.prefab using Guid(1e70e6b05165f864f8c42dab5a2544f9) Importer(815301076,1909f56bfc062723c751e8b465ee728b)  -> (artifact id: 'ea0279d366471023842cdec0a3f5c82c') in 0.028748 seconds 
========================================================================
Received Import Request.
  Time since last request: 0.000017 seconds.
  path: Assets/PolygonCity/Prefabs/Buildings/SM_Bld_Shop_Cover_03.prefab
  artifactKey: Guid(ea35cb37dd8ed464a813dd7e683a94b6) Importer(815301076,1909f56bfc062723c751e8b465ee728b)
Start importing Assets/PolygonCity/Prefabs/Buildings/SM_Bld_Shop_Cover_03.prefab using Guid(ea35cb37dd8ed464a813dd7e683a94b6) Importer(815301076,1909f56bfc062723c751e8b465ee728b)  -> (artifact id: 'e9cb357c9ffc8704a3c29ed978eb647f') in 0.029920 seconds 
========================================================================
Received Import Request.
  Time since last request: 0.000024 seconds.
  path: Assets/PolygonCity/Prefabs/Buildings/SM_Bld_Station_02.prefab
  artifactKey: Guid(1a6cea8227331c841ba3a0f95dfbe662) Importer(815301076,1909f56bfc062723c751e8b465ee728b)
Start importing Assets/PolygonCity/Prefabs/Buildings/SM_Bld_Station_02.prefab using Guid(1a6cea8227331c841ba3a0f95dfbe662) Importer(815301076,1909f56bfc062723c751e8b465ee728b)  -> (artifact id: '5ce7674fefc25451e393ebe3dc41b2e5') in 0.024833 seconds 
========================================================================
Received Import Request.
  Time since last request: 0.000035 seconds.
  path: Assets/PolygonCity/Prefabs/Buildings/SM_Bld_Roof_Access_01.prefab
  artifactKey: Guid(e97c4383dd13fb54fb98ecc4e4be2ec3) Importer(815301076,1909f56bfc062723c751e8b465ee728b)
Start importing Assets/PolygonCity/Prefabs/Buildings/SM_Bld_Roof_Access_01.prefab using Guid(e97c4383dd13fb54fb98ecc4e4be2ec3) Importer(815301076,1909f56bfc062723c751e8b465ee728b)  -> (artifact id: 'befeb02b38dfdc30b423d9071cd1766f') in 0.031792 seconds 
========================================================================
Received Import Request.
  Time since last request: 0.000021 seconds.
  path: Assets/PolygonCity/Prefabs/Buildings/SM_Prop_Water_Tower_01.prefab
  artifactKey: Guid(b1c9a178d3040a14aac77ac6bcbcc9bd) Importer(815301076,1909f56bfc062723c751e8b465ee728b)
Start importing Assets/PolygonCity/Prefabs/Buildings/SM_Prop_Water_Tower_01.prefab using Guid(b1c9a178d3040a14aac77ac6bcbcc9bd) Importer(815301076,1909f56bfc062723c751e8b465ee728b)  -> (artifact id: '73b67f1a7eaadd67c0d67685c1a5e511') in 0.029522 seconds 
========================================================================
Received Import Request.
  Time since last request: 0.000042 seconds.
  path: Assets/PolygonCity/Prefabs/Buildings/SM_Bld_Spire_01.prefab
  artifactKey: Guid(9ffce38584b432f48ab23b0733ce9853) Importer(815301076,1909f56bfc062723c751e8b465ee728b)
Start importing Assets/PolygonCity/Prefabs/Buildings/SM_Bld_Spire_01.prefab using Guid(9ffce38584b432f48ab23b0733ce9853) Importer(815301076,1909f56bfc062723c751e8b465ee728b)  -> (artifact id: '2bc30c47b44c0c9583b27a8f6823f811') in 0.028336 seconds 
========================================================================
Received Import Request.
  Time since last request: 0.000022 seconds.
  path: Assets/PolygonCity/Prefabs/Buildings/SM_Bld_OfficeSquare_03.prefab
  artifactKey: Guid(83d0ec3c099b45e44b769c5f2a30890b) Importer(815301076,1909f56bfc062723c751e8b465ee728b)
Start importing Assets/PolygonCity/Prefabs/Buildings/SM_Bld_OfficeSquare_03.prefab using Guid(83d0ec3c099b45e44b769c5f2a30890b) Importer(815301076,1909f56bfc062723c751e8b465ee728b)  -> (artifact id: 'c4ab2a0d6c445954df72f54a2dc2a939') in 0.023130 seconds 
========================================================================
Received Import Request.
  Time since last request: 0.000024 seconds.
  path: Assets/PolygonCity/Prefabs/Buildings/SM_Bld_Shop_Corner_01.prefab
  artifactKey: Guid(ea45161d31d19c540af5f5091648f652) Importer(815301076,1909f56bfc062723c751e8b465ee728b)
Start importing Assets/PolygonCity/Prefabs/Buildings/SM_Bld_Shop_Corner_01.prefab using Guid(ea45161d31d19c540af5f5091648f652) Importer(815301076,1909f56bfc062723c751e8b465ee728b)  -> (artifact id: '5c28590cc8d0c2fc4adbd570a6099e97') in 0.031324 seconds 
========================================================================
Received Import Request.
  Time since last request: 0.000022 seconds.
  path: Assets/PolygonCity/Prefabs/Buildings/SM_Bld_Shop_04.prefab
  artifactKey: Guid(6e1b6bb6069c8c446bf14668e5eda0b4) Importer(815301076,1909f56bfc062723c751e8b465ee728b)
Start importing Assets/PolygonCity/Prefabs/Buildings/SM_Bld_Shop_04.prefab using Guid(6e1b6bb6069c8c446bf14668e5eda0b4) Importer(815301076,1909f56bfc062723c751e8b465ee728b)  -> (artifact id: '698e26d0199028f5cc777d9508c7080d') in 0.029549 seconds 
========================================================================
Received Import Request.
  Time since last request: 252.502110 seconds.
  path: Assets/Military Checkpoint sign.fbx
  artifactKey: Guid(2c0ad1dcf6862db4d8088a6cee98baa8) Importer(815301076,1909f56bfc062723c751e8b465ee728b)
Start importing Assets/Military Checkpoint sign.fbx using Guid(2c0ad1dcf6862db4d8088a6cee98baa8) Importer(815301076,1909f56bfc062723c751e8b465ee728b)  -> (artifact id: '8f2432bd248b01adae5157f4d44d3430') in 0.054562 seconds 
========================================================================
Received Import Request.
  Time since last request: 52.831494 seconds.
  path: Assets/PolygonCity/Textures/Grass patch.mat
  artifactKey: Guid(bd659cfd8d213674ba7aef06aa0b7bae) Importer(815301076,1909f56bfc062723c751e8b465ee728b)
Start importing Assets/PolygonCity/Textures/Grass patch.mat using Guid(bd659cfd8d213674ba7aef06aa0b7bae) Importer(815301076,1909f56bfc062723c751e8b465ee728b)  -> (artifact id: 'd26e43811bb98c07a60b6a5b70d0d1b9') in 0.026091 seconds 
========================================================================
Received Import Request.
  Time since last request: 38.164096 seconds.
  path: Assets/SpawnRoom/Future/MoveableDoor
  artifactKey: Guid(7174430c63a14524481219d779cdecaa) Importer(815301076,1909f56bfc062723c751e8b465ee728b)
Start importing Assets/SpawnRoom/Future/MoveableDoor using Guid(7174430c63a14524481219d779cdecaa) Importer(815301076,1909f56bfc062723c751e8b465ee728b)  -> (artifact id: '4db249876b5901ddb7e0eac67376d018') in 0.008013 seconds 
========================================================================
Received Import Request.
  Time since last request: 0.081378 seconds.
  path: Assets/SpawnRoom/Future/MoveableDoor/FutureSpawnDoor.fbx
  artifactKey: Guid(480d1b4112ec6b343babd3dc9751aba7) Importer(815301076,1909f56bfc062723c751e8b465ee728b)
Start importing Assets/SpawnRoom/Future/MoveableDoor/FutureSpawnDoor.fbx using Guid(480d1b4112ec6b343babd3dc9751aba7) Importer(815301076,1909f56bfc062723c751e8b465ee728b)  -> (artifact id: '1f138398ecac91f871b97cef73edd462') in 0.071293 seconds 
========================================================================
Received Import Request.
  Time since last request: 0.000023 seconds.
  path: Assets/SpawnRoom/Future/MoveableDoor/FutureSpawnRoomDoorMaterial.mat
  artifactKey: Guid(72872b08c8ae9884ba292d6d2c810a29) Importer(815301076,1909f56bfc062723c751e8b465ee728b)
Start importing Assets/SpawnRoom/Future/MoveableDoor/FutureSpawnRoomDoorMaterial.mat using Guid(72872b08c8ae9884ba292d6d2c810a29) Importer(815301076,1909f56bfc062723c751e8b465ee728b)  -> (artifact id: 'ea1505ac965040d71cff842f5c021b69') in 0.068283 seconds 
========================================================================
Received Import Request.
  Time since last request: 0.000039 seconds.
  path: Assets/SpawnRoom/Future/MoveableDoor/FutureSpawnDoor_DefaultMaterial_Height.png
  artifactKey: Guid(d7435a1fd82300941846b8d3e11c7d12) Importer(815301076,1909f56bfc062723c751e8b465ee728b)
Start importing Assets/SpawnRoom/Future/MoveableDoor/FutureSpawnDoor_DefaultMaterial_Height.png using Guid(d7435a1fd82300941846b8d3e11c7d12) Importer(815301076,1909f56bfc062723c751e8b465ee728b)  -> (artifact id: '9c9b78ee2b15ee960d33c7a2cf22a160') in 0.026225 seconds 
========================================================================
Received Import Request.
  Time since last request: 0.000026 seconds.
  path: Assets/SpawnRoom/Future/MoveableDoor/FutureSpawnDoor_DefaultMaterial_Metallic.png
  artifactKey: Guid(43dfd9da060f61746a8d9d8284a69784) Importer(815301076,1909f56bfc062723c751e8b465ee728b)
Start importing Assets/SpawnRoom/Future/MoveableDoor/FutureSpawnDoor_DefaultMaterial_Metallic.png using Guid(43dfd9da060f61746a8d9d8284a69784) Importer(815301076,1909f56bfc062723c751e8b465ee728b)  -> (artifact id: '5e35310d1d60fae6aecbb2606e5c32b4') in 0.012838 seconds 
========================================================================
Received Import Request.
  Time since last request: 339.741079 seconds.
  path: Assets/PolygonSciFiCity/Prefabs/Buildings/SM_Bld_Advanced_02.prefab
  artifactKey: Guid(6c47e359451615e409f3d203232f5ee5) Importer(815301076,1909f56bfc062723c751e8b465ee728b)
Start importing Assets/PolygonSciFiCity/Prefabs/Buildings/SM_Bld_Advanced_02.prefab using Guid(6c47e359451615e409f3d203232f5ee5) Importer(815301076,1909f56bfc062723c751e8b465ee728b)  -> (artifact id: '9d2b9fdea01b16d859d4b627cca63abf') in 0.055303 seconds 
========================================================================
Received Import Request.
  Time since last request: 0.000027 seconds.
  path: Assets/PolygonSciFiCity/Prefabs/Buildings/SM_Bld_Advanced_Doorway_01.prefab
  artifactKey: Guid(f001aad6219fda044ae60555f9109544) Importer(815301076,1909f56bfc062723c751e8b465ee728b)
Start importing Assets/PolygonSciFiCity/Prefabs/Buildings/SM_Bld_Advanced_Doorway_01.prefab using Guid(f001aad6219fda044ae60555f9109544) Importer(815301076,1909f56bfc062723c751e8b465ee728b)  -> (artifact id: 'b2fd413915cb16d6b396ee2188c3a237') in 0.053986 seconds 
========================================================================
Received Import Request.
  Time since last request: 0.000021 seconds.
  path: Assets/PolygonSciFiCity/Prefabs/Buildings/SM_Bld_Industrial_01.prefab
  artifactKey: Guid(ec40f18bb650f6640a5de7a5ed9e7f7c) Importer(815301076,1909f56bfc062723c751e8b465ee728b)
Start importing Assets/PolygonSciFiCity/Prefabs/Buildings/SM_Bld_Industrial_01.prefab using Guid(ec40f18bb650f6640a5de7a5ed9e7f7c) Importer(815301076,1909f56bfc062723c751e8b465ee728b)  -> (artifact id: 'b8feabffe3943cfc776c94233587ca5c') in 0.047287 seconds 
========================================================================
Received Import Request.
  Time since last request: 0.000019 seconds.
  path: Assets/PolygonSciFiCity/Prefabs/Buildings/SM_Bld_Large_Part_03.prefab
  artifactKey: Guid(9bb1305f3dbe91e458d1319699143c30) Importer(815301076,1909f56bfc062723c751e8b465ee728b)
Start importing Assets/PolygonSciFiCity/Prefabs/Buildings/SM_Bld_Large_Part_03.prefab using Guid(9bb1305f3dbe91e458d1319699143c30) Importer(815301076,1909f56bfc062723c751e8b465ee728b)  -> (artifact id: '0c0db02e6e2bd0fd6ee33042daa09c25') in 0.064856 seconds 
========================================================================
Received Import Request.
  Time since last request: 0.000029 seconds.
  path: Assets/PolygonSciFiCity/Prefabs/Buildings/SM_Bld_Large_03.prefab
  artifactKey: Guid(ff256aac7fa51c54db71970879315bcc) Importer(815301076,1909f56bfc062723c751e8b465ee728b)
Start importing Assets/PolygonSciFiCity/Prefabs/Buildings/SM_Bld_Large_03.prefab using Guid(ff256aac7fa51c54db71970879315bcc) Importer(815301076,1909f56bfc062723c751e8b465ee728b)  -> (artifact id: '031b186ecd1d39213beddec4e86aec1e') in 0.068909 seconds 
========================================================================
Received Import Request.
  Time since last request: 0.000026 seconds.
  path: Assets/PolygonSciFiCity/Prefabs/Buildings/SM_Bld_Large_Part_01.prefab
  artifactKey: Guid(5f257b0a01530674191819b4bf513840) Importer(815301076,1909f56bfc062723c751e8b465ee728b)
Start importing Assets/PolygonSciFiCity/Prefabs/Buildings/SM_Bld_Large_Part_01.prefab using Guid(5f257b0a01530674191819b4bf513840) Importer(815301076,1909f56bfc062723c751e8b465ee728b)  -> (artifact id: '177f13ce758baed2a72b61f2822d42e0') in 0.065291 seconds 
========================================================================
Received Import Request.
  Time since last request: 0.000068 seconds.
  path: Assets/PolygonSciFiCity/Prefabs/Buildings/SM_Bld_LandingPad_01.prefab
  artifactKey: Guid(e9a4f67b7f329ca4abf5de824f66db82) Importer(815301076,1909f56bfc062723c751e8b465ee728b)
Start importing Assets/PolygonSciFiCity/Prefabs/Buildings/SM_Bld_LandingPad_01.prefab using Guid(e9a4f67b7f329ca4abf5de824f66db82) Importer(815301076,1909f56bfc062723c751e8b465ee728b)  -> (artifact id: '3005bbbb7bb3b5f9872bbdaa2b11cc41') in 0.048154 seconds 
========================================================================
Received Import Request.
  Time since last request: 0.000020 seconds.
  path: Assets/PolygonSciFiCity/Prefabs/Buildings/SM_Bld_Large_02.prefab
  artifactKey: Guid(6053e238c2ee3e4499318f9353b3587f) Importer(815301076,1909f56bfc062723c751e8b465ee728b)
Start importing Assets/PolygonSciFiCity/Prefabs/Buildings/SM_Bld_Large_02.prefab using Guid(6053e238c2ee3e4499318f9353b3587f) Importer(815301076,1909f56bfc062723c751e8b465ee728b)  -> (artifact id: '5de1d9638947341f856ce87c38818854') in 0.047973 seconds 
========================================================================
Received Import Request.
  Time since last request: 0.000029 seconds.
  path: Assets/PolygonSciFiCity/Prefabs/Buildings/SM_Bld_City_Wall_Tower_01.prefab
  artifactKey: Guid(04c79e9d6b44d414c9decaeab2c70bd7) Importer(815301076,1909f56bfc062723c751e8b465ee728b)
Start importing Assets/PolygonSciFiCity/Prefabs/Buildings/SM_Bld_City_Wall_Tower_01.prefab using Guid(04c79e9d6b44d414c9decaeab2c70bd7) Importer(815301076,1909f56bfc062723c751e8b465ee728b)  -> (artifact id: '6768c25ad17a2e23ebc747ba9d39bbe4') in 0.041763 seconds 
========================================================================
Received Import Request.
  Time since last request: 0.000038 seconds.
  path: Assets/PolygonSciFiCity/Prefabs/Buildings/SM_Bld_Large_Part_06.prefab
  artifactKey: Guid(99e8bea94a6b2ff42b52f59dfea5bce6) Importer(815301076,1909f56bfc062723c751e8b465ee728b)
Start importing Assets/PolygonSciFiCity/Prefabs/Buildings/SM_Bld_Large_Part_06.prefab using Guid(99e8bea94a6b2ff42b52f59dfea5bce6) Importer(815301076,1909f56bfc062723c751e8b465ee728b)  -> (artifact id: 'c895c27c240b6e2cedb17b4242b18ead') in 0.054788 seconds 
========================================================================
Received Import Request.
  Time since last request: 0.000025 seconds.
  path: Assets/PolygonSciFiCity/Prefabs/Buildings/SM_Bld_Power_03.prefab
  artifactKey: Guid(0fafb1450aa63ce469d1b0dde39971c1) Importer(815301076,1909f56bfc062723c751e8b465ee728b)
Start importing Assets/PolygonSciFiCity/Prefabs/Buildings/SM_Bld_Power_03.prefab using Guid(0fafb1450aa63ce469d1b0dde39971c1) Importer(815301076,1909f56bfc062723c751e8b465ee728b)  -> (artifact id: '2a629bb142b4e9cb77b78ac50714dd58') in 0.044951 seconds 
========================================================================
Received Import Request.
  Time since last request: 0.000027 seconds.
  path: Assets/PolygonSciFiCity/Prefabs/Buildings/SM_Bld_Roof_Pagoda_02.prefab
  artifactKey: Guid(46221641799ce0a4a967e4ca016ff088) Importer(815301076,1909f56bfc062723c751e8b465ee728b)
Start importing Assets/PolygonSciFiCity/Prefabs/Buildings/SM_Bld_Roof_Pagoda_02.prefab using Guid(46221641799ce0a4a967e4ca016ff088) Importer(815301076,1909f56bfc062723c751e8b465ee728b)  -> (artifact id: 'c224b16b5c8223a56a3b18e10a522293') in 0.049992 seconds 
========================================================================
Received Import Request.
  Time since last request: 0.000029 seconds.
  path: Assets/PolygonSciFiCity/Prefabs/Buildings/SM_Bld_Section_Corner_01.prefab
  artifactKey: Guid(c7042f447aa89b54ea46409ec08692f8) Importer(815301076,1909f56bfc062723c751e8b465ee728b)
Start importing Assets/PolygonSciFiCity/Prefabs/Buildings/SM_Bld_Section_Corner_01.prefab using Guid(c7042f447aa89b54ea46409ec08692f8) Importer(815301076,1909f56bfc062723c751e8b465ee728b)  -> (artifact id: '4150e12394806470e09a00cb6a40524f') in 0.048554 seconds 
========================================================================
Received Import Request.
  Time since last request: 0.000046 seconds.
  path: Assets/PolygonSciFiCity/Prefabs/Buildings/SM_Bld_Section_Door_02.prefab
  artifactKey: Guid(692039e2420b31443a1e49fe9a1ba389) Importer(815301076,1909f56bfc062723c751e8b465ee728b)
Start importing Assets/PolygonSciFiCity/Prefabs/Buildings/SM_Bld_Section_Door_02.prefab using Guid(692039e2420b31443a1e49fe9a1ba389) Importer(815301076,1909f56bfc062723c751e8b465ee728b)  -> (artifact id: 'dfa67bb8436f471bc4117da4f6f70466') in 0.045539 seconds 
========================================================================
Received Import Request.
  Time since last request: 0.000029 seconds.
  path: Assets/PolygonSciFiCity/Prefabs/Buildings/SM_Bld_Roof_Pagoda_01.prefab
  artifactKey: Guid(36c676f9fda4bd24db00380adc3e77f1) Importer(815301076,1909f56bfc062723c751e8b465ee728b)
Start importing Assets/PolygonSciFiCity/Prefabs/Buildings/SM_Bld_Roof_Pagoda_01.prefab using Guid(36c676f9fda4bd24db00380adc3e77f1) Importer(815301076,1909f56bfc062723c751e8b465ee728b)  -> (artifact id: '249e3ce5c04fa6b0703574f75993ff83') in 0.051291 seconds 
========================================================================
Received Import Request.
  Time since last request: 0.000212 seconds.
  path: Assets/PolygonSciFiCity/Prefabs/Buildings/SM_Bld_Power_02.prefab
  artifactKey: Guid(a279d9ca726ccb34a923266d9c5f9987) Importer(815301076,1909f56bfc062723c751e8b465ee728b)
Start importing Assets/PolygonSciFiCity/Prefabs/Buildings/SM_Bld_Power_02.prefab using Guid(a279d9ca726ccb34a923266d9c5f9987) Importer(815301076,1909f56bfc062723c751e8b465ee728b)  -> (artifact id: 'f37ba000a66f0d7195802155fc761c32') in 0.046517 seconds 
========================================================================
Received Import Request.
  Time since last request: 0.000025 seconds.
  path: Assets/PolygonSciFiCity/Prefabs/Buildings/SM_Bld_Section_Wall_05.prefab
  artifactKey: Guid(14be2c847c5873f40af6081f07f0bc27) Importer(815301076,1909f56bfc062723c751e8b465ee728b)
Start importing Assets/PolygonSciFiCity/Prefabs/Buildings/SM_Bld_Section_Wall_05.prefab using Guid(14be2c847c5873f40af6081f07f0bc27) Importer(815301076,1909f56bfc062723c751e8b465ee728b)  -> (artifact id: '48cb78acb2e9226c98ce483613860465') in 0.048219 seconds 
========================================================================
Received Import Request.
  Time since last request: 0.000022 seconds.
  path: Assets/PolygonSciFiCity/Prefabs/Buildings/SM_Bld_Underpass_01.prefab
  artifactKey: Guid(e9ead1f1db218c548abd3b619ab3aabb) Importer(815301076,1909f56bfc062723c751e8b465ee728b)
Start importing Assets/PolygonSciFiCity/Prefabs/Buildings/SM_Bld_Underpass_01.prefab using Guid(e9ead1f1db218c548abd3b619ab3aabb) Importer(815301076,1909f56bfc062723c751e8b465ee728b)  -> (artifact id: 'dad9230a35f066752f365404a778cac4') in 0.051178 seconds 
========================================================================
Received Import Request.
  Time since last request: 0.000032 seconds.
  path: Assets/PolygonSciFiCity/Prefabs/Buildings/SM_Building_Shack_01.prefab
  artifactKey: Guid(1c0266737a5eeb24cad25970b29bc2b9) Importer(815301076,1909f56bfc062723c751e8b465ee728b)
Start importing Assets/PolygonSciFiCity/Prefabs/Buildings/SM_Building_Shack_01.prefab using Guid(1c0266737a5eeb24cad25970b29bc2b9) Importer(815301076,1909f56bfc062723c751e8b465ee728b)  -> (artifact id: '52e96bf737123061b9e69a419e12ada0') in 0.050297 seconds 
========================================================================
Received Import Request.
  Time since last request: 0.000039 seconds.
  path: Assets/PolygonSciFiCity/Prefabs/Buildings/SM_Bld_StripClub_01.prefab
  artifactKey: Guid(84c3b5bbf4f75624792d3b03f1c2b546) Importer(815301076,1909f56bfc062723c751e8b465ee728b)
Start importing Assets/PolygonSciFiCity/Prefabs/Buildings/SM_Bld_StripClub_01.prefab using Guid(84c3b5bbf4f75624792d3b03f1c2b546) Importer(815301076,1909f56bfc062723c751e8b465ee728b)  -> (artifact id: '477557f98ff34f8fba6f8067f5283fa8') in 0.044576 seconds 
========================================================================
Received Import Request.
  Time since last request: 0.000031 seconds.
  path: Assets/PolygonSciFiCity/Prefabs/Buildings/SM_Bld_Shop_Open_01.prefab
  artifactKey: Guid(62ea6cbaf99977f4db73d5ae7af14450) Importer(815301076,1909f56bfc062723c751e8b465ee728b)
Start importing Assets/PolygonSciFiCity/Prefabs/Buildings/SM_Bld_Shop_Open_01.prefab using Guid(62ea6cbaf99977f4db73d5ae7af14450) Importer(815301076,1909f56bfc062723c751e8b465ee728b)  -> (artifact id: 'ca2ff8969ed1228a27f37d5dd40e94f0') in 0.039976 seconds 
========================================================================
Received Import Request.
  Time since last request: 0.000031 seconds.
  path: Assets/PolygonSciFiCity/Prefabs/Buildings/SM_Bld_Section_Wall_03.prefab
  artifactKey: Guid(871333eb9a405234480ed7ef4a992177) Importer(815301076,1909f56bfc062723c751e8b465ee728b)
Start importing Assets/PolygonSciFiCity/Prefabs/Buildings/SM_Bld_Section_Wall_03.prefab using Guid(871333eb9a405234480ed7ef4a992177) Importer(815301076,1909f56bfc062723c751e8b465ee728b)  -> (artifact id: '5e62a6b88aee509d95b7b4e344f7f628') in 0.043171 seconds 
========================================================================
Received Import Request.
  Time since last request: 0.000059 seconds.
  path: Assets/PolygonSciFiCity/Prefabs/Buildings/SM_Bld_Section_Window_03.prefab
  artifactKey: Guid(afe5d108fdbdaea4fa35d9e3c923fafa) Importer(815301076,1909f56bfc062723c751e8b465ee728b)
Start importing Assets/PolygonSciFiCity/Prefabs/Buildings/SM_Bld_Section_Window_03.prefab using Guid(afe5d108fdbdaea4fa35d9e3c923fafa) Importer(815301076,1909f56bfc062723c751e8b465ee728b)  -> (artifact id: '22f28e3fb09e3b30b518f0976463b576') in 0.047522 seconds 
========================================================================
Received Import Request.
  Time since last request: 0.000035 seconds.
  path: Assets/PolygonSciFiCity/Prefabs/Buildings/SM_Bld_Section_Window_04.prefab
  artifactKey: Guid(f3ffd5a2a26fdf04e93bfde173e2b50d) Importer(815301076,1909f56bfc062723c751e8b465ee728b)
Start importing Assets/PolygonSciFiCity/Prefabs/Buildings/SM_Bld_Section_Window_04.prefab using Guid(f3ffd5a2a26fdf04e93bfde173e2b50d) Importer(815301076,1909f56bfc062723c751e8b465ee728b)  -> (artifact id: 'f952cc6ad1aa26bcf2a14812d1c01a2d') in 0.046720 seconds 
========================================================================
Received Import Request.
  Time since last request: 0.000038 seconds.
  path: Assets/PolygonSciFiCity/Prefabs/Buildings/SM_Bld_Large_Part_08.prefab
  artifactKey: Guid(7aaa490d804da864bb2ab5258370fdfe) Importer(815301076,1909f56bfc062723c751e8b465ee728b)
Start importing Assets/PolygonSciFiCity/Prefabs/Buildings/SM_Bld_Large_Part_08.prefab using Guid(7aaa490d804da864bb2ab5258370fdfe) Importer(815301076,1909f56bfc062723c751e8b465ee728b)  -> (artifact id: 'bb532bfe0e72b3c82899747eeb164751') in 0.049135 seconds 
========================================================================
Received Import Request.
  Time since last request: 0.000026 seconds.
  path: Assets/PolygonSciFiCity/Prefabs/Buildings/SM_Building_Shack_02.prefab
  artifactKey: Guid(fda403bfb7f9ddb4bb2f8dce1834ea75) Importer(815301076,1909f56bfc062723c751e8b465ee728b)
Start importing Assets/PolygonSciFiCity/Prefabs/Buildings/SM_Building_Shack_02.prefab using Guid(fda403bfb7f9ddb4bb2f8dce1834ea75) Importer(815301076,1909f56bfc062723c751e8b465ee728b)  -> (artifact id: '625dc1e3a13e4ce64566a2ea61341091') in 0.048598 seconds 
========================================================================
Received Import Request.
  Time since last request: 0.000021 seconds.
  path: Assets/PolygonSciFiCity/Prefabs/Buildings/SM_Bld_Raised_02.prefab
  artifactKey: Guid(0935701b68167c54a9e2ee7fe6f1d473) Importer(815301076,1909f56bfc062723c751e8b465ee728b)
Start importing Assets/PolygonSciFiCity/Prefabs/Buildings/SM_Bld_Raised_02.prefab using Guid(0935701b68167c54a9e2ee7fe6f1d473) Importer(815301076,1909f56bfc062723c751e8b465ee728b)  -> (artifact id: 'c2b7070425dbd3c2c75c6011218960ea') in 0.047414 seconds 
========================================================================
Received Import Request.
  Time since last request: 0.000032 seconds.
  path: Assets/PolygonSciFiCity/Prefabs/Buildings/SM_Bld_Section_Industrial_01.prefab
  artifactKey: Guid(2e01469249653a2469d8db1673fd4505) Importer(815301076,1909f56bfc062723c751e8b465ee728b)
Start importing Assets/PolygonSciFiCity/Prefabs/Buildings/SM_Bld_Section_Industrial_01.prefab using Guid(2e01469249653a2469d8db1673fd4505) Importer(815301076,1909f56bfc062723c751e8b465ee728b)  -> (artifact id: '7c11260c49e31de573ec16dd76847c45') in 0.053908 seconds 
========================================================================
Received Import Request.
  Time since last request: 0.000049 seconds.
  path: Assets/PolygonSciFiCity/Prefabs/Buildings/SM_Bld_Large_06.prefab
  artifactKey: Guid(8a21e998caeaac347b4127cda7988cf3) Importer(815301076,1909f56bfc062723c751e8b465ee728b)
Start importing Assets/PolygonSciFiCity/Prefabs/Buildings/SM_Bld_Large_06.prefab using Guid(8a21e998caeaac347b4127cda7988cf3) Importer(815301076,1909f56bfc062723c751e8b465ee728b)  -> (artifact id: '9879d595208393a6b6c818ec23376793') in 0.048778 seconds 
========================================================================
Received Import Request.
  Time since last request: 0.000031 seconds.
  path: Assets/PolygonSciFiCity/Prefabs/Buildings/SM_Bld_Bank_01.prefab
  artifactKey: Guid(f0274b246cd36f849b6f60898f359f1e) Importer(815301076,1909f56bfc062723c751e8b465ee728b)
Start importing Assets/PolygonSciFiCity/Prefabs/Buildings/SM_Bld_Bank_01.prefab using Guid(f0274b246cd36f849b6f60898f359f1e) Importer(815301076,1909f56bfc062723c751e8b465ee728b)  -> (artifact id: '972f6d4c46ddb8c2876f96830ace68b1') in 0.048110 seconds 
========================================================================
Received Import Request.
  Time since last request: 0.000023 seconds.
  path: Assets/PolygonSciFiCity/Prefabs/Buildings/SM_Bld_FoodHole_01.prefab
  artifactKey: Guid(44f7531c4a7c3d64cbe98cf88d70bd68) Importer(815301076,1909f56bfc062723c751e8b465ee728b)
Start importing Assets/PolygonSciFiCity/Prefabs/Buildings/SM_Bld_FoodHole_01.prefab using Guid(44f7531c4a7c3d64cbe98cf88d70bd68) Importer(815301076,1909f56bfc062723c751e8b465ee728b)  -> (artifact id: '9871f1b759f9899ef44e906e91b8f280') in 0.047356 seconds 
========================================================================
Received Import Request.
  Time since last request: 0.000026 seconds.
  path: Assets/PolygonSciFiCity/Prefabs/Buildings/SM_Bld_Large_04.prefab
  artifactKey: Guid(ed95a1d27b321874cbe7017a50a4c292) Importer(815301076,1909f56bfc062723c751e8b465ee728b)
Start importing Assets/PolygonSciFiCity/Prefabs/Buildings/SM_Bld_Large_04.prefab using Guid(ed95a1d27b321874cbe7017a50a4c292) Importer(815301076,1909f56bfc062723c751e8b465ee728b)  -> (artifact id: '8a6b4eca35db58e02d91f1f91cd275a1') in 0.045599 seconds 
========================================================================
Received Import Request.
  Time since last request: 0.000022 seconds.
  path: Assets/PolygonSciFiCity/Prefabs/Buildings/SM_Bld_Power_04.prefab
  artifactKey: Guid(3144fdf31c6d99242985622dcb79b6c6) Importer(815301076,1909f56bfc062723c751e8b465ee728b)
Start importing Assets/PolygonSciFiCity/Prefabs/Buildings/SM_Bld_Power_04.prefab using Guid(3144fdf31c6d99242985622dcb79b6c6) Importer(815301076,1909f56bfc062723c751e8b465ee728b)  -> (artifact id: '5056f7417a19eefc23d9c3de78241f6e') in 0.044034 seconds 
========================================================================
Received Import Request.
  Time since last request: 0.000028 seconds.
  path: Assets/PolygonSciFiCity/Prefabs/Buildings/SM_Bld_Section_Window_01.prefab
  artifactKey: Guid(f685963809caafb42bf2ef0c3d5fec4e) Importer(815301076,1909f56bfc062723c751e8b465ee728b)
Start importing Assets/PolygonSciFiCity/Prefabs/Buildings/SM_Bld_Section_Window_01.prefab using Guid(f685963809caafb42bf2ef0c3d5fec4e) Importer(815301076,1909f56bfc062723c751e8b465ee728b)  -> (artifact id: '96a0c18740f1af1f82b08233de1d177b') in 0.043464 seconds 
========================================================================
Received Import Request.
  Time since last request: 0.000044 seconds.
  path: Assets/PolygonSciFiCity/Prefabs/Buildings/SM_Bld_StripClub_Interior_01.prefab
  artifactKey: Guid(2550aaaacfde22f4993a04a13d4f5b05) Importer(815301076,1909f56bfc062723c751e8b465ee728b)
Start importing Assets/PolygonSciFiCity/Prefabs/Buildings/SM_Bld_StripClub_Interior_01.prefab using Guid(2550aaaacfde22f4993a04a13d4f5b05) Importer(815301076,1909f56bfc062723c751e8b465ee728b)  -> (artifact id: '4eddd1a525804174cb602af2ea1d7c01') in 0.044180 seconds 
