Using pre-set license
Built from '2021.3/staging' branch; Version is '2021.3.18f1 (3129e69bc0c7) revision 3221990'; Using compiler version '192829333'; Build Type 'Release'
OS: 'Windows 10  (10.0.19045) 64bit Professional' Language: 'en' Physical Memory: 32620 MB
BatchMode: 1, IsHumanControllingUs: 0, StartBugReporterOnCrash: 0, Is64bit: 1, IsPro: 1

COMMAND LINE ARGUMENTS:
E:\Unity Editor\2021.3.18f1\Editor\Unity.exe
-adb2
-batchMode
-noUpm
-name
AssetImportWorker4
-projectPath
C:/Users/samra/Documents/GitHub/VR-Project/Hunting Whales VR V1
-logFile
Logs/AssetImportWorker4.log
-srvPort
61725
Successfully changed project path to: C:/Users/samra/Documents/GitHub/VR-Project/Hunting Whales VR V1
C:/Users/samra/Documents/GitHub/VR-Project/Hunting Whales VR V1
[UnityMemory] Configuration Parameters - Can be set up in boot.config
    "memorysetup-bucket-allocator-granularity=16"
    "memorysetup-bucket-allocator-bucket-count=8"
    "memorysetup-bucket-allocator-block-size=33554432"
    "memorysetup-bucket-allocator-block-count=8"
    "memorysetup-main-allocator-block-size=16777216"
    "memorysetup-thread-allocator-block-size=16777216"
    "memorysetup-gfx-main-allocator-block-size=16777216"
    "memorysetup-gfx-thread-allocator-block-size=16777216"
    "memorysetup-cache-allocator-block-size=4194304"
    "memorysetup-typetree-allocator-block-size=2097152"
    "memorysetup-profiler-bucket-allocator-granularity=16"
    "memorysetup-profiler-bucket-allocator-bucket-count=8"
    "memorysetup-profiler-bucket-allocator-block-size=33554432"
    "memorysetup-profiler-bucket-allocator-block-count=8"
    "memorysetup-profiler-allocator-block-size=16777216"
    "memorysetup-profiler-editor-allocator-block-size=1048576"
    "memorysetup-temp-allocator-size-main=16777216"
    "memorysetup-job-temp-allocator-block-size=2097152"
    "memorysetup-job-temp-allocator-block-size-background=1048576"
    "memorysetup-job-temp-allocator-reduction-small-platforms=262144"
    "memorysetup-temp-allocator-size-background-worker=32768"
    "memorysetup-temp-allocator-size-job-worker=262144"
    "memorysetup-temp-allocator-size-preload-manager=33554432"
    "memorysetup-temp-allocator-size-nav-mesh-worker=65536"
    "memorysetup-temp-allocator-size-audio-worker=65536"
    "memorysetup-temp-allocator-size-cloud-worker=32768"
    "memorysetup-temp-allocator-size-gi-baking-worker=262144"
    "memorysetup-temp-allocator-size-gfx=262144"
Player connection [16616] Host "[IP] 192.168.2.15 [Port] 0 [Flags] 2 [Guid] 126778125 [EditorId] 126778125 [Version] 1048832 [Id] WindowsEditor(7,Rocketship-77) [Debug] 1 [PackageName] WindowsEditor [ProjectName] Editor" joined multi-casting on [225.0.0.222:54997]...

Player connection [16616] Host "[IP] 192.168.2.15 [Port] 0 [Flags] 2 [Guid] 126778125 [EditorId] 126778125 [Version] 1048832 [Id] WindowsEditor(7,Rocketship-77) [Debug] 1 [PackageName] WindowsEditor [ProjectName] Editor" joined alternative multi-casting on [225.0.0.222:34997]...

Refreshing native plugins compatible for Editor in 140.59 ms, found 12 plugins.
Preloading 1 native plugins for Editor in 0.92 ms.
Initialize engine version: 2021.3.18f1 (3129e69bc0c7)
[Subsystems] Discovering subsystems at path E:/Unity Editor/2021.3.18f1/Editor/Data/Resources/UnitySubsystems
[Subsystems] Discovering subsystems at path C:/Users/samra/Documents/GitHub/VR-Project/Hunting Whales VR V1/Assets
GfxDevice: creating device client; threaded=0; jobified=0
Direct3D:
    Version:  Direct3D 11.0 [level 11.1]
    Renderer: NVIDIA GeForce RTX 3080 Laptop GPU (ID=0x24dc)
    Vendor:   NVIDIA
    VRAM:     16191 MB
    Driver:   31.0.15.3179
Initialize mono
Mono path[0] = 'E:/Unity Editor/2021.3.18f1/Editor/Data/Managed'
Mono path[1] = 'E:/Unity Editor/2021.3.18f1/Editor/Data/MonoBleedingEdge/lib/mono/unityjit-win32'
Mono config path = 'E:/Unity Editor/2021.3.18f1/Editor/Data/MonoBleedingEdge/etc'
Using monoOptions --debugger-agent=transport=dt_socket,embedding=1,server=y,suspend=n,address=127.0.0.1:56952
Begin MonoManager ReloadAssembly
Registering precompiled unity dll's ...
Register platform support module: E:/Unity Editor/2021.3.18f1/Editor/Data/PlaybackEngines/AndroidPlayer/UnityEditor.Android.Extensions.dll
Register platform support module: E:/Unity Editor/2021.3.18f1/Editor/Data/PlaybackEngines/WindowsStandaloneSupport/UnityEditor.WindowsStandalone.Extensions.dll
Registered in 0.003227 seconds.
Native extension for WindowsStandalone target not found
Native extension for Android target not found
Android Extension - Scanning For ADB Devices 300 ms
Refreshing native plugins compatible for Editor in 103.96 ms, found 12 plugins.
Preloading 1 native plugins for Editor in 0.11 ms.
Mono: successfully reloaded assembly
- Completed reload, in  0.962 seconds
Domain Reload Profiling:
	ReloadAssembly (962ms)
		BeginReloadAssembly (63ms)
			ExecutionOrderSort (0ms)
			DisableScriptedObjects (0ms)
			BackupInstance (0ms)
			ReleaseScriptingObjects (0ms)
			CreateAndSetChildDomain (1ms)
		EndReloadAssembly (805ms)
			LoadAssemblies (63ms)
			RebuildTransferFunctionScriptingTraits (0ms)
			SetupTypeCache (103ms)
			ReleaseScriptCaches (0ms)
			RebuildScriptCaches (22ms)
			SetupLoadedEditorAssemblies (624ms)
				LogAssemblyErrors (0ms)
				InitializePlatformSupportModulesInManaged (382ms)
				SetLoadedEditorAssemblies (0ms)
				RefreshPlugins (104ms)
				BeforeProcessingInitializeOnLoad (1ms)
				ProcessInitializeOnLoadAttributes (87ms)
				ProcessInitializeOnLoadMethodAttributes (49ms)
				AfterProcessingInitializeOnLoad (0ms)
				EditorAssembliesLoaded (0ms)
			ExecutionOrderSort2 (0ms)
			AwakeInstancesAfterBackupRestoration (0ms)
Platform modules already initialized, skipping
Registering precompiled user dll's ...
Registered in 0.011973 seconds.
Begin MonoManager ReloadAssembly
Symbol file LoadedFromMemory doesn't match image C:\Users\samra\Documents\GitHub\VR-Project\Hunting Whales VR V1\Library\PackageCache\com.unity.visualscripting@1.8.0\Editor\VisualScripting.Core\Dependencies\DotNetZip\Unity.VisualScripting.IonicZip.dll
Symbol file LoadedFromMemory doesn't match image C:\Users\samra\Documents\GitHub\VR-Project\Hunting Whales VR V1\Library\PackageCache\com.unity.visualscripting@1.8.0\Editor\VisualScripting.Core\Dependencies\YamlDotNet\Unity.VisualScripting.YamlDotNet.dll
Native extension for WindowsStandalone target not found
Native extension for Android target not found
Refreshing native plugins compatible for Editor in 99.46 ms, found 12 plugins.
Preloading 1 native plugins for Editor in 0.12 ms.
Package Manager log level set to [2]
System.Reflection.TargetInvocationException: Exception has been thrown by the target of an invocation. ---> System.NullReferenceException: Object reference not set to an instance of an object
  at Unity.XR.Oculus.OculusLoader.AssetPathToAbsolutePath (System.String assetPath) [0x0003d] in C:\Users\samra\Documents\GitHub\VR-Project\Hunting Whales VR V1\Library\PackageCache\com.unity.xr.oculus@3.2.3\Runtime\OculusLoader.cs:296 
  at Unity.XR.Oculus.OculusLoader.EditorLoadOVRPlugin () [0x0007b] in C:\Users\samra\Documents\GitHub\VR-Project\Hunting Whales VR V1\Library\PackageCache\com.unity.xr.oculus@3.2.3\Runtime\OculusLoader.cs:281 
  at (wrapper managed-to-native) System.Reflection.RuntimeMethodInfo.InternalInvoke(System.Reflection.RuntimeMethodInfo,object,object[],System.Exception&)
  at System.Reflection.RuntimeMethodInfo.Invoke (System.Object obj, System.Reflection.BindingFlags invokeAttr, System.Reflection.Binder binder, System.Object[] parameters, System.Globalization.CultureInfo culture) [0x0006a] in <1f66344f2f89470293d8b67d71308c07>:0 
   --- End of inner exception stack trace ---
  at System.Reflection.RuntimeMethodInfo.Invoke (System.Object obj, System.Reflection.BindingFlags invokeAttr, System.Reflection.Binder binder, System.Object[] parameters, System.Globalization.CultureInfo culture) [0x00083] in <1f66344f2f89470293d8b67d71308c07>:0 
  at System.Reflection.MethodBase.Invoke (System.Object obj, System.Object[] parameters) [0x00000] in <1f66344f2f89470293d8b67d71308c07>:0 
  at UnityEditor.EditorAssemblies.ProcessInitializeOnLoadMethodAttributes () [0x000a5] in <42a64fd733d9417da1ea3a757ad9a96d>:0 
UnityEngine.StackTraceUtility:ExtractStackTrace ()
UnityEngine.DebugLogHandler:LogFormat (UnityEngine.LogType,UnityEngine.Object,string,object[])
UnityEngine.Logger:Log (UnityEngine.LogType,object)
UnityEngine.Debug:LogError (object)
UnityEditor.EditorAssemblies:ProcessInitializeOnLoadMethodAttributes ()

Mono: successfully reloaded assembly
- Completed reload, in  1.192 seconds
Domain Reload Profiling:
	ReloadAssembly (1193ms)
		BeginReloadAssembly (103ms)
			ExecutionOrderSort (0ms)
			DisableScriptedObjects (5ms)
			BackupInstance (0ms)
			ReleaseScriptingObjects (0ms)
			CreateAndSetChildDomain (21ms)
		EndReloadAssembly (981ms)
			LoadAssemblies (83ms)
			RebuildTransferFunctionScriptingTraits (0ms)
			SetupTypeCache (265ms)
			ReleaseScriptCaches (1ms)
			RebuildScriptCaches (59ms)
			SetupLoadedEditorAssemblies (506ms)
				LogAssemblyErrors (0ms)
				InitializePlatformSupportModulesInManaged (13ms)
				SetLoadedEditorAssemblies (0ms)
				RefreshPlugins (100ms)
				BeforeProcessingInitializeOnLoad (88ms)
				ProcessInitializeOnLoadAttributes (274ms)
				ProcessInitializeOnLoadMethodAttributes (28ms)
				AfterProcessingInitializeOnLoad (2ms)
				EditorAssembliesLoaded (0ms)
			ExecutionOrderSort2 (0ms)
			AwakeInstancesAfterBackupRestoration (5ms)
Platform modules already initialized, skipping
========================================================================
Worker process is ready to serve import requests
Launched and connected shader compiler UnityShaderCompiler.exe after 0.05 seconds
Refreshing native plugins compatible for Editor in 1.15 ms, found 12 plugins.
Preloading 1 native plugins for Editor in 0.10 ms.
Unloading 3785 Unused Serialized files (Serialized files now loaded: 0)
Unloading 52 unused Assets / (115.2 KB). Loaded Objects now: 4226.
Memory consumption went from 136.4 MB to 136.3 MB.
Total: 3.803300 ms (FindLiveObjects: 0.264400 ms CreateObjectMapping: 0.198800 ms MarkObjects: 3.166000 ms  DeleteObjects: 0.172800 ms)

AssetImportParameters requested are different than current active one (requested -> active):
  custom:video-decoder-ogg-theora: a1e56fd34408186e4bbccfd4996cb3dc -> 
  custom:container-muxer-webm: aa71ff27fc2769a1b78a27578f13a17b -> 
  custom:container-demuxer-webm: 4f35f7cbe854078d1ac9338744f61a02 -> 
  custom:video-encoder-webm-vp8: eb34c28f22e8b96e1ab97ce403110664 -> 
  custom:audio-encoder-webm-vorbis: bf7c407c2cedff20999df2af8eb42d56 -> 
  custom:framework-win-MediaFoundation: 216162199b28c13a410421893ffa2e32 -> 
  custom:container-demuxer-ogg: 62fdf1f143b41e24485cea50d1cbac27 -> 
  custom:video-decoder-webm-vp8: 9c59270c3fd7afecdb556c50c9e8de78 -> 
  custom:audio-decoder-ogg-vorbis: bf7c407c2cedff20999df2af8eb42d56 -> 
========================================================================
Received Import Request.
  Time since last request: 32351.224406 seconds.
  path: Assets/PolygonSciFiCity/Prefabs/Characters/Character_CyborgNinja_01.prefab
  artifactKey: Guid(1b20caf01959ecb409333fb9aa0b81da) Importer(815301076,1909f56bfc062723c751e8b465ee728b)
Start importing Assets/PolygonSciFiCity/Prefabs/Characters/Character_CyborgNinja_01.prefab using Guid(1b20caf01959ecb409333fb9aa0b81da) Importer(815301076,1909f56bfc062723c751e8b465ee728b)  -> (artifact id: '4c0cd27b9be72ac2f92882acff49b30a') in 0.404365 seconds 
========================================================================
Received Import Request.
  Time since last request: 0.000037 seconds.
  path: Assets/PolygonSciFiCity/Prefabs/Environments/SM_Env_Ground_Tile_Floating_Platform_01.prefab
  artifactKey: Guid(42eeb2cb84e945f48bfbf7e4a450d54b) Importer(815301076,1909f56bfc062723c751e8b465ee728b)
Start importing Assets/PolygonSciFiCity/Prefabs/Environments/SM_Env_Ground_Tile_Floating_Platform_01.prefab using Guid(42eeb2cb84e945f48bfbf7e4a450d54b) Importer(815301076,1909f56bfc062723c751e8b465ee728b)  -> (artifact id: 'ddbe1da5102b387e367310e28b851481') in 0.166476 seconds 
========================================================================
Received Import Request.
  Time since last request: 0.000054 seconds.
  path: Assets/PolygonSciFiCity/Prefabs/Environments/SM_Env_Ground_Tile_Base_03.prefab
  artifactKey: Guid(5d0aa5d06a7a4cf4695f9803bdda45d5) Importer(815301076,1909f56bfc062723c751e8b465ee728b)
Start importing Assets/PolygonSciFiCity/Prefabs/Environments/SM_Env_Ground_Tile_Base_03.prefab using Guid(5d0aa5d06a7a4cf4695f9803bdda45d5) Importer(815301076,1909f56bfc062723c751e8b465ee728b)  -> (artifact id: '7947b695cd1df2f4b0b1460e8d320274') in 0.138119 seconds 
========================================================================
Received Import Request.
  Time since last request: 0.000024 seconds.
  path: Assets/PolygonSciFiCity/Prefabs/Environments/SM_Env_Hedge_01.prefab
  artifactKey: Guid(33efe5ac2cfd633448c31adb8c1eeccb) Importer(815301076,1909f56bfc062723c751e8b465ee728b)
Start importing Assets/PolygonSciFiCity/Prefabs/Environments/SM_Env_Hedge_01.prefab using Guid(33efe5ac2cfd633448c31adb8c1eeccb) Importer(815301076,1909f56bfc062723c751e8b465ee728b)  -> (artifact id: 'f4349f8fcb7447f5be13e185d9f0d98a') in 0.151852 seconds 
========================================================================
Received Import Request.
  Time since last request: 4.130215 seconds.
  path: Assets/PolygonSciFiCity/Prefabs/Environments/SM_Env_Hedge_Empty_02.prefab
  artifactKey: Guid(2b1588343a8bf5d4c9e6031e98748327) Importer(815301076,1909f56bfc062723c751e8b465ee728b)
Start importing Assets/PolygonSciFiCity/Prefabs/Environments/SM_Env_Hedge_Empty_02.prefab using Guid(2b1588343a8bf5d4c9e6031e98748327) Importer(815301076,1909f56bfc062723c751e8b465ee728b)  -> (artifact id: '0e484dad65f207c6e5aa967604289505') in 0.207956 seconds 
========================================================================
Received Import Request.
  Time since last request: 0.000021 seconds.
  path: Assets/PolygonSciFiCity/Prefabs/Environments/SM_Env_Sidewalk_Raised_01.prefab
  artifactKey: Guid(4cc5d69a469edd745b7b2ed11748a238) Importer(815301076,1909f56bfc062723c751e8b465ee728b)
Start importing Assets/PolygonSciFiCity/Prefabs/Environments/SM_Env_Sidewalk_Raised_01.prefab using Guid(4cc5d69a469edd745b7b2ed11748a238) Importer(815301076,1909f56bfc062723c751e8b465ee728b)  -> (artifact id: '8af1e56f3b5d6c08f67c464256a022c5') in 0.150141 seconds 
========================================================================
Received Import Request.
  Time since last request: 0.000034 seconds.
  path: Assets/PolygonSciFiCity/Prefabs/Environments/SM_Env_Sidewalk_03_SF.prefab
  artifactKey: Guid(572123d0f82b6a5479ac596709fb6d08) Importer(815301076,1909f56bfc062723c751e8b465ee728b)
Start importing Assets/PolygonSciFiCity/Prefabs/Environments/SM_Env_Sidewalk_03_SF.prefab using Guid(572123d0f82b6a5479ac596709fb6d08) Importer(815301076,1909f56bfc062723c751e8b465ee728b)  -> (artifact id: '2a0eabcbb53d4577c8680d19b8bdbc23') in 0.139971 seconds 
========================================================================
Received Import Request.
  Time since last request: 0.000027 seconds.
  path: Assets/PolygonSciFiCity/Prefabs/Environments/SM_Env_Road_Crossing_01_SF.prefab
  artifactKey: Guid(1706df18b40e3b54398964cb03a14f7f) Importer(815301076,1909f56bfc062723c751e8b465ee728b)
Start importing Assets/PolygonSciFiCity/Prefabs/Environments/SM_Env_Road_Crossing_01_SF.prefab using Guid(1706df18b40e3b54398964cb03a14f7f) Importer(815301076,1909f56bfc062723c751e8b465ee728b)  -> (artifact id: '81d0bc37fdb4dd42d79554ef7d3c36aa') in 0.061551 seconds 
========================================================================
Received Import Request.
  Time since last request: 0.000023 seconds.
  path: Assets/PolygonSciFiCity/Prefabs/Environments/SM_Env_Road_YellowLines_02_SF.prefab
  artifactKey: Guid(7a4bd320239b74e4b80eabf57b61349b) Importer(815301076,1909f56bfc062723c751e8b465ee728b)
Start importing Assets/PolygonSciFiCity/Prefabs/Environments/SM_Env_Road_YellowLines_02_SF.prefab using Guid(7a4bd320239b74e4b80eabf57b61349b) Importer(815301076,1909f56bfc062723c751e8b465ee728b)  -> (artifact id: '2d4049e72b93b3cb03183caddc9191c2') in 0.057690 seconds 
========================================================================
Received Import Request.
  Time since last request: 0.000029 seconds.
  path: Assets/PolygonSciFiCity/Prefabs/Environments/SM_Env_Sidewalk_Straight_01_SF.prefab
  artifactKey: Guid(553d5ab60b93b904896a8af286bdbe32) Importer(815301076,1909f56bfc062723c751e8b465ee728b)
Start importing Assets/PolygonSciFiCity/Prefabs/Environments/SM_Env_Sidewalk_Straight_01_SF.prefab using Guid(553d5ab60b93b904896a8af286bdbe32) Importer(815301076,1909f56bfc062723c751e8b465ee728b)  -> (artifact id: 'df774121b7d0efac4107ae46672c3ab1') in 0.145865 seconds 
========================================================================
Received Import Request.
  Time since last request: 0.000019 seconds.
  path: Assets/PolygonSciFiCity/Prefabs/Environments/SM_Env_Sidewalk_Straight_04_SF.prefab
  artifactKey: Guid(8eb4c19836b1e69448dccd70be19f9d0) Importer(815301076,1909f56bfc062723c751e8b465ee728b)
Start importing Assets/PolygonSciFiCity/Prefabs/Environments/SM_Env_Sidewalk_Straight_04_SF.prefab using Guid(8eb4c19836b1e69448dccd70be19f9d0) Importer(815301076,1909f56bfc062723c751e8b465ee728b)  -> (artifact id: '85dc0ff450782c5c1bd3f44ce623b1da') in 0.145367 seconds 
========================================================================
Received Import Request.
  Time since last request: 0.000025 seconds.
  path: Assets/PolygonSciFiCity/Prefabs/Environments/SM_Env_Sidewalk_Raised_02.prefab
  artifactKey: Guid(93aa385d6bc607e4c8bab2807f7e54b3) Importer(815301076,1909f56bfc062723c751e8b465ee728b)
Start importing Assets/PolygonSciFiCity/Prefabs/Environments/SM_Env_Sidewalk_Raised_02.prefab using Guid(93aa385d6bc607e4c8bab2807f7e54b3) Importer(815301076,1909f56bfc062723c751e8b465ee728b)  -> (artifact id: '19da6c526b9437dd914e380605c7f987') in 0.140489 seconds 
========================================================================
Received Import Request.
  Time since last request: 0.000040 seconds.
  path: Assets/PolygonSciFiCity/Prefabs/Environments/SM_Env_Sidewalk_Grate_02_SF.prefab
  artifactKey: Guid(8d789065ff058af48ba41b788463628e) Importer(815301076,1909f56bfc062723c751e8b465ee728b)
Start importing Assets/PolygonSciFiCity/Prefabs/Environments/SM_Env_Sidewalk_Grate_02_SF.prefab using Guid(8d789065ff058af48ba41b788463628e) Importer(815301076,1909f56bfc062723c751e8b465ee728b)  -> (artifact id: '8273ec15e21b19fe86dfdef2816a74b4') in 0.143204 seconds 
========================================================================
Received Import Request.
  Time since last request: 0.000035 seconds.
  path: Assets/PolygonSciFiCity/Prefabs/Environments/SM_Env_Sidewalk_Straight_Half_01_SF.prefab
  artifactKey: Guid(fe149258a225b2745b59327250181eaa) Importer(815301076,1909f56bfc062723c751e8b465ee728b)
Start importing Assets/PolygonSciFiCity/Prefabs/Environments/SM_Env_Sidewalk_Straight_Half_01_SF.prefab using Guid(fe149258a225b2745b59327250181eaa) Importer(815301076,1909f56bfc062723c751e8b465ee728b)  -> (artifact id: '95074f3845c4cfff748fcc3ad94db7c0') in 0.141650 seconds 
========================================================================
Received Import Request.
  Time since last request: 0.000040 seconds.
  path: Assets/PolygonSciFiCity/Prefabs/Environments/SM_Env_Sidewalk_01_SF.prefab
  artifactKey: Guid(8e7631b36958d68408ebf64b86f272e9) Importer(815301076,1909f56bfc062723c751e8b465ee728b)
Start importing Assets/PolygonSciFiCity/Prefabs/Environments/SM_Env_Sidewalk_01_SF.prefab using Guid(8e7631b36958d68408ebf64b86f272e9) Importer(815301076,1909f56bfc062723c751e8b465ee728b)  -> (artifact id: '1d57ef0fafee1b2c3ed97c45c38c4163') in 0.162885 seconds 
========================================================================
Received Import Request.
  Time since last request: 0.000031 seconds.
  path: Assets/PolygonSciFiCity/Prefabs/Environments/SM_Env_Road_Lines_01_SF.prefab
  artifactKey: Guid(ee81afb80bd75294cb740f6f220deafd) Importer(815301076,1909f56bfc062723c751e8b465ee728b)
Start importing Assets/PolygonSciFiCity/Prefabs/Environments/SM_Env_Road_Lines_01_SF.prefab using Guid(ee81afb80bd75294cb740f6f220deafd) Importer(815301076,1909f56bfc062723c751e8b465ee728b)  -> (artifact id: 'a5b7f1a6e146e12bef2185721c1c2e72') in 0.066053 seconds 
========================================================================
Received Import Request.
  Time since last request: 0.000021 seconds.
  path: Assets/PolygonSciFiCity/Prefabs/Environments/SM_Env_Road_Lines_02_SF.prefab
  artifactKey: Guid(ef5e06adf4b03844aa22579242b2169b) Importer(815301076,1909f56bfc062723c751e8b465ee728b)
Start importing Assets/PolygonSciFiCity/Prefabs/Environments/SM_Env_Road_Lines_02_SF.prefab using Guid(ef5e06adf4b03844aa22579242b2169b) Importer(815301076,1909f56bfc062723c751e8b465ee728b)  -> (artifact id: '8a782bba27c877f1440afe081d467931') in 0.057621 seconds 
========================================================================
Received Import Request.
  Time since last request: 0.000018 seconds.
  path: Assets/PolygonSciFiCity/Prefabs/Environments/SM_Env_Railing_01.prefab
  artifactKey: Guid(b373a640df5d1ce4c964dff35c31e80c) Importer(815301076,1909f56bfc062723c751e8b465ee728b)
Start importing Assets/PolygonSciFiCity/Prefabs/Environments/SM_Env_Railing_01.prefab using Guid(b373a640df5d1ce4c964dff35c31e80c) Importer(815301076,1909f56bfc062723c751e8b465ee728b)  -> (artifact id: 'f35d5f3fd20c2af07623f9caaceaef54') in 0.142318 seconds 
========================================================================
Received Import Request.
  Time since last request: 0.000023 seconds.
  path: Assets/PolygonSciFiCity/Prefabs/Environments/SM_Env_Road_YellowLines_01_SF.prefab
  artifactKey: Guid(2c925c60840f8994eb066b663dd762ed) Importer(815301076,1909f56bfc062723c751e8b465ee728b)
Start importing Assets/PolygonSciFiCity/Prefabs/Environments/SM_Env_Road_YellowLines_01_SF.prefab using Guid(2c925c60840f8994eb066b663dd762ed) Importer(815301076,1909f56bfc062723c751e8b465ee728b)  -> (artifact id: '60a8635050ea469518a3ba0b288ec4e3') in 0.054644 seconds 
========================================================================
Received Import Request.
  Time since last request: 0.000047 seconds.
  path: Assets/PolygonSciFiCity/Prefabs/Environments/SM_Env_Road_Median_02_SF.prefab
  artifactKey: Guid(bbf041a1c3f541f4890c67836fb7b50c) Importer(815301076,1909f56bfc062723c751e8b465ee728b)
Start importing Assets/PolygonSciFiCity/Prefabs/Environments/SM_Env_Road_Median_02_SF.prefab using Guid(bbf041a1c3f541f4890c67836fb7b50c) Importer(815301076,1909f56bfc062723c751e8b465ee728b)  -> (artifact id: 'd4da6e2dc6e578dc36d18a18eb4cb2dc') in 0.053361 seconds 
========================================================================
Received Import Request.
  Time since last request: 0.000028 seconds.
  path: Assets/PolygonSciFiCity/Prefabs/Environments/SM_Env_Sidewalk_Corner_02_SF.prefab
  artifactKey: Guid(c1dd2b331f731e04db3762054550978c) Importer(815301076,1909f56bfc062723c751e8b465ee728b)
Start importing Assets/PolygonSciFiCity/Prefabs/Environments/SM_Env_Sidewalk_Corner_02_SF.prefab using Guid(c1dd2b331f731e04db3762054550978c) Importer(815301076,1909f56bfc062723c751e8b465ee728b)  -> (artifact id: '7fdab0e4610e1ff1eb1d888b4e308375') in 0.139715 seconds 
========================================================================
Received Import Request.
  Time since last request: 0.000032 seconds.
  path: Assets/PolygonSciFiCity/Prefabs/Environments/SM_Env_Sidewalk_Corner_Half_01_SF.prefab
  artifactKey: Guid(503b99e1e84259b4b9d26fa97b9ee0ff) Importer(815301076,1909f56bfc062723c751e8b465ee728b)
Start importing Assets/PolygonSciFiCity/Prefabs/Environments/SM_Env_Sidewalk_Corner_Half_01_SF.prefab using Guid(503b99e1e84259b4b9d26fa97b9ee0ff) Importer(815301076,1909f56bfc062723c751e8b465ee728b)  -> (artifact id: 'fd2a19a71d81333bcf4ead8498418798') in 0.141778 seconds 
========================================================================
Received Import Request.
  Time since last request: 25.377876 seconds.
  path: Assets/PolygonSciFiCity/Prefabs/FX/Exhaust_Trail.prefab
  artifactKey: Guid(d7786caaf9ad4b44988ff1c5ac5c10c0) Importer(815301076,1909f56bfc062723c751e8b465ee728b)
Start importing Assets/PolygonSciFiCity/Prefabs/FX/Exhaust_Trail.prefab using Guid(d7786caaf9ad4b44988ff1c5ac5c10c0) Importer(815301076,1909f56bfc062723c751e8b465ee728b)  -> (artifact id: 'eab225163ba8d231294a54e4b7f27422') in 0.076404 seconds 
========================================================================
Received Import Request.
  Time since last request: 0.000021 seconds.
  path: Assets/PolygonSciFiCity/Prefabs/FX/FX_Flame.prefab
  artifactKey: Guid(55c86e0c7bf19d545acec6387f8704db) Importer(815301076,1909f56bfc062723c751e8b465ee728b)
Start importing Assets/PolygonSciFiCity/Prefabs/FX/FX_Flame.prefab using Guid(55c86e0c7bf19d545acec6387f8704db) Importer(815301076,1909f56bfc062723c751e8b465ee728b)  -> (artifact id: '4303241437e1088bd638ef31c56db5e6') in 0.099304 seconds 
========================================================================
Received Import Request.
  Time since last request: 0.000022 seconds.
  path: Assets/PolygonSciFiCity/Prefabs/FX/Smoke_Drift_FX.prefab
  artifactKey: Guid(ca91aba3576339847bb9eede6f040b07) Importer(815301076,1909f56bfc062723c751e8b465ee728b)
Start importing Assets/PolygonSciFiCity/Prefabs/FX/Smoke_Drift_FX.prefab using Guid(ca91aba3576339847bb9eede6f040b07) Importer(815301076,1909f56bfc062723c751e8b465ee728b)  -> (artifact id: 'e2e7aed7b8023ab9db2d933dc61f8537') in 0.086098 seconds 
========================================================================
Received Import Request.
  Time since last request: 1.853683 seconds.
  path: Assets/PolygonSciFiCity/Prefabs/Icons/SM_Icon_Ammo.prefab
  artifactKey: Guid(cae9881699f289945baf66e9c9958a45) Importer(815301076,1909f56bfc062723c751e8b465ee728b)
Start importing Assets/PolygonSciFiCity/Prefabs/Icons/SM_Icon_Ammo.prefab using Guid(cae9881699f289945baf66e9c9958a45) Importer(815301076,1909f56bfc062723c751e8b465ee728b)  -> (artifact id: '45db7d4be1f8ce5b8c28e6254ed06f53') in 0.182633 seconds 
========================================================================
Received Import Request.
  Time since last request: 0.000033 seconds.
  path: Assets/PolygonSciFiCity/Prefabs/Icons/SM_Icon_Lightning.prefab
  artifactKey: Guid(9baabcdff9f934e4f93321577d7858e5) Importer(815301076,1909f56bfc062723c751e8b465ee728b)
Start importing Assets/PolygonSciFiCity/Prefabs/Icons/SM_Icon_Lightning.prefab using Guid(9baabcdff9f934e4f93321577d7858e5) Importer(815301076,1909f56bfc062723c751e8b465ee728b)  -> (artifact id: 'ecca21f07a9f82cf152cae68ae674326') in 0.153381 seconds 
========================================================================
Received Import Request.
  Time since last request: 1.492630 seconds.
  path: Assets/PolygonSciFiCity/Prefabs/Props/SM_Prop_Advertisement_Pillar_01.prefab
  artifactKey: Guid(f9a80be48a6254344b5f885cfff4bbb0) Importer(815301076,1909f56bfc062723c751e8b465ee728b)
Start importing Assets/PolygonSciFiCity/Prefabs/Props/SM_Prop_Advertisement_Pillar_01.prefab using Guid(f9a80be48a6254344b5f885cfff4bbb0) Importer(815301076,1909f56bfc062723c751e8b465ee728b)  -> (artifact id: 'f0b518d3f7df672983a2c9300fb83f4c') in 0.162029 seconds 
========================================================================
Received Import Request.
  Time since last request: 0.000028 seconds.
  path: Assets/PolygonSciFiCity/Prefabs/Props/SM_Prop_BarChair_01.prefab
  artifactKey: Guid(54903e98cb7da0047ab01d65018f1d4f) Importer(815301076,1909f56bfc062723c751e8b465ee728b)
Start importing Assets/PolygonSciFiCity/Prefabs/Props/SM_Prop_BarChair_01.prefab using Guid(54903e98cb7da0047ab01d65018f1d4f) Importer(815301076,1909f56bfc062723c751e8b465ee728b)  -> (artifact id: '6032fb9c503e09c97da66911cc9c47dc') in 0.145770 seconds 
========================================================================
Received Import Request.
  Time since last request: 0.000037 seconds.
  path: Assets/PolygonSciFiCity/Prefabs/Props/SM_Prop_Box_Empty_01.prefab
  artifactKey: Guid(b377a79f6a3b3ac44ba919ed12be6ce4) Importer(815301076,1909f56bfc062723c751e8b465ee728b)
Start importing Assets/PolygonSciFiCity/Prefabs/Props/SM_Prop_Box_Empty_01.prefab using Guid(b377a79f6a3b3ac44ba919ed12be6ce4) Importer(815301076,1909f56bfc062723c751e8b465ee728b)  -> (artifact id: '9a5fe2b7eb93359eeee86a2779a779df') in 0.140309 seconds 
========================================================================
Received Import Request.
  Time since last request: 0.000027 seconds.
  path: Assets/PolygonSciFiCity/Prefabs/Props/SM_Prop_Barrier_Plastic_01.prefab
  artifactKey: Guid(2ef431f56f242194fb0aac1efde07107) Importer(815301076,1909f56bfc062723c751e8b465ee728b)
Start importing Assets/PolygonSciFiCity/Prefabs/Props/SM_Prop_Barrier_Plastic_01.prefab using Guid(2ef431f56f242194fb0aac1efde07107) Importer(815301076,1909f56bfc062723c751e8b465ee728b)  -> (artifact id: '1826222467071a3fea5a67c6fb8e1ce7') in 0.140757 seconds 
========================================================================
Received Import Request.
  Time since last request: 0.000029 seconds.
  path: Assets/PolygonSciFiCity/Prefabs/Props/SM_Prop_Chain_01.prefab
  artifactKey: Guid(f43787b8e783e9c42a8aebf2bc0b9568) Importer(815301076,1909f56bfc062723c751e8b465ee728b)
Start importing Assets/PolygonSciFiCity/Prefabs/Props/SM_Prop_Chain_01.prefab using Guid(f43787b8e783e9c42a8aebf2bc0b9568) Importer(815301076,1909f56bfc062723c751e8b465ee728b)  -> (artifact id: '8b4c2f6111a83dcc99217b73dd393573') in 0.135093 seconds 
========================================================================
Received Import Request.
  Time since last request: 0.000068 seconds.
  path: Assets/PolygonSciFiCity/Prefabs/Props/SM_Prop_Cable_Crossing_Rail_01.prefab
  artifactKey: Guid(76602162c8e9a0e4c9ae4af0a1bb448a) Importer(815301076,1909f56bfc062723c751e8b465ee728b)
Start importing Assets/PolygonSciFiCity/Prefabs/Props/SM_Prop_Cable_Crossing_Rail_01.prefab using Guid(76602162c8e9a0e4c9ae4af0a1bb448a) Importer(815301076,1909f56bfc062723c751e8b465ee728b)  -> (artifact id: '1b1c925e907467b9efa7a4c1553b84c8') in 0.143477 seconds 
========================================================================
Received Import Request.
  Time since last request: 0.000023 seconds.
  path: Assets/PolygonSciFiCity/Prefabs/Props/SM_Prop_Cables_01.prefab
  artifactKey: Guid(e5ea23645ddbb58408bd3bb44e10f168) Importer(815301076,1909f56bfc062723c751e8b465ee728b)
Start importing Assets/PolygonSciFiCity/Prefabs/Props/SM_Prop_Cables_01.prefab using Guid(e5ea23645ddbb58408bd3bb44e10f168) Importer(815301076,1909f56bfc062723c751e8b465ee728b)  -> (artifact id: '1ee0362d648628334e63a9d97d937575') in 0.147750 seconds 
========================================================================
Received Import Request.
  Time since last request: 0.000023 seconds.
  path: Assets/PolygonSciFiCity/Prefabs/Props/SM_Prop_Books_01.prefab
  artifactKey: Guid(14b1fd83cdee2be4d821633cca21d71c) Importer(815301076,1909f56bfc062723c751e8b465ee728b)
Start importing Assets/PolygonSciFiCity/Prefabs/Props/SM_Prop_Books_01.prefab using Guid(14b1fd83cdee2be4d821633cca21d71c) Importer(815301076,1909f56bfc062723c751e8b465ee728b)  -> (artifact id: '6f428914b90a69907fa7d8453374820e') in 0.146321 seconds 
========================================================================
Received Import Request.
  Time since last request: 0.000039 seconds.
  path: Assets/PolygonSciFiCity/Prefabs/Props/SM_Prop_Box_RobotParts_01.prefab
  artifactKey: Guid(1ee01e3914857ae4fa119ebdb8148880) Importer(815301076,1909f56bfc062723c751e8b465ee728b)
Start importing Assets/PolygonSciFiCity/Prefabs/Props/SM_Prop_Box_RobotParts_01.prefab using Guid(1ee01e3914857ae4fa119ebdb8148880) Importer(815301076,1909f56bfc062723c751e8b465ee728b)  -> (artifact id: '4f4dba30baf1a9328631e83a6c99c12d') in 0.140976 seconds 
========================================================================
Received Import Request.
  Time since last request: 0.000026 seconds.
  path: Assets/PolygonSciFiCity/Prefabs/Props/SM_Prop_Couch_01.prefab
  artifactKey: Guid(d6e9eedc2c7baeb46ab65cba90d8505b) Importer(815301076,1909f56bfc062723c751e8b465ee728b)
Start importing Assets/PolygonSciFiCity/Prefabs/Props/SM_Prop_Couch_01.prefab using Guid(d6e9eedc2c7baeb46ab65cba90d8505b) Importer(815301076,1909f56bfc062723c751e8b465ee728b)  -> (artifact id: '9f9245588511459742294b445dabd756') in 0.144615 seconds 
========================================================================
Received Import Request.
  Time since last request: 0.000028 seconds.
  path: Assets/PolygonSciFiCity/Prefabs/Props/SM_Prop_Barrier_Plastic_03.prefab
  artifactKey: Guid(2760986f200606b41bf8cb5d5011ac43) Importer(815301076,1909f56bfc062723c751e8b465ee728b)
Start importing Assets/PolygonSciFiCity/Prefabs/Props/SM_Prop_Barrier_Plastic_03.prefab using Guid(2760986f200606b41bf8cb5d5011ac43) Importer(815301076,1909f56bfc062723c751e8b465ee728b)  -> (artifact id: '38c6767a887d6bdc2b9020b674cd69a1') in 0.139356 seconds 
========================================================================
Received Import Request.
  Time since last request: 0.000031 seconds.
  path: Assets/PolygonSciFiCity/Prefabs/Props/SM_Prop_Atm_01.prefab
  artifactKey: Guid(a56da3c44063ebe4e8fdac7b93bf1969) Importer(815301076,1909f56bfc062723c751e8b465ee728b)
Start importing Assets/PolygonSciFiCity/Prefabs/Props/SM_Prop_Atm_01.prefab using Guid(a56da3c44063ebe4e8fdac7b93bf1969) Importer(815301076,1909f56bfc062723c751e8b465ee728b)  -> (artifact id: '6b6ca44dac1af8036250e1e53ae85705') in 0.161000 seconds 
========================================================================
Received Import Request.
  Time since last request: 0.000021 seconds.
  path: Assets/PolygonSciFiCity/Prefabs/Props/SM_Prop_Bench_01.prefab
  artifactKey: Guid(8883d0f3b814f294ab1cd0cd94cf1a1d) Importer(815301076,1909f56bfc062723c751e8b465ee728b)
Start importing Assets/PolygonSciFiCity/Prefabs/Props/SM_Prop_Bench_01.prefab using Guid(8883d0f3b814f294ab1cd0cd94cf1a1d) Importer(815301076,1909f56bfc062723c751e8b465ee728b)  -> (artifact id: 'ab6a3ec211c42cdcde287fc711d91c37') in 0.145022 seconds 
========================================================================
Received Import Request.
  Time since last request: 0.000029 seconds.
  path: Assets/PolygonSciFiCity/Prefabs/Props/SM_Prop_Cables_03.prefab
  artifactKey: Guid(8211dfbdf5b200e44a83c7b7db5d8a45) Importer(815301076,1909f56bfc062723c751e8b465ee728b)
Start importing Assets/PolygonSciFiCity/Prefabs/Props/SM_Prop_Cables_03.prefab using Guid(8211dfbdf5b200e44a83c7b7db5d8a45) Importer(815301076,1909f56bfc062723c751e8b465ee728b)  -> (artifact id: 'a6f8c5bd87027d0ac0706755c3599604') in 0.138566 seconds 
========================================================================
Received Import Request.
  Time since last request: 0.000034 seconds.
  path: Assets/PolygonSciFiCity/Prefabs/Props/SM_Prop_Cog_02.prefab
  artifactKey: Guid(0ce30e0f6a3b2b947abfcccbf06f2cdf) Importer(815301076,1909f56bfc062723c751e8b465ee728b)
Start importing Assets/PolygonSciFiCity/Prefabs/Props/SM_Prop_Cog_02.prefab using Guid(0ce30e0f6a3b2b947abfcccbf06f2cdf) Importer(815301076,1909f56bfc062723c751e8b465ee728b)  -> (artifact id: '67e47648cf5e5d0c332b85e758cf2050') in 0.138590 seconds 
========================================================================
Received Import Request.
  Time since last request: 0.000056 seconds.
  path: Assets/PolygonSciFiCity/Prefabs/Props/SM_Prop_Chain_03.prefab
  artifactKey: Guid(1a8cb45cb38c266468857baf7462dd50) Importer(815301076,1909f56bfc062723c751e8b465ee728b)
Start importing Assets/PolygonSciFiCity/Prefabs/Props/SM_Prop_Chain_03.prefab using Guid(1a8cb45cb38c266468857baf7462dd50) Importer(815301076,1909f56bfc062723c751e8b465ee728b)  -> (artifact id: '0443ba3e3dc6f4d7130f82c6d45e5490') in 0.151036 seconds 
========================================================================
Received Import Request.
  Time since last request: 0.000022 seconds.
  path: Assets/PolygonSciFiCity/Prefabs/Props/SM_Prop_Cable_Crossing_Pillar_01.prefab
  artifactKey: Guid(264ccdf2cfd286448a19cf25c2f48687) Importer(815301076,1909f56bfc062723c751e8b465ee728b)
Start importing Assets/PolygonSciFiCity/Prefabs/Props/SM_Prop_Cable_Crossing_Pillar_01.prefab using Guid(264ccdf2cfd286448a19cf25c2f48687) Importer(815301076,1909f56bfc062723c751e8b465ee728b)  -> (artifact id: 'ffeb5f38d3df7747509a573afe6661b7') in 0.139321 seconds 
========================================================================
Received Import Request.
  Time since last request: 0.000032 seconds.
  path: Assets/PolygonSciFiCity/Prefabs/Props/SM_Prop_Crate_02.prefab
  artifactKey: Guid(71cd22b8bb52e62449fd0023abb58750) Importer(815301076,1909f56bfc062723c751e8b465ee728b)
Start importing Assets/PolygonSciFiCity/Prefabs/Props/SM_Prop_Crate_02.prefab using Guid(71cd22b8bb52e62449fd0023abb58750) Importer(815301076,1909f56bfc062723c751e8b465ee728b)  -> (artifact id: 'cd6cf04cdc97721fe6e9e95d4e533b3d') in 0.146782 seconds 
========================================================================
Received Import Request.
  Time since last request: 0.000022 seconds.
  path: Assets/PolygonSciFiCity/Prefabs/Props/SM_Prop_Drone_Ball_01.prefab
  artifactKey: Guid(5d594cd7305e4cc49bcb17f30167185a) Importer(815301076,1909f56bfc062723c751e8b465ee728b)
Start importing Assets/PolygonSciFiCity/Prefabs/Props/SM_Prop_Drone_Ball_01.prefab using Guid(5d594cd7305e4cc49bcb17f30167185a) Importer(815301076,1909f56bfc062723c751e8b465ee728b)  -> (artifact id: 'f9ff12004dd35f88b38b91d8384ebe07') in 0.140436 seconds 
========================================================================
Received Import Request.
  Time since last request: 0.000025 seconds.
  path: Assets/PolygonSciFiCity/Prefabs/Props/SM_Prop_Door_04.prefab
  artifactKey: Guid(b532cb4afb82ac04c91e8cf9b388266f) Importer(815301076,1909f56bfc062723c751e8b465ee728b)
Start importing Assets/PolygonSciFiCity/Prefabs/Props/SM_Prop_Door_04.prefab using Guid(b532cb4afb82ac04c91e8cf9b388266f) Importer(815301076,1909f56bfc062723c751e8b465ee728b)  -> (artifact id: 'adff648117d7982df000e39ae4ccdeb1') in 0.134906 seconds 
========================================================================
Received Import Request.
  Time since last request: 0.000059 seconds.
  path: Assets/PolygonSciFiCity/Prefabs/Props/SM_Prop_DeadZub_02.prefab
  artifactKey: Guid(c2e979821c92f724d9c34f8fbe52e0e2) Importer(815301076,1909f56bfc062723c751e8b465ee728b)
Start importing Assets/PolygonSciFiCity/Prefabs/Props/SM_Prop_DeadZub_02.prefab using Guid(c2e979821c92f724d9c34f8fbe52e0e2) Importer(815301076,1909f56bfc062723c751e8b465ee728b)  -> (artifact id: 'a7aa956ab3ea8ee8d7b658e347d2c303') in 0.142277 seconds 
========================================================================
Received Import Request.
  Time since last request: 0.000019 seconds.
  path: Assets/PolygonSciFiCity/Prefabs/Props/SM_Prop_Crate_03.prefab
  artifactKey: Guid(abc342a947c02fe42b97460526b073e4) Importer(815301076,1909f56bfc062723c751e8b465ee728b)
Start importing Assets/PolygonSciFiCity/Prefabs/Props/SM_Prop_Crate_03.prefab using Guid(abc342a947c02fe42b97460526b073e4) Importer(815301076,1909f56bfc062723c751e8b465ee728b)  -> (artifact id: 'ab1da55519a9b7a1d318a96a8bdb2b7c') in 0.139995 seconds 
========================================================================
Received Import Request.
  Time since last request: 0.000109 seconds.
  path: Assets/PolygonSciFiCity/Prefabs/Props/SM_Prop_FoodTray_04.prefab
  artifactKey: Guid(636fb01b6b0e031418f4a433d89e6992) Importer(815301076,1909f56bfc062723c751e8b465ee728b)
Start importing Assets/PolygonSciFiCity/Prefabs/Props/SM_Prop_FoodTray_04.prefab using Guid(636fb01b6b0e031418f4a433d89e6992) Importer(815301076,1909f56bfc062723c751e8b465ee728b)  -> (artifact id: '94dc3eeb7239713d531ae270808f0c40') in 0.140258 seconds 
========================================================================
Received Import Request.
  Time since last request: 0.000039 seconds.
  path: Assets/PolygonSciFiCity/Prefabs/Props/SM_Prop_Crate_04.prefab
  artifactKey: Guid(3b6822620dff24e4f9c2c71a04fd47e0) Importer(815301076,1909f56bfc062723c751e8b465ee728b)
Start importing Assets/PolygonSciFiCity/Prefabs/Props/SM_Prop_Crate_04.prefab using Guid(3b6822620dff24e4f9c2c71a04fd47e0) Importer(815301076,1909f56bfc062723c751e8b465ee728b)  -> (artifact id: '2e2a9c400c436569f9380267d4f51396') in 0.143660 seconds 
========================================================================
Received Import Request.
  Time since last request: 0.000025 seconds.
  path: Assets/PolygonSciFiCity/Prefabs/Props/SM_Prop_Disc_01.prefab
  artifactKey: Guid(8bc8742899e21924a89184460406342f) Importer(815301076,1909f56bfc062723c751e8b465ee728b)
Start importing Assets/PolygonSciFiCity/Prefabs/Props/SM_Prop_Disc_01.prefab using Guid(8bc8742899e21924a89184460406342f) Importer(815301076,1909f56bfc062723c751e8b465ee728b)  -> (artifact id: 'cfe8d1f42ed7b61ee0b6d668de2180ff') in 0.143771 seconds 
========================================================================
Received Import Request.
  Time since last request: 0.000028 seconds.
  path: Assets/PolygonSciFiCity/Prefabs/Props/SM_Prop_Crate_Military_02.prefab
  artifactKey: Guid(06128526e98616140acd6dde88d0f1dc) Importer(815301076,1909f56bfc062723c751e8b465ee728b)
Start importing Assets/PolygonSciFiCity/Prefabs/Props/SM_Prop_Crate_Military_02.prefab using Guid(06128526e98616140acd6dde88d0f1dc) Importer(815301076,1909f56bfc062723c751e8b465ee728b)  -> (artifact id: '34c2256b5ac2121281a9dcaf5cc011a8') in 0.135017 seconds 
========================================================================
Received Import Request.
  Time since last request: 0.000035 seconds.
  path: Assets/PolygonSciFiCity/Prefabs/Props/SM_Prop_Hologram_Bottle_02.prefab
  artifactKey: Guid(20ce11b57cae03a4d87f17a803c49111) Importer(815301076,1909f56bfc062723c751e8b465ee728b)
Start importing Assets/PolygonSciFiCity/Prefabs/Props/SM_Prop_Hologram_Bottle_02.prefab using Guid(20ce11b57cae03a4d87f17a803c49111) Importer(815301076,1909f56bfc062723c751e8b465ee728b)  -> (artifact id: '9b9622e18bfd9163f4ba132fd586693e') in 0.125594 seconds 
========================================================================
Received Import Request.
  Time since last request: 0.000022 seconds.
  path: Assets/PolygonSciFiCity/Prefabs/Props/SM_Prop_FoodTray_03.prefab
  artifactKey: Guid(65d941e3e5f97694a8565bc553c899db) Importer(815301076,1909f56bfc062723c751e8b465ee728b)
Start importing Assets/PolygonSciFiCity/Prefabs/Props/SM_Prop_FoodTray_03.prefab using Guid(65d941e3e5f97694a8565bc553c899db) Importer(815301076,1909f56bfc062723c751e8b465ee728b)  -> (artifact id: 'addaf4a48558e3aaef88d9f1159546f2') in 0.140533 seconds 
========================================================================
Received Import Request.
  Time since last request: 0.000023 seconds.
  path: Assets/PolygonSciFiCity/Prefabs/Props/SM_Prop_Food_01.prefab
  artifactKey: Guid(83320064da93aae48a240f62dbb1b4f7) Importer(815301076,1909f56bfc062723c751e8b465ee728b)
Start importing Assets/PolygonSciFiCity/Prefabs/Props/SM_Prop_Food_01.prefab using Guid(83320064da93aae48a240f62dbb1b4f7) Importer(815301076,1909f56bfc062723c751e8b465ee728b)  -> (artifact id: '500d42c74cfbb73f6643f8d4a0f823e0') in 0.133629 seconds 
========================================================================
Received Import Request.
  Time since last request: 0.000035 seconds.
  path: Assets/PolygonSciFiCity/Prefabs/Props/SM_Prop_FoodTray_02.prefab
  artifactKey: Guid(2fd2487a59257a74492e0db8b42539ab) Importer(815301076,1909f56bfc062723c751e8b465ee728b)
Start importing Assets/PolygonSciFiCity/Prefabs/Props/SM_Prop_FoodTray_02.prefab using Guid(2fd2487a59257a74492e0db8b42539ab) Importer(815301076,1909f56bfc062723c751e8b465ee728b)  -> (artifact id: 'f8971ee1bb9235cbbb5a0d6239eb1237') in 0.145815 seconds 
========================================================================
Received Import Request.
  Time since last request: 0.000023 seconds.
  path: Assets/PolygonSciFiCity/Prefabs/Props/SM_Prop_Drone_01.prefab
  artifactKey: Guid(dbf6bcdd65b2193449fd6ca552a72b95) Importer(815301076,1909f56bfc062723c751e8b465ee728b)
Start importing Assets/PolygonSciFiCity/Prefabs/Props/SM_Prop_Drone_01.prefab using Guid(dbf6bcdd65b2193449fd6ca552a72b95) Importer(815301076,1909f56bfc062723c751e8b465ee728b)  -> (artifact id: 'bd13e9a3365a0c63bb4e53a058e8f1bf') in 0.141034 seconds 
========================================================================
Received Import Request.
  Time since last request: 184.153418 seconds.
  path: Assets/PolygonSciFiCity/Prefabs/Weapons/SM_Wep_Ammo_Battery_01.prefab
  artifactKey: Guid(1ae71e54124e7764ba9bedc951cc983d) Importer(815301076,1909f56bfc062723c751e8b465ee728b)
Start importing Assets/PolygonSciFiCity/Prefabs/Weapons/SM_Wep_Ammo_Battery_01.prefab using Guid(1ae71e54124e7764ba9bedc951cc983d) Importer(815301076,1909f56bfc062723c751e8b465ee728b)  -> (artifact id: '4cb1361d918129452dd8fbf3427e141e') in 0.149644 seconds 
========================================================================
Received Import Request.
  Time since last request: 0.000034 seconds.
  path: Assets/PolygonSciFiCity/Prefabs/Weapons/SM_Wep_Rifle_Plasma_01.prefab
  artifactKey: Guid(3e96d23e349576148aa0ea21273851c6) Importer(815301076,1909f56bfc062723c751e8b465ee728b)
Start importing Assets/PolygonSciFiCity/Prefabs/Weapons/SM_Wep_Rifle_Plasma_01.prefab using Guid(3e96d23e349576148aa0ea21273851c6) Importer(815301076,1909f56bfc062723c751e8b465ee728b)  -> (artifact id: 'cb10f2f84fbbdc97aa830d011fc07e61') in 0.157901 seconds 
========================================================================
Received Import Request.
  Time since last request: 0.000043 seconds.
  path: Assets/PolygonSciFiCity/Prefabs/Weapons/SM_Wep_Knife_01.prefab
  artifactKey: Guid(8b5900c6b38f5354c8f4b32582f6608c) Importer(815301076,1909f56bfc062723c751e8b465ee728b)
Start importing Assets/PolygonSciFiCity/Prefabs/Weapons/SM_Wep_Knife_01.prefab using Guid(8b5900c6b38f5354c8f4b32582f6608c) Importer(815301076,1909f56bfc062723c751e8b465ee728b)  -> (artifact id: 'cda45bda979993554901c89c182c2031') in 0.140975 seconds 
========================================================================
Received Import Request.
  Time since last request: 0.000019 seconds.
  path: Assets/PolygonSciFiCity/Prefabs/Weapons/SM_Wep_Attachment_Ironsight_02.prefab
  artifactKey: Guid(477ef6062d5db484196559d23db6fa20) Importer(815301076,1909f56bfc062723c751e8b465ee728b)
Start importing Assets/PolygonSciFiCity/Prefabs/Weapons/SM_Wep_Attachment_Ironsight_02.prefab using Guid(477ef6062d5db484196559d23db6fa20) Importer(815301076,1909f56bfc062723c751e8b465ee728b)  -> (artifact id: '6ae4a7911034ab0f52f00e97fa020c8f') in 0.126197 seconds 
========================================================================
Received Import Request.
  Time since last request: 0.000026 seconds.
  path: Assets/PolygonSciFiCity/Prefabs/Weapons/SM_Wep_Attachment_Silencer_01.prefab
  artifactKey: Guid(17e0e9ad16bb2134691e8480a2a7f6aa) Importer(815301076,1909f56bfc062723c751e8b465ee728b)
Start importing Assets/PolygonSciFiCity/Prefabs/Weapons/SM_Wep_Attachment_Silencer_01.prefab using Guid(17e0e9ad16bb2134691e8480a2a7f6aa) Importer(815301076,1909f56bfc062723c751e8b465ee728b)  -> (artifact id: '58c3ee683ee3bd9c8644eb3fd971b1f0') in 0.149006 seconds 
========================================================================
Received Import Request.
  Time since last request: 0.000039 seconds.
  path: Assets/PolygonSciFiCity/Prefabs/Weapons/SM_Wep_Attachment_Ironsight_03.prefab
  artifactKey: Guid(32c9b2d9f455fc34a91aa236d5ce2f84) Importer(815301076,1909f56bfc062723c751e8b465ee728b)
Start importing Assets/PolygonSciFiCity/Prefabs/Weapons/SM_Wep_Attachment_Ironsight_03.prefab using Guid(32c9b2d9f455fc34a91aa236d5ce2f84) Importer(815301076,1909f56bfc062723c751e8b465ee728b)  -> (artifact id: 'dc4e2e331bfd09303cf45d7b64344555') in 0.149821 seconds 
========================================================================
Received Import Request.
  Time since last request: 0.000026 seconds.
  path: Assets/PolygonSciFiCity/Prefabs/Weapons/SM_Wep_Attachment_Bipod_01.prefab
  artifactKey: Guid(e1c9d5bbcf15e794193db7573994034d) Importer(815301076,1909f56bfc062723c751e8b465ee728b)
Start importing Assets/PolygonSciFiCity/Prefabs/Weapons/SM_Wep_Attachment_Bipod_01.prefab using Guid(e1c9d5bbcf15e794193db7573994034d) Importer(815301076,1909f56bfc062723c751e8b465ee728b)  -> (artifact id: 'e3c576250e020a16e91ce5fcb08b1ac3') in 0.137845 seconds 
========================================================================
Received Import Request.
  Time since last request: 0.000026 seconds.
  path: Assets/PolygonSciFiCity/Prefabs/Weapons/SM_Wep_Attachment_Handle_Scope_02.prefab
  artifactKey: Guid(7d3b64a6e22bb5348b45c2a860dc8689) Importer(815301076,1909f56bfc062723c751e8b465ee728b)
Start importing Assets/PolygonSciFiCity/Prefabs/Weapons/SM_Wep_Attachment_Handle_Scope_02.prefab using Guid(7d3b64a6e22bb5348b45c2a860dc8689) Importer(815301076,1909f56bfc062723c751e8b465ee728b)  -> (artifact id: '638d888a8548fb399dc5986ccd1ac4a1') in 0.140771 seconds 
========================================================================
Received Import Request.
  Time since last request: 0.000035 seconds.
  path: Assets/PolygonSciFiCity/Prefabs/Weapons/SM_Wep_Mag_Round_01.prefab
  artifactKey: Guid(907bc1280c523e64ebb593f7eade5c97) Importer(815301076,1909f56bfc062723c751e8b465ee728b)
Start importing Assets/PolygonSciFiCity/Prefabs/Weapons/SM_Wep_Mag_Round_01.prefab using Guid(907bc1280c523e64ebb593f7eade5c97) Importer(815301076,1909f56bfc062723c751e8b465ee728b)  -> (artifact id: '90fd4b5753787ea0302851316877dd4d') in 0.143094 seconds 
========================================================================
Received Import Request.
  Time since last request: 0.000032 seconds.
  path: Assets/PolygonSciFiCity/Prefabs/Weapons/SM_Wep_Rifle_Plasma_03.prefab
  artifactKey: Guid(db70f51fdeb1db14baa5dd2b17949ebb) Importer(815301076,1909f56bfc062723c751e8b465ee728b)
Start importing Assets/PolygonSciFiCity/Prefabs/Weapons/SM_Wep_Rifle_Plasma_03.prefab using Guid(db70f51fdeb1db14baa5dd2b17949ebb) Importer(815301076,1909f56bfc062723c751e8b465ee728b)  -> (artifact id: '5ce24033ee45425ad88ba65403f16d02') in 0.146852 seconds 
========================================================================
Received Import Request.
  Time since last request: 0.000033 seconds.
  path: Assets/PolygonSciFiCity/Prefabs/Weapons/SM_Wep_Mag_01.prefab
  artifactKey: Guid(9e1f72efcf98d9844bc66cb0cf97d4ea) Importer(815301076,1909f56bfc062723c751e8b465ee728b)
Start importing Assets/PolygonSciFiCity/Prefabs/Weapons/SM_Wep_Mag_01.prefab using Guid(9e1f72efcf98d9844bc66cb0cf97d4ea) Importer(815301076,1909f56bfc062723c751e8b465ee728b)  -> (artifact id: '6cf13ff477b7d31fc7c028ae189ff39e') in 0.142145 seconds 
========================================================================
Received Import Request.
  Time since last request: 0.000031 seconds.
  path: Assets/PolygonSciFiCity/Prefabs/Weapons/SM_Wep_Attachment_Redot_03.prefab
  artifactKey: Guid(e772824fc50c6814a91275c715d1271b) Importer(815301076,1909f56bfc062723c751e8b465ee728b)
Start importing Assets/PolygonSciFiCity/Prefabs/Weapons/SM_Wep_Attachment_Redot_03.prefab using Guid(e772824fc50c6814a91275c715d1271b) Importer(815301076,1909f56bfc062723c751e8b465ee728b)  -> (artifact id: 'b866b6d0bdf1197773492371884c4edf') in 0.141470 seconds 
========================================================================
Received Import Request.
  Time since last request: 0.000021 seconds.
  path: Assets/PolygonSciFiCity/Prefabs/Weapons/SM_Wep_Rifle_Small_01.prefab
  artifactKey: Guid(32ba3ed6691c8c04392a66ea113f42c1) Importer(815301076,1909f56bfc062723c751e8b465ee728b)
Start importing Assets/PolygonSciFiCity/Prefabs/Weapons/SM_Wep_Rifle_Small_01.prefab using Guid(32ba3ed6691c8c04392a66ea113f42c1) Importer(815301076,1909f56bfc062723c751e8b465ee728b)  -> (artifact id: '25a427cf309d2e48dcd00f005b21791e') in 0.132423 seconds 
========================================================================
Received Import Request.
  Time since last request: 0.000026 seconds.
  path: Assets/PolygonSciFiCity/Prefabs/Weapons/SM_Wep_Grenade_Stun_01.prefab
  artifactKey: Guid(e8a5ce5cdf200c741a60c436ff878752) Importer(815301076,1909f56bfc062723c751e8b465ee728b)
Start importing Assets/PolygonSciFiCity/Prefabs/Weapons/SM_Wep_Grenade_Stun_01.prefab using Guid(e8a5ce5cdf200c741a60c436ff878752) Importer(815301076,1909f56bfc062723c751e8b465ee728b)  -> (artifact id: '99c2418457f7dc72f92be73e3eb23b76') in 0.138555 seconds 
========================================================================
Received Import Request.
  Time since last request: 0.000038 seconds.
  path: Assets/PolygonSciFiCity/Prefabs/Weapons/SM_Wep_Attachment_Ironsight_01.prefab
  artifactKey: Guid(8e00e9aec3ab3874daff29dbba5141a0) Importer(815301076,1909f56bfc062723c751e8b465ee728b)
Start importing Assets/PolygonSciFiCity/Prefabs/Weapons/SM_Wep_Attachment_Ironsight_01.prefab using Guid(8e00e9aec3ab3874daff29dbba5141a0) Importer(815301076,1909f56bfc062723c751e8b465ee728b)  -> (artifact id: '356bed792c9fe690d75c3f10bb334aed') in 0.137748 seconds 
========================================================================
Received Import Request.
  Time since last request: 0.000029 seconds.
  path: Assets/PolygonSciFiCity/Prefabs/Weapons/SM_Wep_Attachment_Redot_01.prefab
  artifactKey: Guid(fef455933a0c9d04fb9fa32cb19e9129) Importer(815301076,1909f56bfc062723c751e8b465ee728b)
Start importing Assets/PolygonSciFiCity/Prefabs/Weapons/SM_Wep_Attachment_Redot_01.prefab using Guid(fef455933a0c9d04fb9fa32cb19e9129) Importer(815301076,1909f56bfc062723c751e8b465ee728b)  -> (artifact id: '7c1dee9ca6880a0454289381c3d172f4') in 0.133712 seconds 
========================================================================
Received Import Request.
  Time since last request: 0.000020 seconds.
  path: Assets/PolygonSciFiCity/Prefabs/Weapons/SM_Wep_Grenade_HE_01.prefab
  artifactKey: Guid(f7fc2ebbb12cfbe42bcc7390b83794ce) Importer(815301076,1909f56bfc062723c751e8b465ee728b)
Start importing Assets/PolygonSciFiCity/Prefabs/Weapons/SM_Wep_Grenade_HE_01.prefab using Guid(f7fc2ebbb12cfbe42bcc7390b83794ce) Importer(815301076,1909f56bfc062723c751e8b465ee728b)  -> (artifact id: 'f03780f54394724a116c08892047b65a') in 0.142450 seconds 
========================================================================
Received Import Request.
  Time since last request: 0.000035 seconds.
  path: Assets/PolygonSciFiCity/Prefabs/Weapons/SM_Wep_Attachment_Handle_Scope_01.prefab
  artifactKey: Guid(6953eab140401214f8c2c639514a36f2) Importer(815301076,1909f56bfc062723c751e8b465ee728b)
Start importing Assets/PolygonSciFiCity/Prefabs/Weapons/SM_Wep_Attachment_Handle_Scope_01.prefab using Guid(6953eab140401214f8c2c639514a36f2) Importer(815301076,1909f56bfc062723c751e8b465ee728b)  -> (artifact id: 'f14cedb7e8e9b0ad24c4f8cb088b39a0') in 0.155576 seconds 
========================================================================
Received Import Request.
  Time since last request: 0.000022 seconds.
  path: Assets/PolygonSciFiCity/Prefabs/Weapons/SM_Wep_Attachment_Redot_02.prefab
  artifactKey: Guid(03bfb00892e9d9e4d833e7f75e14605e) Importer(815301076,1909f56bfc062723c751e8b465ee728b)
Start importing Assets/PolygonSciFiCity/Prefabs/Weapons/SM_Wep_Attachment_Redot_02.prefab using Guid(03bfb00892e9d9e4d833e7f75e14605e) Importer(815301076,1909f56bfc062723c751e8b465ee728b)  -> (artifact id: '31e8d657573e338adbb67031ef4a4069') in 0.127647 seconds 
========================================================================
Received Import Request.
  Time since last request: 0.000024 seconds.
  path: Assets/PolygonSciFiCity/Prefabs/Weapons/SM_Wep_Sniper_Scope_03.prefab
  artifactKey: Guid(ce7dd31e70ae5f34aa7456b7d4994da8) Importer(815301076,1909f56bfc062723c751e8b465ee728b)
Start importing Assets/PolygonSciFiCity/Prefabs/Weapons/SM_Wep_Sniper_Scope_03.prefab using Guid(ce7dd31e70ae5f34aa7456b7d4994da8) Importer(815301076,1909f56bfc062723c751e8b465ee728b)  -> (artifact id: '1977e53cc15bec05f66574ab8e42eb50') in 0.144105 seconds 
========================================================================
Received Import Request.
  Time since last request: 0.000039 seconds.
  path: Assets/PolygonSciFiCity/Prefabs/Weapons/SM_Wep_SMG_01.prefab
  artifactKey: Guid(efc3256d7acac2b40b61bef021f0c366) Importer(815301076,1909f56bfc062723c751e8b465ee728b)
Start importing Assets/PolygonSciFiCity/Prefabs/Weapons/SM_Wep_SMG_01.prefab using Guid(efc3256d7acac2b40b61bef021f0c366) Importer(815301076,1909f56bfc062723c751e8b465ee728b)  -> (artifact id: '842cf0764e5dadc1d7b5b19452247dbd') in 0.140005 seconds 
========================================================================
Received Import Request.
  Time since last request: 0.000019 seconds.
  path: Assets/PolygonSciFiCity/Prefabs/Weapons/SM_Wep_Shotgun_Plasma_01.prefab
  artifactKey: Guid(63a05b38d307b10488a7ebbb73b7f178) Importer(815301076,1909f56bfc062723c751e8b465ee728b)
Start importing Assets/PolygonSciFiCity/Prefabs/Weapons/SM_Wep_Shotgun_Plasma_01.prefab using Guid(63a05b38d307b10488a7ebbb73b7f178) Importer(815301076,1909f56bfc062723c751e8b465ee728b)  -> (artifact id: 'd0aa4d4088d00896d0e94ce924d6ad56') in 0.133351 seconds 
========================================================================
Received Import Request.
  Time since last request: 0.000028 seconds.
  path: Assets/PolygonSciFiCity/Prefabs/Weapons/SM_Wep_MachinePistol_Gen2_01.prefab
  artifactKey: Guid(724a05e511db5fa418277d5c2270f07d) Importer(815301076,1909f56bfc062723c751e8b465ee728b)
Start importing Assets/PolygonSciFiCity/Prefabs/Weapons/SM_Wep_MachinePistol_Gen2_01.prefab using Guid(724a05e511db5fa418277d5c2270f07d) Importer(815301076,1909f56bfc062723c751e8b465ee728b)  -> (artifact id: '94e535de6a4c3356c409e5cd44ad98be') in 0.145796 seconds 
========================================================================
Received Import Request.
  Time since last request: 0.000058 seconds.
  path: Assets/PolygonSciFiCity/Prefabs/Weapons/SM_Wep_Rifle_Plasma_02.prefab
  artifactKey: Guid(3abf3feda535b8b42a4b04a2d86c5a3c) Importer(815301076,1909f56bfc062723c751e8b465ee728b)
Start importing Assets/PolygonSciFiCity/Prefabs/Weapons/SM_Wep_Rifle_Plasma_02.prefab using Guid(3abf3feda535b8b42a4b04a2d86c5a3c) Importer(815301076,1909f56bfc062723c751e8b465ee728b)  -> (artifact id: 'a607f4c1b5b6ec808df5b825e640a8c0') in 0.142050 seconds 
========================================================================
Received Import Request.
  Time since last request: 0.000032 seconds.
  path: Assets/PolygonSciFiCity/Prefabs/Weapons/SM_Wep_Rifle_Base_01.prefab
  artifactKey: Guid(4f59791116191f444a9238c811769c9a) Importer(815301076,1909f56bfc062723c751e8b465ee728b)
Start importing Assets/PolygonSciFiCity/Prefabs/Weapons/SM_Wep_Rifle_Base_01.prefab using Guid(4f59791116191f444a9238c811769c9a) Importer(815301076,1909f56bfc062723c751e8b465ee728b)  -> (artifact id: 'df4f26edce7f7044d25311ffc8e9390a') in 0.144340 seconds 
========================================================================
Received Import Request.
  Time since last request: 0.000033 seconds.
  path: Assets/PolygonSciFiCity/Prefabs/Weapons/SM_Wep_Attachment_Laser_01.prefab
  artifactKey: Guid(c8d8c1e303073c242afc526d679f61ee) Importer(815301076,1909f56bfc062723c751e8b465ee728b)
Start importing Assets/PolygonSciFiCity/Prefabs/Weapons/SM_Wep_Attachment_Laser_01.prefab using Guid(c8d8c1e303073c242afc526d679f61ee) Importer(815301076,1909f56bfc062723c751e8b465ee728b)  -> (artifact id: 'aec0a185837cab1ed93c2b1d79258414') in 0.136790 seconds 
========================================================================
Received Import Request.
  Time since last request: 0.000032 seconds.
  path: Assets/PolygonSciFiCity/Prefabs/Weapons/SM_Wep_Attachment_Rack_02.prefab
  artifactKey: Guid(58b76a138e3b97243889d542ff38c00d) Importer(815301076,1909f56bfc062723c751e8b465ee728b)
Start importing Assets/PolygonSciFiCity/Prefabs/Weapons/SM_Wep_Attachment_Rack_02.prefab using Guid(58b76a138e3b97243889d542ff38c00d) Importer(815301076,1909f56bfc062723c751e8b465ee728b)  -> (artifact id: '40f717fdd0b715b5a45c4f1497c18e26') in 0.139897 seconds 
========================================================================
Received Import Request.
  Time since last request: 0.000025 seconds.
  path: Assets/PolygonSciFiCity/Prefabs/Weapons/SM_Wep_Sniper_Plasma_02.prefab
  artifactKey: Guid(923b6c3e31fda8d4eb5f08636fa3c38f) Importer(815301076,1909f56bfc062723c751e8b465ee728b)
Start importing Assets/PolygonSciFiCity/Prefabs/Weapons/SM_Wep_Sniper_Plasma_02.prefab using Guid(923b6c3e31fda8d4eb5f08636fa3c38f) Importer(815301076,1909f56bfc062723c751e8b465ee728b)  -> (artifact id: 'b695b392a9ed8bd6176c5f8e04277e48') in 0.157891 seconds 
========================================================================
Received Import Request.
  Time since last request: 0.000048 seconds.
  path: Assets/PolygonSciFiCity/Prefabs/Weapons/SM_Wep_Syringe_Gun_01.prefab
  artifactKey: Guid(d9de82ecdd3d01b4d9f2e15be36b3554) Importer(815301076,1909f56bfc062723c751e8b465ee728b)
Start importing Assets/PolygonSciFiCity/Prefabs/Weapons/SM_Wep_Syringe_Gun_01.prefab using Guid(d9de82ecdd3d01b4d9f2e15be36b3554) Importer(815301076,1909f56bfc062723c751e8b465ee728b)  -> (artifact id: '0ce6756a53f093fb1d17ef585e3de312') in 0.167867 seconds 
========================================================================
Received Import Request.
  Time since last request: 0.000036 seconds.
  path: Assets/PolygonSciFiCity/Prefabs/Weapons/SM_Wep_Attachment_Handle_01.prefab
  artifactKey: Guid(546c110fa65a2dc419a0f3ddb9ee6bb1) Importer(815301076,1909f56bfc062723c751e8b465ee728b)
Start importing Assets/PolygonSciFiCity/Prefabs/Weapons/SM_Wep_Attachment_Handle_01.prefab using Guid(546c110fa65a2dc419a0f3ddb9ee6bb1) Importer(815301076,1909f56bfc062723c751e8b465ee728b)  -> (artifact id: '23bca735ef5c5bd3ac21d7d9516283c4') in 0.142734 seconds 
========================================================================
Received Import Request.
  Time since last request: 5.307910 seconds.
  path: Assets/PolygonSciFiCity/Textures/Billboards.png
  artifactKey: Guid(38a598abad0b85e46b9cae203fb2f6b2) Importer(815301076,1909f56bfc062723c751e8b465ee728b)
Start importing Assets/PolygonSciFiCity/Textures/Billboards.png using Guid(38a598abad0b85e46b9cae203fb2f6b2) Importer(815301076,1909f56bfc062723c751e8b465ee728b)  -> (artifact id: '8b788420ac627a9ef80b2c153f5febaa') in 0.060305 seconds 
========================================================================
Received Import Request.
  Time since last request: 0.000023 seconds.
  path: Assets/PolygonSciFiCity/Textures/PolygonScifi_Emissive_04.png
  artifactKey: Guid(6a44ed97f7b057649bc6f755bbd74f25) Importer(815301076,1909f56bfc062723c751e8b465ee728b)
Start importing Assets/PolygonSciFiCity/Textures/PolygonScifi_Emissive_04.png using Guid(6a44ed97f7b057649bc6f755bbd74f25) Importer(815301076,1909f56bfc062723c751e8b465ee728b)  -> (artifact id: 'c74001e85e71adc52356f92949a66fab') in 0.050983 seconds 
========================================================================
Received Import Request.
  Time since last request: 0.000029 seconds.
  path: Assets/PolygonSciFiCity/Textures/Planet_Texure_02.png
  artifactKey: Guid(4dc22bc02a998ff44bd9d38be323c79a) Importer(815301076,1909f56bfc062723c751e8b465ee728b)
Start importing Assets/PolygonSciFiCity/Textures/Planet_Texure_02.png using Guid(4dc22bc02a998ff44bd9d38be323c79a) Importer(815301076,1909f56bfc062723c751e8b465ee728b)  -> (artifact id: 'ca031d262ea610810984f39101fd04b8') in 0.032119 seconds 
========================================================================
Received Import Request.
  Time since last request: 0.000027 seconds.
  path: Assets/PolygonSciFiCity/Textures/PolygonScifi_Emissive_02.png
  artifactKey: Guid(0ca4f5c02fb21944dad765efdebf6da7) Importer(815301076,1909f56bfc062723c751e8b465ee728b)
Start importing Assets/PolygonSciFiCity/Textures/PolygonScifi_Emissive_02.png using Guid(0ca4f5c02fb21944dad765efdebf6da7) Importer(815301076,1909f56bfc062723c751e8b465ee728b)  -> (artifact id: '71b456fde5aeaf4ac8617d2bc9e2a702') in 0.049194 seconds 
========================================================================
Received Import Request.
  Time since last request: 0.000017 seconds.
  path: Assets/PolygonSciFiCity/Textures/LineTex 2.png
  artifactKey: Guid(03a7d169469c1af41bb03241a7b7e23d) Importer(815301076,1909f56bfc062723c751e8b465ee728b)
Start importing Assets/PolygonSciFiCity/Textures/LineTex 2.png using Guid(03a7d169469c1af41bb03241a7b7e23d) Importer(815301076,1909f56bfc062723c751e8b465ee728b)  -> (artifact id: '0927c10b87aca1d1b84bed813c761fd8') in 0.025556 seconds 
========================================================================
Received Import Request.
  Time since last request: 0.000021 seconds.
  path: Assets/PolygonSciFiCity/Textures/PolygonSciFiCity_Texture_Metallic.tga
  artifactKey: Guid(52f98fc3797b66443b95229635266011) Importer(815301076,1909f56bfc062723c751e8b465ee728b)
Start importing Assets/PolygonSciFiCity/Textures/PolygonSciFiCity_Texture_Metallic.tga using Guid(52f98fc3797b66443b95229635266011) Importer(815301076,1909f56bfc062723c751e8b465ee728b)  -> (artifact id: '132037834bfe191e7455a81c5c3962b7') in 0.048595 seconds 
========================================================================
Received Import Request.
  Time since last request: 0.000018 seconds.
  path: Assets/PolygonSciFiCity/Textures/Flash_Explosion.png
  artifactKey: Guid(f3b37575335bb3a4185571574378bb12) Importer(815301076,1909f56bfc062723c751e8b465ee728b)
Start importing Assets/PolygonSciFiCity/Textures/Flash_Explosion.png using Guid(f3b37575335bb3a4185571574378bb12) Importer(815301076,1909f56bfc062723c751e8b465ee728b)  -> (artifact id: '5d8f4d315cb1146bbc882cfdad5397d5') in 0.014686 seconds 
========================================================================
Received Import Request.
  Time since last request: 0.000023 seconds.
  path: Assets/PolygonSciFiCity/Textures/PolygonScifi_Emissive_01.png
  artifactKey: Guid(f31e15c1060870d4196e7875363cbb5d) Importer(815301076,1909f56bfc062723c751e8b465ee728b)
Start importing Assets/PolygonSciFiCity/Textures/PolygonScifi_Emissive_01.png using Guid(f31e15c1060870d4196e7875363cbb5d) Importer(815301076,1909f56bfc062723c751e8b465ee728b)  -> (artifact id: '4f60200c59f393a198172fd542bc5418') in 0.040166 seconds 
========================================================================
Received Import Request.
  Time since last request: 0.000017 seconds.
  path: Assets/PolygonSciFiCity/Textures/PolygonScifi_Emissive_03.png
  artifactKey: Guid(424a0c6a606875f458ef942536696cd1) Importer(815301076,1909f56bfc062723c751e8b465ee728b)
Start importing Assets/PolygonSciFiCity/Textures/PolygonScifi_Emissive_03.png using Guid(424a0c6a606875f458ef942536696cd1) Importer(815301076,1909f56bfc062723c751e8b465ee728b)  -> (artifact id: '2e8f38e772cf9b6d8381a66cf718ada4') in 0.039234 seconds 
========================================================================
Received Import Request.
  Time since last request: 51.777440 seconds.
  path: Assets/PolygonSciFiCity/Prefabs/Vehicles/SM_Veh_Armored_Truck_01.prefab
  artifactKey: Guid(34706970fd8733440a9c0f23206a856e) Importer(815301076,1909f56bfc062723c751e8b465ee728b)
Start importing Assets/PolygonSciFiCity/Prefabs/Vehicles/SM_Veh_Armored_Truck_01.prefab using Guid(34706970fd8733440a9c0f23206a856e) Importer(815301076,1909f56bfc062723c751e8b465ee728b)  -> (artifact id: '063cd743d306e34b1892b512981c8a02') in 0.301578 seconds 
========================================================================
Received Import Request.
  Time since last request: 0.000028 seconds.
  path: Assets/PolygonSciFiCity/Prefabs/Vehicles/SM_Veh_Sweepo_01.prefab
  artifactKey: Guid(eb822c0479f72e64ab2bd00f697c795b) Importer(815301076,1909f56bfc062723c751e8b465ee728b)
Start importing Assets/PolygonSciFiCity/Prefabs/Vehicles/SM_Veh_Sweepo_01.prefab using Guid(eb822c0479f72e64ab2bd00f697c795b) Importer(815301076,1909f56bfc062723c751e8b465ee728b)  -> (artifact id: 'f952d0876dbfba0b96ec0e5798056e41') in 0.182825 seconds 
========================================================================
Received Import Request.
  Time since last request: 0.000040 seconds.
  path: Assets/PolygonSciFiCity/Prefabs/Vehicles/SM_Veh_Classic_01_Hover.prefab
  artifactKey: Guid(b1d23a1e853d53f4086ec55a196d057b) Importer(815301076,1909f56bfc062723c751e8b465ee728b)
Start importing Assets/PolygonSciFiCity/Prefabs/Vehicles/SM_Veh_Classic_01_Hover.prefab using Guid(b1d23a1e853d53f4086ec55a196d057b) Importer(815301076,1909f56bfc062723c751e8b465ee728b)  -> (artifact id: 'ce626380153c991e27aab7c296d84bf7') in 0.149450 seconds 
========================================================================
Received Import Request.
  Time since last request: 0.000020 seconds.
  path: Assets/PolygonSciFiCity/Prefabs/Signs/SM_Sign_Ad_31.prefab
  artifactKey: Guid(4f5cff1dda2e3f04b9c2181537d0599a) Importer(815301076,1909f56bfc062723c751e8b465ee728b)
Start importing Assets/PolygonSciFiCity/Prefabs/Signs/SM_Sign_Ad_31.prefab using Guid(4f5cff1dda2e3f04b9c2181537d0599a) Importer(815301076,1909f56bfc062723c751e8b465ee728b)  -> (artifact id: '85b07d8428d19e2c99f5da3f221693ea') in 0.046417 seconds 
========================================================================
Received Import Request.
  Time since last request: 0.000023 seconds.
  path: Assets/PolygonSciFiCity/Prefabs/Signs/SM_Sign_05.prefab
  artifactKey: Guid(77e599b84dfb45149ad300e90e1c4fdd) Importer(815301076,1909f56bfc062723c751e8b465ee728b)
Start importing Assets/PolygonSciFiCity/Prefabs/Signs/SM_Sign_05.prefab using Guid(77e599b84dfb45149ad300e90e1c4fdd) Importer(815301076,1909f56bfc062723c751e8b465ee728b)  -> (artifact id: '6af67839225bc10ceacc378f0c6ecb41') in 0.138703 seconds 
========================================================================
Received Import Request.
  Time since last request: 0.000024 seconds.
  path: Assets/PolygonSciFiCity/Prefabs/Signs/SM_Sign_Billboard_Border_04.prefab
  artifactKey: Guid(319ab15a81df9bd45874594a551a1e5e) Importer(815301076,1909f56bfc062723c751e8b465ee728b)
Start importing Assets/PolygonSciFiCity/Prefabs/Signs/SM_Sign_Billboard_Border_04.prefab using Guid(319ab15a81df9bd45874594a551a1e5e) Importer(815301076,1909f56bfc062723c751e8b465ee728b)  -> (artifact id: '1f04046d6f7b2a1fd7bd98c8bee3b47f') in 0.136553 seconds 
========================================================================
Received Import Request.
  Time since last request: 0.000034 seconds.
  path: Assets/PolygonSciFiCity/Prefabs/Signs/SM_Sign_Ad_12.prefab
  artifactKey: Guid(8d170e43fac3efa4b9cb032c3f873663) Importer(815301076,1909f56bfc062723c751e8b465ee728b)
Start importing Assets/PolygonSciFiCity/Prefabs/Signs/SM_Sign_Ad_12.prefab using Guid(8d170e43fac3efa4b9cb032c3f873663) Importer(815301076,1909f56bfc062723c751e8b465ee728b)  -> (artifact id: 'a46deae14886a1b2d278dadb1bb35280') in 0.048443 seconds 
========================================================================
Received Import Request.
  Time since last request: 0.000020 seconds.
  path: Assets/PolygonSciFiCity/Prefabs/Signs/SM_Sign_Ad_27.prefab
  artifactKey: Guid(9625e12155939f542adbf194f38b1ad3) Importer(815301076,1909f56bfc062723c751e8b465ee728b)
Start importing Assets/PolygonSciFiCity/Prefabs/Signs/SM_Sign_Ad_27.prefab using Guid(9625e12155939f542adbf194f38b1ad3) Importer(815301076,1909f56bfc062723c751e8b465ee728b)  -> (artifact id: '77e1e295afbb58eb5605a716e2f71a0b') in 0.050931 seconds 
========================================================================
Received Import Request.
  Time since last request: 0.000021 seconds.
  path: Assets/PolygonSciFiCity/Prefabs/Signs/SM_Sign_Ad_32.prefab
  artifactKey: Guid(723e499b127f6b546968673b244a7caa) Importer(815301076,1909f56bfc062723c751e8b465ee728b)
Start importing Assets/PolygonSciFiCity/Prefabs/Signs/SM_Sign_Ad_32.prefab using Guid(723e499b127f6b546968673b244a7caa) Importer(815301076,1909f56bfc062723c751e8b465ee728b)  -> (artifact id: '29a5c7006c86568c0fc7c3d437a7685e') in 0.045123 seconds 
========================================================================
Received Import Request.
  Time since last request: 0.000022 seconds.
  path: Assets/PolygonSciFiCity/Prefabs/Signs/SM_Sign_09.prefab
  artifactKey: Guid(e7738282e256b9540920099612ff00d6) Importer(815301076,1909f56bfc062723c751e8b465ee728b)
Start importing Assets/PolygonSciFiCity/Prefabs/Signs/SM_Sign_09.prefab using Guid(e7738282e256b9540920099612ff00d6) Importer(815301076,1909f56bfc062723c751e8b465ee728b)  -> (artifact id: 'c593c7e65e497b9816fdea85f289eef8') in 0.132119 seconds 
========================================================================
Received Import Request.
  Time since last request: 0.000028 seconds.
  path: Assets/PolygonSciFiCity/Prefabs/Signs/SM_Sign_Ad_02.prefab
  artifactKey: Guid(29483335d76a5fe4a83ef35542fcaa38) Importer(815301076,1909f56bfc062723c751e8b465ee728b)
Start importing Assets/PolygonSciFiCity/Prefabs/Signs/SM_Sign_Ad_02.prefab using Guid(29483335d76a5fe4a83ef35542fcaa38) Importer(815301076,1909f56bfc062723c751e8b465ee728b)  -> (artifact id: 'cea19c4eebb0ab39bbe7fa88f2055285') in 0.048163 seconds 
========================================================================
Received Import Request.
  Time since last request: 0.000045 seconds.
  path: Assets/PolygonSciFiCity/Prefabs/Signs/SM_Sign_01.prefab
  artifactKey: Guid(6d68101267739104a92bb7c98f68260f) Importer(815301076,1909f56bfc062723c751e8b465ee728b)
Start importing Assets/PolygonSciFiCity/Prefabs/Signs/SM_Sign_01.prefab using Guid(6d68101267739104a92bb7c98f68260f) Importer(815301076,1909f56bfc062723c751e8b465ee728b)  -> (artifact id: '3328952c85601a45b78937d1bb8e68ad') in 0.146029 seconds 
========================================================================
Received Import Request.
  Time since last request: 0.000026 seconds.
  path: Assets/PolygonSciFiCity/Prefabs/Signs/SM_Sign_08.prefab
  artifactKey: Guid(7db8eb79f1254b447b696d26a2454bfc) Importer(815301076,1909f56bfc062723c751e8b465ee728b)
Start importing Assets/PolygonSciFiCity/Prefabs/Signs/SM_Sign_08.prefab using Guid(7db8eb79f1254b447b696d26a2454bfc) Importer(815301076,1909f56bfc062723c751e8b465ee728b)  -> (artifact id: '9cf4dac2014414d4bf3d4e691d2ae6ca') in 0.150664 seconds 
========================================================================
Received Import Request.
  Time since last request: 0.000029 seconds.
  path: Assets/PolygonSciFiCity/Prefabs/Signs/SM_Sign_Billboard_Border_01.prefab
  artifactKey: Guid(a2edcae9cbf22f84da8cd2d950c7175e) Importer(815301076,1909f56bfc062723c751e8b465ee728b)
Start importing Assets/PolygonSciFiCity/Prefabs/Signs/SM_Sign_Billboard_Border_01.prefab using Guid(a2edcae9cbf22f84da8cd2d950c7175e) Importer(815301076,1909f56bfc062723c751e8b465ee728b)  -> (artifact id: 'b9f20726c76534f66dba461296f16356') in 0.146352 seconds 
========================================================================
Received Import Request.
  Time since last request: 0.000037 seconds.
  path: Assets/PolygonSciFiCity/Prefabs/Signs/SM_Sign_Billboard_Border_Tall_02.prefab
  artifactKey: Guid(e22e5bdd785050f4e812445d7ccf16ac) Importer(815301076,1909f56bfc062723c751e8b465ee728b)
Start importing Assets/PolygonSciFiCity/Prefabs/Signs/SM_Sign_Billboard_Border_Tall_02.prefab using Guid(e22e5bdd785050f4e812445d7ccf16ac) Importer(815301076,1909f56bfc062723c751e8b465ee728b)  -> (artifact id: '9209b9e55cece378db093cf97181bd54') in 0.151451 seconds 
========================================================================
Received Import Request.
  Time since last request: 0.000024 seconds.
  path: Assets/PolygonSciFiCity/Prefabs/Vehicles/SM_Veh_Armored_Truck_02_Hover.prefab
  artifactKey: Guid(faef3979cb833bd418b09d6b70c540d0) Importer(815301076,1909f56bfc062723c751e8b465ee728b)
Start importing Assets/PolygonSciFiCity/Prefabs/Vehicles/SM_Veh_Armored_Truck_02_Hover.prefab using Guid(faef3979cb833bd418b09d6b70c540d0) Importer(815301076,1909f56bfc062723c751e8b465ee728b)  -> (artifact id: 'e756fb35f15c178378ac41bcbccdc8bb') in 0.141772 seconds 
========================================================================
Received Import Request.
  Time since last request: 0.000034 seconds.
  path: Assets/PolygonSciFiCity/Prefabs/Vehicles/SM_Veh_Retro_01.prefab
  artifactKey: Guid(e3ab0b0c66c14454b893cffcb67dcc33) Importer(815301076,1909f56bfc062723c751e8b465ee728b)
Start importing Assets/PolygonSciFiCity/Prefabs/Vehicles/SM_Veh_Retro_01.prefab using Guid(e3ab0b0c66c14454b893cffcb67dcc33) Importer(815301076,1909f56bfc062723c751e8b465ee728b)  -> (artifact id: '3171cb52029863ecc7a88e3816163fd6') in 0.143747 seconds 
========================================================================
Received Import Request.
  Time since last request: 0.000033 seconds.
  path: Assets/PolygonSciFiCity/Prefabs/Vehicles/SM_Veh_Future_01.prefab
  artifactKey: Guid(ebd0e90cdd8572142b5395fd3ad58a26) Importer(815301076,1909f56bfc062723c751e8b465ee728b)
Start importing Assets/PolygonSciFiCity/Prefabs/Vehicles/SM_Veh_Future_01.prefab using Guid(ebd0e90cdd8572142b5395fd3ad58a26) Importer(815301076,1909f56bfc062723c751e8b465ee728b)  -> (artifact id: 'fe010ddd18bf10a95105c4950fb7d422') in 0.141396 seconds 
========================================================================
Received Import Request.
  Time since last request: 0.000025 seconds.
  path: Assets/PolygonSciFiCity/Prefabs/Signs/SM_Sign_Ad_05.prefab
  artifactKey: Guid(00ac70221b65ac845b5fe74dac83db9a) Importer(815301076,1909f56bfc062723c751e8b465ee728b)
Start importing Assets/PolygonSciFiCity/Prefabs/Signs/SM_Sign_Ad_05.prefab using Guid(00ac70221b65ac845b5fe74dac83db9a) Importer(815301076,1909f56bfc062723c751e8b465ee728b)  -> (artifact id: 'e77229f26fce18e9129bb90411628ff3') in 0.043995 seconds 
========================================================================
Received Import Request.
  Time since last request: 0.000027 seconds.
  path: Assets/PolygonSciFiCity/Prefabs/Signs/SM_Sign_Billboard_Border_02.prefab
  artifactKey: Guid(d5a0821d80fa6d0429c67a879ddc3cc9) Importer(815301076,1909f56bfc062723c751e8b465ee728b)
Start importing Assets/PolygonSciFiCity/Prefabs/Signs/SM_Sign_Billboard_Border_02.prefab using Guid(d5a0821d80fa6d0429c67a879ddc3cc9) Importer(815301076,1909f56bfc062723c751e8b465ee728b)  -> (artifact id: '5682530625889cdc42c564137e3de428') in 0.150432 seconds 
========================================================================
Received Import Request.
  Time since last request: 0.000024 seconds.
  path: Assets/PolygonSciFiCity/Prefabs/Signs/SM_Sign_02.prefab
  artifactKey: Guid(88a3f83471118ef4a84c3eaaf4a90b70) Importer(815301076,1909f56bfc062723c751e8b465ee728b)
Start importing Assets/PolygonSciFiCity/Prefabs/Signs/SM_Sign_02.prefab using Guid(88a3f83471118ef4a84c3eaaf4a90b70) Importer(815301076,1909f56bfc062723c751e8b465ee728b)  -> (artifact id: 'b6316a7a009f1f590c3ecde9d8eae7ca') in 0.125979 seconds 
========================================================================
Received Import Request.
  Time since last request: 40.956829 seconds.
  path: Assets/PolygonCity/FX/FX_Rain.prefab
  artifactKey: Guid(004c0bf81fbf1a342af7262f965b564f) Importer(815301076,1909f56bfc062723c751e8b465ee728b)
Start importing Assets/PolygonCity/FX/FX_Rain.prefab using Guid(004c0bf81fbf1a342af7262f965b564f) Importer(815301076,1909f56bfc062723c751e8b465ee728b)  -> (artifact id: '150cab67ce638120ddd3a130e7b1f934') in 0.026530 seconds 
========================================================================
Received Import Request.
  Time since last request: 10.048517 seconds.
  path: Assets/PolygonSciFiCity/Materials/LineTex 3.mat
  artifactKey: Guid(276ddf51f65777f449df5456026e44da) Importer(815301076,1909f56bfc062723c751e8b465ee728b)
Start importing Assets/PolygonSciFiCity/Materials/LineTex 3.mat using Guid(276ddf51f65777f449df5456026e44da) Importer(815301076,1909f56bfc062723c751e8b465ee728b)  -> (artifact id: '30f63b1f357c41669c8217977022a238') in 0.030000 seconds 
========================================================================
Received Import Request.
  Time since last request: 0.000026 seconds.
  path: Assets/PolygonSciFiCity/Materials/Signs.mat
  artifactKey: Guid(1a57f7236c27ffc44951adf2ea9efedd) Importer(815301076,1909f56bfc062723c751e8b465ee728b)
Start importing Assets/PolygonSciFiCity/Materials/Signs.mat using Guid(1a57f7236c27ffc44951adf2ea9efedd) Importer(815301076,1909f56bfc062723c751e8b465ee728b)  -> (artifact id: 'd933886b4b774af92aacf8994f711be6') in 0.050471 seconds 
========================================================================
Received Import Request.
  Time since last request: 8359.527375 seconds.
  path: Assets/PolygonSciFiCity/Prefabs/Props/SM_Prop_Hologram_Burger_03.prefab
  artifactKey: Guid(c1141c296070e564bbdd3c2eb6bc0c30) Importer(815301076,1909f56bfc062723c751e8b465ee728b)
Start importing Assets/PolygonSciFiCity/Prefabs/Props/SM_Prop_Hologram_Burger_03.prefab using Guid(c1141c296070e564bbdd3c2eb6bc0c30) Importer(815301076,1909f56bfc062723c751e8b465ee728b)  -> (artifact id: '3f49b12a84f41774b5f4f180a1e6cdcd') in 0.139652 seconds 
========================================================================
Received Import Request.
  Time since last request: 0.000027 seconds.
  path: Assets/PolygonSciFiCity/Prefabs/Props/SM_Prop_MarketCover_02.prefab
  artifactKey: Guid(d1c50647ac4408a498acb44fc4ee423c) Importer(815301076,1909f56bfc062723c751e8b465ee728b)
Start importing Assets/PolygonSciFiCity/Prefabs/Props/SM_Prop_MarketCover_02.prefab using Guid(d1c50647ac4408a498acb44fc4ee423c) Importer(815301076,1909f56bfc062723c751e8b465ee728b)  -> (artifact id: 'b048d188f98fed4c557913d2147d61b2') in 0.143765 seconds 
========================================================================
Received Import Request.
  Time since last request: 0.000029 seconds.
  path: Assets/PolygonSciFiCity/Prefabs/Props/SM_Prop_Jar_Hanging_01.prefab
  artifactKey: Guid(5e48e04605c133a42bd31976852c2095) Importer(815301076,1909f56bfc062723c751e8b465ee728b)
Start importing Assets/PolygonSciFiCity/Prefabs/Props/SM_Prop_Jar_Hanging_01.prefab using Guid(5e48e04605c133a42bd31976852c2095) Importer(815301076,1909f56bfc062723c751e8b465ee728b)  -> (artifact id: 'fa0290091e89fa1e776c4ca5fe947ecb') in 0.156413 seconds 
========================================================================
Received Import Request.
  Time since last request: 0.000021 seconds.
  path: Assets/PolygonSciFiCity/Prefabs/Props/SM_Prop_Medical_Machine_01.prefab
  artifactKey: Guid(4372653aad9cdbc4f9c20bb3fabfde54) Importer(815301076,1909f56bfc062723c751e8b465ee728b)
Start importing Assets/PolygonSciFiCity/Prefabs/Props/SM_Prop_Medical_Machine_01.prefab using Guid(4372653aad9cdbc4f9c20bb3fabfde54) Importer(815301076,1909f56bfc062723c751e8b465ee728b)  -> (artifact id: '8a692854f8c89b6fa827300810077295') in 0.147724 seconds 
========================================================================
Received Import Request.
  Time since last request: 0.000032 seconds.
  path: Assets/PolygonSciFiCity/Prefabs/Props/SM_Prop_Monitor_02.prefab
  artifactKey: Guid(943628e3220013346b1b593556274672) Importer(815301076,1909f56bfc062723c751e8b465ee728b)
Start importing Assets/PolygonSciFiCity/Prefabs/Props/SM_Prop_Monitor_02.prefab using Guid(943628e3220013346b1b593556274672) Importer(815301076,1909f56bfc062723c751e8b465ee728b)  -> (artifact id: '67011edfc44ddf268bb47b3ccdd68ddc') in 0.151946 seconds 
========================================================================
Received Import Request.
  Time since last request: 0.000049 seconds.
  path: Assets/PolygonSciFiCity/Prefabs/Props/SM_Prop_Meat_01.prefab
  artifactKey: Guid(90d280cf6012eb64484448f1ae076fe2) Importer(815301076,1909f56bfc062723c751e8b465ee728b)
Start importing Assets/PolygonSciFiCity/Prefabs/Props/SM_Prop_Meat_01.prefab using Guid(90d280cf6012eb64484448f1ae076fe2) Importer(815301076,1909f56bfc062723c751e8b465ee728b)  -> (artifact id: '20dcbf6f06365aec41a8e2c98e715434') in 0.140951 seconds 
========================================================================
Received Import Request.
  Time since last request: 0.000027 seconds.
  path: Assets/PolygonSciFiCity/Prefabs/Props/SM_Prop_Jar_03.prefab
  artifactKey: Guid(39e72f04f616c8145828375374be74e0) Importer(815301076,1909f56bfc062723c751e8b465ee728b)
Start importing Assets/PolygonSciFiCity/Prefabs/Props/SM_Prop_Jar_03.prefab using Guid(39e72f04f616c8145828375374be74e0) Importer(815301076,1909f56bfc062723c751e8b465ee728b)  -> (artifact id: '3acab6204c117921d21ba8294c99f974') in 0.140844 seconds 
========================================================================
Received Import Request.
  Time since last request: 0.000034 seconds.
  path: Assets/PolygonSciFiCity/Prefabs/Props/SM_Prop_MarketTable_02.prefab
  artifactKey: Guid(d791db173db22b54e9e8ba224d900292) Importer(815301076,1909f56bfc062723c751e8b465ee728b)
Start importing Assets/PolygonSciFiCity/Prefabs/Props/SM_Prop_MarketTable_02.prefab using Guid(d791db173db22b54e9e8ba224d900292) Importer(815301076,1909f56bfc062723c751e8b465ee728b)  -> (artifact id: 'e05a832fe0daa6b6c78616378a6e4dc0') in 0.148092 seconds 
========================================================================
Received Import Request.
  Time since last request: 0.000029 seconds.
  path: Assets/PolygonSciFiCity/Prefabs/Props/SM_Prop_Jar_01.prefab
  artifactKey: Guid(97ed1aafe96f84846bc4cb0c56032037) Importer(815301076,1909f56bfc062723c751e8b465ee728b)
Start importing Assets/PolygonSciFiCity/Prefabs/Props/SM_Prop_Jar_01.prefab using Guid(97ed1aafe96f84846bc4cb0c56032037) Importer(815301076,1909f56bfc062723c751e8b465ee728b)  -> (artifact id: '2d3e3db2a0f0dbc10efe0ce1698d4c6e') in 0.139255 seconds 
========================================================================
Received Import Request.
  Time since last request: 0.000027 seconds.
  path: Assets/PolygonSciFiCity/Prefabs/Props/SM_Prop_Jar_04.prefab
  artifactKey: Guid(94d723a273497e2438530879951c7c55) Importer(815301076,1909f56bfc062723c751e8b465ee728b)
Start importing Assets/PolygonSciFiCity/Prefabs/Props/SM_Prop_Jar_04.prefab using Guid(94d723a273497e2438530879951c7c55) Importer(815301076,1909f56bfc062723c751e8b465ee728b)  -> (artifact id: '3a9740105235d540ed4841aaf7f612f6') in 0.147975 seconds 
========================================================================
Received Import Request.
  Time since last request: 0.000029 seconds.
  path: Assets/PolygonSciFiCity/Prefabs/Props/SM_Prop_MarketTable_04.prefab
  artifactKey: Guid(7783a0eeaba15044ab28535f0510b5f3) Importer(815301076,1909f56bfc062723c751e8b465ee728b)
Start importing Assets/PolygonSciFiCity/Prefabs/Props/SM_Prop_MarketTable_04.prefab using Guid(7783a0eeaba15044ab28535f0510b5f3) Importer(815301076,1909f56bfc062723c751e8b465ee728b)  -> (artifact id: 'afb8073c1889198d221ec0a4a9c2c578') in 0.173316 seconds 
========================================================================
Received Import Request.
  Time since last request: 0.000036 seconds.
  path: Assets/PolygonSciFiCity/Prefabs/Props/SM_Prop_Monitor_03.prefab
  artifactKey: Guid(3852a06567739f34ca0363c3a2a1852d) Importer(815301076,1909f56bfc062723c751e8b465ee728b)
Start importing Assets/PolygonSciFiCity/Prefabs/Props/SM_Prop_Monitor_03.prefab using Guid(3852a06567739f34ca0363c3a2a1852d) Importer(815301076,1909f56bfc062723c751e8b465ee728b)  -> (artifact id: 'db670ba33c50d60414bca4935de98786') in 0.137175 seconds 
========================================================================
Received Import Request.
  Time since last request: 0.000024 seconds.
  path: Assets/PolygonSciFiCity/Prefabs/Props/SM_Prop_MarketCover_01.prefab
  artifactKey: Guid(244ba0d968ab9624f8fbeed4105ed29e) Importer(815301076,1909f56bfc062723c751e8b465ee728b)
Start importing Assets/PolygonSciFiCity/Prefabs/Props/SM_Prop_MarketCover_01.prefab using Guid(244ba0d968ab9624f8fbeed4105ed29e) Importer(815301076,1909f56bfc062723c751e8b465ee728b)  -> (artifact id: 'f69c5d1a4495241be26bfaf1ac0b1d62') in 0.143788 seconds 
========================================================================
Received Import Request.
  Time since last request: 0.000037 seconds.
  path: Assets/PolygonSciFiCity/Prefabs/Props/SM_Prop_MarketCover_05.prefab
  artifactKey: Guid(bc74d1af733c9dd42b24fa0018d92a18) Importer(815301076,1909f56bfc062723c751e8b465ee728b)
Start importing Assets/PolygonSciFiCity/Prefabs/Props/SM_Prop_MarketCover_05.prefab using Guid(bc74d1af733c9dd42b24fa0018d92a18) Importer(815301076,1909f56bfc062723c751e8b465ee728b)  -> (artifact id: '28fa19e7d72a64bee716472a727510b0') in 0.139745 seconds 
========================================================================
Received Import Request.
  Time since last request: 0.000040 seconds.
  path: Assets/PolygonSciFiCity/Prefabs/Props/SM_Prop_Medical_Table_01.prefab
  artifactKey: Guid(3c3e56cbd647a6849a98b32d7c000f9c) Importer(815301076,1909f56bfc062723c751e8b465ee728b)
Start importing Assets/PolygonSciFiCity/Prefabs/Props/SM_Prop_Medical_Table_01.prefab using Guid(3c3e56cbd647a6849a98b32d7c000f9c) Importer(815301076,1909f56bfc062723c751e8b465ee728b)  -> (artifact id: '11920da6a8ddefd31389395d2ed4a313') in 0.134960 seconds 
========================================================================
Received Import Request.
  Time since last request: 0.000021 seconds.
  path: Assets/PolygonSciFiCity/Prefabs/Props/SM_Prop_LightBar_01.prefab
  artifactKey: Guid(4a0b0c9679de4f7488eecac608c76b4d) Importer(815301076,1909f56bfc062723c751e8b465ee728b)
Start importing Assets/PolygonSciFiCity/Prefabs/Props/SM_Prop_LightBar_01.prefab using Guid(4a0b0c9679de4f7488eecac608c76b4d) Importer(815301076,1909f56bfc062723c751e8b465ee728b)  -> (artifact id: '850979436673bf5afe15c0f7897cfd65') in 0.142229 seconds 
========================================================================
Received Import Request.
  Time since last request: 0.000030 seconds.
  path: Assets/PolygonSciFiCity/Prefabs/Props/SM_Prop_Office_Chair_01.prefab
  artifactKey: Guid(e4f7e14bc7c7b084da102cf695d3a557) Importer(815301076,1909f56bfc062723c751e8b465ee728b)
Start importing Assets/PolygonSciFiCity/Prefabs/Props/SM_Prop_Office_Chair_01.prefab using Guid(e4f7e14bc7c7b084da102cf695d3a557) Importer(815301076,1909f56bfc062723c751e8b465ee728b)  -> (artifact id: '3a2c054deaab01e182462c36868d01b2') in 0.144003 seconds 
========================================================================
Received Import Request.
  Time since last request: 0.000033 seconds.
  path: Assets/PolygonSciFiCity/Prefabs/Props/SM_Prop_MarketTable_01.prefab
  artifactKey: Guid(7cecc1acfc0597a419339c5e35fd0b18) Importer(815301076,1909f56bfc062723c751e8b465ee728b)
Start importing Assets/PolygonSciFiCity/Prefabs/Props/SM_Prop_MarketTable_01.prefab using Guid(7cecc1acfc0597a419339c5e35fd0b18) Importer(815301076,1909f56bfc062723c751e8b465ee728b)  -> (artifact id: '50f77e137bfc605f45f997cbde811b0b') in 0.135352 seconds 
========================================================================
Received Import Request.
  Time since last request: 0.000023 seconds.
  path: Assets/PolygonSciFiCity/Prefabs/Props/SM_Prop_Medical_Chair_01.prefab
  artifactKey: Guid(ccd6d67b70474f04a8529bd7d4461ecf) Importer(815301076,1909f56bfc062723c751e8b465ee728b)
Start importing Assets/PolygonSciFiCity/Prefabs/Props/SM_Prop_Medical_Chair_01.prefab using Guid(ccd6d67b70474f04a8529bd7d4461ecf) Importer(815301076,1909f56bfc062723c751e8b465ee728b)  -> (artifact id: 'cdd51fb3e1d13449993334ae0e434d8c') in 0.148059 seconds 
========================================================================
Received Import Request.
  Time since last request: 0.000027 seconds.
  path: Assets/PolygonSciFiCity/Prefabs/Props/SM_Prop_Noodles_01.prefab
  artifactKey: Guid(a43086555232f7c41bc875b5e5ccd081) Importer(815301076,1909f56bfc062723c751e8b465ee728b)
Start importing Assets/PolygonSciFiCity/Prefabs/Props/SM_Prop_Noodles_01.prefab using Guid(a43086555232f7c41bc875b5e5ccd081) Importer(815301076,1909f56bfc062723c751e8b465ee728b)  -> (artifact id: 'dbfee4a407263075bdf5358b9a7ae2c8') in 0.142890 seconds 
========================================================================
Received Import Request.
  Time since last request: 45.448559 seconds.
  path: Assets/PolygonSciFiCity/Prefabs/Signs/SM_Sign_Billboard_Large_03.prefab
  artifactKey: Guid(ed06cce14d340b54b961bc8bc12ecf96) Importer(815301076,1909f56bfc062723c751e8b465ee728b)
Start importing Assets/PolygonSciFiCity/Prefabs/Signs/SM_Sign_Billboard_Large_03.prefab using Guid(ed06cce14d340b54b961bc8bc12ecf96) Importer(815301076,1909f56bfc062723c751e8b465ee728b)  -> (artifact id: 'ad5d1b405d424d5e01f5a9f6d245ee91') in 0.041503 seconds 
========================================================================
Received Import Request.
  Time since last request: 0.000037 seconds.
  path: Assets/PolygonSciFiCity/Prefabs/Signs/SM_Sign_Neon_05.prefab
  artifactKey: Guid(d23db7e446ac23a49baaacb664ee1851) Importer(815301076,1909f56bfc062723c751e8b465ee728b)
Start importing Assets/PolygonSciFiCity/Prefabs/Signs/SM_Sign_Neon_05.prefab using Guid(d23db7e446ac23a49baaacb664ee1851) Importer(815301076,1909f56bfc062723c751e8b465ee728b)  -> (artifact id: '44b8bd79dae31657263ede8cf5b264cd') in 0.153778 seconds 
========================================================================
Received Import Request.
  Time since last request: 0.000025 seconds.
  path: Assets/PolygonSciFiCity/Prefabs/Signs/SM_Sign_Neon_02.prefab
  artifactKey: Guid(009815310d9b5e24780e2d552cea2b29) Importer(815301076,1909f56bfc062723c751e8b465ee728b)
Start importing Assets/PolygonSciFiCity/Prefabs/Signs/SM_Sign_Neon_02.prefab using Guid(009815310d9b5e24780e2d552cea2b29) Importer(815301076,1909f56bfc062723c751e8b465ee728b)  -> (artifact id: '70737bf0cf60253fe34b4275709f9a87') in 0.062259 seconds 
========================================================================
Received Import Request.
  Time since last request: 0.000030 seconds.
  path: Assets/PolygonSciFiCity/Prefabs/Signs/SM_Sign_Neon_09.prefab
  artifactKey: Guid(59a5653262854594e875c0d1614e19ad) Importer(815301076,1909f56bfc062723c751e8b465ee728b)
Start importing Assets/PolygonSciFiCity/Prefabs/Signs/SM_Sign_Neon_09.prefab using Guid(59a5653262854594e875c0d1614e19ad) Importer(815301076,1909f56bfc062723c751e8b465ee728b)  -> (artifact id: '8ff0bf28b43733c61b37d9ef7e167a45') in 0.073252 seconds 
========================================================================
Received Import Request.
  Time since last request: 0.000029 seconds.
  path: Assets/PolygonSciFiCity/Prefabs/Signs/SM_Sign_Neon_08.prefab
  artifactKey: Guid(4d95eed2946e3c244840107ae887de04) Importer(815301076,1909f56bfc062723c751e8b465ee728b)
Start importing Assets/PolygonSciFiCity/Prefabs/Signs/SM_Sign_Neon_08.prefab using Guid(4d95eed2946e3c244840107ae887de04) Importer(815301076,1909f56bfc062723c751e8b465ee728b)  -> (artifact id: '9350828c814d806bb8a4e7af23c117bb') in 0.067205 seconds 
========================================================================
Received Import Request.
  Time since last request: 0.000022 seconds.
  path: Assets/PolygonSciFiCity/Prefabs/Signs/SM_Sign_Neon_06.prefab
  artifactKey: Guid(7f8efcf422f96a748b5ee22817a235d0) Importer(815301076,1909f56bfc062723c751e8b465ee728b)
Start importing Assets/PolygonSciFiCity/Prefabs/Signs/SM_Sign_Neon_06.prefab using Guid(7f8efcf422f96a748b5ee22817a235d0) Importer(815301076,1909f56bfc062723c751e8b465ee728b)  -> (artifact id: '72391c8f6be6d2c490bf0a27104b3acf') in 0.067385 seconds 
Editor requested this worker to shutdown with reason: Scaling down because of idle timeout
AssetImportWorker is now disconnected from the server
Process exiting
Exiting without the bug reporter. Application will terminate with return code 0