Using pre-set license
Built from '2021.3/staging' branch; Version is '2021.3.18f1 (3129e69bc0c7) revision 3221990'; Using compiler version '192829333'; Build Type 'Release'
OS: 'Windows 10  (10.0.19045) 64bit Professional' Language: 'en' Physical Memory: 32620 MB
BatchMode: 1, IsHumanControllingUs: 0, StartBugReporterOnCrash: 0, Is64bit: 1, IsPro: 1

COMMAND LINE ARGUMENTS:
E:\Unity Editor\2021.3.18f1\Editor\Unity.exe
-adb2
-batchMode
-noUpm
-name
AssetImportWorker10
-projectPath
C:/Users/samra/Documents/GitHub/VR-Project/Hunting Whales VR V1
-logFile
Logs/AssetImportWorker10.log
-srvPort
49156
Successfully changed project path to: C:/Users/samra/Documents/GitHub/VR-Project/Hunting Whales VR V1
C:/Users/samra/Documents/GitHub/VR-Project/Hunting Whales VR V1
[UnityMemory] Configuration Parameters - Can be set up in boot.config
    "memorysetup-bucket-allocator-granularity=16"
    "memorysetup-bucket-allocator-bucket-count=8"
    "memorysetup-bucket-allocator-block-size=33554432"
    "memorysetup-bucket-allocator-block-count=8"
    "memorysetup-main-allocator-block-size=16777216"
    "memorysetup-thread-allocator-block-size=16777216"
    "memorysetup-gfx-main-allocator-block-size=16777216"
    "memorysetup-gfx-thread-allocator-block-size=16777216"
    "memorysetup-cache-allocator-block-size=4194304"
    "memorysetup-typetree-allocator-block-size=2097152"
    "memorysetup-profiler-bucket-allocator-granularity=16"
    "memorysetup-profiler-bucket-allocator-bucket-count=8"
    "memorysetup-profiler-bucket-allocator-block-size=33554432"
    "memorysetup-profiler-bucket-allocator-block-count=8"
    "memorysetup-profiler-allocator-block-size=16777216"
    "memorysetup-profiler-editor-allocator-block-size=1048576"
    "memorysetup-temp-allocator-size-main=16777216"
    "memorysetup-job-temp-allocator-block-size=2097152"
    "memorysetup-job-temp-allocator-block-size-background=1048576"
    "memorysetup-job-temp-allocator-reduction-small-platforms=262144"
    "memorysetup-temp-allocator-size-background-worker=32768"
    "memorysetup-temp-allocator-size-job-worker=262144"
    "memorysetup-temp-allocator-size-preload-manager=33554432"
    "memorysetup-temp-allocator-size-nav-mesh-worker=65536"
    "memorysetup-temp-allocator-size-audio-worker=65536"
    "memorysetup-temp-allocator-size-cloud-worker=32768"
    "memorysetup-temp-allocator-size-gi-baking-worker=262144"
    "memorysetup-temp-allocator-size-gfx=262144"
Player connection [28788] Host "[IP] 25.16.200.250 [Port] 0 [Flags] 2 [Guid] 1777653168 [EditorId] 1777653168 [Version] 1048832 [Id] WindowsEditor(7,Rocketship-77) [Debug] 1 [PackageName] WindowsEditor [ProjectName] Editor" joined multi-casting on [225.0.0.222:54997]...

Player connection [28788] Host "[IP] 25.16.200.250 [Port] 0 [Flags] 2 [Guid] 1777653168 [EditorId] 1777653168 [Version] 1048832 [Id] WindowsEditor(7,Rocketship-77) [Debug] 1 [PackageName] WindowsEditor [ProjectName] Editor" joined alternative multi-casting on [225.0.0.222:34997]...

Refreshing native plugins compatible for Editor in 134.83 ms, found 12 plugins.
Preloading 1 native plugins for Editor in 0.75 ms.
Initialize engine version: 2021.3.18f1 (3129e69bc0c7)
[Subsystems] Discovering subsystems at path E:/Unity Editor/2021.3.18f1/Editor/Data/Resources/UnitySubsystems
[Subsystems] Discovering subsystems at path C:/Users/samra/Documents/GitHub/VR-Project/Hunting Whales VR V1/Assets
GfxDevice: creating device client; threaded=0; jobified=0
Direct3D:
    Version:  Direct3D 11.0 [level 11.1]
    Renderer: NVIDIA GeForce RTX 3080 Laptop GPU (ID=0x24dc)
    Vendor:   NVIDIA
    VRAM:     16191 MB
    Driver:   31.0.15.3179
Initialize mono
Mono path[0] = 'E:/Unity Editor/2021.3.18f1/Editor/Data/Managed'
Mono path[1] = 'E:/Unity Editor/2021.3.18f1/Editor/Data/MonoBleedingEdge/lib/mono/unityjit-win32'
Mono config path = 'E:/Unity Editor/2021.3.18f1/Editor/Data/MonoBleedingEdge/etc'
Using monoOptions --debugger-agent=transport=dt_socket,embedding=1,server=y,suspend=n,address=127.0.0.1:56228
Begin MonoManager ReloadAssembly
Registering precompiled unity dll's ...
Register platform support module: E:/Unity Editor/2021.3.18f1/Editor/Data/PlaybackEngines/AndroidPlayer/UnityEditor.Android.Extensions.dll
Register platform support module: E:/Unity Editor/2021.3.18f1/Editor/Data/PlaybackEngines/WindowsStandaloneSupport/UnityEditor.WindowsStandalone.Extensions.dll
Registered in 0.003321 seconds.
Native extension for WindowsStandalone target not found
Native extension for Android target not found
Android Extension - Scanning For ADB Devices 283 ms
Refreshing native plugins compatible for Editor in 95.30 ms, found 12 plugins.
Preloading 1 native plugins for Editor in 0.09 ms.
Mono: successfully reloaded assembly
- Completed reload, in  0.881 seconds
Domain Reload Profiling:
	ReloadAssembly (881ms)
		BeginReloadAssembly (82ms)
			ExecutionOrderSort (0ms)
			DisableScriptedObjects (0ms)
			BackupInstance (0ms)
			ReleaseScriptingObjects (0ms)
			CreateAndSetChildDomain (1ms)
		EndReloadAssembly (704ms)
			LoadAssemblies (81ms)
			RebuildTransferFunctionScriptingTraits (0ms)
			SetupTypeCache (81ms)
			ReleaseScriptCaches (0ms)
			RebuildScriptCaches (20ms)
			SetupLoadedEditorAssemblies (559ms)
				LogAssemblyErrors (0ms)
				InitializePlatformSupportModulesInManaged (357ms)
				SetLoadedEditorAssemblies (0ms)
				RefreshPlugins (95ms)
				BeforeProcessingInitializeOnLoad (1ms)
				ProcessInitializeOnLoadAttributes (71ms)
				ProcessInitializeOnLoadMethodAttributes (34ms)
				AfterProcessingInitializeOnLoad (0ms)
				EditorAssembliesLoaded (0ms)
			ExecutionOrderSort2 (0ms)
			AwakeInstancesAfterBackupRestoration (0ms)
Platform modules already initialized, skipping
Registering precompiled user dll's ...
Registered in 0.012757 seconds.
Begin MonoManager ReloadAssembly
Symbol file LoadedFromMemory doesn't match image C:\Users\samra\Documents\GitHub\VR-Project\Hunting Whales VR V1\Library\PackageCache\com.unity.visualscripting@1.8.0\Editor\VisualScripting.Core\Dependencies\DotNetZip\Unity.VisualScripting.IonicZip.dll
Symbol file LoadedFromMemory doesn't match image C:\Users\samra\Documents\GitHub\VR-Project\Hunting Whales VR V1\Library\PackageCache\com.unity.visualscripting@1.8.0\Editor\VisualScripting.Core\Dependencies\YamlDotNet\Unity.VisualScripting.YamlDotNet.dll
Native extension for WindowsStandalone target not found
Native extension for Android target not found
Refreshing native plugins compatible for Editor in 95.75 ms, found 12 plugins.
Preloading 1 native plugins for Editor in 0.08 ms.
Package Manager log level set to [2]
System.Reflection.TargetInvocationException: Exception has been thrown by the target of an invocation. ---> System.NullReferenceException: Object reference not set to an instance of an object
  at Unity.XR.Oculus.OculusLoader.AssetPathToAbsolutePath (System.String assetPath) [0x0003d] in C:\Users\samra\Documents\GitHub\VR-Project\Hunting Whales VR V1\Library\PackageCache\com.unity.xr.oculus@3.2.3\Runtime\OculusLoader.cs:296 
  at Unity.XR.Oculus.OculusLoader.EditorLoadOVRPlugin () [0x0007b] in C:\Users\samra\Documents\GitHub\VR-Project\Hunting Whales VR V1\Library\PackageCache\com.unity.xr.oculus@3.2.3\Runtime\OculusLoader.cs:281 
  at (wrapper managed-to-native) System.Reflection.RuntimeMethodInfo.InternalInvoke(System.Reflection.RuntimeMethodInfo,object,object[],System.Exception&)
  at System.Reflection.RuntimeMethodInfo.Invoke (System.Object obj, System.Reflection.BindingFlags invokeAttr, System.Reflection.Binder binder, System.Object[] parameters, System.Globalization.CultureInfo culture) [0x0006a] in <1f66344f2f89470293d8b67d71308c07>:0 
   --- End of inner exception stack trace ---
  at System.Reflection.RuntimeMethodInfo.Invoke (System.Object obj, System.Reflection.BindingFlags invokeAttr, System.Reflection.Binder binder, System.Object[] parameters, System.Globalization.CultureInfo culture) [0x00083] in <1f66344f2f89470293d8b67d71308c07>:0 
  at System.Reflection.MethodBase.Invoke (System.Object obj, System.Object[] parameters) [0x00000] in <1f66344f2f89470293d8b67d71308c07>:0 
  at UnityEditor.EditorAssemblies.ProcessInitializeOnLoadMethodAttributes () [0x000a5] in <42a64fd733d9417da1ea3a757ad9a96d>:0 
UnityEngine.StackTraceUtility:ExtractStackTrace ()
UnityEngine.DebugLogHandler:LogFormat (UnityEngine.LogType,UnityEngine.Object,string,object[])
UnityEngine.Logger:Log (UnityEngine.LogType,object)
UnityEngine.Debug:LogError (object)
UnityEditor.EditorAssemblies:ProcessInitializeOnLoadMethodAttributes ()

Mono: successfully reloaded assembly
- Completed reload, in  1.060 seconds
Domain Reload Profiling:
	ReloadAssembly (1061ms)
		BeginReloadAssembly (88ms)
			ExecutionOrderSort (0ms)
			DisableScriptedObjects (5ms)
			BackupInstance (0ms)
			ReleaseScriptingObjects (0ms)
			CreateAndSetChildDomain (18ms)
		EndReloadAssembly (882ms)
			LoadAssemblies (77ms)
			RebuildTransferFunctionScriptingTraits (0ms)
			SetupTypeCache (222ms)
			ReleaseScriptCaches (1ms)
			RebuildScriptCaches (47ms)
			SetupLoadedEditorAssemblies (476ms)
				LogAssemblyErrors (0ms)
				InitializePlatformSupportModulesInManaged (13ms)
				SetLoadedEditorAssemblies (0ms)
				RefreshPlugins (96ms)
				BeforeProcessingInitializeOnLoad (89ms)
				ProcessInitializeOnLoadAttributes (236ms)
				ProcessInitializeOnLoadMethodAttributes (40ms)
				AfterProcessingInitializeOnLoad (3ms)
				EditorAssembliesLoaded (0ms)
			ExecutionOrderSort2 (0ms)
			AwakeInstancesAfterBackupRestoration (6ms)
Platform modules already initialized, skipping
========================================================================
Worker process is ready to serve import requests
Launched and connected shader compiler UnityShaderCompiler.exe after 0.04 seconds
Refreshing native plugins compatible for Editor in 1.24 ms, found 12 plugins.
Preloading 1 native plugins for Editor in 0.10 ms.
Unloading 4424 Unused Serialized files (Serialized files now loaded: 0)
Unloading 50 unused Assets / (59.0 KB). Loaded Objects now: 4897.
Memory consumption went from 164.6 MB to 164.5 MB.
Total: 3.060800 ms (FindLiveObjects: 0.308500 ms CreateObjectMapping: 0.127000 ms MarkObjects: 2.524900 ms  DeleteObjects: 0.099600 ms)

AssetImportParameters requested are different than current active one (requested -> active):
  custom:video-decoder-ogg-theora: a1e56fd34408186e4bbccfd4996cb3dc -> 
  custom:container-muxer-webm: aa71ff27fc2769a1b78a27578f13a17b -> 
  custom:container-demuxer-webm: 4f35f7cbe854078d1ac9338744f61a02 -> 
  custom:video-encoder-webm-vp8: eb34c28f22e8b96e1ab97ce403110664 -> 
  custom:audio-encoder-webm-vorbis: bf7c407c2cedff20999df2af8eb42d56 -> 
  custom:framework-win-MediaFoundation: 216162199b28c13a410421893ffa2e32 -> 
  custom:container-demuxer-ogg: 62fdf1f143b41e24485cea50d1cbac27 -> 
  custom:video-decoder-webm-vp8: 9c59270c3fd7afecdb556c50c9e8de78 -> 
  custom:audio-decoder-ogg-vorbis: bf7c407c2cedff20999df2af8eb42d56 -> 
========================================================================
Received Import Request.
  Time since last request: 302370.172197 seconds.
  path: Assets/PolygonCity/Prefabs/Characters/Character_BusinessMan_Suit_01.prefab
  artifactKey: Guid(471247d5cf89b2c46bcde0f08524197e) Importer(815301076,1909f56bfc062723c751e8b465ee728b)
Start importing Assets/PolygonCity/Prefabs/Characters/Character_BusinessMan_Suit_01.prefab using Guid(471247d5cf89b2c46bcde0f08524197e) Importer(815301076,1909f56bfc062723c751e8b465ee728b)  -> (artifact id: '66b7f3369afb0ee8f6decd642cba19fb') in 0.137287 seconds 
========================================================================
Received Import Request.
  Time since last request: 1182.342030 seconds.
  path: Assets/PolygonCity/Prefabs/Props/SM_Prop_Billboard_Sign_02.prefab
  artifactKey: Guid(017a6f5ce43f6d74ca746ed804873917) Importer(815301076,1909f56bfc062723c751e8b465ee728b)
Start importing Assets/PolygonCity/Prefabs/Props/SM_Prop_Billboard_Sign_02.prefab using Guid(017a6f5ce43f6d74ca746ed804873917) Importer(815301076,1909f56bfc062723c751e8b465ee728b)  -> (artifact id: '167776c1405c4be6286d1a8b772687ac') in 0.042427 seconds 
========================================================================
Received Import Request.
  Time since last request: 0.000031 seconds.
  path: Assets/PolygonCity/Prefabs/Props/SM_Prop_Billboard_Sign_06.prefab
  artifactKey: Guid(f7538ab1dc37c8e49b7d76fd462c53eb) Importer(815301076,1909f56bfc062723c751e8b465ee728b)
Start importing Assets/PolygonCity/Prefabs/Props/SM_Prop_Billboard_Sign_06.prefab using Guid(f7538ab1dc37c8e49b7d76fd462c53eb) Importer(815301076,1909f56bfc062723c751e8b465ee728b)  -> (artifact id: '833d2b4f4c32f0cfcab1a0fb5cff21c1') in 0.037210 seconds 
========================================================================
Received Import Request.
  Time since last request: 0.000027 seconds.
  path: Assets/PolygonCity/Prefabs/Props/SM_Prop_Billboard_Sign_04.prefab
  artifactKey: Guid(430345e20ddf842489bc80fba96a0edd) Importer(815301076,1909f56bfc062723c751e8b465ee728b)
Start importing Assets/PolygonCity/Prefabs/Props/SM_Prop_Billboard_Sign_04.prefab using Guid(430345e20ddf842489bc80fba96a0edd) Importer(815301076,1909f56bfc062723c751e8b465ee728b)  -> (artifact id: '03dca4f08b04866da520b5b538f30575') in 0.028690 seconds 
========================================================================
Received Import Request.
  Time since last request: 1321.744638 seconds.
  path: Assets/PolygonCity/Prefabs/Environments/SM_Env_Bridge_Pillar_01.prefab
  artifactKey: Guid(b319c45f7bb0a5f49a903d4b26bdcd4b) Importer(815301076,1909f56bfc062723c751e8b465ee728b)
Start importing Assets/PolygonCity/Prefabs/Environments/SM_Env_Bridge_Pillar_01.prefab using Guid(b319c45f7bb0a5f49a903d4b26bdcd4b) Importer(815301076,1909f56bfc062723c751e8b465ee728b)  -> (artifact id: '742b9767220155698895318e78e9608c') in 0.039180 seconds 
========================================================================
Received Import Request.
  Time since last request: 0.000022 seconds.
  path: Assets/PolygonCity/Prefabs/Environments/SM_Env_Cloud_02.prefab
  artifactKey: Guid(f2cc24a0516604f44b427b0abefb1b97) Importer(815301076,1909f56bfc062723c751e8b465ee728b)
Start importing Assets/PolygonCity/Prefabs/Environments/SM_Env_Cloud_02.prefab using Guid(f2cc24a0516604f44b427b0abefb1b97) Importer(815301076,1909f56bfc062723c751e8b465ee728b)  -> (artifact id: '99200fcac16951064cb720db2e1033af') in 0.021175 seconds 
========================================================================
Received Import Request.
  Time since last request: 0.000024 seconds.
  path: Assets/PolygonCity/Prefabs/Environments/SM_Env_Grass_01.prefab
  artifactKey: Guid(7b30b5ba44201104fba4e71a527b6905) Importer(815301076,1909f56bfc062723c751e8b465ee728b)
Start importing Assets/PolygonCity/Prefabs/Environments/SM_Env_Grass_01.prefab using Guid(7b30b5ba44201104fba4e71a527b6905) Importer(815301076,1909f56bfc062723c751e8b465ee728b)  -> (artifact id: 'b51ad2fc7037585bf30a61e1f10ab6da') in 0.032482 seconds 
========================================================================
Received Import Request.
  Time since last request: 0.000032 seconds.
  path: Assets/PolygonCity/Prefabs/Environments/SM_Env_Road_03.prefab
  artifactKey: Guid(a1caee14721832a4089a253d611bdc10) Importer(815301076,1909f56bfc062723c751e8b465ee728b)
Start importing Assets/PolygonCity/Prefabs/Environments/SM_Env_Road_03.prefab using Guid(a1caee14721832a4089a253d611bdc10) Importer(815301076,1909f56bfc062723c751e8b465ee728b)  -> (artifact id: '288f2c051847de45c01f3c03f29d75ca') in 0.040159 seconds 
========================================================================
Received Import Request.
  Time since last request: 0.000020 seconds.
  path: Assets/PolygonCity/Prefabs/Environments/SM_Env_Road_Crossing_01.prefab
  artifactKey: Guid(c838be5f7abd9c64db9643ebadf0c932) Importer(815301076,1909f56bfc062723c751e8b465ee728b)
Start importing Assets/PolygonCity/Prefabs/Environments/SM_Env_Road_Crossing_01.prefab using Guid(c838be5f7abd9c64db9643ebadf0c932) Importer(815301076,1909f56bfc062723c751e8b465ee728b)  -> (artifact id: '6c2f97688870b0a2ca11a9e4e88007ac') in 0.020684 seconds 
========================================================================
Received Import Request.
  Time since last request: 0.000017 seconds.
  path: Assets/PolygonCity/Prefabs/Environments/SM_Env_Road_Bare_01.prefab
  artifactKey: Guid(dab5db0c0226560499e1021898aafb64) Importer(815301076,1909f56bfc062723c751e8b465ee728b)
Start importing Assets/PolygonCity/Prefabs/Environments/SM_Env_Road_Bare_01.prefab using Guid(dab5db0c0226560499e1021898aafb64) Importer(815301076,1909f56bfc062723c751e8b465ee728b)  -> (artifact id: '43cf832b4bd0157a0c1c5ec87b670d98') in 0.025211 seconds 
========================================================================
Received Import Request.
  Time since last request: 0.000022 seconds.
  path: Assets/PolygonCity/Prefabs/Environments/SM_Env_GrassPath_Junction_01.prefab
  artifactKey: Guid(b6b1bafe204782c43804e201982d350e) Importer(815301076,1909f56bfc062723c751e8b465ee728b)
Start importing Assets/PolygonCity/Prefabs/Environments/SM_Env_GrassPath_Junction_01.prefab using Guid(b6b1bafe204782c43804e201982d350e) Importer(815301076,1909f56bfc062723c751e8b465ee728b)  -> (artifact id: '0bb42f977de7549435d625f0a7fcd019') in 0.035520 seconds 
========================================================================
Received Import Request.
  Time since last request: 0.000019 seconds.
  path: Assets/PolygonCity/Prefabs/Environments/SM_Env_Cloud_03.prefab
  artifactKey: Guid(21dc6678a099fda4ea40fca98c3e710b) Importer(815301076,1909f56bfc062723c751e8b465ee728b)
Start importing Assets/PolygonCity/Prefabs/Environments/SM_Env_Cloud_03.prefab using Guid(21dc6678a099fda4ea40fca98c3e710b) Importer(815301076,1909f56bfc062723c751e8b465ee728b)  -> (artifact id: 'd7e39981fa1b28d7038a3b45300baab0') in 0.015374 seconds 
========================================================================
Received Import Request.
  Time since last request: 0.000021 seconds.
  path: Assets/PolygonCity/Prefabs/Environments/SM_Env_Cloud_01.prefab
  artifactKey: Guid(142ea8d35ff76aa42bf5c81b59a31de3) Importer(815301076,1909f56bfc062723c751e8b465ee728b)
Start importing Assets/PolygonCity/Prefabs/Environments/SM_Env_Cloud_01.prefab using Guid(142ea8d35ff76aa42bf5c81b59a31de3) Importer(815301076,1909f56bfc062723c751e8b465ee728b)  -> (artifact id: '8f0f51e9e73df681187ae812fbf6dcb8') in 0.015085 seconds 
========================================================================
Received Import Request.
  Time since last request: 0.000022 seconds.
  path: Assets/PolygonCity/Prefabs/Environments/SM_Env_Flower_01.prefab
  artifactKey: Guid(a0f542ba0461f8c4cbb89acbe6331cf5) Importer(815301076,1909f56bfc062723c751e8b465ee728b)
Start importing Assets/PolygonCity/Prefabs/Environments/SM_Env_Flower_01.prefab using Guid(a0f542ba0461f8c4cbb89acbe6331cf5) Importer(815301076,1909f56bfc062723c751e8b465ee728b)  -> (artifact id: '0153760e38572739e84fd1bd8ca1796c') in 0.027007 seconds 
========================================================================
Received Import Request.
  Time since last request: 0.000028 seconds.
  path: Assets/PolygonCity/Prefabs/Environments/SM_Env_Road_Median_01.prefab
  artifactKey: Guid(a7995c77c0122324ca14027eaff6b47f) Importer(815301076,1909f56bfc062723c751e8b465ee728b)
Start importing Assets/PolygonCity/Prefabs/Environments/SM_Env_Road_Median_01.prefab using Guid(a7995c77c0122324ca14027eaff6b47f) Importer(815301076,1909f56bfc062723c751e8b465ee728b)  -> (artifact id: '67f4c21d9090b4a34eee700ac042ae00') in 0.014581 seconds 
========================================================================
Received Import Request.
  Time since last request: 0.000031 seconds.
  path: Assets/PolygonCity/Prefabs/Environments/SM_Env_Road_Lines_01.prefab
  artifactKey: Guid(69af78e726c8b9842bb53e9d215270fa) Importer(815301076,1909f56bfc062723c751e8b465ee728b)
Start importing Assets/PolygonCity/Prefabs/Environments/SM_Env_Road_Lines_01.prefab using Guid(69af78e726c8b9842bb53e9d215270fa) Importer(815301076,1909f56bfc062723c751e8b465ee728b)  -> (artifact id: 'fdb1ddd170ed36e4d1d20847e8fb1c49') in 0.014379 seconds 
========================================================================
Received Import Request.
  Time since last request: 0.000021 seconds.
  path: Assets/PolygonCity/Prefabs/Environments/SM_Env_Road_Median_02.prefab
  artifactKey: Guid(44ca69f08a790524aaed2c2ad405a1b9) Importer(815301076,1909f56bfc062723c751e8b465ee728b)
Start importing Assets/PolygonCity/Prefabs/Environments/SM_Env_Road_Median_02.prefab using Guid(44ca69f08a790524aaed2c2ad405a1b9) Importer(815301076,1909f56bfc062723c751e8b465ee728b)  -> (artifact id: 'd2dc53d1ab0c5338432ac3f69a20f179') in 0.015835 seconds 
========================================================================
Received Import Request.
  Time since last request: 0.000025 seconds.
  path: Assets/PolygonCity/Prefabs/Environments/SM_Env_Path_Junction_01.prefab
  artifactKey: Guid(3d64129ea690b5840a03b5f2f5c4b588) Importer(815301076,1909f56bfc062723c751e8b465ee728b)
Start importing Assets/PolygonCity/Prefabs/Environments/SM_Env_Path_Junction_01.prefab using Guid(3d64129ea690b5840a03b5f2f5c4b588) Importer(815301076,1909f56bfc062723c751e8b465ee728b)  -> (artifact id: '46b9dc8524288e1541000e6a338bbccd') in 0.019749 seconds 
========================================================================
Received Import Request.
  Time since last request: 0.000023 seconds.
  path: Assets/PolygonCity/Prefabs/Environments/SM_Env_Road_Lines_02.prefab
  artifactKey: Guid(d2b133bd1e0723046a270de71e937731) Importer(815301076,1909f56bfc062723c751e8b465ee728b)
Start importing Assets/PolygonCity/Prefabs/Environments/SM_Env_Road_Lines_02.prefab using Guid(d2b133bd1e0723046a270de71e937731) Importer(815301076,1909f56bfc062723c751e8b465ee728b)  -> (artifact id: '1cec7d902fa61349a9979d4fa3c96a14') in 0.014926 seconds 
========================================================================
Received Import Request.
  Time since last request: 0.000024 seconds.
  path: Assets/PolygonCity/Prefabs/Environments/SM_Env_Path_Corner_01.prefab
  artifactKey: Guid(d72fe3432e380494fb2ba7535c0e3fac) Importer(815301076,1909f56bfc062723c751e8b465ee728b)
Start importing Assets/PolygonCity/Prefabs/Environments/SM_Env_Path_Corner_01.prefab using Guid(d72fe3432e380494fb2ba7535c0e3fac) Importer(815301076,1909f56bfc062723c751e8b465ee728b)  -> (artifact id: 'fb6955cf1ab1bfc14275690c939a9504') in 0.027241 seconds 
========================================================================
Received Import Request.
  Time since last request: 0.414141 seconds.
  path: Assets/PolygonCity/Prefabs/Environments/SM_Env_Road_YellowLines_01.prefab
  artifactKey: Guid(7e547ff22275ff24389c0fcbaf1f0afc) Importer(815301076,1909f56bfc062723c751e8b465ee728b)
Start importing Assets/PolygonCity/Prefabs/Environments/SM_Env_Road_YellowLines_01.prefab using Guid(7e547ff22275ff24389c0fcbaf1f0afc) Importer(815301076,1909f56bfc062723c751e8b465ee728b)  -> (artifact id: '3f50e76c07805f2615beed7f482ef494') in 0.012946 seconds 
========================================================================
Received Import Request.
  Time since last request: 0.000020 seconds.
  path: Assets/PolygonCity/Prefabs/Environments/SM_Env_Sidewalk_01.prefab
  artifactKey: Guid(260ea4bf1ba71314c9c3833b491586bc) Importer(815301076,1909f56bfc062723c751e8b465ee728b)
Start importing Assets/PolygonCity/Prefabs/Environments/SM_Env_Sidewalk_01.prefab using Guid(260ea4bf1ba71314c9c3833b491586bc) Importer(815301076,1909f56bfc062723c751e8b465ee728b)  -> (artifact id: 'a6afa6db3fbf228bb5734a593e77bad6') in 0.018605 seconds 
========================================================================
Received Import Request.
  Time since last request: 0.000021 seconds.
  path: Assets/PolygonCity/Prefabs/Environments/SM_Env_Sidewalk_Corner_02.prefab
  artifactKey: Guid(8458e1021e0b4a14b82c8e49978ee608) Importer(815301076,1909f56bfc062723c751e8b465ee728b)
Start importing Assets/PolygonCity/Prefabs/Environments/SM_Env_Sidewalk_Corner_02.prefab using Guid(8458e1021e0b4a14b82c8e49978ee608) Importer(815301076,1909f56bfc062723c751e8b465ee728b)  -> (artifact id: '150714793af228e215b2514a7611b2ae') in 0.021237 seconds 
========================================================================
Received Import Request.
  Time since last request: 0.000022 seconds.
  path: Assets/PolygonCity/Prefabs/Environments/SM_Env_Sidewalk_Corner_01.prefab
  artifactKey: Guid(022ffec03fad20a44bfd7a0026ee101a) Importer(815301076,1909f56bfc062723c751e8b465ee728b)
Start importing Assets/PolygonCity/Prefabs/Environments/SM_Env_Sidewalk_Corner_01.prefab using Guid(022ffec03fad20a44bfd7a0026ee101a) Importer(815301076,1909f56bfc062723c751e8b465ee728b)  -> (artifact id: '9685d485715686c1e5c228f285ac86c1') in 0.019442 seconds 
========================================================================
Received Import Request.
  Time since last request: 0.000025 seconds.
  path: Assets/PolygonCity/Prefabs/Environments/SM_Env_Sidewalk_Construction_01.prefab
  artifactKey: Guid(ac89877d99edb1347a2f655053ce7b64) Importer(815301076,1909f56bfc062723c751e8b465ee728b)
Start importing Assets/PolygonCity/Prefabs/Environments/SM_Env_Sidewalk_Construction_01.prefab using Guid(ac89877d99edb1347a2f655053ce7b64) Importer(815301076,1909f56bfc062723c751e8b465ee728b)  -> (artifact id: '6113da9234a156fceee72d211e9bc84e') in 0.019530 seconds 
========================================================================
Received Import Request.
  Time since last request: 0.000027 seconds.
  path: Assets/PolygonCity/Prefabs/Environments/SM_Env_Sidewalk_Grate_01.prefab
  artifactKey: Guid(35d21aaf608eba24285e42aad64a70a8) Importer(815301076,1909f56bfc062723c751e8b465ee728b)
Start importing Assets/PolygonCity/Prefabs/Environments/SM_Env_Sidewalk_Grate_01.prefab using Guid(35d21aaf608eba24285e42aad64a70a8) Importer(815301076,1909f56bfc062723c751e8b465ee728b)  -> (artifact id: 'dc398e388d1e6b73862ebac893e3d9af') in 0.018419 seconds 
========================================================================
Received Import Request.
  Time since last request: 1.423675 seconds.
  path: Assets/PolygonCity/Prefabs/Environments/SM_Env_Sidewalk_Merger_01.prefab
  artifactKey: Guid(2b129740add29794081f519e9ab69ff5) Importer(815301076,1909f56bfc062723c751e8b465ee728b)
Start importing Assets/PolygonCity/Prefabs/Environments/SM_Env_Sidewalk_Merger_01.prefab using Guid(2b129740add29794081f519e9ab69ff5) Importer(815301076,1909f56bfc062723c751e8b465ee728b)  -> (artifact id: '26202022bc64ee2ad2ae8c03141961d8') in 0.025138 seconds 
========================================================================
Received Import Request.
  Time since last request: 0.000026 seconds.
  path: Assets/PolygonCity/Prefabs/Environments/SM_Env_Street_Divider_01.prefab
  artifactKey: Guid(1a66f016bbb06824eb345102a2831977) Importer(815301076,1909f56bfc062723c751e8b465ee728b)
Start importing Assets/PolygonCity/Prefabs/Environments/SM_Env_Street_Divider_01.prefab using Guid(1a66f016bbb06824eb345102a2831977) Importer(815301076,1909f56bfc062723c751e8b465ee728b)  -> (artifact id: 'c4b66f7b7daade210115c291f8e8e62d') in 0.019756 seconds 
========================================================================
Received Import Request.
  Time since last request: 0.000027 seconds.
  path: Assets/PolygonCity/Prefabs/Environments/SM_Env_Tree_01.prefab
  artifactKey: Guid(ee6af68a3d2c1864ebc6cfc3be82d851) Importer(815301076,1909f56bfc062723c751e8b465ee728b)
Start importing Assets/PolygonCity/Prefabs/Environments/SM_Env_Tree_01.prefab using Guid(ee6af68a3d2c1864ebc6cfc3be82d851) Importer(815301076,1909f56bfc062723c751e8b465ee728b)  -> (artifact id: 'b863c3457095042758ed961ca480454b') in 0.027583 seconds 
========================================================================
Received Import Request.
  Time since last request: 0.000017 seconds.
  path: Assets/PolygonCity/Prefabs/Environments/SM_Env_WaterEdge_Corner_02.prefab
  artifactKey: Guid(12164e8f6f9ab2f4589ed7dd89491853) Importer(815301076,1909f56bfc062723c751e8b465ee728b)
Start importing Assets/PolygonCity/Prefabs/Environments/SM_Env_WaterEdge_Corner_02.prefab using Guid(12164e8f6f9ab2f4589ed7dd89491853) Importer(815301076,1909f56bfc062723c751e8b465ee728b)  -> (artifact id: 'e708c963efc677a9a3abae74d45a6dfd') in 0.024044 seconds 
========================================================================
Received Import Request.
  Time since last request: 0.000029 seconds.
  path: Assets/PolygonCity/Prefabs/Environments/SM_Env_WaterEdge_Pipe_01.prefab
  artifactKey: Guid(31bea3e529df47e4eaa3fad5fda198b2) Importer(815301076,1909f56bfc062723c751e8b465ee728b)
Start importing Assets/PolygonCity/Prefabs/Environments/SM_Env_WaterEdge_Pipe_01.prefab using Guid(31bea3e529df47e4eaa3fad5fda198b2) Importer(815301076,1909f56bfc062723c751e8b465ee728b)  -> (artifact id: 'f824b49de44673b6aa04cd8407f3bcbe') in 0.024512 seconds 
========================================================================
Received Import Request.
  Time since last request: 0.000025 seconds.
  path: Assets/PolygonCity/Prefabs/Environments/SM_Env_Tree_03.prefab
  artifactKey: Guid(c50789636e1fc5c4b8a37e2700e4a3c1) Importer(815301076,1909f56bfc062723c751e8b465ee728b)
Start importing Assets/PolygonCity/Prefabs/Environments/SM_Env_Tree_03.prefab using Guid(c50789636e1fc5c4b8a37e2700e4a3c1) Importer(815301076,1909f56bfc062723c751e8b465ee728b)  -> (artifact id: '124340cf1abca04509d190dde68a40d5') in 0.025707 seconds 
========================================================================
Received Import Request.
  Time since last request: 0.000020 seconds.
  path: Assets/PolygonCity/Prefabs/Environments/SM_Env_Sidewalk_Panel_02.prefab
  artifactKey: Guid(f0924feddc9f45147a1b3b077269f520) Importer(815301076,1909f56bfc062723c751e8b465ee728b)
Start importing Assets/PolygonCity/Prefabs/Environments/SM_Env_Sidewalk_Panel_02.prefab using Guid(f0924feddc9f45147a1b3b077269f520) Importer(815301076,1909f56bfc062723c751e8b465ee728b)  -> (artifact id: '946f2578d1cbc7f1b06cda70eb017cd9') in 0.017263 seconds 
========================================================================
Received Import Request.
  Time since last request: 0.000025 seconds.
  path: Assets/PolygonCity/Prefabs/Environments/SM_Env_Tree_02.prefab
  artifactKey: Guid(d93817f79a1e01242b20f7081cbfa384) Importer(815301076,1909f56bfc062723c751e8b465ee728b)
Start importing Assets/PolygonCity/Prefabs/Environments/SM_Env_Tree_02.prefab using Guid(d93817f79a1e01242b20f7081cbfa384) Importer(815301076,1909f56bfc062723c751e8b465ee728b)  -> (artifact id: 'ef253f4e7548b22e8ebd8f56a8389321') in 0.024519 seconds 
========================================================================
Received Import Request.
  Time since last request: 0.000018 seconds.
  path: Assets/PolygonCity/Prefabs/Environments/SM_Env_Sidewalk_Straight_01.prefab
  artifactKey: Guid(ae7b8255185ace64ca379cb1ca3b24e6) Importer(815301076,1909f56bfc062723c751e8b465ee728b)
Start importing Assets/PolygonCity/Prefabs/Environments/SM_Env_Sidewalk_Straight_01.prefab using Guid(ae7b8255185ace64ca379cb1ca3b24e6) Importer(815301076,1909f56bfc062723c751e8b465ee728b)  -> (artifact id: 'cd773d81431668b1c08088295b4087ce') in 0.018113 seconds 
Editor requested this worker to shutdown with reason: Scaling down because of idle timeout
AssetImportWorker is now disconnected from the server
Process exiting
Exiting without the bug reporter. Application will terminate with return code 0