Using pre-set license
Built from '2021.3/staging' branch; Version is '2021.3.18f1 (3129e69bc0c7) revision 3221990'; Using compiler version '192829333'; Build Type 'Release'
OS: 'Windows 10  (10.0.19045) 64bit Professional' Language: 'en' Physical Memory: 32620 MB
BatchMode: 1, IsHumanControllingUs: 0, StartBugReporterOnCrash: 0, Is64bit: 1, IsPro: 1

COMMAND LINE ARGUMENTS:
E:\Unity Editor\2021.3.18f1\Editor\Unity.exe
-adb2
-batchMode
-noUpm
-name
AssetImportWorker7
-projectPath
C:/Users/samra/Documents/GitHub/VR-Project/Hunting Whales VR V1
-logFile
Logs/AssetImportWorker7.log
-srvPort
63106
Successfully changed project path to: C:/Users/samra/Documents/GitHub/VR-Project/Hunting Whales VR V1
C:/Users/samra/Documents/GitHub/VR-Project/Hunting Whales VR V1
[UnityMemory] Configuration Parameters - Can be set up in boot.config
    "memorysetup-bucket-allocator-granularity=16"
    "memorysetup-bucket-allocator-bucket-count=8"
    "memorysetup-bucket-allocator-block-size=33554432"
    "memorysetup-bucket-allocator-block-count=8"
    "memorysetup-main-allocator-block-size=16777216"
    "memorysetup-thread-allocator-block-size=16777216"
    "memorysetup-gfx-main-allocator-block-size=16777216"
    "memorysetup-gfx-thread-allocator-block-size=16777216"
    "memorysetup-cache-allocator-block-size=4194304"
    "memorysetup-typetree-allocator-block-size=2097152"
    "memorysetup-profiler-bucket-allocator-granularity=16"
    "memorysetup-profiler-bucket-allocator-bucket-count=8"
    "memorysetup-profiler-bucket-allocator-block-size=33554432"
    "memorysetup-profiler-bucket-allocator-block-count=8"
    "memorysetup-profiler-allocator-block-size=16777216"
    "memorysetup-profiler-editor-allocator-block-size=1048576"
    "memorysetup-temp-allocator-size-main=16777216"
    "memorysetup-job-temp-allocator-block-size=2097152"
    "memorysetup-job-temp-allocator-block-size-background=1048576"
    "memorysetup-job-temp-allocator-reduction-small-platforms=262144"
    "memorysetup-temp-allocator-size-background-worker=32768"
    "memorysetup-temp-allocator-size-job-worker=262144"
    "memorysetup-temp-allocator-size-preload-manager=33554432"
    "memorysetup-temp-allocator-size-nav-mesh-worker=65536"
    "memorysetup-temp-allocator-size-audio-worker=65536"
    "memorysetup-temp-allocator-size-cloud-worker=32768"
    "memorysetup-temp-allocator-size-gi-baking-worker=262144"
    "memorysetup-temp-allocator-size-gfx=262144"
Player connection [56052] Host "[IP] 25.16.200.250 [Port] 0 [Flags] 2 [Guid] 698185304 [EditorId] 698185304 [Version] 1048832 [Id] WindowsEditor(7,Rocketship-77) [Debug] 1 [PackageName] WindowsEditor [ProjectName] Editor" joined multi-casting on [225.0.0.222:54997]...

Player connection [56052] Host "[IP] 25.16.200.250 [Port] 0 [Flags] 2 [Guid] 698185304 [EditorId] 698185304 [Version] 1048832 [Id] WindowsEditor(7,Rocketship-77) [Debug] 1 [PackageName] WindowsEditor [ProjectName] Editor" joined alternative multi-casting on [225.0.0.222:34997]...

Refreshing native plugins compatible for Editor in 126.88 ms, found 12 plugins.
Preloading 1 native plugins for Editor in 0.77 ms.
Initialize engine version: 2021.3.18f1 (3129e69bc0c7)
[Subsystems] Discovering subsystems at path E:/Unity Editor/2021.3.18f1/Editor/Data/Resources/UnitySubsystems
[Subsystems] Discovering subsystems at path C:/Users/samra/Documents/GitHub/VR-Project/Hunting Whales VR V1/Assets
GfxDevice: creating device client; threaded=0; jobified=0
Direct3D:
    Version:  Direct3D 11.0 [level 11.1]
    Renderer: NVIDIA GeForce RTX 3080 Laptop GPU (ID=0x24dc)
    Vendor:   NVIDIA
    VRAM:     16191 MB
    Driver:   31.0.15.3179
Initialize mono
Mono path[0] = 'E:/Unity Editor/2021.3.18f1/Editor/Data/Managed'
Mono path[1] = 'E:/Unity Editor/2021.3.18f1/Editor/Data/MonoBleedingEdge/lib/mono/unityjit-win32'
Mono config path = 'E:/Unity Editor/2021.3.18f1/Editor/Data/MonoBleedingEdge/etc'
Using monoOptions --debugger-agent=transport=dt_socket,embedding=1,server=y,suspend=n,address=127.0.0.1:56188
Begin MonoManager ReloadAssembly
Registering precompiled unity dll's ...
Register platform support module: E:/Unity Editor/2021.3.18f1/Editor/Data/PlaybackEngines/AndroidPlayer/UnityEditor.Android.Extensions.dll
Register platform support module: E:/Unity Editor/2021.3.18f1/Editor/Data/PlaybackEngines/WindowsStandaloneSupport/UnityEditor.WindowsStandalone.Extensions.dll
Registered in 0.003625 seconds.
Native extension for WindowsStandalone target not found
Native extension for Android target not found
Android Extension - Scanning For ADB Devices 287 ms
Refreshing native plugins compatible for Editor in 95.79 ms, found 12 plugins.
Preloading 1 native plugins for Editor in 0.09 ms.
Mono: successfully reloaded assembly
- Completed reload, in  0.897 seconds
Domain Reload Profiling:
	ReloadAssembly (897ms)
		BeginReloadAssembly (63ms)
			ExecutionOrderSort (0ms)
			DisableScriptedObjects (0ms)
			BackupInstance (0ms)
			ReleaseScriptingObjects (0ms)
			CreateAndSetChildDomain (1ms)
		EndReloadAssembly (729ms)
			LoadAssemblies (63ms)
			RebuildTransferFunctionScriptingTraits (0ms)
			SetupTypeCache (101ms)
			ReleaseScriptCaches (0ms)
			RebuildScriptCaches (21ms)
			SetupLoadedEditorAssemblies (561ms)
				LogAssemblyErrors (0ms)
				InitializePlatformSupportModulesInManaged (354ms)
				SetLoadedEditorAssemblies (0ms)
				RefreshPlugins (96ms)
				BeforeProcessingInitializeOnLoad (1ms)
				ProcessInitializeOnLoadAttributes (75ms)
				ProcessInitializeOnLoadMethodAttributes (35ms)
				AfterProcessingInitializeOnLoad (0ms)
				EditorAssembliesLoaded (0ms)
			ExecutionOrderSort2 (0ms)
			AwakeInstancesAfterBackupRestoration (0ms)
Platform modules already initialized, skipping
Registering precompiled user dll's ...
Registered in 0.012658 seconds.
Begin MonoManager ReloadAssembly
Symbol file LoadedFromMemory doesn't match image C:\Users\samra\Documents\GitHub\VR-Project\Hunting Whales VR V1\Library\PackageCache\com.unity.visualscripting@1.8.0\Editor\VisualScripting.Core\Dependencies\DotNetZip\Unity.VisualScripting.IonicZip.dll
Symbol file LoadedFromMemory doesn't match image C:\Users\samra\Documents\GitHub\VR-Project\Hunting Whales VR V1\Library\PackageCache\com.unity.visualscripting@1.8.0\Editor\VisualScripting.Core\Dependencies\YamlDotNet\Unity.VisualScripting.YamlDotNet.dll
Native extension for WindowsStandalone target not found
Native extension for Android target not found
Refreshing native plugins compatible for Editor in 95.03 ms, found 12 plugins.
Preloading 1 native plugins for Editor in 0.09 ms.
Package Manager log level set to [2]
System.Reflection.TargetInvocationException: Exception has been thrown by the target of an invocation. ---> System.NullReferenceException: Object reference not set to an instance of an object
  at Unity.XR.Oculus.OculusLoader.AssetPathToAbsolutePath (System.String assetPath) [0x0003d] in C:\Users\samra\Documents\GitHub\VR-Project\Hunting Whales VR V1\Library\PackageCache\com.unity.xr.oculus@3.2.3\Runtime\OculusLoader.cs:296 
  at Unity.XR.Oculus.OculusLoader.EditorLoadOVRPlugin () [0x0007b] in C:\Users\samra\Documents\GitHub\VR-Project\Hunting Whales VR V1\Library\PackageCache\com.unity.xr.oculus@3.2.3\Runtime\OculusLoader.cs:281 
  at (wrapper managed-to-native) System.Reflection.RuntimeMethodInfo.InternalInvoke(System.Reflection.RuntimeMethodInfo,object,object[],System.Exception&)
  at System.Reflection.RuntimeMethodInfo.Invoke (System.Object obj, System.Reflection.BindingFlags invokeAttr, System.Reflection.Binder binder, System.Object[] parameters, System.Globalization.CultureInfo culture) [0x0006a] in <1f66344f2f89470293d8b67d71308c07>:0 
   --- End of inner exception stack trace ---
  at System.Reflection.RuntimeMethodInfo.Invoke (System.Object obj, System.Reflection.BindingFlags invokeAttr, System.Reflection.Binder binder, System.Object[] parameters, System.Globalization.CultureInfo culture) [0x00083] in <1f66344f2f89470293d8b67d71308c07>:0 
  at System.Reflection.MethodBase.Invoke (System.Object obj, System.Object[] parameters) [0x00000] in <1f66344f2f89470293d8b67d71308c07>:0 
  at UnityEditor.EditorAssemblies.ProcessInitializeOnLoadMethodAttributes () [0x000a5] in <42a64fd733d9417da1ea3a757ad9a96d>:0 
UnityEngine.StackTraceUtility:ExtractStackTrace ()
UnityEngine.DebugLogHandler:LogFormat (UnityEngine.LogType,UnityEngine.Object,string,object[])
UnityEngine.Logger:Log (UnityEngine.LogType,object)
UnityEngine.Debug:LogError (object)
UnityEditor.EditorAssemblies:ProcessInitializeOnLoadMethodAttributes ()

Mono: successfully reloaded assembly
- Completed reload, in  1.090 seconds
Domain Reload Profiling:
	ReloadAssembly (1091ms)
		BeginReloadAssembly (94ms)
			ExecutionOrderSort (0ms)
			DisableScriptedObjects (5ms)
			BackupInstance (0ms)
			ReleaseScriptingObjects (0ms)
			CreateAndSetChildDomain (19ms)
		EndReloadAssembly (905ms)
			LoadAssemblies (81ms)
			RebuildTransferFunctionScriptingTraits (0ms)
			SetupTypeCache (232ms)
			ReleaseScriptCaches (1ms)
			RebuildScriptCaches (49ms)
			SetupLoadedEditorAssemblies (485ms)
				LogAssemblyErrors (0ms)
				InitializePlatformSupportModulesInManaged (12ms)
				SetLoadedEditorAssemblies (0ms)
				RefreshPlugins (95ms)
				BeforeProcessingInitializeOnLoad (89ms)
				ProcessInitializeOnLoadAttributes (245ms)
				ProcessInitializeOnLoadMethodAttributes (40ms)
				AfterProcessingInitializeOnLoad (2ms)
				EditorAssembliesLoaded (0ms)
			ExecutionOrderSort2 (0ms)
			AwakeInstancesAfterBackupRestoration (5ms)
Platform modules already initialized, skipping
========================================================================
Worker process is ready to serve import requests
Launched and connected shader compiler UnityShaderCompiler.exe after 0.04 seconds
Refreshing native plugins compatible for Editor in 1.18 ms, found 12 plugins.
Preloading 1 native plugins for Editor in 0.09 ms.
Unloading 4424 Unused Serialized files (Serialized files now loaded: 0)
Unloading 50 unused Assets / (59.2 KB). Loaded Objects now: 4896.
Memory consumption went from 163.9 MB to 163.9 MB.
Total: 3.500800 ms (FindLiveObjects: 0.290600 ms CreateObjectMapping: 0.280300 ms MarkObjects: 2.809300 ms  DeleteObjects: 0.119300 ms)

AssetImportParameters requested are different than current active one (requested -> active):
  custom:video-decoder-ogg-theora: a1e56fd34408186e4bbccfd4996cb3dc -> 
  custom:container-muxer-webm: aa71ff27fc2769a1b78a27578f13a17b -> 
  custom:container-demuxer-webm: 4f35f7cbe854078d1ac9338744f61a02 -> 
  custom:video-encoder-webm-vp8: eb34c28f22e8b96e1ab97ce403110664 -> 
  custom:audio-encoder-webm-vorbis: bf7c407c2cedff20999df2af8eb42d56 -> 
  custom:framework-win-MediaFoundation: 216162199b28c13a410421893ffa2e32 -> 
  custom:container-demuxer-ogg: 62fdf1f143b41e24485cea50d1cbac27 -> 
  custom:video-decoder-webm-vp8: 9c59270c3fd7afecdb556c50c9e8de78 -> 
  custom:audio-decoder-ogg-vorbis: bf7c407c2cedff20999df2af8eb42d56 -> 
========================================================================
Received Import Request.
  Time since last request: 962446.763874 seconds.
  path: Assets/PolygonSciFiCity/Models/SM_Prop_Bank_Door_01_Convex.asset
  artifactKey: Guid(a83c764bea3c1ae438be79933872bfe7) Importer(815301076,1909f56bfc062723c751e8b465ee728b)
Start importing Assets/PolygonSciFiCity/Models/SM_Prop_Bank_Door_01_Convex.asset using Guid(a83c764bea3c1ae438be79933872bfe7) Importer(815301076,1909f56bfc062723c751e8b465ee728b)  -> (artifact id: '586187c2a9d6962dda24da29fdb7d51c') in 0.098909 seconds 
========================================================================
Received Import Request.
  Time since last request: 0.000031 seconds.
  path: Assets/PolygonSciFiCity/Models/SM_Prop_Bank_Door_01_Convex 1.asset
  artifactKey: Guid(c86e9b8538e2fe14a96e9edc81705288) Importer(815301076,1909f56bfc062723c751e8b465ee728b)
Start importing Assets/PolygonSciFiCity/Models/SM_Prop_Bank_Door_01_Convex 1.asset using Guid(c86e9b8538e2fe14a96e9edc81705288) Importer(815301076,1909f56bfc062723c751e8b465ee728b)  -> (artifact id: 'fd1b313449470e4b2fadeea5d6a57a6d') in 0.052857 seconds 
========================================================================
Received Import Request.
  Time since last request: 0.000034 seconds.
  path: Assets/PolygonSciFiCity/Prefabs/Props/SM_Prop_Door_01.prefab
  artifactKey: Guid(6d6091aea9e88a74d9d033aecac4842e) Importer(815301076,1909f56bfc062723c751e8b465ee728b)
Start importing Assets/PolygonSciFiCity/Prefabs/Props/SM_Prop_Door_01.prefab using Guid(6d6091aea9e88a74d9d033aecac4842e) Importer(815301076,1909f56bfc062723c751e8b465ee728b)  -> (artifact id: '059e7150df0348367545a145af6bfa3f') in 0.286889 seconds 
========================================================================
Received Import Request.
  Time since last request: 0.000036 seconds.
  path: Assets/PolygonSciFiCity/Models/SM_Prop_Door_03.fbx
  artifactKey: Guid(79930bd55923a194cbcfbb7843f2b3be) Importer(815301076,1909f56bfc062723c751e8b465ee728b)
Start importing Assets/PolygonSciFiCity/Models/SM_Prop_Door_03.fbx using Guid(79930bd55923a194cbcfbb7843f2b3be) Importer(815301076,1909f56bfc062723c751e8b465ee728b)  -> (artifact id: '15a74104efe910e74d94829cc5a39a96') in 0.041596 seconds 
========================================================================
Received Import Request.
  Time since last request: 0.000049 seconds.
  path: Assets/PolygonSciFiCity/Prefabs/Props/SM_Prop_Door_04.prefab
  artifactKey: Guid(b532cb4afb82ac04c91e8cf9b388266f) Importer(815301076,1909f56bfc062723c751e8b465ee728b)
Start importing Assets/PolygonSciFiCity/Prefabs/Props/SM_Prop_Door_04.prefab using Guid(b532cb4afb82ac04c91e8cf9b388266f) Importer(815301076,1909f56bfc062723c751e8b465ee728b)  -> (artifact id: 'f31c66c74562698633850a43dbf333bb') in 0.169853 seconds 
========================================================================
Received Import Request.
  Time since last request: 0.000024 seconds.
  path: Assets/PolygonSciFiCity/Models/SM_Prop_Door_05_Convex.asset
  artifactKey: Guid(2a61d1116795e6a4aa874d4da09c51bd) Importer(815301076,1909f56bfc062723c751e8b465ee728b)
Start importing Assets/PolygonSciFiCity/Models/SM_Prop_Door_05_Convex.asset using Guid(2a61d1116795e6a4aa874d4da09c51bd) Importer(815301076,1909f56bfc062723c751e8b465ee728b)  -> (artifact id: '9865c8486e24fea73b0ae3ddb315c0c0') in 0.016496 seconds 
========================================================================
Received Import Request.
  Time since last request: 0.109883 seconds.
  path: Assets/PolygonSciFiCity/Models/SM_Prop_Door_Chopshop_01_Convex.asset
  artifactKey: Guid(a86049e5c05745649b03676c45da3875) Importer(815301076,1909f56bfc062723c751e8b465ee728b)
Start importing Assets/PolygonSciFiCity/Models/SM_Prop_Door_Chopshop_01_Convex.asset using Guid(a86049e5c05745649b03676c45da3875) Importer(815301076,1909f56bfc062723c751e8b465ee728b)  -> (artifact id: '2af389d7f41b29912126b85cacc830a9') in 0.013374 seconds 
========================================================================
Received Import Request.
  Time since last request: 0.000027 seconds.
  path: Assets/PolygonSciFiCity/Models/SM_Veh_Classic_01.fbx
  artifactKey: Guid(5415c097506e8da42886699d81a1bd71) Importer(815301076,1909f56bfc062723c751e8b465ee728b)
Start importing Assets/PolygonSciFiCity/Models/SM_Veh_Classic_01.fbx using Guid(5415c097506e8da42886699d81a1bd71) Importer(815301076,1909f56bfc062723c751e8b465ee728b)  -> (artifact id: '5c12f1ba3e7b555a73498afda2fe3ac2') in 0.067488 seconds 
========================================================================
Received Import Request.
  Time since last request: 0.000019 seconds.
  path: Assets/PolygonCity/Models/SM_Veh_Car_Van_01.fbx
  artifactKey: Guid(97982d8a36ff16f4a88f291ef2443e49) Importer(815301076,1909f56bfc062723c751e8b465ee728b)
Start importing Assets/PolygonCity/Models/SM_Veh_Car_Van_01.fbx using Guid(97982d8a36ff16f4a88f291ef2443e49) Importer(815301076,1909f56bfc062723c751e8b465ee728b)  -> (artifact id: 'ba500b6a47c60bee1fd6b051353c1f1c') in 0.098535 seconds 
========================================================================
Received Import Request.
  Time since last request: 0.000022 seconds.
  path: Assets/PolygonSciFiCity/Models/SM_Veh_Retro_01.fbx
  artifactKey: Guid(14c65abfd4a635a4bacab55363a9cbba) Importer(815301076,1909f56bfc062723c751e8b465ee728b)
Start importing Assets/PolygonSciFiCity/Models/SM_Veh_Retro_01.fbx using Guid(14c65abfd4a635a4bacab55363a9cbba) Importer(815301076,1909f56bfc062723c751e8b465ee728b)  -> (artifact id: '43f901fdfbde71ee7d9fe3e86f7d8f31') in 0.069529 seconds 
========================================================================
Received Import Request.
  Time since last request: 67.209608 seconds.
  path: Assets/PolygonSciFiCity/Textures/Circle_Dashes.png
  artifactKey: Guid(ffccefe6fe078884d91a8574bfef2cda) Importer(815301076,1909f56bfc062723c751e8b465ee728b)
Start importing Assets/PolygonSciFiCity/Textures/Circle_Dashes.png using Guid(ffccefe6fe078884d91a8574bfef2cda) Importer(815301076,1909f56bfc062723c751e8b465ee728b)  -> (artifact id: '639c1e00e1814262bfe9cc92fa76b20c') in 0.026271 seconds 
========================================================================
Received Import Request.
  Time since last request: 0.000016 seconds.
  path: Assets/PolygonSciFiCity/Textures/PolygonSciFiCity_Texture_Normal.png
  artifactKey: Guid(fff3796fd3630f64890b09296fcb8f85) Importer(815301076,1909f56bfc062723c751e8b465ee728b)
Start importing Assets/PolygonSciFiCity/Textures/PolygonSciFiCity_Texture_Normal.png using Guid(fff3796fd3630f64890b09296fcb8f85) Importer(815301076,1909f56bfc062723c751e8b465ee728b)  -> (artifact id: '56f503b93f82e678da1dc1b56563a5d5') in 0.037805 seconds 
========================================================================
Received Import Request.
  Time since last request: 0.000028 seconds.
  path: Assets/PolygonSciFiCity/Textures/PolygonScifi_Emissive_04.png
  artifactKey: Guid(6a44ed97f7b057649bc6f755bbd74f25) Importer(815301076,1909f56bfc062723c751e8b465ee728b)
Start importing Assets/PolygonSciFiCity/Textures/PolygonScifi_Emissive_04.png using Guid(6a44ed97f7b057649bc6f755bbd74f25) Importer(815301076,1909f56bfc062723c751e8b465ee728b)  -> (artifact id: 'c74001e85e71adc52356f92949a66fab') in 0.047746 seconds 
========================================================================
Received Import Request.
  Time since last request: 0.000042 seconds.
  path: Assets/PolygonSciFiCity/Textures/NeonSigns.png
  artifactKey: Guid(3e787443af8f48b4b8ff188761e532d8) Importer(815301076,1909f56bfc062723c751e8b465ee728b)
Start importing Assets/PolygonSciFiCity/Textures/NeonSigns.png using Guid(3e787443af8f48b4b8ff188761e532d8) Importer(815301076,1909f56bfc062723c751e8b465ee728b)  -> (artifact id: '4866bf69562e603b51db01a233ad1af9') in 0.013948 seconds 
========================================================================
Received Import Request.
  Time since last request: 0.000020 seconds.
  path: Assets/PolygonSciFiCity/Textures/Planet_Texure_02.png
  artifactKey: Guid(4dc22bc02a998ff44bd9d38be323c79a) Importer(815301076,1909f56bfc062723c751e8b465ee728b)
Start importing Assets/PolygonSciFiCity/Textures/Planet_Texure_02.png using Guid(4dc22bc02a998ff44bd9d38be323c79a) Importer(815301076,1909f56bfc062723c751e8b465ee728b)  -> (artifact id: 'ca031d262ea610810984f39101fd04b8') in 0.023252 seconds 
========================================================================
Received Import Request.
  Time since last request: 0.000020 seconds.
  path: Assets/PolygonSciFiCity/Textures/Transparent_Flash.png
  artifactKey: Guid(c7a4569ca909e434e9f9ae16e15f07da) Importer(815301076,1909f56bfc062723c751e8b465ee728b)
Start importing Assets/PolygonSciFiCity/Textures/Transparent_Flash.png using Guid(c7a4569ca909e434e9f9ae16e15f07da) Importer(815301076,1909f56bfc062723c751e8b465ee728b)  -> (artifact id: '8bd49bb9e43e72a5590b5c288eec0ef0') in 0.016457 seconds 
========================================================================
Received Import Request.
  Time since last request: 0.000019 seconds.
  path: Assets/PolygonSciFiCity/Textures/PolygonScifi_01_A.png
  artifactKey: Guid(db556d465e9f4ab4caffaf339cf5b656) Importer(815301076,1909f56bfc062723c751e8b465ee728b)
Start importing Assets/PolygonSciFiCity/Textures/PolygonScifi_01_A.png using Guid(db556d465e9f4ab4caffaf339cf5b656) Importer(815301076,1909f56bfc062723c751e8b465ee728b)  -> (artifact id: '624167f5a8bb4a0e016ea32678c04dcd') in 0.046590 seconds 
========================================================================
Received Import Request.
  Time since last request: 0.000018 seconds.
  path: Assets/PolygonSciFiCity/Textures/SimpleSky.png
  artifactKey: Guid(6506ebfbf33dbd04e82b283f8c1925f6) Importer(815301076,1909f56bfc062723c751e8b465ee728b)
Start importing Assets/PolygonSciFiCity/Textures/SimpleSky.png using Guid(6506ebfbf33dbd04e82b283f8c1925f6) Importer(815301076,1909f56bfc062723c751e8b465ee728b)  -> (artifact id: '8029186080b08ca3c75812c2481aff82') in 0.012737 seconds 
========================================================================
Received Import Request.
  Time since last request: 0.000017 seconds.
  path: Assets/PolygonSciFiCity/Textures/LineTex 4.png
  artifactKey: Guid(e0f922c44762291498cc62e0917609be) Importer(815301076,1909f56bfc062723c751e8b465ee728b)
Start importing Assets/PolygonSciFiCity/Textures/LineTex 4.png using Guid(e0f922c44762291498cc62e0917609be) Importer(815301076,1909f56bfc062723c751e8b465ee728b)  -> (artifact id: 'f2f2bee86eae806a429403bc12fa0066') in 0.012358 seconds 
========================================================================
Received Import Request.
  Time since last request: 0.000020 seconds.
  path: Assets/PolygonSciFiCity/Textures/PolygonSciFiCity_Texture_Metallic.tga
  artifactKey: Guid(52f98fc3797b66443b95229635266011) Importer(815301076,1909f56bfc062723c751e8b465ee728b)
Start importing Assets/PolygonSciFiCity/Textures/PolygonSciFiCity_Texture_Metallic.tga using Guid(52f98fc3797b66443b95229635266011) Importer(815301076,1909f56bfc062723c751e8b465ee728b)  -> (artifact id: '132037834bfe191e7455a81c5c3962b7') in 0.059424 seconds 
========================================================================
Received Import Request.
  Time since last request: 0.000053 seconds.
  path: Assets/PolygonSciFiCity/Textures/Planet_Texure_01.png
  artifactKey: Guid(e014b5a9de227b9488927bed56bde484) Importer(815301076,1909f56bfc062723c751e8b465ee728b)
Start importing Assets/PolygonSciFiCity/Textures/Planet_Texure_01.png using Guid(e014b5a9de227b9488927bed56bde484) Importer(815301076,1909f56bfc062723c751e8b465ee728b)  -> (artifact id: '01ae1c093408a32d5122e172b9bcd014') in 0.028239 seconds 
========================================================================
Received Import Request.
  Time since last request: 0.000029 seconds.
  path: Assets/PolygonSciFiCity/Textures/Flash_Explosion.png
  artifactKey: Guid(f3b37575335bb3a4185571574378bb12) Importer(815301076,1909f56bfc062723c751e8b465ee728b)
Start importing Assets/PolygonSciFiCity/Textures/Flash_Explosion.png using Guid(f3b37575335bb3a4185571574378bb12) Importer(815301076,1909f56bfc062723c751e8b465ee728b)  -> (artifact id: '5d8f4d315cb1146bbc882cfdad5397d5') in 0.016917 seconds 
========================================================================
Received Import Request.
  Time since last request: 0.000021 seconds.
  path: Assets/PolygonSciFiCity/Textures/PolygonScifi_Emissive_01.png
  artifactKey: Guid(f31e15c1060870d4196e7875363cbb5d) Importer(815301076,1909f56bfc062723c751e8b465ee728b)
Start importing Assets/PolygonSciFiCity/Textures/PolygonScifi_Emissive_01.png using Guid(f31e15c1060870d4196e7875363cbb5d) Importer(815301076,1909f56bfc062723c751e8b465ee728b)  -> (artifact id: '4f60200c59f393a198172fd542bc5418') in 0.041570 seconds 
========================================================================
Received Import Request.
  Time since last request: 0.000020 seconds.
  path: Assets/PolygonSciFiCity/Textures/LineTex 3.png
  artifactKey: Guid(c3512c25766a40245ac94c6b1722d76e) Importer(815301076,1909f56bfc062723c751e8b465ee728b)
Start importing Assets/PolygonSciFiCity/Textures/LineTex 3.png using Guid(c3512c25766a40245ac94c6b1722d76e) Importer(815301076,1909f56bfc062723c751e8b465ee728b)  -> (artifact id: 'bac3d9eb1d8e3716aa7d86916ba1f5fa') in 0.012056 seconds 
========================================================================
Received Import Request.
  Time since last request: 0.000026 seconds.
  path: Assets/PolygonSciFiCity/Textures/PolygonScifi_Emissive_03.png
  artifactKey: Guid(424a0c6a606875f458ef942536696cd1) Importer(815301076,1909f56bfc062723c751e8b465ee728b)
Start importing Assets/PolygonSciFiCity/Textures/PolygonScifi_Emissive_03.png using Guid(424a0c6a606875f458ef942536696cd1) Importer(815301076,1909f56bfc062723c751e8b465ee728b)  -> (artifact id: '2e8f38e772cf9b6d8381a66cf718ada4') in 0.041694 seconds 
========================================================================
Received Import Request.
  Time since last request: 354.470286 seconds.
  path: Assets/PolygonSciFiCity/Models/SM_Bld_Section_Window_01_Convex.asset
  artifactKey: Guid(39f7e7dd028695a40bcfa1f19124e542) Importer(815301076,1909f56bfc062723c751e8b465ee728b)
Start importing Assets/PolygonSciFiCity/Models/SM_Bld_Section_Window_01_Convex.asset using Guid(39f7e7dd028695a40bcfa1f19124e542) Importer(815301076,1909f56bfc062723c751e8b465ee728b)  -> (artifact id: '655a1970b951d34129a1f85e987d328a') in 0.013995 seconds 
========================================================================
Received Import Request.
  Time since last request: 0.000023 seconds.
  path: Assets/PolygonSciFiCity/Models/SM_Bld_Section_Window_03_Convex.asset
  artifactKey: Guid(287e8aaa2b694c94585d2762602dd79b) Importer(815301076,1909f56bfc062723c751e8b465ee728b)
Start importing Assets/PolygonSciFiCity/Models/SM_Bld_Section_Window_03_Convex.asset using Guid(287e8aaa2b694c94585d2762602dd79b) Importer(815301076,1909f56bfc062723c751e8b465ee728b)  -> (artifact id: '05171eca9262fc63d789d8965a208de3') in 0.011571 seconds 
========================================================================
Received Import Request.
  Time since last request: 0.000024 seconds.
  path: Assets/PolygonSciFiCity/Models/SM_Bld_Section_Window_04.fbx
  artifactKey: Guid(eeefc730d2e396641bee2bf389c50dbd) Importer(815301076,1909f56bfc062723c751e8b465ee728b)
Start importing Assets/PolygonSciFiCity/Models/SM_Bld_Section_Window_04.fbx using Guid(eeefc730d2e396641bee2bf389c50dbd) Importer(815301076,1909f56bfc062723c751e8b465ee728b)  -> (artifact id: '64e83326a5c7bc578d7b3e14eceac1d6') in 0.022030 seconds 
========================================================================
Received Import Request.
  Time since last request: 0.000017 seconds.
  path: Assets/PolygonSciFiCity/Models/SM_Bld_Section_Window_04_Convex.asset
  artifactKey: Guid(c0aadab2b805539449524e30166e7a3c) Importer(815301076,1909f56bfc062723c751e8b465ee728b)
Start importing Assets/PolygonSciFiCity/Models/SM_Bld_Section_Window_04_Convex.asset using Guid(c0aadab2b805539449524e30166e7a3c) Importer(815301076,1909f56bfc062723c751e8b465ee728b)  -> (artifact id: '3aca3c8201cb19fcf46ecba6d9ede8a3') in 0.015214 seconds 
========================================================================
Received Import Request.
  Time since last request: 0.000017 seconds.
  path: Assets/PolygonCity/Prefabs/Props/SM_Prop_PlanterWindow_01.prefab
  artifactKey: Guid(16dd2e2d30bf97a4282b745980e24bd8) Importer(815301076,1909f56bfc062723c751e8b465ee728b)
Start importing Assets/PolygonCity/Prefabs/Props/SM_Prop_PlanterWindow_01.prefab using Guid(16dd2e2d30bf97a4282b745980e24bd8) Importer(815301076,1909f56bfc062723c751e8b465ee728b)  -> (artifact id: '1fa348c3e9b6e0eeadd3c1e5cca7d2f5') in 0.060493 seconds 
========================================================================
Received Import Request.
  Time since last request: 0.000044 seconds.
  path: Assets/PolygonSciFiCity/Prefabs/Props/SM_Prop_Window_02.prefab
  artifactKey: Guid(20afb168f6eb0ef4c9b10af2deea2282) Importer(815301076,1909f56bfc062723c751e8b465ee728b)
Start importing Assets/PolygonSciFiCity/Prefabs/Props/SM_Prop_Window_02.prefab using Guid(20afb168f6eb0ef4c9b10af2deea2282) Importer(815301076,1909f56bfc062723c751e8b465ee728b)  -> (artifact id: '97546df9c86d2ad476a732d7e917bc09') in 0.185061 seconds 
========================================================================
Received Import Request.
  Time since last request: 0.000036 seconds.
  path: Assets/PolygonSciFiCity/Models/SM_Bld_Section_Window_02.fbx
  artifactKey: Guid(3dcbe45bb15b9b449b51a742a8024437) Importer(815301076,1909f56bfc062723c751e8b465ee728b)
Start importing Assets/PolygonSciFiCity/Models/SM_Bld_Section_Window_02.fbx using Guid(3dcbe45bb15b9b449b51a742a8024437) Importer(815301076,1909f56bfc062723c751e8b465ee728b)  -> (artifact id: '064771f4f4ef330851bf666de83a3db8') in 0.018103 seconds 
========================================================================
Received Import Request.
  Time since last request: 0.000023 seconds.
  path: Assets/PolygonCity/Models/SM_Prop_PlanterWindow_02.fbx
  artifactKey: Guid(4d7b1e8b05acda04589c4052eaa97df3) Importer(815301076,1909f56bfc062723c751e8b465ee728b)
Start importing Assets/PolygonCity/Models/SM_Prop_PlanterWindow_02.fbx using Guid(4d7b1e8b05acda04589c4052eaa97df3) Importer(815301076,1909f56bfc062723c751e8b465ee728b)  -> (artifact id: 'deb9a8be805379e837fc5ca04c54ae2b') in 0.017172 seconds 
========================================================================
Received Import Request.
  Time since last request: 0.000023 seconds.
  path: Assets/PolygonCity/Models/Collisions/SM_Prop_PlanterWindow_02_Convex.asset
  artifactKey: Guid(e7a86b91d951769499d67421e6fdb7d5) Importer(815301076,1909f56bfc062723c751e8b465ee728b)
Start importing Assets/PolygonCity/Models/Collisions/SM_Prop_PlanterWindow_02_Convex.asset using Guid(e7a86b91d951769499d67421e6fdb7d5) Importer(815301076,1909f56bfc062723c751e8b465ee728b)  -> (artifact id: 'effd5029a4f31000c928a06dc4697ccd') in 0.013981 seconds 
========================================================================
Received Import Request.
  Time since last request: 0.000022 seconds.
  path: Assets/PolygonSciFiCity/Models/SM_Bld_Section_Window_03.fbx
  artifactKey: Guid(3f1e4658969461544ba39318fa1a5528) Importer(815301076,1909f56bfc062723c751e8b465ee728b)
Start importing Assets/PolygonSciFiCity/Models/SM_Bld_Section_Window_03.fbx using Guid(3f1e4658969461544ba39318fa1a5528) Importer(815301076,1909f56bfc062723c751e8b465ee728b)  -> (artifact id: 'f5dc2b1bab3eb2c90475861a8e116d27') in 0.019437 seconds 
========================================================================
Received Import Request.
  Time since last request: 1.347656 seconds.
  path: Assets/PolygonSciFiCity/Prefabs/Props/SM_Prop_Window_03.prefab
  artifactKey: Guid(ad75cc67b4fcb83428eb34ae411bb3c4) Importer(815301076,1909f56bfc062723c751e8b465ee728b)
Start importing Assets/PolygonSciFiCity/Prefabs/Props/SM_Prop_Window_03.prefab using Guid(ad75cc67b4fcb83428eb34ae411bb3c4) Importer(815301076,1909f56bfc062723c751e8b465ee728b)  -> (artifact id: '1032240bd6ccc8bcc97999e2888d4fff') in 0.147165 seconds 
========================================================================
Received Import Request.
  Time since last request: 0.000024 seconds.
  path: Assets/PolygonSciFiCity/Models/SM_Prop_Window_Shutter_01.fbx
  artifactKey: Guid(dcecaad3f68dffd4b9f5a0bf4f1b38d3) Importer(815301076,1909f56bfc062723c751e8b465ee728b)
Start importing Assets/PolygonSciFiCity/Models/SM_Prop_Window_Shutter_01.fbx using Guid(dcecaad3f68dffd4b9f5a0bf4f1b38d3) Importer(815301076,1909f56bfc062723c751e8b465ee728b)  -> (artifact id: 'c6cc69bf9e9f456fd60359c02281bbee') in 0.022226 seconds 
========================================================================
Received Import Request.
  Time since last request: 0.000031 seconds.
  path: Assets/PolygonSciFiCity/Models/SM_Prop_Window_Shutter_01_Convex.asset
  artifactKey: Guid(5c4cf1a6a8806ae4e9e37e0cb03c0d7e) Importer(815301076,1909f56bfc062723c751e8b465ee728b)
Start importing Assets/PolygonSciFiCity/Models/SM_Prop_Window_Shutter_01_Convex.asset using Guid(5c4cf1a6a8806ae4e9e37e0cb03c0d7e) Importer(815301076,1909f56bfc062723c751e8b465ee728b)  -> (artifact id: '74a1bb3793c8ecad1ab49675e05458c8') in 0.012682 seconds 
========================================================================
Received Import Request.
  Time since last request: 0.000023 seconds.
  path: Assets/PolygonSciFiCity/Models/SM_Prop_Window_Bolts_01.fbx
  artifactKey: Guid(a7a28cfeda2e82a46b0045331bd0d9da) Importer(815301076,1909f56bfc062723c751e8b465ee728b)
Start importing Assets/PolygonSciFiCity/Models/SM_Prop_Window_Bolts_01.fbx using Guid(a7a28cfeda2e82a46b0045331bd0d9da) Importer(815301076,1909f56bfc062723c751e8b465ee728b)  -> (artifact id: 'a72aa36f59f6431848f6bca9c2465447') in 0.016476 seconds 
========================================================================
Received Import Request.
  Time since last request: 0.000028 seconds.
  path: Assets/PolygonSciFiCity/Models/SM_Prop_Window_03_Convex.asset
  artifactKey: Guid(cad360fa1abc2bd4cb4ffb2cee749c31) Importer(815301076,1909f56bfc062723c751e8b465ee728b)
Start importing Assets/PolygonSciFiCity/Models/SM_Prop_Window_03_Convex.asset using Guid(cad360fa1abc2bd4cb4ffb2cee749c31) Importer(815301076,1909f56bfc062723c751e8b465ee728b)  -> (artifact id: '7cb1aac092c91eb18ec066b95bf33c06') in 0.016329 seconds 
========================================================================
Received Import Request.
  Time since last request: 0.000022 seconds.
  path: Assets/PolygonSciFiCity/Models/SM_Prop_Window_03.fbx
  artifactKey: Guid(e46f2432ba9b2d748bbdc5a9f6d6b758) Importer(815301076,1909f56bfc062723c751e8b465ee728b)
Start importing Assets/PolygonSciFiCity/Models/SM_Prop_Window_03.fbx using Guid(e46f2432ba9b2d748bbdc5a9f6d6b758) Importer(815301076,1909f56bfc062723c751e8b465ee728b)  -> (artifact id: 'ad9c6ae45323e0dcd1af2a8b4715e209') in 0.017978 seconds 
========================================================================
Received Import Request.
  Time since last request: 0.000018 seconds.
  path: Assets/PolygonSciFiCity/Models/SM_Prop_Window_Bolts_01_Convex.asset
  artifactKey: Guid(1a59419e84a0d6e4681396a93bb694a4) Importer(815301076,1909f56bfc062723c751e8b465ee728b)
Start importing Assets/PolygonSciFiCity/Models/SM_Prop_Window_Bolts_01_Convex.asset using Guid(1a59419e84a0d6e4681396a93bb694a4) Importer(815301076,1909f56bfc062723c751e8b465ee728b)  -> (artifact id: 'f1fe8018cc2db1e86273efe4cdaf048b') in 0.012993 seconds 
Editor requested this worker to shutdown with reason: Scaling down because of idle timeout
AssetImportWorker is now disconnected from the server
Process exiting
Exiting without the bug reporter. Application will terminate with return code 0