Using pre-set license
Built from '2021.3/staging' branch; Version is '2021.3.18f1 (3129e69bc0c7) revision 3221990'; Using compiler version '192829333'; Build Type 'Release'
OS: 'Windows 10  (10.0.19045) 64bit Professional' Language: 'en' Physical Memory: 7544 MB
BatchMode: 1, IsHumanControllingUs: 0, StartBugReporterOnCrash: 0, Is64bit: 1, IsPro: 1

COMMAND LINE ARGUMENTS:
C:\Program Files\Unity\Hub\Editor\2021.3.18f1\Editor\Unity.exe
-adb2
-batchMode
-noUpm
-name
AssetImportWorker0
-projectPath
C:/Users/Caspe/Game Projects/Unity/VR Project/VR-Project/Hunting Whales VR V1
-logFile
Logs/AssetImportWorker0.log
-srvPort
54544
Successfully changed project path to: C:/Users/Caspe/Game Projects/Unity/VR Project/VR-Project/Hunting Whales VR V1
C:/Users/Caspe/Game Projects/Unity/VR Project/VR-Project/Hunting Whales VR V1
[UnityMemory] Configuration Parameters - Can be set up in boot.config
    "memorysetup-bucket-allocator-granularity=16"
    "memorysetup-bucket-allocator-bucket-count=8"
    "memorysetup-bucket-allocator-block-size=33554432"
    "memorysetup-bucket-allocator-block-count=8"
    "memorysetup-main-allocator-block-size=16777216"
    "memorysetup-thread-allocator-block-size=16777216"
    "memorysetup-gfx-main-allocator-block-size=16777216"
    "memorysetup-gfx-thread-allocator-block-size=16777216"
    "memorysetup-cache-allocator-block-size=4194304"
    "memorysetup-typetree-allocator-block-size=2097152"
    "memorysetup-profiler-bucket-allocator-granularity=16"
    "memorysetup-profiler-bucket-allocator-bucket-count=8"
    "memorysetup-profiler-bucket-allocator-block-size=33554432"
    "memorysetup-profiler-bucket-allocator-block-count=8"
    "memorysetup-profiler-allocator-block-size=16777216"
    "memorysetup-profiler-editor-allocator-block-size=1048576"
    "memorysetup-temp-allocator-size-main=16777216"
    "memorysetup-job-temp-allocator-block-size=2097152"
    "memorysetup-job-temp-allocator-block-size-background=1048576"
    "memorysetup-job-temp-allocator-reduction-small-platforms=262144"
    "memorysetup-temp-allocator-size-background-worker=32768"
    "memorysetup-temp-allocator-size-job-worker=262144"
    "memorysetup-temp-allocator-size-preload-manager=33554432"
    "memorysetup-temp-allocator-size-nav-mesh-worker=65536"
    "memorysetup-temp-allocator-size-audio-worker=65536"
    "memorysetup-temp-allocator-size-cloud-worker=32768"
    "memorysetup-temp-allocator-size-gi-baking-worker=262144"
    "memorysetup-temp-allocator-size-gfx=262144"
Player connection [23288] Host "[IP] 192.168.2.11 [Port] 0 [Flags] 2 [Guid] 839814808 [EditorId] 839814808 [Version] 1048832 [Id] WindowsEditor(7,LAPTOP-8LQSREQM) [Debug] 1 [PackageName] WindowsEditor [ProjectName] Editor" joined multi-casting on [225.0.0.222:54997]...

Player connection [23288] Host "[IP] 192.168.2.11 [Port] 0 [Flags] 2 [Guid] 839814808 [EditorId] 839814808 [Version] 1048832 [Id] WindowsEditor(7,LAPTOP-8LQSREQM) [Debug] 1 [PackageName] WindowsEditor [ProjectName] Editor" joined alternative multi-casting on [225.0.0.222:34997]...

Refreshing native plugins compatible for Editor in 184.11 ms, found 12 plugins.
Preloading 1 native plugins for Editor in 3.88 ms.
Initialize engine version: 2021.3.18f1 (3129e69bc0c7)
[Subsystems] Discovering subsystems at path C:/Program Files/Unity/Hub/Editor/2021.3.18f1/Editor/Data/Resources/UnitySubsystems
[Subsystems] Discovering subsystems at path C:/Users/Caspe/Game Projects/Unity/VR Project/VR-Project/Hunting Whales VR V1/Assets
GfxDevice: creating device client; threaded=0; jobified=0
Direct3D:
    Version:  Direct3D 11.0 [level 11.1]
    Renderer: AMD Radeon(TM) Graphics (ID=0x1636)
    Vendor:   ATI
    VRAM:     3772 MB
    Driver:   30.0.13040.5001
Initialize mono
Mono path[0] = 'C:/Program Files/Unity/Hub/Editor/2021.3.18f1/Editor/Data/Managed'
Mono path[1] = 'C:/Program Files/Unity/Hub/Editor/2021.3.18f1/Editor/Data/MonoBleedingEdge/lib/mono/unityjit-win32'
Mono config path = 'C:/Program Files/Unity/Hub/Editor/2021.3.18f1/Editor/Data/MonoBleedingEdge/etc'
Using monoOptions --debugger-agent=transport=dt_socket,embedding=1,server=y,suspend=n,address=127.0.0.1:56160
Begin MonoManager ReloadAssembly
Registering precompiled unity dll's ...
Register platform support module: C:/Program Files/Unity/Hub/Editor/2021.3.18f1/Editor/Data/PlaybackEngines/WebGLSupport/UnityEditor.WebGL.Extensions.dll
Register platform support module: C:/Program Files/Unity/Hub/Editor/2021.3.18f1/Editor/Data/PlaybackEngines/AndroidPlayer/UnityEditor.Android.Extensions.dll
Register platform support module: C:/Program Files/Unity/Hub/Editor/2021.3.18f1/Editor/Data/PlaybackEngines/WindowsStandaloneSupport/UnityEditor.WindowsStandalone.Extensions.dll
Registered in 0.009902 seconds.
Native extension for WindowsStandalone target not found
Native extension for Android target not found
Android Extension - Scanning For ADB Devices 304 ms
Native extension for WebGL target not found
Refreshing native plugins compatible for Editor in 130.36 ms, found 12 plugins.
Preloading 1 native plugins for Editor in 0.09 ms.
Mono: successfully reloaded assembly
- Completed reload, in  1.210 seconds
Domain Reload Profiling:
	ReloadAssembly (1211ms)
		BeginReloadAssembly (164ms)
			ExecutionOrderSort (0ms)
			DisableScriptedObjects (0ms)
			BackupInstance (0ms)
			ReleaseScriptingObjects (0ms)
			CreateAndSetChildDomain (2ms)
		EndReloadAssembly (881ms)
			LoadAssemblies (160ms)
			RebuildTransferFunctionScriptingTraits (1ms)
			SetupTypeCache (123ms)
			ReleaseScriptCaches (0ms)
			RebuildScriptCaches (29ms)
			SetupLoadedEditorAssemblies (669ms)
				LogAssemblyErrors (0ms)
				InitializePlatformSupportModulesInManaged (403ms)
				SetLoadedEditorAssemblies (0ms)
				RefreshPlugins (131ms)
				BeforeProcessingInitializeOnLoad (2ms)
				ProcessInitializeOnLoadAttributes (90ms)
				ProcessInitializeOnLoadMethodAttributes (43ms)
				AfterProcessingInitializeOnLoad (0ms)
				EditorAssembliesLoaded (0ms)
			ExecutionOrderSort2 (0ms)
			AwakeInstancesAfterBackupRestoration (0ms)
Platform modules already initialized, skipping
Registering precompiled user dll's ...
Registered in 0.029928 seconds.
Begin MonoManager ReloadAssembly
Symbol file LoadedFromMemory doesn't match image C:\Users\Caspe\Game Projects\Unity\VR Project\VR-Project\Hunting Whales VR V1\Library\PackageCache\com.unity.visualscripting@1.8.0\Editor\VisualScripting.Core\Dependencies\DotNetZip\Unity.VisualScripting.IonicZip.dll
Symbol file LoadedFromMemory doesn't match image C:\Users\Caspe\Game Projects\Unity\VR Project\VR-Project\Hunting Whales VR V1\Library\PackageCache\com.unity.visualscripting@1.8.0\Editor\VisualScripting.Core\Dependencies\YamlDotNet\Unity.VisualScripting.YamlDotNet.dll
Native extension for WindowsStandalone target not found
Native extension for Android target not found
Native extension for WebGL target not found
Refreshing native plugins compatible for Editor in 142.06 ms, found 12 plugins.
Preloading 1 native plugins for Editor in 0.12 ms.
Package Manager log level set to [2]
System.Reflection.TargetInvocationException: Exception has been thrown by the target of an invocation. ---> System.NullReferenceException: Object reference not set to an instance of an object
  at Unity.XR.Oculus.OculusLoader.AssetPathToAbsolutePath (System.String assetPath) [0x0003d] in C:\Users\Caspe\Game Projects\Unity\VR Project\VR-Project\Hunting Whales VR V1\Library\PackageCache\com.unity.xr.oculus@3.2.3\Runtime\OculusLoader.cs:296 
  at Unity.XR.Oculus.OculusLoader.EditorLoadOVRPlugin () [0x0007b] in C:\Users\Caspe\Game Projects\Unity\VR Project\VR-Project\Hunting Whales VR V1\Library\PackageCache\com.unity.xr.oculus@3.2.3\Runtime\OculusLoader.cs:281 
  at (wrapper managed-to-native) System.Reflection.RuntimeMethodInfo.InternalInvoke(System.Reflection.RuntimeMethodInfo,object,object[],System.Exception&)
  at System.Reflection.RuntimeMethodInfo.Invoke (System.Object obj, System.Reflection.BindingFlags invokeAttr, System.Reflection.Binder binder, System.Object[] parameters, System.Globalization.CultureInfo culture) [0x0006a] in <1f66344f2f89470293d8b67d71308c07>:0 
   --- End of inner exception stack trace ---
  at System.Reflection.RuntimeMethodInfo.Invoke (System.Object obj, System.Reflection.BindingFlags invokeAttr, System.Reflection.Binder binder, System.Object[] parameters, System.Globalization.CultureInfo culture) [0x00083] in <1f66344f2f89470293d8b67d71308c07>:0 
  at System.Reflection.MethodBase.Invoke (System.Object obj, System.Object[] parameters) [0x00000] in <1f66344f2f89470293d8b67d71308c07>:0 
  at UnityEditor.EditorAssemblies.ProcessInitializeOnLoadMethodAttributes () [0x000a5] in <42a64fd733d9417da1ea3a757ad9a96d>:0 
UnityEngine.StackTraceUtility:ExtractStackTrace ()
UnityEngine.DebugLogHandler:LogFormat (UnityEngine.LogType,UnityEngine.Object,string,object[])
UnityEngine.Logger:Log (UnityEngine.LogType,object)
UnityEngine.Debug:LogError (object)
UnityEditor.EditorAssemblies:ProcessInitializeOnLoadMethodAttributes ()

Mono: successfully reloaded assembly
- Completed reload, in  1.738 seconds
Domain Reload Profiling:
	ReloadAssembly (1739ms)
		BeginReloadAssembly (162ms)
			ExecutionOrderSort (0ms)
			DisableScriptedObjects (6ms)
			BackupInstance (0ms)
			ReleaseScriptingObjects (0ms)
			CreateAndSetChildDomain (38ms)
		EndReloadAssembly (1434ms)
			LoadAssemblies (205ms)
			RebuildTransferFunctionScriptingTraits (0ms)
			SetupTypeCache (421ms)
			ReleaseScriptCaches (1ms)
			RebuildScriptCaches (67ms)
			SetupLoadedEditorAssemblies (693ms)
				LogAssemblyErrors (0ms)
				InitializePlatformSupportModulesInManaged (20ms)
				SetLoadedEditorAssemblies (0ms)
				RefreshPlugins (142ms)
				BeforeProcessingInitializeOnLoad (134ms)
				ProcessInitializeOnLoadAttributes (331ms)
				ProcessInitializeOnLoadMethodAttributes (59ms)
				AfterProcessingInitializeOnLoad (7ms)
				EditorAssembliesLoaded (0ms)
			ExecutionOrderSort2 (0ms)
			AwakeInstancesAfterBackupRestoration (5ms)
Platform modules already initialized, skipping
========================================================================
Worker process is ready to serve import requests
Launched and connected shader compiler UnityShaderCompiler.exe after 0.08 seconds
Refreshing native plugins compatible for Editor in 1.32 ms, found 12 plugins.
Preloading 1 native plugins for Editor in 0.17 ms.
Unloading 4446 Unused Serialized files (Serialized files now loaded: 0)
Unloading 50 unused Assets / (59.3 KB). Loaded Objects now: 4923.
Memory consumption went from 169.0 MB to 168.9 MB.
Total: 4.293000 ms (FindLiveObjects: 0.597700 ms CreateObjectMapping: 0.141700 ms MarkObjects: 3.424800 ms  DeleteObjects: 0.127000 ms)

AssetImportParameters requested are different than current active one (requested -> active):
  custom:video-decoder-ogg-theora: a1e56fd34408186e4bbccfd4996cb3dc -> 
  custom:container-muxer-webm: aa71ff27fc2769a1b78a27578f13a17b -> 
  custom:container-demuxer-webm: 4f35f7cbe854078d1ac9338744f61a02 -> 
  custom:video-encoder-webm-vp8: eb34c28f22e8b96e1ab97ce403110664 -> 
  custom:video-codec-MediaFoundation-h265: 746d11721c4dcdbdad8f713fa42b33f4 -> 
  custom:audio-encoder-webm-vorbis: bf7c407c2cedff20999df2af8eb42d56 -> 
  custom:framework-win-MediaFoundation: 216162199b28c13a410421893ffa2e32 -> 
  custom:container-demuxer-ogg: 62fdf1f143b41e24485cea50d1cbac27 -> 
  custom:video-decoder-webm-vp8: 9c59270c3fd7afecdb556c50c9e8de78 -> 
  custom:audio-decoder-ogg-vorbis: bf7c407c2cedff20999df2af8eb42d56 -> 
========================================================================
Received Import Request.
  Time since last request: 169684.467526 seconds.
  path: Assets/SpawnRoom
  artifactKey: Guid(bd08039dda5842541b5d5558fc016839) Importer(815301076,1909f56bfc062723c751e8b465ee728b)
Start importing Assets/SpawnRoom using Guid(bd08039dda5842541b5d5558fc016839) Importer(815301076,1909f56bfc062723c751e8b465ee728b)  -> (artifact id: 'd8d79e54e713e342571089c926f65740') in 0.024072 seconds 
========================================================================
Received Import Request.
  Time since last request: 0.047683 seconds.
  path: Assets/SpawnRoom/New Material.mat
  artifactKey: Guid(ee4eacb121f10764ea643dec59d98e3a) Importer(815301076,1909f56bfc062723c751e8b465ee728b)
Start importing Assets/SpawnRoom/New Material.mat using Guid(ee4eacb121f10764ea643dec59d98e3a) Importer(815301076,1909f56bfc062723c751e8b465ee728b)  -> (artifact id: '9254d78e70cfaf1b1c6ad4923d1845d5') in 0.143930 seconds 
========================================================================
Received Import Request.
  Time since last request: 1.708648 seconds.
  path: Assets/SpawnRoom/Future
  artifactKey: Guid(906f9034dc15f2442aeb2cd2b0e56325) Importer(815301076,1909f56bfc062723c751e8b465ee728b)
Start importing Assets/SpawnRoom/Future using Guid(906f9034dc15f2442aeb2cd2b0e56325) Importer(815301076,1909f56bfc062723c751e8b465ee728b)  -> (artifact id: 'cb55a6248c40376252e7d72bd7939b26') in 0.015126 seconds 
========================================================================
Received Import Request.
  Time since last request: 0.056651 seconds.
  path: Assets/SpawnRoom/Future/ControlsTutorial.png
  artifactKey: Guid(870281fef185b59499adeb5893130125) Importer(815301076,1909f56bfc062723c751e8b465ee728b)
Start importing Assets/SpawnRoom/Future/ControlsTutorial.png using Guid(870281fef185b59499adeb5893130125) Importer(815301076,1909f56bfc062723c751e8b465ee728b)  -> (artifact id: '56a82f38b4e6f57f9e1b38ead4d6d490') in 0.109180 seconds 
========================================================================
Received Import Request.
  Time since last request: 8.084216 seconds.
  path: Assets/SpawnRoom/Future/WallDoor
  artifactKey: Guid(724476d33bceedc4d88d72db0440a583) Importer(815301076,1909f56bfc062723c751e8b465ee728b)
Start importing Assets/SpawnRoom/Future/WallDoor using Guid(724476d33bceedc4d88d72db0440a583) Importer(815301076,1909f56bfc062723c751e8b465ee728b)  -> (artifact id: '79e60543d3a3040efb9588386a5b63b5') in 0.009843 seconds 
========================================================================
Received Import Request.
  Time since last request: 0.038933 seconds.
  path: Assets/SpawnRoom/Future/WallDoor/WallDoor.fbx
  artifactKey: Guid(84b0e465eea68c04ea6fba1a7c695a9b) Importer(815301076,1909f56bfc062723c751e8b465ee728b)
Start importing Assets/SpawnRoom/Future/WallDoor/WallDoor.fbx using Guid(84b0e465eea68c04ea6fba1a7c695a9b) Importer(815301076,1909f56bfc062723c751e8b465ee728b)  -> (artifact id: '888da059dd6da31d30e8ba710524fd21') in 0.096204 seconds 
========================================================================
Received Import Request.
  Time since last request: 0.000032 seconds.
  path: Assets/SpawnRoom/Future/WallDoor/WallDoor_DefaultMaterial_Emissive.png
  artifactKey: Guid(ec6bf2d392cb30a46938c2fabe8a94d4) Importer(815301076,1909f56bfc062723c751e8b465ee728b)
Start importing Assets/SpawnRoom/Future/WallDoor/WallDoor_DefaultMaterial_Emissive.png using Guid(ec6bf2d392cb30a46938c2fabe8a94d4) Importer(815301076,1909f56bfc062723c751e8b465ee728b)  -> (artifact id: 'd1a97ebee2bd016713becacd71e6f5ba') in 0.054502 seconds 
========================================================================
Received Import Request.
  Time since last request: 0.000119 seconds.
  path: Assets/SpawnRoom/Future/WallDoor/WallDoor_DefaultMaterial_Height.png
  artifactKey: Guid(b312807d6850a544093d7952a3561854) Importer(815301076,1909f56bfc062723c751e8b465ee728b)
Start importing Assets/SpawnRoom/Future/WallDoor/WallDoor_DefaultMaterial_Height.png using Guid(b312807d6850a544093d7952a3561854) Importer(815301076,1909f56bfc062723c751e8b465ee728b)  -> (artifact id: 'dab3dcf100b70c5d94b712b05bbec994') in 0.030372 seconds 
========================================================================
Received Import Request.
  Time since last request: 0.000052 seconds.
  path: Assets/SpawnRoom/Future/WallDoor/WallDoorFuture.mat
  artifactKey: Guid(b6c913429189f8549af73c669025bff1) Importer(815301076,1909f56bfc062723c751e8b465ee728b)
Start importing Assets/SpawnRoom/Future/WallDoor/WallDoorFuture.mat using Guid(b6c913429189f8549af73c669025bff1) Importer(815301076,1909f56bfc062723c751e8b465ee728b)  -> (artifact id: '2bdcd7c6c375537578f3392de8498070') in 0.192907 seconds 
========================================================================
Received Import Request.
  Time since last request: 0.000073 seconds.
  path: Assets/SpawnRoom/Future/WallDoor/WallDoor_DefaultMaterial_Roughness.png
  artifactKey: Guid(29efb73c199130c4c996b32c135bf50d) Importer(815301076,1909f56bfc062723c751e8b465ee728b)
Start importing Assets/SpawnRoom/Future/WallDoor/WallDoor_DefaultMaterial_Roughness.png using Guid(29efb73c199130c4c996b32c135bf50d) Importer(815301076,1909f56bfc062723c751e8b465ee728b)  -> (artifact id: '952e4a080eec6b731f9cef84ecb39a0f') in 0.036181 seconds 
========================================================================
Received Prepare
Refreshing native plugins compatible for Editor in 16.92 ms, found 12 plugins.
Preloading 1 native plugins for Editor in 0.08 ms.
Unloading 40 Unused Serialized files (Serialized files now loaded: 0)
Unloading 40 unused Assets / (22.9 KB). Loaded Objects now: 4971.
Memory consumption went from 82.2 MB to 82.2 MB.
Total: 51.604200 ms (FindLiveObjects: 0.429100 ms CreateObjectMapping: 0.132300 ms MarkObjects: 50.997500 ms  DeleteObjects: 0.044300 ms)

AssetImportParameters requested are different than current active one (requested -> active):
  custom:video-decoder-ogg-theora: a1e56fd34408186e4bbccfd4996cb3dc -> 
  custom:container-muxer-webm: aa71ff27fc2769a1b78a27578f13a17b -> 
  custom:container-demuxer-webm: 4f35f7cbe854078d1ac9338744f61a02 -> 
  custom:video-encoder-webm-vp8: eb34c28f22e8b96e1ab97ce403110664 -> 
  custom:video-codec-MediaFoundation-h265: 746d11721c4dcdbdad8f713fa42b33f4 -> 
  custom:audio-encoder-webm-vorbis: bf7c407c2cedff20999df2af8eb42d56 -> 
  custom:framework-win-MediaFoundation: 216162199b28c13a410421893ffa2e32 -> 
  custom:container-demuxer-ogg: 62fdf1f143b41e24485cea50d1cbac27 -> 
  custom:video-decoder-webm-vp8: 9c59270c3fd7afecdb556c50c9e8de78 -> 
  custom:audio-decoder-ogg-vorbis: bf7c407c2cedff20999df2af8eb42d56 -> 
