Using pre-set license
Built from '2021.3/staging' branch; Version is '2021.3.18f1 (3129e69bc0c7) revision 3221990'; Using compiler version '192829333'; Build Type 'Release'
OS: 'Windows 11  (10.0.22621) 64bit Core' Language: 'en' Physical Memory: 14188 MB
BatchMode: 1, IsHumanControllingUs: 0, StartBugReporterOnCrash: 0, Is64bit: 1, IsPro: 1

COMMAND LINE ARGUMENTS:
C:\Program Files\Unity\Hub\Editor\2021.3.18f1\Editor\Unity.exe
-adb2
-batchMode
-noUpm
-name
AssetImportWorker12
-projectPath
C:/Users/daang/Documents/CMGT/Year 2/Block 1/VR-Project/Hunting Whales VR V1
-logFile
Logs/AssetImportWorker12.log
-srvPort
50097
Successfully changed project path to: C:/Users/daang/Documents/CMGT/Year 2/Block 1/VR-Project/Hunting Whales VR V1
C:/Users/daang/Documents/CMGT/Year 2/Block 1/VR-Project/Hunting Whales VR V1
[UnityMemory] Configuration Parameters - Can be set up in boot.config
    "memorysetup-bucket-allocator-granularity=16"
    "memorysetup-bucket-allocator-bucket-count=8"
    "memorysetup-bucket-allocator-block-size=33554432"
    "memorysetup-bucket-allocator-block-count=8"
    "memorysetup-main-allocator-block-size=16777216"
    "memorysetup-thread-allocator-block-size=16777216"
    "memorysetup-gfx-main-allocator-block-size=16777216"
    "memorysetup-gfx-thread-allocator-block-size=16777216"
    "memorysetup-cache-allocator-block-size=4194304"
    "memorysetup-typetree-allocator-block-size=2097152"
    "memorysetup-profiler-bucket-allocator-granularity=16"
    "memorysetup-profiler-bucket-allocator-bucket-count=8"
    "memorysetup-profiler-bucket-allocator-block-size=33554432"
    "memorysetup-profiler-bucket-allocator-block-count=8"
    "memorysetup-profiler-allocator-block-size=16777216"
    "memorysetup-profiler-editor-allocator-block-size=1048576"
    "memorysetup-temp-allocator-size-main=16777216"
    "memorysetup-job-temp-allocator-block-size=2097152"
    "memorysetup-job-temp-allocator-block-size-background=1048576"
    "memorysetup-job-temp-allocator-reduction-small-platforms=262144"
    "memorysetup-temp-allocator-size-background-worker=32768"
    "memorysetup-temp-allocator-size-job-worker=262144"
    "memorysetup-temp-allocator-size-preload-manager=33554432"
    "memorysetup-temp-allocator-size-nav-mesh-worker=65536"
    "memorysetup-temp-allocator-size-audio-worker=65536"
    "memorysetup-temp-allocator-size-cloud-worker=32768"
    "memorysetup-temp-allocator-size-gi-baking-worker=262144"
    "memorysetup-temp-allocator-size-gfx=262144"
Player connection [22552] Host "[IP] 192.168.50.252 [Port] 0 [Flags] 2 [Guid] 1959288248 [EditorId] 1959288248 [Version] 1048832 [Id] WindowsEditor(7,Legion-D) [Debug] 1 [PackageName] WindowsEditor [ProjectName] Editor" joined multi-casting on [225.0.0.222:54997]...

Player connection [22552] Host "[IP] 192.168.50.252 [Port] 0 [Flags] 2 [Guid] 1959288248 [EditorId] 1959288248 [Version] 1048832 [Id] WindowsEditor(7,Legion-D) [Debug] 1 [PackageName] WindowsEditor [ProjectName] Editor" joined alternative multi-casting on [225.0.0.222:34997]...

Refreshing native plugins compatible for Editor in 125.22 ms, found 12 plugins.
Preloading 1 native plugins for Editor in 0.71 ms.
Initialize engine version: 2021.3.18f1 (3129e69bc0c7)
[Subsystems] Discovering subsystems at path C:/Program Files/Unity/Hub/Editor/2021.3.18f1/Editor/Data/Resources/UnitySubsystems
[Subsystems] Discovering subsystems at path C:/Users/daang/Documents/CMGT/Year 2/Block 1/VR-Project/Hunting Whales VR V1/Assets
GfxDevice: creating device client; threaded=0; jobified=0
Direct3D:
    Version:  Direct3D 11.0 [level 11.1]
    Renderer: NVIDIA GeForce RTX 3070 Laptop GPU (ID=0x24dd)
    Vendor:   NVIDIA
    VRAM:     8033 MB
    Driver:   31.0.15.3598
Initialize mono
Mono path[0] = 'C:/Program Files/Unity/Hub/Editor/2021.3.18f1/Editor/Data/Managed'
Mono path[1] = 'C:/Program Files/Unity/Hub/Editor/2021.3.18f1/Editor/Data/MonoBleedingEdge/lib/mono/unityjit-win32'
Mono config path = 'C:/Program Files/Unity/Hub/Editor/2021.3.18f1/Editor/Data/MonoBleedingEdge/etc'
Using monoOptions --debugger-agent=transport=dt_socket,embedding=1,server=y,suspend=n,address=127.0.0.1:56684
Begin MonoManager ReloadAssembly
Registering precompiled unity dll's ...
Register platform support module: C:/Program Files/Unity/Hub/Editor/2021.3.18f1/Editor/Data/PlaybackEngines/WebGLSupport/UnityEditor.WebGL.Extensions.dll
Register platform support module: C:/Program Files/Unity/Hub/Editor/2021.3.18f1/Editor/Data/PlaybackEngines/WindowsStandaloneSupport/UnityEditor.WindowsStandalone.Extensions.dll
Registered in 0.007423 seconds.
Native extension for WindowsStandalone target not found
Native extension for WebGL target not found
Refreshing native plugins compatible for Editor in 92.00 ms, found 12 plugins.
Preloading 1 native plugins for Editor in 0.07 ms.
Mono: successfully reloaded assembly
- Completed reload, in  0.636 seconds
Domain Reload Profiling:
	ReloadAssembly (636ms)
		BeginReloadAssembly (81ms)
			ExecutionOrderSort (0ms)
			DisableScriptedObjects (0ms)
			BackupInstance (0ms)
			ReleaseScriptingObjects (0ms)
			CreateAndSetChildDomain (1ms)
		EndReloadAssembly (434ms)
			LoadAssemblies (78ms)
			RebuildTransferFunctionScriptingTraits (0ms)
			SetupTypeCache (111ms)
			ReleaseScriptCaches (0ms)
			RebuildScriptCaches (23ms)
			SetupLoadedEditorAssemblies (253ms)
				LogAssemblyErrors (0ms)
				InitializePlatformSupportModulesInManaged (8ms)
				SetLoadedEditorAssemblies (0ms)
				RefreshPlugins (92ms)
				BeforeProcessingInitializeOnLoad (1ms)
				ProcessInitializeOnLoadAttributes (116ms)
				ProcessInitializeOnLoadMethodAttributes (36ms)
				AfterProcessingInitializeOnLoad (0ms)
				EditorAssembliesLoaded (0ms)
			ExecutionOrderSort2 (0ms)
			AwakeInstancesAfterBackupRestoration (0ms)
Platform modules already initialized, skipping
Registering precompiled user dll's ...
Registered in 0.008627 seconds.
Begin MonoManager ReloadAssembly
Symbol file LoadedFromMemory doesn't match image C:\Users\daang\Documents\CMGT\Year 2\Block 1\VR-Project\Hunting Whales VR V1\Library\PackageCache\com.unity.visualscripting@1.8.0\Editor\VisualScripting.Core\Dependencies\DotNetZip\Unity.VisualScripting.IonicZip.dll
Symbol file LoadedFromMemory doesn't match image C:\Users\daang\Documents\CMGT\Year 2\Block 1\VR-Project\Hunting Whales VR V1\Library\PackageCache\com.unity.visualscripting@1.8.0\Editor\VisualScripting.Core\Dependencies\YamlDotNet\Unity.VisualScripting.YamlDotNet.dll
Native extension for WindowsStandalone target not found
Native extension for WebGL target not found
Refreshing native plugins compatible for Editor in 91.97 ms, found 12 plugins.
Preloading 1 native plugins for Editor in 0.08 ms.
Package Manager log level set to [2]
System.Reflection.TargetInvocationException: Exception has been thrown by the target of an invocation. ---> System.NullReferenceException: Object reference not set to an instance of an object
  at Unity.XR.Oculus.OculusLoader.AssetPathToAbsolutePath (System.String assetPath) [0x0003d] in C:\Users\daang\Documents\CMGT\Year 2\Block 1\VR-Project\Hunting Whales VR V1\Library\PackageCache\com.unity.xr.oculus@3.2.3\Runtime\OculusLoader.cs:296 
  at Unity.XR.Oculus.OculusLoader.EditorLoadOVRPlugin () [0x0007b] in C:\Users\daang\Documents\CMGT\Year 2\Block 1\VR-Project\Hunting Whales VR V1\Library\PackageCache\com.unity.xr.oculus@3.2.3\Runtime\OculusLoader.cs:281 
  at (wrapper managed-to-native) System.Reflection.RuntimeMethodInfo.InternalInvoke(System.Reflection.RuntimeMethodInfo,object,object[],System.Exception&)
  at System.Reflection.RuntimeMethodInfo.Invoke (System.Object obj, System.Reflection.BindingFlags invokeAttr, System.Reflection.Binder binder, System.Object[] parameters, System.Globalization.CultureInfo culture) [0x0006a] in <1f66344f2f89470293d8b67d71308c07>:0 
   --- End of inner exception stack trace ---
  at System.Reflection.RuntimeMethodInfo.Invoke (System.Object obj, System.Reflection.BindingFlags invokeAttr, System.Reflection.Binder binder, System.Object[] parameters, System.Globalization.CultureInfo culture) [0x00083] in <1f66344f2f89470293d8b67d71308c07>:0 
  at System.Reflection.MethodBase.Invoke (System.Object obj, System.Object[] parameters) [0x00000] in <1f66344f2f89470293d8b67d71308c07>:0 
  at UnityEditor.EditorAssemblies.ProcessInitializeOnLoadMethodAttributes () [0x000a5] in <42a64fd733d9417da1ea3a757ad9a96d>:0 
UnityEngine.StackTraceUtility:ExtractStackTrace ()
UnityEngine.DebugLogHandler:LogFormat (UnityEngine.LogType,UnityEngine.Object,string,object[])
UnityEngine.Logger:Log (UnityEngine.LogType,object)
UnityEngine.Debug:LogError (object)
UnityEditor.EditorAssemblies:ProcessInitializeOnLoadMethodAttributes ()

Mono: successfully reloaded assembly
- Completed reload, in  1.029 seconds
Domain Reload Profiling:
	ReloadAssembly (1030ms)
		BeginReloadAssembly (94ms)
			ExecutionOrderSort (0ms)
			DisableScriptedObjects (5ms)
			BackupInstance (0ms)
			ReleaseScriptingObjects (0ms)
			CreateAndSetChildDomain (19ms)
		EndReloadAssembly (842ms)
			LoadAssemblies (69ms)
			RebuildTransferFunctionScriptingTraits (0ms)
			SetupTypeCache (205ms)
			ReleaseScriptCaches (1ms)
			RebuildScriptCaches (44ms)
			SetupLoadedEditorAssemblies (480ms)
				LogAssemblyErrors (0ms)
				InitializePlatformSupportModulesInManaged (6ms)
				SetLoadedEditorAssemblies (0ms)
				RefreshPlugins (92ms)
				BeforeProcessingInitializeOnLoad (89ms)
				ProcessInitializeOnLoadAttributes (245ms)
				ProcessInitializeOnLoadMethodAttributes (41ms)
				AfterProcessingInitializeOnLoad (7ms)
				EditorAssembliesLoaded (0ms)
			ExecutionOrderSort2 (0ms)
			AwakeInstancesAfterBackupRestoration (5ms)
Platform modules already initialized, skipping
========================================================================
Worker process is ready to serve import requests
Launched and connected shader compiler UnityShaderCompiler.exe after 0.05 seconds
Refreshing native plugins compatible for Editor in 3.00 ms, found 12 plugins.
Preloading 1 native plugins for Editor in 0.15 ms.
Unloading 4424 Unused Serialized files (Serialized files now loaded: 0)
Unloading 50 unused Assets / (58.8 KB). Loaded Objects now: 4895.
Memory consumption went from 165.3 MB to 165.2 MB.
Total: 3.328000 ms (FindLiveObjects: 0.326800 ms CreateObjectMapping: 0.113400 ms MarkObjects: 2.745600 ms  DeleteObjects: 0.140300 ms)

AssetImportParameters requested are different than current active one (requested -> active):
  custom:video-decoder-ogg-theora: a1e56fd34408186e4bbccfd4996cb3dc -> 
  custom:container-muxer-webm: aa71ff27fc2769a1b78a27578f13a17b -> 
  custom:container-demuxer-webm: 4f35f7cbe854078d1ac9338744f61a02 -> 
  custom:video-encoder-webm-vp8: eb34c28f22e8b96e1ab97ce403110664 -> 
  custom:video-codec-MediaFoundation-h265: 746d11721c4dcdbdad8f713fa42b33f4 -> 
  custom:audio-encoder-webm-vorbis: bf7c407c2cedff20999df2af8eb42d56 -> 
  custom:framework-win-MediaFoundation: 216162199b28c13a410421893ffa2e32 -> 
  custom:container-demuxer-ogg: 62fdf1f143b41e24485cea50d1cbac27 -> 
  custom:video-decoder-webm-vp8: 9c59270c3fd7afecdb556c50c9e8de78 -> 
  custom:audio-decoder-ogg-vorbis: bf7c407c2cedff20999df2af8eb42d56 -> 
========================================================================
Received Import Request.
  Time since last request: 8670.620743 seconds.
  path: Assets/PolygonSciFiCity/Prefabs/Environments/SM_Env_Road_Bare_Half_01_SF.prefab
  artifactKey: Guid(0ec46fb236c42504698f8f412026aac1) Importer(815301076,1909f56bfc062723c751e8b465ee728b)
Start importing Assets/PolygonSciFiCity/Prefabs/Environments/SM_Env_Road_Bare_Half_01_SF.prefab using Guid(0ec46fb236c42504698f8f412026aac1) Importer(815301076,1909f56bfc062723c751e8b465ee728b)  -> (artifact id: '1c675573f732029e2295433168694e1f') in 0.167350 seconds 
========================================================================
Received Import Request.
  Time since last request: 0.256103 seconds.
  path: Assets/PolygonSciFiCity/Prefabs/Environments/SM_Env_Road_YellowLines_02_SF.prefab
  artifactKey: Guid(7a4bd320239b74e4b80eabf57b61349b) Importer(815301076,1909f56bfc062723c751e8b465ee728b)
Start importing Assets/PolygonSciFiCity/Prefabs/Environments/SM_Env_Road_YellowLines_02_SF.prefab using Guid(7a4bd320239b74e4b80eabf57b61349b) Importer(815301076,1909f56bfc062723c751e8b465ee728b)  -> (artifact id: 'dd6672efe886df0f6340d1366e1e20c2') in 0.019260 seconds 
========================================================================
Received Import Request.
  Time since last request: 0.000028 seconds.
  path: Assets/PolygonSciFiCity/Prefabs/Environments/SM_Env_Sidewalk_01_SF.prefab
  artifactKey: Guid(8e7631b36958d68408ebf64b86f272e9) Importer(815301076,1909f56bfc062723c751e8b465ee728b)
Start importing Assets/PolygonSciFiCity/Prefabs/Environments/SM_Env_Sidewalk_01_SF.prefab using Guid(8e7631b36958d68408ebf64b86f272e9) Importer(815301076,1909f56bfc062723c751e8b465ee728b)  -> (artifact id: '4dad09bd761caa612e29aac42474b860') in 0.062588 seconds 
========================================================================
Received Import Request.
  Time since last request: 0.000061 seconds.
  path: Assets/PolygonSciFiCity/Prefabs/Environments/SM_Env_Sidewalk_Corner_02_SF.prefab
  artifactKey: Guid(c1dd2b331f731e04db3762054550978c) Importer(815301076,1909f56bfc062723c751e8b465ee728b)
Start importing Assets/PolygonSciFiCity/Prefabs/Environments/SM_Env_Sidewalk_Corner_02_SF.prefab using Guid(c1dd2b331f731e04db3762054550978c) Importer(815301076,1909f56bfc062723c751e8b465ee728b)  -> (artifact id: 'a30e64da8ba64be35219e019f143baac') in 0.046364 seconds 
========================================================================
Received Import Request.
  Time since last request: 0.000049 seconds.
  path: Assets/PolygonSciFiCity/Prefabs/Environments/SM_Env_Sidewalk_Merger_02_SF.prefab
  artifactKey: Guid(3559e344bd7ce8f4984e7fabbec22136) Importer(815301076,1909f56bfc062723c751e8b465ee728b)
Start importing Assets/PolygonSciFiCity/Prefabs/Environments/SM_Env_Sidewalk_Merger_02_SF.prefab using Guid(3559e344bd7ce8f4984e7fabbec22136) Importer(815301076,1909f56bfc062723c751e8b465ee728b)  -> (artifact id: 'bdaccc36559d04b011cd5e89fb15a57d') in 0.044746 seconds 
========================================================================
Received Import Request.
  Time since last request: 0.000062 seconds.
  path: Assets/PolygonSciFiCity/Prefabs/Environments/SM_Env_Sidewalk_Panel_01_SF.prefab
  artifactKey: Guid(8ae7faa2d167a224a9090dbc8cfa2d3a) Importer(815301076,1909f56bfc062723c751e8b465ee728b)
Start importing Assets/PolygonSciFiCity/Prefabs/Environments/SM_Env_Sidewalk_Panel_01_SF.prefab using Guid(8ae7faa2d167a224a9090dbc8cfa2d3a) Importer(815301076,1909f56bfc062723c751e8b465ee728b)  -> (artifact id: 'c92928622156ffad4d7416b463cf5f09') in 0.052147 seconds 
========================================================================
Received Import Request.
  Time since last request: 0.000035 seconds.
  path: Assets/PolygonSciFiCity/Prefabs/Environments/SM_Env_Sidewalk_Merger_01_SF.prefab
  artifactKey: Guid(9b4ae992b70fc6b4eb09c2c14960ef81) Importer(815301076,1909f56bfc062723c751e8b465ee728b)
Start importing Assets/PolygonSciFiCity/Prefabs/Environments/SM_Env_Sidewalk_Merger_01_SF.prefab using Guid(9b4ae992b70fc6b4eb09c2c14960ef81) Importer(815301076,1909f56bfc062723c751e8b465ee728b)  -> (artifact id: '8f89c80c3e845debc2f1150eaa20c856') in 0.044480 seconds 
========================================================================
Received Import Request.
  Time since last request: 0.178267 seconds.
  path: Assets/PolygonSciFiCity/Prefabs/Environments/SM_Env_Sidewalk_Straight_04_SF.prefab
  artifactKey: Guid(8eb4c19836b1e69448dccd70be19f9d0) Importer(815301076,1909f56bfc062723c751e8b465ee728b)
Start importing Assets/PolygonSciFiCity/Prefabs/Environments/SM_Env_Sidewalk_Straight_04_SF.prefab using Guid(8eb4c19836b1e69448dccd70be19f9d0) Importer(815301076,1909f56bfc062723c751e8b465ee728b)  -> (artifact id: '70ab2f366b8457d85588b17deebf93ed') in 0.042858 seconds 
========================================================================
Received Import Request.
  Time since last request: 0.000026 seconds.
  path: Assets/PolygonSciFiCity/Prefabs/Environments/SM_Env_Tree_03.prefab
  artifactKey: Guid(fd0cc423568469440bd7a6fd8de96940) Importer(815301076,1909f56bfc062723c751e8b465ee728b)
Start importing Assets/PolygonSciFiCity/Prefabs/Environments/SM_Env_Tree_03.prefab using Guid(fd0cc423568469440bd7a6fd8de96940) Importer(815301076,1909f56bfc062723c751e8b465ee728b)  -> (artifact id: '0a1dad575d2f0336cf4ff08ac98b8ff8') in 0.048316 seconds 
========================================================================
Received Import Request.
  Time since last request: 0.000022 seconds.
  path: Assets/PolygonSciFiCity/Prefabs/Environments/SM_Env_Wall_Generic_01.prefab
  artifactKey: Guid(331578b4bf483ae4986eda8b44619e86) Importer(815301076,1909f56bfc062723c751e8b465ee728b)
Start importing Assets/PolygonSciFiCity/Prefabs/Environments/SM_Env_Wall_Generic_01.prefab using Guid(331578b4bf483ae4986eda8b44619e86) Importer(815301076,1909f56bfc062723c751e8b465ee728b)  -> (artifact id: '43b308e5740eaa859d3d620b4fc1ee0e') in 0.051385 seconds 
========================================================================
Received Import Request.
  Time since last request: 0.000088 seconds.
  path: Assets/PolygonSciFiCity/Prefabs/Environments/SM_Env_Small_Rocks_02.prefab
  artifactKey: Guid(341c16b8b2b729d4badae2d5771a931c) Importer(815301076,1909f56bfc062723c751e8b465ee728b)
Start importing Assets/PolygonSciFiCity/Prefabs/Environments/SM_Env_Small_Rocks_02.prefab using Guid(341c16b8b2b729d4badae2d5771a931c) Importer(815301076,1909f56bfc062723c751e8b465ee728b)  -> (artifact id: '1e3215ebb1e4ddeeedd2c70b97c37743') in 0.041854 seconds 
========================================================================
Received Import Request.
  Time since last request: 7.591050 seconds.
  path: Assets/PolygonSciFiCity/Prefabs/Buildings/SM_Bld_Section_Wall_02.prefab
  artifactKey: Guid(300058755dbc3334db2b882dfbb9453e) Importer(815301076,1909f56bfc062723c751e8b465ee728b)
Start importing Assets/PolygonSciFiCity/Prefabs/Buildings/SM_Bld_Section_Wall_02.prefab using Guid(300058755dbc3334db2b882dfbb9453e) Importer(815301076,1909f56bfc062723c751e8b465ee728b)  -> (artifact id: '6599c83df110ba1ae105541f1d8611ae') in 0.097857 seconds 
========================================================================
Received Import Request.
  Time since last request: 0.000020 seconds.
  path: Assets/PolygonSciFiCity/Prefabs/Buildings/SM_Building_Shack_01.prefab
  artifactKey: Guid(1c0266737a5eeb24cad25970b29bc2b9) Importer(815301076,1909f56bfc062723c751e8b465ee728b)
Start importing Assets/PolygonSciFiCity/Prefabs/Buildings/SM_Building_Shack_01.prefab using Guid(1c0266737a5eeb24cad25970b29bc2b9) Importer(815301076,1909f56bfc062723c751e8b465ee728b)  -> (artifact id: '6547a22160866ae8d541e57adc53bfff') in 0.114263 seconds 
========================================================================
Received Import Request.
  Time since last request: 0.000025 seconds.
  path: Assets/PolygonSciFiCity/Prefabs/Buildings/SM_Bld_Section_Wall_03.prefab
  artifactKey: Guid(871333eb9a405234480ed7ef4a992177) Importer(815301076,1909f56bfc062723c751e8b465ee728b)
Start importing Assets/PolygonSciFiCity/Prefabs/Buildings/SM_Bld_Section_Wall_03.prefab using Guid(871333eb9a405234480ed7ef4a992177) Importer(815301076,1909f56bfc062723c751e8b465ee728b)  -> (artifact id: '7f5b6edd5ab6b1c5fab9c6b07ac1ed4d') in 0.105758 seconds 
========================================================================
Received Import Request.
  Time since last request: 0.000032 seconds.
  path: Assets/PolygonSciFiCity/Prefabs/Buildings/SM_Bld_Section_Window_02.prefab
  artifactKey: Guid(f4c7ff12cc628584b9ad227f43d6129c) Importer(815301076,1909f56bfc062723c751e8b465ee728b)
Start importing Assets/PolygonSciFiCity/Prefabs/Buildings/SM_Bld_Section_Window_02.prefab using Guid(f4c7ff12cc628584b9ad227f43d6129c) Importer(815301076,1909f56bfc062723c751e8b465ee728b)  -> (artifact id: '619c7909d30c63edc83730302e886d16') in 0.045643 seconds 
========================================================================
Received Import Request.
  Time since last request: 0.000024 seconds.
  path: Assets/PolygonSciFiCity/Prefabs/Buildings/SM_Bld_Section_Wall_04.prefab
  artifactKey: Guid(8a8bd17e5172552488590e6cb3dd6d04) Importer(815301076,1909f56bfc062723c751e8b465ee728b)
Start importing Assets/PolygonSciFiCity/Prefabs/Buildings/SM_Bld_Section_Wall_04.prefab using Guid(8a8bd17e5172552488590e6cb3dd6d04) Importer(815301076,1909f56bfc062723c751e8b465ee728b)  -> (artifact id: '2c8ebc8cfb1c0a0e0ad6e8dad03e9dd9') in 0.059701 seconds 
========================================================================
Received Import Request.
  Time since last request: 0.000021 seconds.
  path: Assets/PolygonSciFiCity/Prefabs/Buildings/SM_Bld_StripClub_Interior_02.prefab
  artifactKey: Guid(a7833e0a32b72a443806857131c597a2) Importer(815301076,1909f56bfc062723c751e8b465ee728b)
Start importing Assets/PolygonSciFiCity/Prefabs/Buildings/SM_Bld_StripClub_Interior_02.prefab using Guid(a7833e0a32b72a443806857131c597a2) Importer(815301076,1909f56bfc062723c751e8b465ee728b)  -> (artifact id: '0947b9204b149fe1be6a5fd72b809601') in 0.061187 seconds 
========================================================================
Received Import Request.
  Time since last request: 0.000066 seconds.
  path: Assets/PolygonSciFiCity/Prefabs/Buildings/SM_Bld_Section_Window_01.prefab
  artifactKey: Guid(f685963809caafb42bf2ef0c3d5fec4e) Importer(815301076,1909f56bfc062723c751e8b465ee728b)
Start importing Assets/PolygonSciFiCity/Prefabs/Buildings/SM_Bld_Section_Window_01.prefab using Guid(f685963809caafb42bf2ef0c3d5fec4e) Importer(815301076,1909f56bfc062723c751e8b465ee728b)  -> (artifact id: '6faaba121a1f0b21f11feb6bd175beb4') in 0.039084 seconds 
========================================================================
Received Import Request.
  Time since last request: 6.760948 seconds.
  path: Assets/PolygonSciFiCity/Prefabs/Props/SM_Prop_DeadZub_04.prefab
  artifactKey: Guid(ee6ed23ee9722a047901ce6ae24e844f) Importer(815301076,1909f56bfc062723c751e8b465ee728b)
Start importing Assets/PolygonSciFiCity/Prefabs/Props/SM_Prop_DeadZub_04.prefab using Guid(ee6ed23ee9722a047901ce6ae24e844f) Importer(815301076,1909f56bfc062723c751e8b465ee728b)  -> (artifact id: 'd08a72ec626af0d11a56ff7af6b0ac05') in 0.095043 seconds 
========================================================================
Received Import Request.
  Time since last request: 0.000017 seconds.
  path: Assets/PolygonSciFiCity/Prefabs/Props/SM_Prop_Door_04.prefab
  artifactKey: Guid(b532cb4afb82ac04c91e8cf9b388266f) Importer(815301076,1909f56bfc062723c751e8b465ee728b)
Start importing Assets/PolygonSciFiCity/Prefabs/Props/SM_Prop_Door_04.prefab using Guid(b532cb4afb82ac04c91e8cf9b388266f) Importer(815301076,1909f56bfc062723c751e8b465ee728b)  -> (artifact id: 'f1f55125612b62e7dbd5ec3634a24a95') in 0.089113 seconds 
========================================================================
Received Import Request.
  Time since last request: 0.000023 seconds.
  path: Assets/PolygonSciFiCity/Prefabs/Props/SM_Prop_Drone_Quad_01.prefab
  artifactKey: Guid(5d40c48a597edbe4b9db9adac55501ae) Importer(815301076,1909f56bfc062723c751e8b465ee728b)
Start importing Assets/PolygonSciFiCity/Prefabs/Props/SM_Prop_Drone_Quad_01.prefab using Guid(5d40c48a597edbe4b9db9adac55501ae) Importer(815301076,1909f56bfc062723c751e8b465ee728b)  -> (artifact id: '6f147ebc0739086bb81d2bac80babbe2') in 0.105372 seconds 
========================================================================
Received Import Request.
  Time since last request: 0.000029 seconds.
  path: Assets/PolygonSciFiCity/Prefabs/Props/SM_Prop_Door_05.prefab
  artifactKey: Guid(eb2cbf3d027e36349836843fcefb51bb) Importer(815301076,1909f56bfc062723c751e8b465ee728b)
Start importing Assets/PolygonSciFiCity/Prefabs/Props/SM_Prop_Door_05.prefab using Guid(eb2cbf3d027e36349836843fcefb51bb) Importer(815301076,1909f56bfc062723c751e8b465ee728b)  -> (artifact id: 'd7b0c28a0d13068435e0d212529b9e85') in 0.092370 seconds 
========================================================================
Received Import Request.
  Time since last request: 0.000023 seconds.
  path: Assets/PolygonSciFiCity/Prefabs/Props/SM_Prop_FoodTray_04.prefab
  artifactKey: Guid(636fb01b6b0e031418f4a433d89e6992) Importer(815301076,1909f56bfc062723c751e8b465ee728b)
Start importing Assets/PolygonSciFiCity/Prefabs/Props/SM_Prop_FoodTray_04.prefab using Guid(636fb01b6b0e031418f4a433d89e6992) Importer(815301076,1909f56bfc062723c751e8b465ee728b)  -> (artifact id: 'd26e04f8d60188a0bef5a82760836df2') in 0.046946 seconds 
========================================================================
Received Import Request.
  Time since last request: 0.000026 seconds.
  path: Assets/PolygonSciFiCity/Prefabs/Props/SM_Prop_Door_03.prefab
  artifactKey: Guid(69ecde87dde10024bbddde222adba714) Importer(815301076,1909f56bfc062723c751e8b465ee728b)
Start importing Assets/PolygonSciFiCity/Prefabs/Props/SM_Prop_Door_03.prefab using Guid(69ecde87dde10024bbddde222adba714) Importer(815301076,1909f56bfc062723c751e8b465ee728b)  -> (artifact id: 'b0ddfee06fab0c7cd7a013946fca2f5b') in 0.059910 seconds 
========================================================================
Received Import Request.
  Time since last request: 0.000026 seconds.
  path: Assets/PolygonSciFiCity/Prefabs/Props/SM_Prop_Flags_01.prefab
  artifactKey: Guid(01ece1de39236dc42930221384647aec) Importer(815301076,1909f56bfc062723c751e8b465ee728b)
Start importing Assets/PolygonSciFiCity/Prefabs/Props/SM_Prop_Flags_01.prefab using Guid(01ece1de39236dc42930221384647aec) Importer(815301076,1909f56bfc062723c751e8b465ee728b)  -> (artifact id: 'd7c06a0ebb0868398f2ae2fb582e856f') in 0.056158 seconds 
========================================================================
Received Import Request.
  Time since last request: 0.000029 seconds.
  path: Assets/PolygonSciFiCity/Prefabs/Props/SM_Prop_Fence_01.prefab
  artifactKey: Guid(6776058e536873842836a466637e2a97) Importer(815301076,1909f56bfc062723c751e8b465ee728b)
Start importing Assets/PolygonSciFiCity/Prefabs/Props/SM_Prop_Fence_01.prefab using Guid(6776058e536873842836a466637e2a97) Importer(815301076,1909f56bfc062723c751e8b465ee728b)  -> (artifact id: '3813e42db36648b0ffb59c597942e1db') in 0.056745 seconds 
========================================================================
Received Import Request.
  Time since last request: 0.000027 seconds.
  path: Assets/PolygonSciFiCity/Prefabs/Props/SM_Prop_FoodTray_03.prefab
  artifactKey: Guid(65d941e3e5f97694a8565bc553c899db) Importer(815301076,1909f56bfc062723c751e8b465ee728b)
Start importing Assets/PolygonSciFiCity/Prefabs/Props/SM_Prop_FoodTray_03.prefab using Guid(65d941e3e5f97694a8565bc553c899db) Importer(815301076,1909f56bfc062723c751e8b465ee728b)  -> (artifact id: 'c683279df2319fa7e8556063ebe02d6b') in 0.048640 seconds 
========================================================================
Received Import Request.
  Time since last request: 0.000025 seconds.
  path: Assets/PolygonSciFiCity/Prefabs/Props/SM_Prop_Door_Chopshop_01.prefab
  artifactKey: Guid(038aa72c1e688f8418a8cd09f031697d) Importer(815301076,1909f56bfc062723c751e8b465ee728b)
Start importing Assets/PolygonSciFiCity/Prefabs/Props/SM_Prop_Door_Chopshop_01.prefab using Guid(038aa72c1e688f8418a8cd09f031697d) Importer(815301076,1909f56bfc062723c751e8b465ee728b)  -> (artifact id: '697fad49d063fd5d12074370d25f7579') in 0.061318 seconds 
========================================================================
Received Import Request.
  Time since last request: 0.000032 seconds.
  path: Assets/PolygonSciFiCity/Prefabs/Props/SM_Prop_Jar_02.prefab
  artifactKey: Guid(6b2978f9e44145d46a5283f2cbedadba) Importer(815301076,1909f56bfc062723c751e8b465ee728b)
Start importing Assets/PolygonSciFiCity/Prefabs/Props/SM_Prop_Jar_02.prefab using Guid(6b2978f9e44145d46a5283f2cbedadba) Importer(815301076,1909f56bfc062723c751e8b465ee728b)  -> (artifact id: '31a249c19b21a5da6b88b69e60903191') in 0.066610 seconds 
========================================================================
Received Import Request.
  Time since last request: 0.000026 seconds.
  path: Assets/PolygonSciFiCity/Prefabs/Props/SM_Prop_Jar_04.prefab
  artifactKey: Guid(94d723a273497e2438530879951c7c55) Importer(815301076,1909f56bfc062723c751e8b465ee728b)
Start importing Assets/PolygonSciFiCity/Prefabs/Props/SM_Prop_Jar_04.prefab using Guid(94d723a273497e2438530879951c7c55) Importer(815301076,1909f56bfc062723c751e8b465ee728b)  -> (artifact id: '477dc0d5fe479dbc676ee595b24f32e1') in 0.062307 seconds 
========================================================================
Received Import Request.
  Time since last request: 0.325074 seconds.
  path: Assets/PolygonSciFiCity/Prefabs/Props/SM_Prop_MarketCovcer_02.prefab
  artifactKey: Guid(b50b10b32b48fc147b8da7bf818cc53b) Importer(815301076,1909f56bfc062723c751e8b465ee728b)
Start importing Assets/PolygonSciFiCity/Prefabs/Props/SM_Prop_MarketCovcer_02.prefab using Guid(b50b10b32b48fc147b8da7bf818cc53b) Importer(815301076,1909f56bfc062723c751e8b465ee728b)  -> (artifact id: '0081944351f55d66978765b7b1c17f54') in 0.054954 seconds 
========================================================================
Received Import Request.
  Time since last request: 0.000049 seconds.
  path: Assets/PolygonSciFiCity/Prefabs/Props/SM_Prop_MarketCover_01.prefab
  artifactKey: Guid(244ba0d968ab9624f8fbeed4105ed29e) Importer(815301076,1909f56bfc062723c751e8b465ee728b)
Start importing Assets/PolygonSciFiCity/Prefabs/Props/SM_Prop_MarketCover_01.prefab using Guid(244ba0d968ab9624f8fbeed4105ed29e) Importer(815301076,1909f56bfc062723c751e8b465ee728b)  -> (artifact id: '164e41195dfb949c9bfc81e2b619f198') in 0.045796 seconds 
========================================================================
Received Import Request.
  Time since last request: 0.000054 seconds.
  path: Assets/PolygonSciFiCity/Prefabs/Props/SM_Prop_MarketTable_05.prefab
  artifactKey: Guid(8105bb799c54ba640b347de3be074822) Importer(815301076,1909f56bfc062723c751e8b465ee728b)
Start importing Assets/PolygonSciFiCity/Prefabs/Props/SM_Prop_MarketTable_05.prefab using Guid(8105bb799c54ba640b347de3be074822) Importer(815301076,1909f56bfc062723c751e8b465ee728b)  -> (artifact id: 'cc9d3b3aec611bc1460a7e2260af9c89') in 0.051390 seconds 
========================================================================
Received Import Request.
  Time since last request: 0.000029 seconds.
  path: Assets/PolygonSciFiCity/Prefabs/Props/SM_Prop_Monitor_01.prefab
  artifactKey: Guid(90c2fdbf27d1e444cb1a29884a436e43) Importer(815301076,1909f56bfc062723c751e8b465ee728b)
Start importing Assets/PolygonSciFiCity/Prefabs/Props/SM_Prop_Monitor_01.prefab using Guid(90c2fdbf27d1e444cb1a29884a436e43) Importer(815301076,1909f56bfc062723c751e8b465ee728b)  -> (artifact id: '169d1947f17ddbd47907749a433a8575') in 0.050711 seconds 
========================================================================
Received Import Request.
  Time since last request: 0.000031 seconds.
  path: Assets/PolygonSciFiCity/Prefabs/Props/SM_Prop_Monitor_02.prefab
  artifactKey: Guid(943628e3220013346b1b593556274672) Importer(815301076,1909f56bfc062723c751e8b465ee728b)
Start importing Assets/PolygonSciFiCity/Prefabs/Props/SM_Prop_Monitor_02.prefab using Guid(943628e3220013346b1b593556274672) Importer(815301076,1909f56bfc062723c751e8b465ee728b)  -> (artifact id: '38c4d004bf375bcaa5d67efe874e2372') in 0.054402 seconds 
========================================================================
Received Import Request.
  Time since last request: 0.000053 seconds.
  path: Assets/PolygonSciFiCity/Prefabs/Props/SM_Prop_Medical_Table_01.prefab
  artifactKey: Guid(3c3e56cbd647a6849a98b32d7c000f9c) Importer(815301076,1909f56bfc062723c751e8b465ee728b)
Start importing Assets/PolygonSciFiCity/Prefabs/Props/SM_Prop_Medical_Table_01.prefab using Guid(3c3e56cbd647a6849a98b32d7c000f9c) Importer(815301076,1909f56bfc062723c751e8b465ee728b)  -> (artifact id: '19778ac27396948a1dfa386d2258706a') in 0.063746 seconds 
========================================================================
Received Import Request.
  Time since last request: 0.000058 seconds.
  path: Assets/PolygonSciFiCity/Prefabs/Props/SM_Prop_MarketCover_03.prefab
  artifactKey: Guid(a44d1f79f0cbe4a479e0963e91b6d55c) Importer(815301076,1909f56bfc062723c751e8b465ee728b)
Start importing Assets/PolygonSciFiCity/Prefabs/Props/SM_Prop_MarketCover_03.prefab using Guid(a44d1f79f0cbe4a479e0963e91b6d55c) Importer(815301076,1909f56bfc062723c751e8b465ee728b)  -> (artifact id: '157db4883ae2ab2617c31ce4be089784') in 0.052862 seconds 
========================================================================
Received Import Request.
  Time since last request: 0.000046 seconds.
  path: Assets/PolygonSciFiCity/Prefabs/Props/SM_Prop_MarketTable_02.prefab
  artifactKey: Guid(d791db173db22b54e9e8ba224d900292) Importer(815301076,1909f56bfc062723c751e8b465ee728b)
Start importing Assets/PolygonSciFiCity/Prefabs/Props/SM_Prop_MarketTable_02.prefab using Guid(d791db173db22b54e9e8ba224d900292) Importer(815301076,1909f56bfc062723c751e8b465ee728b)  -> (artifact id: 'c8cd275e07d89f135dacc1b12ba4cab5') in 0.052059 seconds 
========================================================================
Received Import Request.
  Time since last request: 0.000044 seconds.
  path: Assets/PolygonSciFiCity/Prefabs/Props/SM_Prop_Noodles_01.prefab
  artifactKey: Guid(a43086555232f7c41bc875b5e5ccd081) Importer(815301076,1909f56bfc062723c751e8b465ee728b)
Start importing Assets/PolygonSciFiCity/Prefabs/Props/SM_Prop_Noodles_01.prefab using Guid(a43086555232f7c41bc875b5e5ccd081) Importer(815301076,1909f56bfc062723c751e8b465ee728b)  -> (artifact id: '0a45807c40e554f3dab7c77db1d1c529') in 0.044411 seconds 
========================================================================
Received Import Request.
  Time since last request: 0.142627 seconds.
  path: Assets/PolygonSciFiCity/Prefabs/Props/SM_Prop_Overhang_02.prefab
  artifactKey: Guid(cbec88d910318dd4486719acc336405c) Importer(815301076,1909f56bfc062723c751e8b465ee728b)
Start importing Assets/PolygonSciFiCity/Prefabs/Props/SM_Prop_Overhang_02.prefab using Guid(cbec88d910318dd4486719acc336405c) Importer(815301076,1909f56bfc062723c751e8b465ee728b)  -> (artifact id: '9511f42e2227c04f9ef7b4a0fa45a702') in 0.048837 seconds 
========================================================================
Received Import Request.
  Time since last request: 0.000019 seconds.
  path: Assets/PolygonSciFiCity/Prefabs/Props/SM_Prop_Pillar_02.prefab
  artifactKey: Guid(a6ef39decdd8823418a28d63543c77ea) Importer(815301076,1909f56bfc062723c751e8b465ee728b)
Start importing Assets/PolygonSciFiCity/Prefabs/Props/SM_Prop_Pillar_02.prefab using Guid(a6ef39decdd8823418a28d63543c77ea) Importer(815301076,1909f56bfc062723c751e8b465ee728b)  -> (artifact id: '09bb5ae14338986d6fa6c1b1d862b580') in 0.053433 seconds 
========================================================================
Received Import Request.
  Time since last request: 0.000037 seconds.
  path: Assets/PolygonSciFiCity/Prefabs/Props/SM_Prop_Plant_Vase_02.prefab
  artifactKey: Guid(92cda5d9d5371c6458ab649792ba5e60) Importer(815301076,1909f56bfc062723c751e8b465ee728b)
Start importing Assets/PolygonSciFiCity/Prefabs/Props/SM_Prop_Plant_Vase_02.prefab using Guid(92cda5d9d5371c6458ab649792ba5e60) Importer(815301076,1909f56bfc062723c751e8b465ee728b)  -> (artifact id: '77e96d1ff288a494fd7223c0be5f5bfb') in 0.052152 seconds 
========================================================================
Received Import Request.
  Time since last request: 0.000030 seconds.
  path: Assets/PolygonSciFiCity/Prefabs/Props/SM_Prop_Powerpoll_02.prefab
  artifactKey: Guid(f8ec2d8240c24ec4abeccbc47f63fde9) Importer(815301076,1909f56bfc062723c751e8b465ee728b)
Start importing Assets/PolygonSciFiCity/Prefabs/Props/SM_Prop_Powerpoll_02.prefab using Guid(f8ec2d8240c24ec4abeccbc47f63fde9) Importer(815301076,1909f56bfc062723c751e8b465ee728b)  -> (artifact id: 'c61bb2b742ef1ce4acfd2f103abc2635') in 0.045227 seconds 
========================================================================
Received Import Request.
  Time since last request: 0.000042 seconds.
  path: Assets/PolygonSciFiCity/Prefabs/Props/SM_Prop_Robotic_Part_05.prefab
  artifactKey: Guid(821c4ad47d7ac4a4db054aca94114457) Importer(815301076,1909f56bfc062723c751e8b465ee728b)
Start importing Assets/PolygonSciFiCity/Prefabs/Props/SM_Prop_Robotic_Part_05.prefab using Guid(821c4ad47d7ac4a4db054aca94114457) Importer(815301076,1909f56bfc062723c751e8b465ee728b)  -> (artifact id: '8ae510f9c1169cf8fb4aea694496a7a6') in 0.055740 seconds 
========================================================================
Received Import Request.
  Time since last request: 0.000060 seconds.
  path: Assets/PolygonSciFiCity/Prefabs/Props/SM_Prop_Paper_Lantern_01.prefab
  artifactKey: Guid(d71ef14e65958ca4cb303cb74b7c1f3d) Importer(815301076,1909f56bfc062723c751e8b465ee728b)
Start importing Assets/PolygonSciFiCity/Prefabs/Props/SM_Prop_Paper_Lantern_01.prefab using Guid(d71ef14e65958ca4cb303cb74b7c1f3d) Importer(815301076,1909f56bfc062723c751e8b465ee728b)  -> (artifact id: '450989dcebf40ba0e4d3d26db172daa3') in 0.043109 seconds 
========================================================================
Received Import Request.
  Time since last request: 0.000046 seconds.
  path: Assets/PolygonSciFiCity/Prefabs/Props/SM_Prop_Pillar_01.prefab
  artifactKey: Guid(0b1d025fb128aef49a9892bd63865ced) Importer(815301076,1909f56bfc062723c751e8b465ee728b)
Start importing Assets/PolygonSciFiCity/Prefabs/Props/SM_Prop_Pillar_01.prefab using Guid(0b1d025fb128aef49a9892bd63865ced) Importer(815301076,1909f56bfc062723c751e8b465ee728b)  -> (artifact id: '5000dbd73d0f2d2141a285bbb7a4780c') in 0.051843 seconds 
========================================================================
Received Import Request.
  Time since last request: 0.000056 seconds.
  path: Assets/PolygonSciFiCity/Prefabs/Props/SM_Prop_Plant_Vase_01.prefab
  artifactKey: Guid(7de50d5a3b0d1c74bb541e18a0d30f0a) Importer(815301076,1909f56bfc062723c751e8b465ee728b)
Start importing Assets/PolygonSciFiCity/Prefabs/Props/SM_Prop_Plant_Vase_01.prefab using Guid(7de50d5a3b0d1c74bb541e18a0d30f0a) Importer(815301076,1909f56bfc062723c751e8b465ee728b)  -> (artifact id: 'b08c0ad0801c113d6c2e3a1946740d38') in 0.054968 seconds 
Editor requested this worker to shutdown with reason: Scaling down because of idle timeout
AssetImportWorker is now disconnected from the server
Process exiting
Exiting without the bug reporter. Application will terminate with return code 0