Using pre-set license
Built from '2021.3/staging' branch; Version is '2021.3.18f1 (3129e69bc0c7) revision 3221990'; Using compiler version '192829333'; Build Type 'Release'
OS: 'Windows 10  (10.0.19045) 64bit Professional' Language: 'en' Physical Memory: 32620 MB
BatchMode: 1, IsHumanControllingUs: 0, StartBugReporterOnCrash: 0, Is64bit: 1, IsPro: 1

COMMAND LINE ARGUMENTS:
E:\Unity Editor\2021.3.18f1\Editor\Unity.exe
-adb2
-batchMode
-noUpm
-name
AssetImportWorker15
-projectPath
C:/Users/samra/Documents/GitHub/VR-Project/Hunting Whales VR V1
-logFile
Logs/AssetImportWorker15.log
-srvPort
63106
Successfully changed project path to: C:/Users/samra/Documents/GitHub/VR-Project/Hunting Whales VR V1
C:/Users/samra/Documents/GitHub/VR-Project/Hunting Whales VR V1
[UnityMemory] Configuration Parameters - Can be set up in boot.config
    "memorysetup-bucket-allocator-granularity=16"
    "memorysetup-bucket-allocator-bucket-count=8"
    "memorysetup-bucket-allocator-block-size=33554432"
    "memorysetup-bucket-allocator-block-count=8"
    "memorysetup-main-allocator-block-size=16777216"
    "memorysetup-thread-allocator-block-size=16777216"
    "memorysetup-gfx-main-allocator-block-size=16777216"
    "memorysetup-gfx-thread-allocator-block-size=16777216"
    "memorysetup-cache-allocator-block-size=4194304"
    "memorysetup-typetree-allocator-block-size=2097152"
    "memorysetup-profiler-bucket-allocator-granularity=16"
    "memorysetup-profiler-bucket-allocator-bucket-count=8"
    "memorysetup-profiler-bucket-allocator-block-size=33554432"
    "memorysetup-profiler-bucket-allocator-block-count=8"
    "memorysetup-profiler-allocator-block-size=16777216"
    "memorysetup-profiler-editor-allocator-block-size=1048576"
    "memorysetup-temp-allocator-size-main=16777216"
    "memorysetup-job-temp-allocator-block-size=2097152"
    "memorysetup-job-temp-allocator-block-size-background=1048576"
    "memorysetup-job-temp-allocator-reduction-small-platforms=262144"
    "memorysetup-temp-allocator-size-background-worker=32768"
    "memorysetup-temp-allocator-size-job-worker=262144"
    "memorysetup-temp-allocator-size-preload-manager=33554432"
    "memorysetup-temp-allocator-size-nav-mesh-worker=65536"
    "memorysetup-temp-allocator-size-audio-worker=65536"
    "memorysetup-temp-allocator-size-cloud-worker=32768"
    "memorysetup-temp-allocator-size-gi-baking-worker=262144"
    "memorysetup-temp-allocator-size-gfx=262144"
Player connection [68236] Host "[IP] 25.16.200.250 [Port] 0 [Flags] 2 [Guid] 1169569745 [EditorId] 1169569745 [Version] 1048832 [Id] WindowsEditor(7,Rocketship-77) [Debug] 1 [PackageName] WindowsEditor [ProjectName] Editor" joined multi-casting on [225.0.0.222:54997]...

Player connection [68236] Host "[IP] 25.16.200.250 [Port] 0 [Flags] 2 [Guid] 1169569745 [EditorId] 1169569745 [Version] 1048832 [Id] WindowsEditor(7,Rocketship-77) [Debug] 1 [PackageName] WindowsEditor [ProjectName] Editor" joined alternative multi-casting on [225.0.0.222:34997]...

Refreshing native plugins compatible for Editor in 120.08 ms, found 12 plugins.
Preloading 1 native plugins for Editor in 0.58 ms.
Initialize engine version: 2021.3.18f1 (3129e69bc0c7)
[Subsystems] Discovering subsystems at path E:/Unity Editor/2021.3.18f1/Editor/Data/Resources/UnitySubsystems
[Subsystems] Discovering subsystems at path C:/Users/samra/Documents/GitHub/VR-Project/Hunting Whales VR V1/Assets
GfxDevice: creating device client; threaded=0; jobified=0
Direct3D:
    Version:  Direct3D 11.0 [level 11.1]
    Renderer: NVIDIA GeForce RTX 3080 Laptop GPU (ID=0x24dc)
    Vendor:   NVIDIA
    VRAM:     16191 MB
    Driver:   31.0.15.3179
Initialize mono
Mono path[0] = 'E:/Unity Editor/2021.3.18f1/Editor/Data/Managed'
Mono path[1] = 'E:/Unity Editor/2021.3.18f1/Editor/Data/MonoBleedingEdge/lib/mono/unityjit-win32'
Mono config path = 'E:/Unity Editor/2021.3.18f1/Editor/Data/MonoBleedingEdge/etc'
Using monoOptions --debugger-agent=transport=dt_socket,embedding=1,server=y,suspend=n,address=127.0.0.1:56260
Begin MonoManager ReloadAssembly
Registering precompiled unity dll's ...
Register platform support module: E:/Unity Editor/2021.3.18f1/Editor/Data/PlaybackEngines/AndroidPlayer/UnityEditor.Android.Extensions.dll
Register platform support module: E:/Unity Editor/2021.3.18f1/Editor/Data/PlaybackEngines/WindowsStandaloneSupport/UnityEditor.WindowsStandalone.Extensions.dll
Registered in 0.003695 seconds.
Native extension for WindowsStandalone target not found
Native extension for Android target not found
Android Extension - Scanning For ADB Devices 257 ms
Refreshing native plugins compatible for Editor in 97.13 ms, found 12 plugins.
Preloading 1 native plugins for Editor in 0.09 ms.
Mono: successfully reloaded assembly
- Completed reload, in  0.840 seconds
Domain Reload Profiling:
	ReloadAssembly (841ms)
		BeginReloadAssembly (58ms)
			ExecutionOrderSort (0ms)
			DisableScriptedObjects (0ms)
			BackupInstance (0ms)
			ReleaseScriptingObjects (0ms)
			CreateAndSetChildDomain (1ms)
		EndReloadAssembly (694ms)
			LoadAssemblies (58ms)
			RebuildTransferFunctionScriptingTraits (0ms)
			SetupTypeCache (92ms)
			ReleaseScriptCaches (0ms)
			RebuildScriptCaches (22ms)
			SetupLoadedEditorAssemblies (536ms)
				LogAssemblyErrors (0ms)
				InitializePlatformSupportModulesInManaged (328ms)
				SetLoadedEditorAssemblies (0ms)
				RefreshPlugins (97ms)
				BeforeProcessingInitializeOnLoad (1ms)
				ProcessInitializeOnLoadAttributes (73ms)
				ProcessInitializeOnLoadMethodAttributes (36ms)
				AfterProcessingInitializeOnLoad (0ms)
				EditorAssembliesLoaded (0ms)
			ExecutionOrderSort2 (0ms)
			AwakeInstancesAfterBackupRestoration (0ms)
Platform modules already initialized, skipping
Registering precompiled user dll's ...
Registered in 0.011620 seconds.
Begin MonoManager ReloadAssembly
Symbol file LoadedFromMemory doesn't match image C:\Users\samra\Documents\GitHub\VR-Project\Hunting Whales VR V1\Library\PackageCache\com.unity.visualscripting@1.8.0\Editor\VisualScripting.Core\Dependencies\DotNetZip\Unity.VisualScripting.IonicZip.dll
Symbol file LoadedFromMemory doesn't match image C:\Users\samra\Documents\GitHub\VR-Project\Hunting Whales VR V1\Library\PackageCache\com.unity.visualscripting@1.8.0\Editor\VisualScripting.Core\Dependencies\YamlDotNet\Unity.VisualScripting.YamlDotNet.dll
Native extension for WindowsStandalone target not found
Native extension for Android target not found
Refreshing native plugins compatible for Editor in 95.22 ms, found 12 plugins.
Preloading 1 native plugins for Editor in 0.09 ms.
Package Manager log level set to [2]
System.Reflection.TargetInvocationException: Exception has been thrown by the target of an invocation. ---> System.NullReferenceException: Object reference not set to an instance of an object
  at Unity.XR.Oculus.OculusLoader.AssetPathToAbsolutePath (System.String assetPath) [0x0003d] in C:\Users\samra\Documents\GitHub\VR-Project\Hunting Whales VR V1\Library\PackageCache\com.unity.xr.oculus@3.2.3\Runtime\OculusLoader.cs:296 
  at Unity.XR.Oculus.OculusLoader.EditorLoadOVRPlugin () [0x0007b] in C:\Users\samra\Documents\GitHub\VR-Project\Hunting Whales VR V1\Library\PackageCache\com.unity.xr.oculus@3.2.3\Runtime\OculusLoader.cs:281 
  at (wrapper managed-to-native) System.Reflection.RuntimeMethodInfo.InternalInvoke(System.Reflection.RuntimeMethodInfo,object,object[],System.Exception&)
  at System.Reflection.RuntimeMethodInfo.Invoke (System.Object obj, System.Reflection.BindingFlags invokeAttr, System.Reflection.Binder binder, System.Object[] parameters, System.Globalization.CultureInfo culture) [0x0006a] in <1f66344f2f89470293d8b67d71308c07>:0 
   --- End of inner exception stack trace ---
  at System.Reflection.RuntimeMethodInfo.Invoke (System.Object obj, System.Reflection.BindingFlags invokeAttr, System.Reflection.Binder binder, System.Object[] parameters, System.Globalization.CultureInfo culture) [0x00083] in <1f66344f2f89470293d8b67d71308c07>:0 
  at System.Reflection.MethodBase.Invoke (System.Object obj, System.Object[] parameters) [0x00000] in <1f66344f2f89470293d8b67d71308c07>:0 
  at UnityEditor.EditorAssemblies.ProcessInitializeOnLoadMethodAttributes () [0x000a5] in <42a64fd733d9417da1ea3a757ad9a96d>:0 
UnityEngine.StackTraceUtility:ExtractStackTrace ()
UnityEngine.DebugLogHandler:LogFormat (UnityEngine.LogType,UnityEngine.Object,string,object[])
UnityEngine.Logger:Log (UnityEngine.LogType,object)
UnityEngine.Debug:LogError (object)
UnityEditor.EditorAssemblies:ProcessInitializeOnLoadMethodAttributes ()

Mono: successfully reloaded assembly
- Completed reload, in  1.081 seconds
Domain Reload Profiling:
	ReloadAssembly (1081ms)
		BeginReloadAssembly (92ms)
			ExecutionOrderSort (0ms)
			DisableScriptedObjects (5ms)
			BackupInstance (0ms)
			ReleaseScriptingObjects (0ms)
			CreateAndSetChildDomain (20ms)
		EndReloadAssembly (898ms)
			LoadAssemblies (78ms)
			RebuildTransferFunctionScriptingTraits (0ms)
			SetupTypeCache (225ms)
			ReleaseScriptCaches (1ms)
			RebuildScriptCaches (52ms)
			SetupLoadedEditorAssemblies (482ms)
				LogAssemblyErrors (0ms)
				InitializePlatformSupportModulesInManaged (15ms)
				SetLoadedEditorAssemblies (0ms)
				RefreshPlugins (95ms)
				BeforeProcessingInitializeOnLoad (88ms)
				ProcessInitializeOnLoadAttributes (240ms)
				ProcessInitializeOnLoadMethodAttributes (41ms)
				AfterProcessingInitializeOnLoad (2ms)
				EditorAssembliesLoaded (0ms)
			ExecutionOrderSort2 (0ms)
			AwakeInstancesAfterBackupRestoration (5ms)
Platform modules already initialized, skipping
========================================================================
Worker process is ready to serve import requests
Launched and connected shader compiler UnityShaderCompiler.exe after 0.04 seconds
Refreshing native plugins compatible for Editor in 1.22 ms, found 12 plugins.
Preloading 1 native plugins for Editor in 0.10 ms.
Unloading 4424 Unused Serialized files (Serialized files now loaded: 0)
Unloading 50 unused Assets / (59.2 KB). Loaded Objects now: 4896.
Memory consumption went from 163.9 MB to 163.8 MB.
Total: 3.501300 ms (FindLiveObjects: 0.381400 ms CreateObjectMapping: 0.300900 ms MarkObjects: 2.717200 ms  DeleteObjects: 0.100900 ms)

AssetImportParameters requested are different than current active one (requested -> active):
  custom:video-decoder-ogg-theora: a1e56fd34408186e4bbccfd4996cb3dc -> 
  custom:container-muxer-webm: aa71ff27fc2769a1b78a27578f13a17b -> 
  custom:container-demuxer-webm: 4f35f7cbe854078d1ac9338744f61a02 -> 
  custom:video-encoder-webm-vp8: eb34c28f22e8b96e1ab97ce403110664 -> 
  custom:audio-encoder-webm-vorbis: bf7c407c2cedff20999df2af8eb42d56 -> 
  custom:framework-win-MediaFoundation: 216162199b28c13a410421893ffa2e32 -> 
  custom:container-demuxer-ogg: 62fdf1f143b41e24485cea50d1cbac27 -> 
  custom:video-decoder-webm-vp8: 9c59270c3fd7afecdb556c50c9e8de78 -> 
  custom:audio-decoder-ogg-vorbis: bf7c407c2cedff20999df2af8eb42d56 -> 
========================================================================
Received Import Request.
  Time since last request: 966446.458255 seconds.
  path: Assets/LowPolyPack/FreeLowPolyPack/Materials
  artifactKey: Guid(6eecadcebc2a77946afd10fffcc3cde7) Importer(815301076,1909f56bfc062723c751e8b465ee728b)
Start importing Assets/LowPolyPack/FreeLowPolyPack/Materials using Guid(6eecadcebc2a77946afd10fffcc3cde7) Importer(815301076,1909f56bfc062723c751e8b465ee728b)  -> (artifact id: '43a4be563951bf705374dbfaf8e2b2f3') in 0.016388 seconds 
========================================================================
Received Import Request.
  Time since last request: 0.497214 seconds.
  path: Assets/LowPolyPack/FreeLowPolyPack/Models
  artifactKey: Guid(aef215240aeb5604db6ece849998ce3d) Importer(815301076,1909f56bfc062723c751e8b465ee728b)
Start importing Assets/LowPolyPack/FreeLowPolyPack/Models using Guid(aef215240aeb5604db6ece849998ce3d) Importer(815301076,1909f56bfc062723c751e8b465ee728b)  -> (artifact id: 'f76ece6af70d5f601ba878c72e55edf3') in 0.009288 seconds 
========================================================================
Received Import Request.
  Time since last request: 0.051767 seconds.
  path: Assets/LowPolyPack/FreeLowPolyPack/Models/Fence Type2 03.dae
  artifactKey: Guid(d48bf2190ea9990478b126e5e2540a8d) Importer(815301076,1909f56bfc062723c751e8b465ee728b)
Start importing Assets/LowPolyPack/FreeLowPolyPack/Models/Fence Type2 03.dae using Guid(d48bf2190ea9990478b126e5e2540a8d) Importer(815301076,1909f56bfc062723c751e8b465ee728b)  -> (artifact id: 'af840f0b42e9adaf8e2d2ab7d65b93f3') in 0.154646 seconds 
========================================================================
Received Import Request.
  Time since last request: 1.958511 seconds.
  path: Assets/LowPolyPack/FreeLowPolyPack/Materials/Fence.mat
  artifactKey: Guid(1fc121be3f680634fbb8cab1fa2d47c8) Importer(815301076,1909f56bfc062723c751e8b465ee728b)
Start importing Assets/LowPolyPack/FreeLowPolyPack/Materials/Fence.mat using Guid(1fc121be3f680634fbb8cab1fa2d47c8) Importer(815301076,1909f56bfc062723c751e8b465ee728b)  -> (artifact id: '84f972e37fa04892419d5fb18066552b') in 0.040149 seconds 
========================================================================
Received Import Request.
  Time since last request: 2.669477 seconds.
  path: Assets/LowPolyPack/FreeLowPolyPack/Prefabs
  artifactKey: Guid(324834ff48f650846adc6db3d18d1f74) Importer(815301076,1909f56bfc062723c751e8b465ee728b)
Start importing Assets/LowPolyPack/FreeLowPolyPack/Prefabs using Guid(324834ff48f650846adc6db3d18d1f74) Importer(815301076,1909f56bfc062723c751e8b465ee728b)  -> (artifact id: '23c975b6088b93ace487b87a2744367b') in 0.002553 seconds 
========================================================================
Received Import Request.
  Time since last request: 0.076486 seconds.
  path: Assets/LowPolyPack/FreeLowPolyPack/Prefabs/Fence Type2 03.prefab
  artifactKey: Guid(ab5e0beb1c36778479983f28b65d97dd) Importer(815301076,1909f56bfc062723c751e8b465ee728b)
Start importing Assets/LowPolyPack/FreeLowPolyPack/Prefabs/Fence Type2 03.prefab using Guid(ab5e0beb1c36778479983f28b65d97dd) Importer(815301076,1909f56bfc062723c751e8b465ee728b)  -> (artifact id: '53145f40ddf6f9ca5326d8960142f677') in 0.017988 seconds 
========================================================================
Received Import Request.
  Time since last request: 0.000018 seconds.
  path: Assets/LowPolyPack/FreeLowPolyPack/Prefabs/Tree Type1 04.prefab
  artifactKey: Guid(8ed1fa325ca228645ad26dd6eff14768) Importer(815301076,1909f56bfc062723c751e8b465ee728b)
Start importing Assets/LowPolyPack/FreeLowPolyPack/Prefabs/Tree Type1 04.prefab using Guid(8ed1fa325ca228645ad26dd6eff14768) Importer(815301076,1909f56bfc062723c751e8b465ee728b)  -> (artifact id: 'dc325c72cb759f0cb73f40069c8b5b77') in 0.022024 seconds 
========================================================================
Received Import Request.
  Time since last request: 144.416259 seconds.
  path: Assets/PolygonSciFiCity/Models/SM_Prop_Bench_01.fbx
  artifactKey: Guid(06f249ee40d72fb4c8cda0cd7f2cf86c) Importer(815301076,1909f56bfc062723c751e8b465ee728b)
Start importing Assets/PolygonSciFiCity/Models/SM_Prop_Bench_01.fbx using Guid(06f249ee40d72fb4c8cda0cd7f2cf86c) Importer(815301076,1909f56bfc062723c751e8b465ee728b)  -> (artifact id: '01a2b43e41506188f87c97d16ca960a6') in 0.028707 seconds 
========================================================================
Received Import Request.
  Time since last request: 0.018711 seconds.
  path: Assets/PolygonSciFiCity/Prefabs/Props/SM_Prop_BenchSeat_01.prefab
  artifactKey: Guid(609f07731dd2d944b8eed37e471d9c26) Importer(815301076,1909f56bfc062723c751e8b465ee728b)
Start importing Assets/PolygonSciFiCity/Prefabs/Props/SM_Prop_BenchSeat_01.prefab using Guid(609f07731dd2d944b8eed37e471d9c26) Importer(815301076,1909f56bfc062723c751e8b465ee728b)  -> (artifact id: '98087d32cc0ea2fa632c8cda29a50658') in 0.331646 seconds 
========================================================================
Received Import Request.
  Time since last request: 0.000026 seconds.
  path: Assets/PolygonSciFiCity/Models/SM_Prop_BenchSeat_01.fbx
  artifactKey: Guid(634cd170315f8b4489c8d664096c90ed) Importer(815301076,1909f56bfc062723c751e8b465ee728b)
Start importing Assets/PolygonSciFiCity/Models/SM_Prop_BenchSeat_01.fbx using Guid(634cd170315f8b4489c8d664096c90ed) Importer(815301076,1909f56bfc062723c751e8b465ee728b)  -> (artifact id: '6f8b4e833da3af76cdfbb18357786a01') in 0.019995 seconds 
========================================================================
Received Import Request.
  Time since last request: 0.000030 seconds.
  path: Assets/PolygonSciFiCity/Models/SM_Prop_Bench_01_Convex.asset
  artifactKey: Guid(4e56fcb2da288824db176bd6a2ac5217) Importer(815301076,1909f56bfc062723c751e8b465ee728b)
Start importing Assets/PolygonSciFiCity/Models/SM_Prop_Bench_01_Convex.asset using Guid(4e56fcb2da288824db176bd6a2ac5217) Importer(815301076,1909f56bfc062723c751e8b465ee728b)  -> (artifact id: '103101d0f84d014a12b72bf7b6554b20') in 0.016209 seconds 
========================================================================
Received Import Request.
  Time since last request: 0.000019 seconds.
  path: Assets/PolygonSciFiCity/Models/SM_Prop_BenchSeat_01_Convex.asset
  artifactKey: Guid(c4e35ec947a7a3041aeec3d954d18fa0) Importer(815301076,1909f56bfc062723c751e8b465ee728b)
Start importing Assets/PolygonSciFiCity/Models/SM_Prop_BenchSeat_01_Convex.asset using Guid(c4e35ec947a7a3041aeec3d954d18fa0) Importer(815301076,1909f56bfc062723c751e8b465ee728b)  -> (artifact id: '2a18bbd9ab58b379982c264bd16a03d3') in 0.014380 seconds 
Editor requested this worker to shutdown with reason: Scaling down because of idle timeout
AssetImportWorker is now disconnected from the server
Process exiting
Exiting without the bug reporter. Application will terminate with return code 0